[0.015s] Invoking command in '/home/prhayogo/ros2_ws/build/rplidar_ros': CMAKE_PREFIX_PATH=${CMAKE_PREFIX_PATH}:/opt/ros/jazzy DEBUGINFOD_URLS=https://debuginfod.ubuntu.com /usr/bin/cmake /home/prhayogo/ros2_ws/src/rplidar_ros -DCMAKE_INSTALL_PREFIX=/home/prhayogo/ros2_ws/install/rplidar_ros
[0.030s] -- Found ament_cmake: 2.5.6 (/opt/ros/jazzy/share/ament_cmake/cmake)
[0.209s] -- Override CMake install command with custom implementation using symlinks instead of copying resources
[0.215s] -- Found rclcpp: 28.1.18 (/opt/ros/jazzy/share/rclcpp/cmake)
[0.239s] -- Found rosidl_generator_c: 4.6.7 (/opt/ros/jazzy/share/rosidl_generator_c/cmake)
[0.246s] -- Found rosidl_generator_cpp: 4.6.7 (/opt/ros/jazzy/share/rosidl_generator_cpp/cmake)
[0.255s] -- Using all available rosidl_typesupport_c: rosidl_typesupport_fastrtps_c;rosidl_typesupport_introspection_c
[0.265s] -- Using all available rosidl_typesupport_cpp: rosidl_typesupport_fastrtps_cpp;rosidl_typesupport_introspection_cpp
[0.316s] -- Found rmw_implementation_cmake: 7.3.3 (/opt/ros/jazzy/share/rmw_implementation_cmake/cmake)
[0.317s] -- Found rmw_fastrtps_cpp: 8.4.3 (/opt/ros/jazzy/share/rmw_fastrtps_cpp/cmake)
[0.377s] -- Using RMW implementation 'rmw_fastrtps_cpp' as default
[0.437s] -- Found sensor_msgs: 5.3.7 (/opt/ros/jazzy/share/sensor_msgs/cmake)
[0.484s] -- Found std_srvs: 5.3.7 (/opt/ros/jazzy/share/std_srvs/cmake)
[0.583s] -- Configuring done (0.6s)
[0.606s] -- Generating done (0.0s)
[0.611s] -- Build files have been written to: /home/prhayogo/ros2_ws/build/rplidar_ros
[0.619s] Invoked command in '/home/prhayogo/ros2_ws/build/rplidar_ros' returned '0': CMAKE_PREFIX_PATH=${CMAKE_PREFIX_PATH}:/opt/ros/jazzy DEBUGINFOD_URLS=https://debuginfod.ubuntu.com /usr/bin/cmake /home/prhayogo/ros2_ws/src/rplidar_ros -DCMAKE_INSTALL_PREFIX=/home/prhayogo/ros2_ws/install/rplidar_ros
[0.620s] Invoking command in '/home/prhayogo/ros2_ws/build/rplidar_ros': CMAKE_PREFIX_PATH=${CMAKE_PREFIX_PATH}:/opt/ros/jazzy DEBUGINFOD_URLS=https://debuginfod.ubuntu.com /usr/bin/cmake --build /home/prhayogo/ros2_ws/build/rplidar_ros -- -j16 -l16
[0.690s] [  2%] [32m[1mLinking CXX executable rplidar_client[0m
[0.708s] [  5%] [32m[1mLinking CXX executable rplidar_node[0m
[0.710s] [  7%] [32m[1mLinking CXX executable rplidar_composition[0m
[1.026s] [ 97%] Built target rplidar_node
[1.026s] [ 97%] Built target rplidar_composition
[1.046s] [100%] Built target rplidar_client
[1.059s] Invoked command in '/home/prhayogo/ros2_ws/build/rplidar_ros' returned '0': CMAKE_PREFIX_PATH=${CMAKE_PREFIX_PATH}:/opt/ros/jazzy DEBUGINFOD_URLS=https://debuginfod.ubuntu.com /usr/bin/cmake --build /home/prhayogo/ros2_ws/build/rplidar_ros -- -j16 -l16
[1.070s] Invoking command in '/home/prhayogo/ros2_ws/build/rplidar_ros': CMAKE_PREFIX_PATH=${CMAKE_PREFIX_PATH}:/opt/ros/jazzy DEBUGINFOD_URLS=https://debuginfod.ubuntu.com /usr/bin/cmake --install /home/prhayogo/ros2_ws/build/rplidar_ros
[1.078s] -- Install configuration: ""
[1.078s] -- Execute custom install script
[1.079s] -- Symlinking: /home/prhayogo/ros2_ws/install/rplidar_ros/share/rplidar_ros/launch/rplidar_a1_launch.py
[1.090s] -- Symlinking: /home/prhayogo/ros2_ws/install/rplidar_ros/share/rplidar_ros/launch/rplidar_a2m12_launch.py
[1.101s] -- Symlinking: /home/prhayogo/ros2_ws/install/rplidar_ros/share/rplidar_ros/launch/rplidar_a2m7_launch.py
[1.112s] -- Symlinking: /home/prhayogo/ros2_ws/install/rplidar_ros/share/rplidar_ros/launch/rplidar_a2m8_launch.py
[1.122s] -- Symlinking: /home/prhayogo/ros2_ws/install/rplidar_ros/share/rplidar_ros/launch/rplidar_a3_launch.py
[1.132s] -- Symlinking: /home/prhayogo/ros2_ws/install/rplidar_ros/share/rplidar_ros/launch/rplidar_c1_launch.py
[1.141s] -- Symlinking: /home/prhayogo/ros2_ws/install/rplidar_ros/share/rplidar_ros/launch/rplidar_s1_launch.py
[1.151s] -- Symlinking: /home/prhayogo/ros2_ws/install/rplidar_ros/share/rplidar_ros/launch/rplidar_s1_tcp_launch.py
[1.161s] -- Symlinking: /home/prhayogo/ros2_ws/install/rplidar_ros/share/rplidar_ros/launch/rplidar_s2_launch.py
[1.171s] -- Symlinking: /home/prhayogo/ros2_ws/install/rplidar_ros/share/rplidar_ros/launch/rplidar_s2e_launch.py
[1.181s] -- Symlinking: /home/prhayogo/ros2_ws/install/rplidar_ros/share/rplidar_ros/launch/rplidar_s3_launch.py
[1.191s] -- Symlinking: /home/prhayogo/ros2_ws/install/rplidar_ros/share/rplidar_ros/launch/rplidar_t1_launch.py
[1.202s] -- Symlinking: /home/prhayogo/ros2_ws/install/rplidar_ros/share/rplidar_ros/launch/view_rplidar_a1_launch.py
[1.212s] -- Symlinking: /home/prhayogo/ros2_ws/install/rplidar_ros/share/rplidar_ros/launch/view_rplidar_a2m12_launch.py
[1.222s] -- Symlinking: /home/prhayogo/ros2_ws/install/rplidar_ros/share/rplidar_ros/launch/view_rplidar_a2m7_launch.py
[1.232s] -- Symlinking: /home/prhayogo/ros2_ws/install/rplidar_ros/share/rplidar_ros/launch/view_rplidar_a2m8_launch.py
[1.243s] -- Symlinking: /home/prhayogo/ros2_ws/install/rplidar_ros/share/rplidar_ros/launch/view_rplidar_a3_launch.py
[1.253s] -- Symlinking: /home/prhayogo/ros2_ws/install/rplidar_ros/share/rplidar_ros/launch/view_rplidar_c1_launch.py
[1.264s] -- Symlinking: /home/prhayogo/ros2_ws/install/rplidar_ros/share/rplidar_ros/launch/view_rplidar_s1_launch.py
[1.274s] -- Symlinking: /home/prhayogo/ros2_ws/install/rplidar_ros/share/rplidar_ros/launch/view_rplidar_s1_tcp_launch.py
[1.285s] -- Symlinking: /home/prhayogo/ros2_ws/install/rplidar_ros/share/rplidar_ros/launch/view_rplidar_s2_launch.py
[1.296s] -- Symlinking: /home/prhayogo/ros2_ws/install/rplidar_ros/share/rplidar_ros/launch/view_rplidar_s2e_launch.py
[1.306s] -- Symlinking: /home/prhayogo/ros2_ws/install/rplidar_ros/share/rplidar_ros/launch/view_rplidar_s3_launch.py
[1.317s] -- Symlinking: /home/prhayogo/ros2_ws/install/rplidar_ros/share/rplidar_ros/launch/view_rplidar_t1_launch.py
[1.365s] -- Symlinking: /home/prhayogo/ros2_ws/install/rplidar_ros/share/rplidar_ros/rviz/rplidar_ros.rviz
[1.377s] -- Symlinking: /home/prhayogo/ros2_ws/install/rplidar_ros/lib/rplidar_ros/rplidar_node
[1.389s] -- Symlinking: /home/prhayogo/ros2_ws/install/rplidar_ros/lib/rplidar_ros/rplidar_composition
[1.400s] -- Symlinking: /home/prhayogo/ros2_ws/install/rplidar_ros/lib/rplidar_ros/rplidar_client
[1.411s] -- Symlinking: /home/prhayogo/ros2_ws/install/rplidar_ros/share/ament_index/resource_index/package_run_dependencies/rplidar_ros
[1.422s] -- Symlinking: /home/prhayogo/ros2_ws/install/rplidar_ros/share/ament_index/resource_index/parent_prefix_path/rplidar_ros
[1.432s] -- Symlinking: /home/prhayogo/ros2_ws/install/rplidar_ros/share/rplidar_ros/environment/ament_prefix_path.sh
[1.442s] -- Symlinking: /home/prhayogo/ros2_ws/install/rplidar_ros/share/rplidar_ros/environment/ament_prefix_path.dsv
[1.452s] -- Symlinking: /home/prhayogo/ros2_ws/install/rplidar_ros/share/rplidar_ros/environment/path.sh
[1.463s] -- Symlinking: /home/prhayogo/ros2_ws/install/rplidar_ros/share/rplidar_ros/environment/path.dsv
[1.473s] -- Symlinking: /home/prhayogo/ros2_ws/install/rplidar_ros/share/rplidar_ros/local_setup.bash
[1.483s] -- Symlinking: /home/prhayogo/ros2_ws/install/rplidar_ros/share/rplidar_ros/local_setup.sh
[1.494s] -- Symlinking: /home/prhayogo/ros2_ws/install/rplidar_ros/share/rplidar_ros/local_setup.zsh
[1.504s] -- Symlinking: /home/prhayogo/ros2_ws/install/rplidar_ros/share/rplidar_ros/local_setup.dsv
[1.515s] -- Symlinking: /home/prhayogo/ros2_ws/install/rplidar_ros/share/rplidar_ros/package.dsv
[1.526s] -- Symlinking: /home/prhayogo/ros2_ws/install/rplidar_ros/share/ament_index/resource_index/packages/rplidar_ros
[1.537s] -- Symlinking: /home/prhayogo/ros2_ws/install/rplidar_ros/share/rplidar_ros/cmake/ament_cmake_export_dependencies-extras.cmake
[1.548s] -- Symlinking: /home/prhayogo/ros2_ws/install/rplidar_ros/share/rplidar_ros/cmake/ament_cmake_export_include_directories-extras.cmake
[1.559s] -- Symlinking: /home/prhayogo/ros2_ws/install/rplidar_ros/share/rplidar_ros/cmake/rplidar_rosConfig.cmake
[1.568s] -- Symlinking: /home/prhayogo/ros2_ws/install/rplidar_ros/share/rplidar_ros/cmake/rplidar_rosConfig-version.cmake
[1.579s] -- Symlinking: /home/prhayogo/ros2_ws/install/rplidar_ros/share/rplidar_ros/package.xml
[1.590s] Invoked command in '/home/prhayogo/ros2_ws/build/rplidar_ros' returned '0': CMAKE_PREFIX_PATH=${CMAKE_PREFIX_PATH}:/opt/ros/jazzy DEBUGINFOD_URLS=https://debuginfod.ubuntu.com /usr/bin/cmake --install /home/prhayogo/ros2_ws/build/rplidar_ros
