[  0%] Built target slam_toolbox__rosidl_generator_type_description
[  0%] Built target slam_toolbox__rs
[  0%] Built target ament_cmake_python_copy_slam_toolbox
[  1%] Built target slam_toolbox__cpp
[ 22%] Built target slam_toolbox__rosidl_generator_c
[ 24%] Built target kartoSlamToolbox
[ 39%] Built target slam_toolbox__rosidl_typesupport_introspection_c
[ 39%] Built target slam_toolbox__rosidl_typesupport_c
[ 52%] Built target slam_toolbox__rosidl_typesupport_cpp
[ 54%] Built target slam_toolbox__rosidl_typesupport_introspection_cpp
[ 62%] Built target slam_toolbox__rosidl_typesupport_fastrtps_cpp
[ 70%] Built target slam_toolbox__rosidl_typesupport_fastrtps_c
[ 71%] [32mBuilding CXX object CMakeFiles/toolbox_common.dir/src/slam_toolbox_common.cpp.o[0m
[ 71%] [32mBuilding CXX object CMakeFiles/toolbox_common.dir/src/map_saver.cpp.o[0m
[ 72%] [32mBuilding CXX object CMakeFiles/toolbox_common.dir/src/loop_closure_assistant.cpp.o[0m
[ 72%] [32mBuilding CXX object CMakeFiles/toolbox_common.dir/src/laser_utils.cpp.o[0m
[ 73%] [32mBuilding CXX object CMakeFiles/toolbox_common.dir/src/slam_mapper.cpp.o[0m
[ 73%] Built target slam_toolbox
[ 74%] [32mBuilding CXX object CMakeFiles/ceres_solver_plugin.dir/solvers/ceres_solver.cpp.o[0m
[ 75%] [32mBuilding CXX object CMakeFiles/SlamToolboxPlugin.dir/rviz_plugin/slam_toolbox_rviz_plugin.cpp.o[0m
[ 75%] Built target slam_toolbox__py
[ 82%] Built target slam_toolbox__rosidl_generator_py
[ 83%] Built target slam_toolbox_s__rosidl_typesupport_c
[ 85%] Built target slam_toolbox_s__rosidl_typesupport_fastrtps_c
[ 86%] Built target slam_toolbox_s__rosidl_typesupport_introspection_c
running egg_info
writing slam_toolbox.egg-info/PKG-INFO
writing dependency_links to slam_toolbox.egg-info/dependency_links.txt
writing top-level names to slam_toolbox.egg-info/top_level.txt
reading manifest file 'slam_toolbox.egg-info/SOURCES.txt'
writing manifest file 'slam_toolbox.egg-info/SOURCES.txt'
[ 86%] Built target ament_cmake_python_build_slam_toolbox_egg
[ 86%] [32m[1mLinking CXX shared library libceres_solver_plugin.so[0m
[ 86%] Built target ceres_solver_plugin
[ 87%] [32m[1mLinking CXX shared library libSlamToolboxPlugin.so[0m
[ 87%] Built target SlamToolboxPlugin
[ 88%] [32m[1mLinking CXX shared library libtoolbox_common.so[0m
[ 88%] Built target toolbox_common
[ 91%] [32mBuilding CXX object CMakeFiles/merge_maps_kinematic.dir/src/merge_maps_kinematic.cpp.o[0m
[ 91%] [32mBuilding CXX object CMakeFiles/async_slam_toolbox.dir/src/slam_toolbox_async.cpp.o[0m
[ 91%] [32mBuilding CXX object CMakeFiles/lifelong_slam_toolbox.dir/src/experimental/slam_toolbox_lifelong.cpp.o[0m
[ 91%] [32mBuilding CXX object CMakeFiles/sync_slam_toolbox.dir/src/slam_toolbox_sync.cpp.o[0m
[ 91%] [32mBuilding CXX object CMakeFiles/localization_slam_toolbox.dir/src/slam_toolbox_localization.cpp.o[0m
[ 92%] [32m[1mLinking CXX shared library libasync_slam_toolbox.so[0m
[ 92%] [32m[1mLinking CXX shared library liblifelong_slam_toolbox.so[0m
[ 92%] Built target async_slam_toolbox
[ 93%] [32mBuilding CXX object CMakeFiles/async_slam_toolbox_node.dir/src/slam_toolbox_async_node.cpp.o[0m
[ 93%] Built target lifelong_slam_toolbox
[ 94%] [32mBuilding CXX object CMakeFiles/lifelong_slam_toolbox_node.dir/src/experimental/slam_toolbox_lifelong_node.cpp.o[0m
[ 95%] [32m[1mLinking CXX shared library libsync_slam_toolbox.so[0m
[ 95%] Built target sync_slam_toolbox
[ 95%] [32mBuilding CXX object CMakeFiles/sync_slam_toolbox_node.dir/src/slam_toolbox_sync_node.cpp.o[0m
[ 95%] [32m[1mLinking CXX executable merge_maps_kinematic[0m
[ 95%] Built target merge_maps_kinematic
[ 96%] [32m[1mLinking CXX shared library liblocalization_slam_toolbox.so[0m
[ 96%] Built target localization_slam_toolbox
[ 96%] [32mBuilding CXX object CMakeFiles/map_and_localization_slam_toolbox.dir/src/experimental/slam_toolbox_map_and_localization.cpp.o[0m
[ 96%] [32mBuilding CXX object CMakeFiles/localization_slam_toolbox_node.dir/src/slam_toolbox_localization_node.cpp.o[0m
[ 96%] [32m[1mLinking CXX executable async_slam_toolbox_node[0m
[ 96%] [32m[1mLinking CXX executable lifelong_slam_toolbox_node[0m
[ 96%] Built target async_slam_toolbox_node
[ 96%] Built target lifelong_slam_toolbox_node
[ 97%] [32m[1mLinking CXX executable sync_slam_toolbox_node[0m
[ 97%] Built target sync_slam_toolbox_node
[ 98%] [32m[1mLinking CXX executable localization_slam_toolbox_node[0m
[ 98%] Built target localization_slam_toolbox_node
[ 99%] [32m[1mLinking CXX shared library libmap_and_localization_slam_toolbox.so[0m
[ 99%] Built target map_and_localization_slam_toolbox
[ 99%] [32mBuilding CXX object CMakeFiles/map_and_localization_slam_toolbox_node.dir/src/experimental/slam_toolbox_map_and_localization_node.cpp.o[0m
[100%] [32m[1mLinking CXX executable map_and_localization_slam_toolbox_node[0m
[100%] Built target map_and_localization_slam_toolbox_node
-- Install configuration: "Release"
-- Installing: /home/prhayogo/ros2_ws/install/slam_toolbox/share/ament_index/resource_index/rosidl_interfaces/slam_toolbox
-- Installing: /home/prhayogo/ros2_ws/install/slam_toolbox/share/slam_toolbox/srv/Pause.json
-- Installing: /home/prhayogo/ros2_ws/install/slam_toolbox/share/slam_toolbox/srv/Reset.json
-- Installing: /home/prhayogo/ros2_ws/install/slam_toolbox/share/slam_toolbox/srv/ClearQueue.json
-- Installing: /home/prhayogo/ros2_ws/install/slam_toolbox/share/slam_toolbox/srv/ToggleInteractive.json
-- Installing: /home/prhayogo/ros2_ws/install/slam_toolbox/share/slam_toolbox/srv/Clear.json
-- Installing: /home/prhayogo/ros2_ws/install/slam_toolbox/share/slam_toolbox/srv/SaveMap.json
-- Installing: /home/prhayogo/ros2_ws/install/slam_toolbox/share/slam_toolbox/srv/LoopClosure.json
-- Installing: /home/prhayogo/ros2_ws/install/slam_toolbox/share/slam_toolbox/srv/MergeMaps.json
-- Installing: /home/prhayogo/ros2_ws/install/slam_toolbox/share/slam_toolbox/srv/AddSubmap.json
-- Installing: /home/prhayogo/ros2_ws/install/slam_toolbox/share/slam_toolbox/srv/DeserializePoseGraph.json
-- Installing: /home/prhayogo/ros2_ws/install/slam_toolbox/share/slam_toolbox/srv/SerializePoseGraph.json
-- Installing: /home/prhayogo/ros2_ws/install/slam_toolbox/include/slam_toolbox/slam_toolbox
-- Installing: /home/prhayogo/ros2_ws/install/slam_toolbox/include/slam_toolbox/slam_toolbox/srv
-- Installing: /home/prhayogo/ros2_ws/install/slam_toolbox/include/slam_toolbox/slam_toolbox/srv/loop_closure.h
-- Installing: /home/prhayogo/ros2_ws/install/slam_toolbox/include/slam_toolbox/slam_toolbox/srv/clear.h
-- Installing: /home/prhayogo/ros2_ws/install/slam_toolbox/include/slam_toolbox/slam_toolbox/srv/serialize_pose_graph.h
-- Installing: /home/prhayogo/ros2_ws/install/slam_toolbox/include/slam_toolbox/slam_toolbox/srv/detail
-- Installing: /home/prhayogo/ros2_ws/install/slam_toolbox/include/slam_toolbox/slam_toolbox/srv/detail/add_submap__functions.h
-- Installing: /home/prhayogo/ros2_ws/install/slam_toolbox/include/slam_toolbox/slam_toolbox/srv/detail/toggle_interactive__functions.h
-- Installing: /home/prhayogo/ros2_ws/install/slam_toolbox/include/slam_toolbox/slam_toolbox/srv/detail/toggle_interactive__description.c
-- Installing: /home/prhayogo/ros2_ws/install/slam_toolbox/include/slam_toolbox/slam_toolbox/srv/detail/merge_maps__type_support.h
-- Installing: /home/prhayogo/ros2_ws/install/slam_toolbox/include/slam_toolbox/slam_toolbox/srv/detail/save_map__type_support.h
-- Installing: /home/prhayogo/ros2_ws/install/slam_toolbox/include/slam_toolbox/slam_toolbox/srv/detail/reset__functions.c
-- Installing: /home/prhayogo/ros2_ws/install/slam_toolbox/include/slam_toolbox/slam_toolbox/srv/detail/toggle_interactive__functions.c
-- Installing: /home/prhayogo/ros2_ws/install/slam_toolbox/include/slam_toolbox/slam_toolbox/srv/detail/loop_closure__description.c
-- Installing: /home/prhayogo/ros2_ws/install/slam_toolbox/include/slam_toolbox/slam_toolbox/srv/detail/reset__struct.h
-- Installing: /home/prhayogo/ros2_ws/install/slam_toolbox/include/slam_toolbox/slam_toolbox/srv/detail/add_submap__type_support.h
-- Installing: /home/prhayogo/ros2_ws/install/slam_toolbox/include/slam_toolbox/slam_toolbox/srv/detail/serialize_pose_graph__type_support.h
-- Installing: /home/prhayogo/ros2_ws/install/slam_toolbox/include/slam_toolbox/slam_toolbox/srv/detail/clear__type_support.c
-- Installing: /home/prhayogo/ros2_ws/install/slam_toolbox/include/slam_toolbox/slam_toolbox/srv/detail/pause__type_support.h
-- Installing: /home/prhayogo/ros2_ws/install/slam_toolbox/include/slam_toolbox/slam_toolbox/srv/detail/clear__functions.h
-- Installing: /home/prhayogo/ros2_ws/install/slam_toolbox/include/slam_toolbox/slam_toolbox/srv/detail/clear_queue__functions.c
-- Installing: /home/prhayogo/ros2_ws/install/slam_toolbox/include/slam_toolbox/slam_toolbox/srv/detail/loop_closure__type_support.c
-- Installing: /home/prhayogo/ros2_ws/install/slam_toolbox/include/slam_toolbox/slam_toolbox/srv/detail/loop_closure__type_support.h
-- Installing: /home/prhayogo/ros2_ws/install/slam_toolbox/include/slam_toolbox/slam_toolbox/srv/detail/save_map__functions.c
-- Installing: /home/prhayogo/ros2_ws/install/slam_toolbox/include/slam_toolbox/slam_toolbox/srv/detail/reset__type_support.h
-- Installing: /home/prhayogo/ros2_ws/install/slam_toolbox/include/slam_toolbox/slam_toolbox/srv/detail/toggle_interactive__type_support.h
-- Installing: /home/prhayogo/ros2_ws/install/slam_toolbox/include/slam_toolbox/slam_toolbox/srv/detail/reset__type_support.c
-- Installing: /home/prhayogo/ros2_ws/install/slam_toolbox/include/slam_toolbox/slam_toolbox/srv/detail/loop_closure__functions.h
-- Installing: /home/prhayogo/ros2_ws/install/slam_toolbox/include/slam_toolbox/slam_toolbox/srv/detail/deserialize_pose_graph__description.c
-- Installing: /home/prhayogo/ros2_ws/install/slam_toolbox/include/slam_toolbox/slam_toolbox/srv/detail/pause__functions.h
-- Installing: /home/prhayogo/ros2_ws/install/slam_toolbox/include/slam_toolbox/slam_toolbox/srv/detail/deserialize_pose_graph__type_support.c
-- Installing: /home/prhayogo/ros2_ws/install/slam_toolbox/include/slam_toolbox/slam_toolbox/srv/detail/clear__functions.c
-- Installing: /home/prhayogo/ros2_ws/install/slam_toolbox/include/slam_toolbox/slam_toolbox/srv/detail/pause__description.c
-- Installing: /home/prhayogo/ros2_ws/install/slam_toolbox/include/slam_toolbox/slam_toolbox/srv/detail/deserialize_pose_graph__functions.c
-- Installing: /home/prhayogo/ros2_ws/install/slam_toolbox/include/slam_toolbox/slam_toolbox/srv/detail/clear_queue__functions.h
-- Installing: /home/prhayogo/ros2_ws/install/slam_toolbox/include/slam_toolbox/slam_toolbox/srv/detail/add_submap__type_support.c
-- Installing: /home/prhayogo/ros2_ws/install/slam_toolbox/include/slam_toolbox/slam_toolbox/srv/detail/deserialize_pose_graph__type_support.h
-- Installing: /home/prhayogo/ros2_ws/install/slam_toolbox/include/slam_toolbox/slam_toolbox/srv/detail/add_submap__description.c
-- Installing: /home/prhayogo/ros2_ws/install/slam_toolbox/include/slam_toolbox/slam_toolbox/srv/detail/deserialize_pose_graph__functions.h
-- Installing: /home/prhayogo/ros2_ws/install/slam_toolbox/include/slam_toolbox/slam_toolbox/srv/detail/pause__functions.c
-- Installing: /home/prhayogo/ros2_ws/install/slam_toolbox/include/slam_toolbox/slam_toolbox/srv/detail/add_submap__functions.c
-- Installing: /home/prhayogo/ros2_ws/install/slam_toolbox/include/slam_toolbox/slam_toolbox/srv/detail/add_submap__struct.h
-- Installing: /home/prhayogo/ros2_ws/install/slam_toolbox/include/slam_toolbox/slam_toolbox/srv/detail/clear__type_support.h
-- Installing: /home/prhayogo/ros2_ws/install/slam_toolbox/include/slam_toolbox/slam_toolbox/srv/detail/save_map__functions.h
-- Installing: /home/prhayogo/ros2_ws/install/slam_toolbox/include/slam_toolbox/slam_toolbox/srv/detail/serialize_pose_graph__functions.h
-- Installing: /home/prhayogo/ros2_ws/install/slam_toolbox/include/slam_toolbox/slam_toolbox/srv/detail/serialize_pose_graph__struct.h
-- Installing: /home/prhayogo/ros2_ws/install/slam_toolbox/include/slam_toolbox/slam_toolbox/srv/detail/clear__description.c
-- Installing: /home/prhayogo/ros2_ws/install/slam_toolbox/include/slam_toolbox/slam_toolbox/srv/detail/clear_queue__description.c
-- Installing: /home/prhayogo/ros2_ws/install/slam_toolbox/include/slam_toolbox/slam_toolbox/srv/detail/save_map__description.c
-- Installing: /home/prhayogo/ros2_ws/install/slam_toolbox/include/slam_toolbox/slam_toolbox/srv/detail/merge_maps__type_support.c
-- Installing: /home/prhayogo/ros2_ws/install/slam_toolbox/include/slam_toolbox/slam_toolbox/srv/detail/pause__struct.h
-- Installing: /home/prhayogo/ros2_ws/install/slam_toolbox/include/slam_toolbox/slam_toolbox/srv/detail/clear__struct.h
-- Installing: /home/prhayogo/ros2_ws/install/slam_toolbox/include/slam_toolbox/slam_toolbox/srv/detail/serialize_pose_graph__functions.c
-- Installing: /home/prhayogo/ros2_ws/install/slam_toolbox/include/slam_toolbox/slam_toolbox/srv/detail/loop_closure__struct.h
-- Installing: /home/prhayogo/ros2_ws/install/slam_toolbox/include/slam_toolbox/slam_toolbox/srv/detail/toggle_interactive__struct.h
-- Installing: /home/prhayogo/ros2_ws/install/slam_toolbox/include/slam_toolbox/slam_toolbox/srv/detail/merge_maps__functions.h
-- Installing: /home/prhayogo/ros2_ws/install/slam_toolbox/include/slam_toolbox/slam_toolbox/srv/detail/clear_queue__type_support.h
-- Installing: /home/prhayogo/ros2_ws/install/slam_toolbox/include/slam_toolbox/slam_toolbox/srv/detail/toggle_interactive__type_support.c
-- Installing: /home/prhayogo/ros2_ws/install/slam_toolbox/include/slam_toolbox/slam_toolbox/srv/detail/save_map__struct.h
-- Installing: /home/prhayogo/ros2_ws/install/slam_toolbox/include/slam_toolbox/slam_toolbox/srv/detail/pause__type_support.c
-- Installing: /home/prhayogo/ros2_ws/install/slam_toolbox/include/slam_toolbox/slam_toolbox/srv/detail/merge_maps__functions.c
-- Installing: /home/prhayogo/ros2_ws/install/slam_toolbox/include/slam_toolbox/slam_toolbox/srv/detail/serialize_pose_graph__description.c
-- Installing: /home/prhayogo/ros2_ws/install/slam_toolbox/include/slam_toolbox/slam_toolbox/srv/detail/loop_closure__functions.c
-- Installing: /home/prhayogo/ros2_ws/install/slam_toolbox/include/slam_toolbox/slam_toolbox/srv/detail/merge_maps__description.c
-- Installing: /home/prhayogo/ros2_ws/install/slam_toolbox/include/slam_toolbox/slam_toolbox/srv/detail/clear_queue__struct.h
-- Installing: /home/prhayogo/ros2_ws/install/slam_toolbox/include/slam_toolbox/slam_toolbox/srv/detail/reset__description.c
-- Installing: /home/prhayogo/ros2_ws/install/slam_toolbox/include/slam_toolbox/slam_toolbox/srv/detail/serialize_pose_graph__type_support.c
-- Installing: /home/prhayogo/ros2_ws/install/slam_toolbox/include/slam_toolbox/slam_toolbox/srv/detail/save_map__type_support.c
-- Installing: /home/prhayogo/ros2_ws/install/slam_toolbox/include/slam_toolbox/slam_toolbox/srv/detail/clear_queue__type_support.c
-- Installing: /home/prhayogo/ros2_ws/install/slam_toolbox/include/slam_toolbox/slam_toolbox/srv/detail/deserialize_pose_graph__struct.h
-- Installing: /home/prhayogo/ros2_ws/install/slam_toolbox/include/slam_toolbox/slam_toolbox/srv/detail/reset__functions.h
-- Installing: /home/prhayogo/ros2_ws/install/slam_toolbox/include/slam_toolbox/slam_toolbox/srv/detail/merge_maps__struct.h
-- Installing: /home/prhayogo/ros2_ws/install/slam_toolbox/include/slam_toolbox/slam_toolbox/srv/deserialize_pose_graph.h
-- Installing: /home/prhayogo/ros2_ws/install/slam_toolbox/include/slam_toolbox/slam_toolbox/srv/save_map.h
-- Installing: /home/prhayogo/ros2_ws/install/slam_toolbox/include/slam_toolbox/slam_toolbox/srv/reset.h
-- Installing: /home/prhayogo/ros2_ws/install/slam_toolbox/include/slam_toolbox/slam_toolbox/srv/add_submap.h
-- Installing: /home/prhayogo/ros2_ws/install/slam_toolbox/include/slam_toolbox/slam_toolbox/srv/merge_maps.h
-- Installing: /home/prhayogo/ros2_ws/install/slam_toolbox/include/slam_toolbox/slam_toolbox/srv/toggle_interactive.h
-- Installing: /home/prhayogo/ros2_ws/install/slam_toolbox/include/slam_toolbox/slam_toolbox/srv/clear_queue.h
-- Installing: /home/prhayogo/ros2_ws/install/slam_toolbox/include/slam_toolbox/slam_toolbox/srv/pause.h
-- Installing: /home/prhayogo/ros2_ws/install/slam_toolbox/include/slam_toolbox/slam_toolbox/msg
-- Installing: /home/prhayogo/ros2_ws/install/slam_toolbox/include/slam_toolbox/slam_toolbox/msg/rosidl_generator_c__visibility_control.h
-- Installing: /home/prhayogo/ros2_ws/install/slam_toolbox/include/slam_toolbox/slam_toolbox/msg/detail
-- Installing: /home/prhayogo/ros2_ws/install/slam_toolbox/include/slam_toolbox/slam_toolbox/msg/detail/localized_laser_scan__type_support.h
-- Installing: /home/prhayogo/ros2_ws/install/slam_toolbox/include/slam_toolbox/slam_toolbox/msg/detail/pose_graph__functions.h
-- Installing: /home/prhayogo/ros2_ws/install/slam_toolbox/include/slam_toolbox/slam_toolbox/msg/detail/graph_edge__functions.c
-- Installing: /home/prhayogo/ros2_ws/install/slam_toolbox/include/slam_toolbox/slam_toolbox/msg/detail/localized_laser_scan__struct.h
-- Installing: /home/prhayogo/ros2_ws/install/slam_toolbox/include/slam_toolbox/slam_toolbox/msg/detail/graph_node__struct.h
-- Installing: /home/prhayogo/ros2_ws/install/slam_toolbox/include/slam_toolbox/slam_toolbox/msg/detail/graph_node__functions.c
-- Installing: /home/prhayogo/ros2_ws/install/slam_toolbox/include/slam_toolbox/slam_toolbox/msg/detail/graph_node__type_support.c
-- Installing: /home/prhayogo/ros2_ws/install/slam_toolbox/include/slam_toolbox/slam_toolbox/msg/detail/pose_graph__type_support.h
-- Installing: /home/prhayogo/ros2_ws/install/slam_toolbox/include/slam_toolbox/slam_toolbox/msg/detail/graph_edge__struct.h
-- Installing: /home/prhayogo/ros2_ws/install/slam_toolbox/include/slam_toolbox/slam_toolbox/msg/detail/pose_graph__struct.h
-- Installing: /home/prhayogo/ros2_ws/install/slam_toolbox/include/slam_toolbox/slam_toolbox/msg/detail/localized_laser_scan__type_support.c
-- Installing: /home/prhayogo/ros2_ws/install/slam_toolbox/include/slam_toolbox/slam_toolbox/msg/detail/graph_node__type_support.h
-- Installing: /home/prhayogo/ros2_ws/install/slam_toolbox/include/slam_toolbox/slam_toolbox/msg/detail/graph_edge__functions.h
-- Installing: /home/prhayogo/ros2_ws/install/slam_toolbox/include/slam_toolbox/slam_toolbox/msg/detail/new_node_event__type_support.c
-- Installing: /home/prhayogo/ros2_ws/install/slam_toolbox/include/slam_toolbox/slam_toolbox/msg/detail/loop_closure_event__functions.c
-- Installing: /home/prhayogo/ros2_ws/install/slam_toolbox/include/slam_toolbox/slam_toolbox/msg/detail/new_node_event__functions.c
-- Installing: /home/prhayogo/ros2_ws/install/slam_toolbox/include/slam_toolbox/slam_toolbox/msg/detail/loop_closure_event__type_support.c
-- Installing: /home/prhayogo/ros2_ws/install/slam_toolbox/include/slam_toolbox/slam_toolbox/msg/detail/new_node_event__description.c
-- Installing: /home/prhayogo/ros2_ws/install/slam_toolbox/include/slam_toolbox/slam_toolbox/msg/detail/new_node_event__struct.h
-- Installing: /home/prhayogo/ros2_ws/install/slam_toolbox/include/slam_toolbox/slam_toolbox/msg/detail/loop_closure_event__struct.h
-- Installing: /home/prhayogo/ros2_ws/install/slam_toolbox/include/slam_toolbox/slam_toolbox/msg/detail/pose_graph__description.c
-- Installing: /home/prhayogo/ros2_ws/install/slam_toolbox/include/slam_toolbox/slam_toolbox/msg/detail/localized_laser_scan__description.c
-- Installing: /home/prhayogo/ros2_ws/install/slam_toolbox/include/slam_toolbox/slam_toolbox/msg/detail/loop_closure_event__functions.h
-- Installing: /home/prhayogo/ros2_ws/install/slam_toolbox/include/slam_toolbox/slam_toolbox/msg/detail/new_node_event__type_support.h
-- Installing: /home/prhayogo/ros2_ws/install/slam_toolbox/include/slam_toolbox/slam_toolbox/msg/detail/pose_graph__functions.c
-- Installing: /home/prhayogo/ros2_ws/install/slam_toolbox/include/slam_toolbox/slam_toolbox/msg/detail/graph_edge__type_support.h
-- Installing: /home/prhayogo/ros2_ws/install/slam_toolbox/include/slam_toolbox/slam_toolbox/msg/detail/graph_edge__description.c
-- Installing: /home/prhayogo/ros2_ws/install/slam_toolbox/include/slam_toolbox/slam_toolbox/msg/detail/localized_laser_scan__functions.c
-- Installing: /home/prhayogo/ros2_ws/install/slam_toolbox/include/slam_toolbox/slam_toolbox/msg/detail/loop_closure_event__description.c
-- Installing: /home/prhayogo/ros2_ws/install/slam_toolbox/include/slam_toolbox/slam_toolbox/msg/detail/loop_closure_event__type_support.h
-- Installing: /home/prhayogo/ros2_ws/install/slam_toolbox/include/slam_toolbox/slam_toolbox/msg/detail/new_node_event__functions.h
-- Installing: /home/prhayogo/ros2_ws/install/slam_toolbox/include/slam_toolbox/slam_toolbox/msg/detail/graph_node__description.c
-- Installing: /home/prhayogo/ros2_ws/install/slam_toolbox/include/slam_toolbox/slam_toolbox/msg/detail/pose_graph__type_support.c
-- Installing: /home/prhayogo/ros2_ws/install/slam_toolbox/include/slam_toolbox/slam_toolbox/msg/detail/graph_edge__type_support.c
-- Installing: /home/prhayogo/ros2_ws/install/slam_toolbox/include/slam_toolbox/slam_toolbox/msg/detail/localized_laser_scan__functions.h
-- Installing: /home/prhayogo/ros2_ws/install/slam_toolbox/include/slam_toolbox/slam_toolbox/msg/detail/graph_node__functions.h
-- Installing: /home/prhayogo/ros2_ws/install/slam_toolbox/include/slam_toolbox/slam_toolbox/msg/new_node_event.h
-- Installing: /home/prhayogo/ros2_ws/install/slam_toolbox/include/slam_toolbox/slam_toolbox/msg/graph_node.h
-- Installing: /home/prhayogo/ros2_ws/install/slam_toolbox/include/slam_toolbox/slam_toolbox/msg/graph_edge.h
-- Installing: /home/prhayogo/ros2_ws/install/slam_toolbox/include/slam_toolbox/slam_toolbox/msg/localized_laser_scan.h
-- Installing: /home/prhayogo/ros2_ws/install/slam_toolbox/include/slam_toolbox/slam_toolbox/msg/loop_closure_event.h
-- Installing: /home/prhayogo/ros2_ws/install/slam_toolbox/include/slam_toolbox/slam_toolbox/msg/pose_graph.h
-- Installing: /home/prhayogo/ros2_ws/install/slam_toolbox/share/slam_toolbox/environment/library_path.sh
-- Installing: /home/prhayogo/ros2_ws/install/slam_toolbox/share/slam_toolbox/environment/library_path.dsv
-- Installing: /home/prhayogo/ros2_ws/install/slam_toolbox/lib/libslam_toolbox__rosidl_generator_c.so
-- Set non-toolchain portion of runtime path of "/home/prhayogo/ros2_ws/install/slam_toolbox/lib/libslam_toolbox__rosidl_generator_c.so" to ""
-- Up-to-date: /home/prhayogo/ros2_ws/install/slam_toolbox/include/slam_toolbox/slam_toolbox
-- Up-to-date: /home/prhayogo/ros2_ws/install/slam_toolbox/include/slam_toolbox/slam_toolbox/srv
-- Up-to-date: /home/prhayogo/ros2_ws/install/slam_toolbox/include/slam_toolbox/slam_toolbox/srv/detail
-- Installing: /home/prhayogo/ros2_ws/install/slam_toolbox/include/slam_toolbox/slam_toolbox/srv/detail/serialize_pose_graph__rosidl_typesupport_fastrtps_c.h
-- Installing: /home/prhayogo/ros2_ws/install/slam_toolbox/include/slam_toolbox/slam_toolbox/srv/detail/reset__rosidl_typesupport_fastrtps_c.h
-- Installing: /home/prhayogo/ros2_ws/install/slam_toolbox/include/slam_toolbox/slam_toolbox/srv/detail/deserialize_pose_graph__rosidl_typesupport_fastrtps_c.h
-- Installing: /home/prhayogo/ros2_ws/install/slam_toolbox/include/slam_toolbox/slam_toolbox/srv/detail/save_map__rosidl_typesupport_fastrtps_c.h
-- Installing: /home/prhayogo/ros2_ws/install/slam_toolbox/include/slam_toolbox/slam_toolbox/srv/detail/loop_closure__rosidl_typesupport_fastrtps_c.h
-- Installing: /home/prhayogo/ros2_ws/install/slam_toolbox/include/slam_toolbox/slam_toolbox/srv/detail/pause__rosidl_typesupport_fastrtps_c.h
-- Installing: /home/prhayogo/ros2_ws/install/slam_toolbox/include/slam_toolbox/slam_toolbox/srv/detail/toggle_interactive__rosidl_typesupport_fastrtps_c.h
-- Installing: /home/prhayogo/ros2_ws/install/slam_toolbox/include/slam_toolbox/slam_toolbox/srv/detail/clear__rosidl_typesupport_fastrtps_c.h
-- Installing: /home/prhayogo/ros2_ws/install/slam_toolbox/include/slam_toolbox/slam_toolbox/srv/detail/add_submap__rosidl_typesupport_fastrtps_c.h
-- Installing: /home/prhayogo/ros2_ws/install/slam_toolbox/include/slam_toolbox/slam_toolbox/srv/detail/clear_queue__rosidl_typesupport_fastrtps_c.h
-- Installing: /home/prhayogo/ros2_ws/install/slam_toolbox/include/slam_toolbox/slam_toolbox/srv/detail/merge_maps__rosidl_typesupport_fastrtps_c.h
-- Up-to-date: /home/prhayogo/ros2_ws/install/slam_toolbox/include/slam_toolbox/slam_toolbox/msg
-- Up-to-date: /home/prhayogo/ros2_ws/install/slam_toolbox/include/slam_toolbox/slam_toolbox/msg/detail
-- Installing: /home/prhayogo/ros2_ws/install/slam_toolbox/include/slam_toolbox/slam_toolbox/msg/detail/loop_closure_event__rosidl_typesupport_fastrtps_c.h
-- Installing: /home/prhayogo/ros2_ws/install/slam_toolbox/include/slam_toolbox/slam_toolbox/msg/detail/new_node_event__rosidl_typesupport_fastrtps_c.h
-- Installing: /home/prhayogo/ros2_ws/install/slam_toolbox/include/slam_toolbox/slam_toolbox/msg/detail/localized_laser_scan__rosidl_typesupport_fastrtps_c.h
-- Installing: /home/prhayogo/ros2_ws/install/slam_toolbox/include/slam_toolbox/slam_toolbox/msg/detail/graph_node__rosidl_typesupport_fastrtps_c.h
-- Installing: /home/prhayogo/ros2_ws/install/slam_toolbox/include/slam_toolbox/slam_toolbox/msg/detail/pose_graph__rosidl_typesupport_fastrtps_c.h
-- Installing: /home/prhayogo/ros2_ws/install/slam_toolbox/include/slam_toolbox/slam_toolbox/msg/detail/graph_edge__rosidl_typesupport_fastrtps_c.h
-- Installing: /home/prhayogo/ros2_ws/install/slam_toolbox/include/slam_toolbox/slam_toolbox/msg/rosidl_typesupport_fastrtps_c__visibility_control.h
-- Installing: /home/prhayogo/ros2_ws/install/slam_toolbox/lib/libslam_toolbox__rosidl_typesupport_fastrtps_c.so
-- Set non-toolchain portion of runtime path of "/home/prhayogo/ros2_ws/install/slam_toolbox/lib/libslam_toolbox__rosidl_typesupport_fastrtps_c.so" to ""
-- Up-to-date: /home/prhayogo/ros2_ws/install/slam_toolbox/include/slam_toolbox/slam_toolbox
-- Up-to-date: /home/prhayogo/ros2_ws/install/slam_toolbox/include/slam_toolbox/slam_toolbox/srv
-- Installing: /home/prhayogo/ros2_ws/install/slam_toolbox/include/slam_toolbox/slam_toolbox/srv/toggle_interactive.hpp
-- Installing: /home/prhayogo/ros2_ws/install/slam_toolbox/include/slam_toolbox/slam_toolbox/srv/loop_closure.hpp
-- Installing: /home/prhayogo/ros2_ws/install/slam_toolbox/include/slam_toolbox/slam_toolbox/srv/merge_maps.hpp
-- Up-to-date: /home/prhayogo/ros2_ws/install/slam_toolbox/include/slam_toolbox/slam_toolbox/srv/detail
-- Installing: /home/prhayogo/ros2_ws/install/slam_toolbox/include/slam_toolbox/slam_toolbox/srv/detail/clear_queue__traits.hpp
-- Installing: /home/prhayogo/ros2_ws/install/slam_toolbox/include/slam_toolbox/slam_toolbox/srv/detail/pause__struct.hpp
-- Installing: /home/prhayogo/ros2_ws/install/slam_toolbox/include/slam_toolbox/slam_toolbox/srv/detail/pause__type_support.hpp
-- Installing: /home/prhayogo/ros2_ws/install/slam_toolbox/include/slam_toolbox/slam_toolbox/srv/detail/serialize_pose_graph__struct.hpp
-- Installing: /home/prhayogo/ros2_ws/install/slam_toolbox/include/slam_toolbox/slam_toolbox/srv/detail/reset__traits.hpp
-- Installing: /home/prhayogo/ros2_ws/install/slam_toolbox/include/slam_toolbox/slam_toolbox/srv/detail/reset__type_support.hpp
-- Installing: /home/prhayogo/ros2_ws/install/slam_toolbox/include/slam_toolbox/slam_toolbox/srv/detail/merge_maps__traits.hpp
-- Installing: /home/prhayogo/ros2_ws/install/slam_toolbox/include/slam_toolbox/slam_toolbox/srv/detail/clear_queue__struct.hpp
-- Installing: /home/prhayogo/ros2_ws/install/slam_toolbox/include/slam_toolbox/slam_toolbox/srv/detail/deserialize_pose_graph__traits.hpp
-- Installing: /home/prhayogo/ros2_ws/install/slam_toolbox/include/slam_toolbox/slam_toolbox/srv/detail/clear_queue__builder.hpp
-- Installing: /home/prhayogo/ros2_ws/install/slam_toolbox/include/slam_toolbox/slam_toolbox/srv/detail/clear__type_support.hpp
-- Installing: /home/prhayogo/ros2_ws/install/slam_toolbox/include/slam_toolbox/slam_toolbox/srv/detail/toggle_interactive__type_support.hpp
-- Installing: /home/prhayogo/ros2_ws/install/slam_toolbox/include/slam_toolbox/slam_toolbox/srv/detail/pause__traits.hpp
-- Installing: /home/prhayogo/ros2_ws/install/slam_toolbox/include/slam_toolbox/slam_toolbox/srv/detail/pause__builder.hpp
-- Installing: /home/prhayogo/ros2_ws/install/slam_toolbox/include/slam_toolbox/slam_toolbox/srv/detail/deserialize_pose_graph__struct.hpp
-- Installing: /home/prhayogo/ros2_ws/install/slam_toolbox/include/slam_toolbox/slam_toolbox/srv/detail/clear__builder.hpp
-- Installing: /home/prhayogo/ros2_ws/install/slam_toolbox/include/slam_toolbox/slam_toolbox/srv/detail/save_map__struct.hpp
-- Installing: /home/prhayogo/ros2_ws/install/slam_toolbox/include/slam_toolbox/slam_toolbox/srv/detail/merge_maps__struct.hpp
-- Installing: /home/prhayogo/ros2_ws/install/slam_toolbox/include/slam_toolbox/slam_toolbox/srv/detail/deserialize_pose_graph__type_support.hpp
-- Installing: /home/prhayogo/ros2_ws/install/slam_toolbox/include/slam_toolbox/slam_toolbox/srv/detail/deserialize_pose_graph__builder.hpp
-- Installing: /home/prhayogo/ros2_ws/install/slam_toolbox/include/slam_toolbox/slam_toolbox/srv/detail/add_submap__builder.hpp
-- Installing: /home/prhayogo/ros2_ws/install/slam_toolbox/include/slam_toolbox/slam_toolbox/srv/detail/clear__traits.hpp
-- Installing: /home/prhayogo/ros2_ws/install/slam_toolbox/include/slam_toolbox/slam_toolbox/srv/detail/clear_queue__type_support.hpp
-- Installing: /home/prhayogo/ros2_ws/install/slam_toolbox/include/slam_toolbox/slam_toolbox/srv/detail/save_map__traits.hpp
-- Installing: /home/prhayogo/ros2_ws/install/slam_toolbox/include/slam_toolbox/slam_toolbox/srv/detail/save_map__type_support.hpp
-- Installing: /home/prhayogo/ros2_ws/install/slam_toolbox/include/slam_toolbox/slam_toolbox/srv/detail/add_submap__type_support.hpp
-- Installing: /home/prhayogo/ros2_ws/install/slam_toolbox/include/slam_toolbox/slam_toolbox/srv/detail/add_submap__traits.hpp
-- Installing: /home/prhayogo/ros2_ws/install/slam_toolbox/include/slam_toolbox/slam_toolbox/srv/detail/loop_closure__traits.hpp
-- Installing: /home/prhayogo/ros2_ws/install/slam_toolbox/include/slam_toolbox/slam_toolbox/srv/detail/merge_maps__type_support.hpp
-- Installing: /home/prhayogo/ros2_ws/install/slam_toolbox/include/slam_toolbox/slam_toolbox/srv/detail/serialize_pose_graph__traits.hpp
-- Installing: /home/prhayogo/ros2_ws/install/slam_toolbox/include/slam_toolbox/slam_toolbox/srv/detail/toggle_interactive__traits.hpp
-- Installing: /home/prhayogo/ros2_ws/install/slam_toolbox/include/slam_toolbox/slam_toolbox/srv/detail/loop_closure__type_support.hpp
-- Installing: /home/prhayogo/ros2_ws/install/slam_toolbox/include/slam_toolbox/slam_toolbox/srv/detail/serialize_pose_graph__type_support.hpp
-- Installing: /home/prhayogo/ros2_ws/install/slam_toolbox/include/slam_toolbox/slam_toolbox/srv/detail/add_submap__struct.hpp
-- Installing: /home/prhayogo/ros2_ws/install/slam_toolbox/include/slam_toolbox/slam_toolbox/srv/detail/serialize_pose_graph__builder.hpp
-- Installing: /home/prhayogo/ros2_ws/install/slam_toolbox/include/slam_toolbox/slam_toolbox/srv/detail/save_map__builder.hpp
-- Installing: /home/prhayogo/ros2_ws/install/slam_toolbox/include/slam_toolbox/slam_toolbox/srv/detail/toggle_interactive__builder.hpp
-- Installing: /home/prhayogo/ros2_ws/install/slam_toolbox/include/slam_toolbox/slam_toolbox/srv/detail/toggle_interactive__struct.hpp
-- Installing: /home/prhayogo/ros2_ws/install/slam_toolbox/include/slam_toolbox/slam_toolbox/srv/detail/merge_maps__builder.hpp
-- Installing: /home/prhayogo/ros2_ws/install/slam_toolbox/include/slam_toolbox/slam_toolbox/srv/detail/loop_closure__struct.hpp
-- Installing: /home/prhayogo/ros2_ws/install/slam_toolbox/include/slam_toolbox/slam_toolbox/srv/detail/loop_closure__builder.hpp
-- Installing: /home/prhayogo/ros2_ws/install/slam_toolbox/include/slam_toolbox/slam_toolbox/srv/detail/reset__builder.hpp
-- Installing: /home/prhayogo/ros2_ws/install/slam_toolbox/include/slam_toolbox/slam_toolbox/srv/detail/clear__struct.hpp
-- Installing: /home/prhayogo/ros2_ws/install/slam_toolbox/include/slam_toolbox/slam_toolbox/srv/detail/reset__struct.hpp
-- Installing: /home/prhayogo/ros2_ws/install/slam_toolbox/include/slam_toolbox/slam_toolbox/srv/reset.hpp
-- Installing: /home/prhayogo/ros2_ws/install/slam_toolbox/include/slam_toolbox/slam_toolbox/srv/deserialize_pose_graph.hpp
-- Installing: /home/prhayogo/ros2_ws/install/slam_toolbox/include/slam_toolbox/slam_toolbox/srv/save_map.hpp
-- Installing: /home/prhayogo/ros2_ws/install/slam_toolbox/include/slam_toolbox/slam_toolbox/srv/serialize_pose_graph.hpp
-- Installing: /home/prhayogo/ros2_ws/install/slam_toolbox/include/slam_toolbox/slam_toolbox/srv/add_submap.hpp
-- Installing: /home/prhayogo/ros2_ws/install/slam_toolbox/include/slam_toolbox/slam_toolbox/srv/clear_queue.hpp
-- Installing: /home/prhayogo/ros2_ws/install/slam_toolbox/include/slam_toolbox/slam_toolbox/srv/pause.hpp
-- Installing: /home/prhayogo/ros2_ws/install/slam_toolbox/include/slam_toolbox/slam_toolbox/srv/clear.hpp
-- Up-to-date: /home/prhayogo/ros2_ws/install/slam_toolbox/include/slam_toolbox/slam_toolbox/msg
-- Installing: /home/prhayogo/ros2_ws/install/slam_toolbox/include/slam_toolbox/slam_toolbox/msg/pose_graph.hpp
-- Installing: /home/prhayogo/ros2_ws/install/slam_toolbox/include/slam_toolbox/slam_toolbox/msg/loop_closure_event.hpp
-- Up-to-date: /home/prhayogo/ros2_ws/install/slam_toolbox/include/slam_toolbox/slam_toolbox/msg/detail
-- Installing: /home/prhayogo/ros2_ws/install/slam_toolbox/include/slam_toolbox/slam_toolbox/msg/detail/graph_edge__type_support.hpp
-- Installing: /home/prhayogo/ros2_ws/install/slam_toolbox/include/slam_toolbox/slam_toolbox/msg/detail/graph_edge__struct.hpp
-- Installing: /home/prhayogo/ros2_ws/install/slam_toolbox/include/slam_toolbox/slam_toolbox/msg/detail/graph_node__traits.hpp
-- Installing: /home/prhayogo/ros2_ws/install/slam_toolbox/include/slam_toolbox/slam_toolbox/msg/detail/graph_node__type_support.hpp
-- Installing: /home/prhayogo/ros2_ws/install/slam_toolbox/include/slam_toolbox/slam_toolbox/msg/detail/graph_edge__builder.hpp
-- Installing: /home/prhayogo/ros2_ws/install/slam_toolbox/include/slam_toolbox/slam_toolbox/msg/detail/pose_graph__builder.hpp
-- Installing: /home/prhayogo/ros2_ws/install/slam_toolbox/include/slam_toolbox/slam_toolbox/msg/detail/localized_laser_scan__type_support.hpp
-- Installing: /home/prhayogo/ros2_ws/install/slam_toolbox/include/slam_toolbox/slam_toolbox/msg/detail/localized_laser_scan__struct.hpp
-- Installing: /home/prhayogo/ros2_ws/install/slam_toolbox/include/slam_toolbox/slam_toolbox/msg/detail/graph_node__struct.hpp
-- Installing: /home/prhayogo/ros2_ws/install/slam_toolbox/include/slam_toolbox/slam_toolbox/msg/detail/pose_graph__traits.hpp
-- Installing: /home/prhayogo/ros2_ws/install/slam_toolbox/include/slam_toolbox/slam_toolbox/msg/detail/loop_closure_event__builder.hpp
-- Installing: /home/prhayogo/ros2_ws/install/slam_toolbox/include/slam_toolbox/slam_toolbox/msg/detail/loop_closure_event__traits.hpp
-- Installing: /home/prhayogo/ros2_ws/install/slam_toolbox/include/slam_toolbox/slam_toolbox/msg/detail/localized_laser_scan__traits.hpp
-- Installing: /home/prhayogo/ros2_ws/install/slam_toolbox/include/slam_toolbox/slam_toolbox/msg/detail/new_node_event__type_support.hpp
-- Installing: /home/prhayogo/ros2_ws/install/slam_toolbox/include/slam_toolbox/slam_toolbox/msg/detail/localized_laser_scan__builder.hpp
-- Installing: /home/prhayogo/ros2_ws/install/slam_toolbox/include/slam_toolbox/slam_toolbox/msg/detail/graph_edge__traits.hpp
-- Installing: /home/prhayogo/ros2_ws/install/slam_toolbox/include/slam_toolbox/slam_toolbox/msg/detail/pose_graph__type_support.hpp
-- Installing: /home/prhayogo/ros2_ws/install/slam_toolbox/include/slam_toolbox/slam_toolbox/msg/detail/graph_node__builder.hpp
-- Installing: /home/prhayogo/ros2_ws/install/slam_toolbox/include/slam_toolbox/slam_toolbox/msg/detail/new_node_event__builder.hpp
-- Installing: /home/prhayogo/ros2_ws/install/slam_toolbox/include/slam_toolbox/slam_toolbox/msg/detail/new_node_event__traits.hpp
-- Installing: /home/prhayogo/ros2_ws/install/slam_toolbox/include/slam_toolbox/slam_toolbox/msg/detail/loop_closure_event__type_support.hpp
-- Installing: /home/prhayogo/ros2_ws/install/slam_toolbox/include/slam_toolbox/slam_toolbox/msg/detail/pose_graph__struct.hpp
-- Installing: /home/prhayogo/ros2_ws/install/slam_toolbox/include/slam_toolbox/slam_toolbox/msg/detail/new_node_event__struct.hpp
-- Installing: /home/prhayogo/ros2_ws/install/slam_toolbox/include/slam_toolbox/slam_toolbox/msg/detail/loop_closure_event__struct.hpp
-- Installing: /home/prhayogo/ros2_ws/install/slam_toolbox/include/slam_toolbox/slam_toolbox/msg/graph_node.hpp
-- Installing: /home/prhayogo/ros2_ws/install/slam_toolbox/include/slam_toolbox/slam_toolbox/msg/localized_laser_scan.hpp
-- Installing: /home/prhayogo/ros2_ws/install/slam_toolbox/include/slam_toolbox/slam_toolbox/msg/new_node_event.hpp
-- Installing: /home/prhayogo/ros2_ws/install/slam_toolbox/include/slam_toolbox/slam_toolbox/msg/graph_edge.hpp
-- Installing: /home/prhayogo/ros2_ws/install/slam_toolbox/include/slam_toolbox/slam_toolbox/msg/rosidl_generator_cpp__visibility_control.hpp
-- Up-to-date: /home/prhayogo/ros2_ws/install/slam_toolbox/include/slam_toolbox/slam_toolbox
-- Up-to-date: /home/prhayogo/ros2_ws/install/slam_toolbox/include/slam_toolbox/slam_toolbox/srv
-- Up-to-date: /home/prhayogo/ros2_ws/install/slam_toolbox/include/slam_toolbox/slam_toolbox/srv/detail
-- Installing: /home/prhayogo/ros2_ws/install/slam_toolbox/include/slam_toolbox/slam_toolbox/srv/detail/toggle_interactive__rosidl_typesupport_fastrtps_cpp.hpp
-- Installing: /home/prhayogo/ros2_ws/install/slam_toolbox/include/slam_toolbox/slam_toolbox/srv/detail/add_submap__rosidl_typesupport_fastrtps_cpp.hpp
-- Installing: /home/prhayogo/ros2_ws/install/slam_toolbox/include/slam_toolbox/slam_toolbox/srv/detail/merge_maps__rosidl_typesupport_fastrtps_cpp.hpp
-- Installing: /home/prhayogo/ros2_ws/install/slam_toolbox/include/slam_toolbox/slam_toolbox/srv/detail/dds_fastrtps
-- Installing: /home/prhayogo/ros2_ws/install/slam_toolbox/include/slam_toolbox/slam_toolbox/srv/detail/pause__rosidl_typesupport_fastrtps_cpp.hpp
-- Installing: /home/prhayogo/ros2_ws/install/slam_toolbox/include/slam_toolbox/slam_toolbox/srv/detail/clear__rosidl_typesupport_fastrtps_cpp.hpp
-- Installing: /home/prhayogo/ros2_ws/install/slam_toolbox/include/slam_toolbox/slam_toolbox/srv/detail/deserialize_pose_graph__rosidl_typesupport_fastrtps_cpp.hpp
-- Installing: /home/prhayogo/ros2_ws/install/slam_toolbox/include/slam_toolbox/slam_toolbox/srv/detail/serialize_pose_graph__rosidl_typesupport_fastrtps_cpp.hpp
-- Installing: /home/prhayogo/ros2_ws/install/slam_toolbox/include/slam_toolbox/slam_toolbox/srv/detail/loop_closure__rosidl_typesupport_fastrtps_cpp.hpp
-- Installing: /home/prhayogo/ros2_ws/install/slam_toolbox/include/slam_toolbox/slam_toolbox/srv/detail/reset__rosidl_typesupport_fastrtps_cpp.hpp
-- Installing: /home/prhayogo/ros2_ws/install/slam_toolbox/include/slam_toolbox/slam_toolbox/srv/detail/save_map__rosidl_typesupport_fastrtps_cpp.hpp
-- Installing: /home/prhayogo/ros2_ws/install/slam_toolbox/include/slam_toolbox/slam_toolbox/srv/detail/clear_queue__rosidl_typesupport_fastrtps_cpp.hpp
-- Up-to-date: /home/prhayogo/ros2_ws/install/slam_toolbox/include/slam_toolbox/slam_toolbox/msg
-- Up-to-date: /home/prhayogo/ros2_ws/install/slam_toolbox/include/slam_toolbox/slam_toolbox/msg/detail
-- Installing: /home/prhayogo/ros2_ws/install/slam_toolbox/include/slam_toolbox/slam_toolbox/msg/detail/pose_graph__rosidl_typesupport_fastrtps_cpp.hpp
-- Installing: /home/prhayogo/ros2_ws/install/slam_toolbox/include/slam_toolbox/slam_toolbox/msg/detail/loop_closure_event__rosidl_typesupport_fastrtps_cpp.hpp
-- Installing: /home/prhayogo/ros2_ws/install/slam_toolbox/include/slam_toolbox/slam_toolbox/msg/detail/dds_fastrtps
-- Installing: /home/prhayogo/ros2_ws/install/slam_toolbox/include/slam_toolbox/slam_toolbox/msg/detail/new_node_event__rosidl_typesupport_fastrtps_cpp.hpp
-- Installing: /home/prhayogo/ros2_ws/install/slam_toolbox/include/slam_toolbox/slam_toolbox/msg/detail/graph_edge__rosidl_typesupport_fastrtps_cpp.hpp
-- Installing: /home/prhayogo/ros2_ws/install/slam_toolbox/include/slam_toolbox/slam_toolbox/msg/detail/graph_node__rosidl_typesupport_fastrtps_cpp.hpp
-- Installing: /home/prhayogo/ros2_ws/install/slam_toolbox/include/slam_toolbox/slam_toolbox/msg/detail/localized_laser_scan__rosidl_typesupport_fastrtps_cpp.hpp
-- Installing: /home/prhayogo/ros2_ws/install/slam_toolbox/include/slam_toolbox/slam_toolbox/msg/rosidl_typesupport_fastrtps_cpp__visibility_control.h
-- Installing: /home/prhayogo/ros2_ws/install/slam_toolbox/lib/libslam_toolbox__rosidl_typesupport_fastrtps_cpp.so
-- Set non-toolchain portion of runtime path of "/home/prhayogo/ros2_ws/install/slam_toolbox/lib/libslam_toolbox__rosidl_typesupport_fastrtps_cpp.so" to ""
-- Up-to-date: /home/prhayogo/ros2_ws/install/slam_toolbox/include/slam_toolbox/slam_toolbox
-- Up-to-date: /home/prhayogo/ros2_ws/install/slam_toolbox/include/slam_toolbox/slam_toolbox/srv
-- Up-to-date: /home/prhayogo/ros2_ws/install/slam_toolbox/include/slam_toolbox/slam_toolbox/srv/detail
-- Installing: /home/prhayogo/ros2_ws/install/slam_toolbox/include/slam_toolbox/slam_toolbox/srv/detail/clear__type_support.c
-- Installing: /home/prhayogo/ros2_ws/install/slam_toolbox/include/slam_toolbox/slam_toolbox/srv/detail/save_map__rosidl_typesupport_introspection_c.h
-- Installing: /home/prhayogo/ros2_ws/install/slam_toolbox/include/slam_toolbox/slam_toolbox/srv/detail/loop_closure__type_support.c
-- Installing: /home/prhayogo/ros2_ws/install/slam_toolbox/include/slam_toolbox/slam_toolbox/srv/detail/deserialize_pose_graph__rosidl_typesupport_introspection_c.h
-- Installing: /home/prhayogo/ros2_ws/install/slam_toolbox/include/slam_toolbox/slam_toolbox/srv/detail/add_submap__rosidl_typesupport_introspection_c.h
-- Installing: /home/prhayogo/ros2_ws/install/slam_toolbox/include/slam_toolbox/slam_toolbox/srv/detail/clear_queue__rosidl_typesupport_introspection_c.h
-- Installing: /home/prhayogo/ros2_ws/install/slam_toolbox/include/slam_toolbox/slam_toolbox/srv/detail/reset__type_support.c
-- Installing: /home/prhayogo/ros2_ws/install/slam_toolbox/include/slam_toolbox/slam_toolbox/srv/detail/pause__rosidl_typesupport_introspection_c.h
-- Installing: /home/prhayogo/ros2_ws/install/slam_toolbox/include/slam_toolbox/slam_toolbox/srv/detail/deserialize_pose_graph__type_support.c
-- Installing: /home/prhayogo/ros2_ws/install/slam_toolbox/include/slam_toolbox/slam_toolbox/srv/detail/add_submap__type_support.c
-- Installing: /home/prhayogo/ros2_ws/install/slam_toolbox/include/slam_toolbox/slam_toolbox/srv/detail/loop_closure__rosidl_typesupport_introspection_c.h
-- Installing: /home/prhayogo/ros2_ws/install/slam_toolbox/include/slam_toolbox/slam_toolbox/srv/detail/merge_maps__type_support.c
-- Installing: /home/prhayogo/ros2_ws/install/slam_toolbox/include/slam_toolbox/slam_toolbox/srv/detail/clear__rosidl_typesupport_introspection_c.h
-- Installing: /home/prhayogo/ros2_ws/install/slam_toolbox/include/slam_toolbox/slam_toolbox/srv/detail/toggle_interactive__rosidl_typesupport_introspection_c.h
-- Installing: /home/prhayogo/ros2_ws/install/slam_toolbox/include/slam_toolbox/slam_toolbox/srv/detail/serialize_pose_graph__rosidl_typesupport_introspection_c.h
-- Installing: /home/prhayogo/ros2_ws/install/slam_toolbox/include/slam_toolbox/slam_toolbox/srv/detail/reset__rosidl_typesupport_introspection_c.h
-- Installing: /home/prhayogo/ros2_ws/install/slam_toolbox/include/slam_toolbox/slam_toolbox/srv/detail/toggle_interactive__type_support.c
-- Installing: /home/prhayogo/ros2_ws/install/slam_toolbox/include/slam_toolbox/slam_toolbox/srv/detail/pause__type_support.c
-- Installing: /home/prhayogo/ros2_ws/install/slam_toolbox/include/slam_toolbox/slam_toolbox/srv/detail/serialize_pose_graph__type_support.c
-- Installing: /home/prhayogo/ros2_ws/install/slam_toolbox/include/slam_toolbox/slam_toolbox/srv/detail/save_map__type_support.c
-- Installing: /home/prhayogo/ros2_ws/install/slam_toolbox/include/slam_toolbox/slam_toolbox/srv/detail/clear_queue__type_support.c
-- Installing: /home/prhayogo/ros2_ws/install/slam_toolbox/include/slam_toolbox/slam_toolbox/srv/detail/merge_maps__rosidl_typesupport_introspection_c.h
-- Up-to-date: /home/prhayogo/ros2_ws/install/slam_toolbox/include/slam_toolbox/slam_toolbox/msg
-- Installing: /home/prhayogo/ros2_ws/install/slam_toolbox/include/slam_toolbox/slam_toolbox/msg/rosidl_typesupport_introspection_c__visibility_control.h
-- Up-to-date: /home/prhayogo/ros2_ws/install/slam_toolbox/include/slam_toolbox/slam_toolbox/msg/detail
-- Installing: /home/prhayogo/ros2_ws/install/slam_toolbox/include/slam_toolbox/slam_toolbox/msg/detail/localized_laser_scan__rosidl_typesupport_introspection_c.h
-- Installing: /home/prhayogo/ros2_ws/install/slam_toolbox/include/slam_toolbox/slam_toolbox/msg/detail/loop_closure_event__rosidl_typesupport_introspection_c.h
-- Installing: /home/prhayogo/ros2_ws/install/slam_toolbox/include/slam_toolbox/slam_toolbox/msg/detail/new_node_event__rosidl_typesupport_introspection_c.h
-- Installing: /home/prhayogo/ros2_ws/install/slam_toolbox/include/slam_toolbox/slam_toolbox/msg/detail/graph_node__type_support.c
-- Installing: /home/prhayogo/ros2_ws/install/slam_toolbox/include/slam_toolbox/slam_toolbox/msg/detail/localized_laser_scan__type_support.c
-- Installing: /home/prhayogo/ros2_ws/install/slam_toolbox/include/slam_toolbox/slam_toolbox/msg/detail/new_node_event__type_support.c
-- Installing: /home/prhayogo/ros2_ws/install/slam_toolbox/include/slam_toolbox/slam_toolbox/msg/detail/loop_closure_event__type_support.c
-- Installing: /home/prhayogo/ros2_ws/install/slam_toolbox/include/slam_toolbox/slam_toolbox/msg/detail/pose_graph__rosidl_typesupport_introspection_c.h
-- Installing: /home/prhayogo/ros2_ws/install/slam_toolbox/include/slam_toolbox/slam_toolbox/msg/detail/pose_graph__type_support.c
-- Installing: /home/prhayogo/ros2_ws/install/slam_toolbox/include/slam_toolbox/slam_toolbox/msg/detail/graph_edge__type_support.c
-- Installing: /home/prhayogo/ros2_ws/install/slam_toolbox/include/slam_toolbox/slam_toolbox/msg/detail/graph_edge__rosidl_typesupport_introspection_c.h
-- Installing: /home/prhayogo/ros2_ws/install/slam_toolbox/include/slam_toolbox/slam_toolbox/msg/detail/graph_node__rosidl_typesupport_introspection_c.h
-- Installing: /home/prhayogo/ros2_ws/install/slam_toolbox/lib/libslam_toolbox__rosidl_typesupport_introspection_c.so
-- Set non-toolchain portion of runtime path of "/home/prhayogo/ros2_ws/install/slam_toolbox/lib/libslam_toolbox__rosidl_typesupport_introspection_c.so" to ""
-- Installing: /home/prhayogo/ros2_ws/install/slam_toolbox/lib/libslam_toolbox__rosidl_typesupport_c.so
-- Set non-toolchain portion of runtime path of "/home/prhayogo/ros2_ws/install/slam_toolbox/lib/libslam_toolbox__rosidl_typesupport_c.so" to ""
-- Up-to-date: /home/prhayogo/ros2_ws/install/slam_toolbox/include/slam_toolbox/slam_toolbox
-- Up-to-date: /home/prhayogo/ros2_ws/install/slam_toolbox/include/slam_toolbox/slam_toolbox/srv
-- Up-to-date: /home/prhayogo/ros2_ws/install/slam_toolbox/include/slam_toolbox/slam_toolbox/srv/detail
-- Installing: /home/prhayogo/ros2_ws/install/slam_toolbox/include/slam_toolbox/slam_toolbox/srv/detail/loop_closure__type_support.cpp
-- Installing: /home/prhayogo/ros2_ws/install/slam_toolbox/include/slam_toolbox/slam_toolbox/srv/detail/reset__type_support.cpp
-- Installing: /home/prhayogo/ros2_ws/install/slam_toolbox/include/slam_toolbox/slam_toolbox/srv/detail/add_submap__rosidl_typesupport_introspection_cpp.hpp
-- Installing: /home/prhayogo/ros2_ws/install/slam_toolbox/include/slam_toolbox/slam_toolbox/srv/detail/deserialize_pose_graph__rosidl_typesupport_introspection_cpp.hpp
-- Installing: /home/prhayogo/ros2_ws/install/slam_toolbox/include/slam_toolbox/slam_toolbox/srv/detail/reset__rosidl_typesupport_introspection_cpp.hpp
-- Installing: /home/prhayogo/ros2_ws/install/slam_toolbox/include/slam_toolbox/slam_toolbox/srv/detail/pause__type_support.cpp
-- Installing: /home/prhayogo/ros2_ws/install/slam_toolbox/include/slam_toolbox/slam_toolbox/srv/detail/serialize_pose_graph__type_support.cpp
-- Installing: /home/prhayogo/ros2_ws/install/slam_toolbox/include/slam_toolbox/slam_toolbox/srv/detail/clear__rosidl_typesupport_introspection_cpp.hpp
-- Installing: /home/prhayogo/ros2_ws/install/slam_toolbox/include/slam_toolbox/slam_toolbox/srv/detail/pause__rosidl_typesupport_introspection_cpp.hpp
-- Installing: /home/prhayogo/ros2_ws/install/slam_toolbox/include/slam_toolbox/slam_toolbox/srv/detail/toggle_interactive__type_support.cpp
-- Installing: /home/prhayogo/ros2_ws/install/slam_toolbox/include/slam_toolbox/slam_toolbox/srv/detail/deserialize_pose_graph__type_support.cpp
-- Installing: /home/prhayogo/ros2_ws/install/slam_toolbox/include/slam_toolbox/slam_toolbox/srv/detail/save_map__rosidl_typesupport_introspection_cpp.hpp
-- Installing: /home/prhayogo/ros2_ws/install/slam_toolbox/include/slam_toolbox/slam_toolbox/srv/detail/merge_maps__type_support.cpp
-- Installing: /home/prhayogo/ros2_ws/install/slam_toolbox/include/slam_toolbox/slam_toolbox/srv/detail/save_map__type_support.cpp
-- Installing: /home/prhayogo/ros2_ws/install/slam_toolbox/include/slam_toolbox/slam_toolbox/srv/detail/merge_maps__rosidl_typesupport_introspection_cpp.hpp
-- Installing: /home/prhayogo/ros2_ws/install/slam_toolbox/include/slam_toolbox/slam_toolbox/srv/detail/clear__type_support.cpp
-- Installing: /home/prhayogo/ros2_ws/install/slam_toolbox/include/slam_toolbox/slam_toolbox/srv/detail/loop_closure__rosidl_typesupport_introspection_cpp.hpp
-- Installing: /home/prhayogo/ros2_ws/install/slam_toolbox/include/slam_toolbox/slam_toolbox/srv/detail/toggle_interactive__rosidl_typesupport_introspection_cpp.hpp
-- Installing: /home/prhayogo/ros2_ws/install/slam_toolbox/include/slam_toolbox/slam_toolbox/srv/detail/serialize_pose_graph__rosidl_typesupport_introspection_cpp.hpp
-- Installing: /home/prhayogo/ros2_ws/install/slam_toolbox/include/slam_toolbox/slam_toolbox/srv/detail/add_submap__type_support.cpp
-- Installing: /home/prhayogo/ros2_ws/install/slam_toolbox/include/slam_toolbox/slam_toolbox/srv/detail/clear_queue__rosidl_typesupport_introspection_cpp.hpp
-- Installing: /home/prhayogo/ros2_ws/install/slam_toolbox/include/slam_toolbox/slam_toolbox/srv/detail/clear_queue__type_support.cpp
-- Up-to-date: /home/prhayogo/ros2_ws/install/slam_toolbox/include/slam_toolbox/slam_toolbox/msg
-- Up-to-date: /home/prhayogo/ros2_ws/install/slam_toolbox/include/slam_toolbox/slam_toolbox/msg/detail
-- Installing: /home/prhayogo/ros2_ws/install/slam_toolbox/include/slam_toolbox/slam_toolbox/msg/detail/loop_closure_event__type_support.cpp
-- Installing: /home/prhayogo/ros2_ws/install/slam_toolbox/include/slam_toolbox/slam_toolbox/msg/detail/graph_node__type_support.cpp
-- Installing: /home/prhayogo/ros2_ws/install/slam_toolbox/include/slam_toolbox/slam_toolbox/msg/detail/localized_laser_scan__rosidl_typesupport_introspection_cpp.hpp
-- Installing: /home/prhayogo/ros2_ws/install/slam_toolbox/include/slam_toolbox/slam_toolbox/msg/detail/pose_graph__rosidl_typesupport_introspection_cpp.hpp
-- Installing: /home/prhayogo/ros2_ws/install/slam_toolbox/include/slam_toolbox/slam_toolbox/msg/detail/localized_laser_scan__type_support.cpp
-- Installing: /home/prhayogo/ros2_ws/install/slam_toolbox/include/slam_toolbox/slam_toolbox/msg/detail/loop_closure_event__rosidl_typesupport_introspection_cpp.hpp
-- Installing: /home/prhayogo/ros2_ws/install/slam_toolbox/include/slam_toolbox/slam_toolbox/msg/detail/graph_node__rosidl_typesupport_introspection_cpp.hpp
-- Installing: /home/prhayogo/ros2_ws/install/slam_toolbox/include/slam_toolbox/slam_toolbox/msg/detail/new_node_event__type_support.cpp
-- Installing: /home/prhayogo/ros2_ws/install/slam_toolbox/include/slam_toolbox/slam_toolbox/msg/detail/graph_edge__type_support.cpp
-- Installing: /home/prhayogo/ros2_ws/install/slam_toolbox/include/slam_toolbox/slam_toolbox/msg/detail/graph_edge__rosidl_typesupport_introspection_cpp.hpp
-- Installing: /home/prhayogo/ros2_ws/install/slam_toolbox/include/slam_toolbox/slam_toolbox/msg/detail/pose_graph__type_support.cpp
-- Installing: /home/prhayogo/ros2_ws/install/slam_toolbox/include/slam_toolbox/slam_toolbox/msg/detail/new_node_event__rosidl_typesupport_introspection_cpp.hpp
-- Installing: /home/prhayogo/ros2_ws/install/slam_toolbox/lib/libslam_toolbox__rosidl_typesupport_introspection_cpp.so
-- Set non-toolchain portion of runtime path of "/home/prhayogo/ros2_ws/install/slam_toolbox/lib/libslam_toolbox__rosidl_typesupport_introspection_cpp.so" to ""
-- Installing: /home/prhayogo/ros2_ws/install/slam_toolbox/lib/libslam_toolbox__rosidl_typesupport_cpp.so
-- Set non-toolchain portion of runtime path of "/home/prhayogo/ros2_ws/install/slam_toolbox/lib/libslam_toolbox__rosidl_typesupport_cpp.so" to ""
-- Installing: /home/prhayogo/ros2_ws/install/slam_toolbox/share/slam_toolbox/environment/pythonpath.sh
-- Installing: /home/prhayogo/ros2_ws/install/slam_toolbox/share/slam_toolbox/environment/pythonpath.dsv
-- Installing: /home/prhayogo/ros2_ws/install/slam_toolbox/lib/python3.12/site-packages/slam_toolbox-2.8.4-py3.12.egg-info
-- Installing: /home/prhayogo/ros2_ws/install/slam_toolbox/lib/python3.12/site-packages/slam_toolbox-2.8.4-py3.12.egg-info/top_level.txt
-- Installing: /home/prhayogo/ros2_ws/install/slam_toolbox/lib/python3.12/site-packages/slam_toolbox-2.8.4-py3.12.egg-info/dependency_links.txt
-- Installing: /home/prhayogo/ros2_ws/install/slam_toolbox/lib/python3.12/site-packages/slam_toolbox-2.8.4-py3.12.egg-info/SOURCES.txt
-- Installing: /home/prhayogo/ros2_ws/install/slam_toolbox/lib/python3.12/site-packages/slam_toolbox-2.8.4-py3.12.egg-info/PKG-INFO
-- Installing: /home/prhayogo/ros2_ws/install/slam_toolbox/lib/python3.12/site-packages/slam_toolbox
-- Installing: /home/prhayogo/ros2_ws/install/slam_toolbox/lib/python3.12/site-packages/slam_toolbox/slam_toolbox_s__rosidl_typesupport_introspection_c.so
-- Installing: /home/prhayogo/ros2_ws/install/slam_toolbox/lib/python3.12/site-packages/slam_toolbox/srv
-- Installing: /home/prhayogo/ros2_ws/install/slam_toolbox/lib/python3.12/site-packages/slam_toolbox/srv/_reset.py
-- Installing: /home/prhayogo/ros2_ws/install/slam_toolbox/lib/python3.12/site-packages/slam_toolbox/srv/_add_submap.py
-- Installing: /home/prhayogo/ros2_ws/install/slam_toolbox/lib/python3.12/site-packages/slam_toolbox/srv/_merge_maps.py
-- Installing: /home/prhayogo/ros2_ws/install/slam_toolbox/lib/python3.12/site-packages/slam_toolbox/srv/_clear_queue_s.c
-- Installing: /home/prhayogo/ros2_ws/install/slam_toolbox/lib/python3.12/site-packages/slam_toolbox/srv/_pause_s.c
-- Installing: /home/prhayogo/ros2_ws/install/slam_toolbox/lib/python3.12/site-packages/slam_toolbox/srv/_reset_s.c
-- Installing: /home/prhayogo/ros2_ws/install/slam_toolbox/lib/python3.12/site-packages/slam_toolbox/srv/_clear_s.c
-- Installing: /home/prhayogo/ros2_ws/install/slam_toolbox/lib/python3.12/site-packages/slam_toolbox/srv/__init__.py
-- Installing: /home/prhayogo/ros2_ws/install/slam_toolbox/lib/python3.12/site-packages/slam_toolbox/srv/_loop_closure.py
-- Installing: /home/prhayogo/ros2_ws/install/slam_toolbox/lib/python3.12/site-packages/slam_toolbox/srv/_clear.py
-- Installing: /home/prhayogo/ros2_ws/install/slam_toolbox/lib/python3.12/site-packages/slam_toolbox/srv/_serialize_pose_graph_s.c
-- Installing: /home/prhayogo/ros2_ws/install/slam_toolbox/lib/python3.12/site-packages/slam_toolbox/srv/_toggle_interactive.py
-- Installing: /home/prhayogo/ros2_ws/install/slam_toolbox/lib/python3.12/site-packages/slam_toolbox/srv/_pause.py
-- Installing: /home/prhayogo/ros2_ws/install/slam_toolbox/lib/python3.12/site-packages/slam_toolbox/srv/_save_map.py
-- Installing: /home/prhayogo/ros2_ws/install/slam_toolbox/lib/python3.12/site-packages/slam_toolbox/srv/_deserialize_pose_graph.py
-- Installing: /home/prhayogo/ros2_ws/install/slam_toolbox/lib/python3.12/site-packages/slam_toolbox/srv/_clear_queue.py
-- Installing: /home/prhayogo/ros2_ws/install/slam_toolbox/lib/python3.12/site-packages/slam_toolbox/srv/_loop_closure_s.c
-- Installing: /home/prhayogo/ros2_ws/install/slam_toolbox/lib/python3.12/site-packages/slam_toolbox/srv/_merge_maps_s.c
-- Installing: /home/prhayogo/ros2_ws/install/slam_toolbox/lib/python3.12/site-packages/slam_toolbox/srv/_add_submap_s.c
-- Installing: /home/prhayogo/ros2_ws/install/slam_toolbox/lib/python3.12/site-packages/slam_toolbox/srv/_save_map_s.c
-- Installing: /home/prhayogo/ros2_ws/install/slam_toolbox/lib/python3.12/site-packages/slam_toolbox/srv/_toggle_interactive_s.c
-- Installing: /home/prhayogo/ros2_ws/install/slam_toolbox/lib/python3.12/site-packages/slam_toolbox/srv/_deserialize_pose_graph_s.c
-- Installing: /home/prhayogo/ros2_ws/install/slam_toolbox/lib/python3.12/site-packages/slam_toolbox/srv/_serialize_pose_graph.py
-- Installing: /home/prhayogo/ros2_ws/install/slam_toolbox/lib/python3.12/site-packages/slam_toolbox/slam_toolbox_s__rosidl_typesupport_fastrtps_c.so
-- Installing: /home/prhayogo/ros2_ws/install/slam_toolbox/lib/python3.12/site-packages/slam_toolbox/slam_toolbox_s__rosidl_typesupport_c.so
-- Installing: /home/prhayogo/ros2_ws/install/slam_toolbox/lib/python3.12/site-packages/slam_toolbox/__init__.py
-- Installing: /home/prhayogo/ros2_ws/install/slam_toolbox/lib/python3.12/site-packages/slam_toolbox/_slam_toolbox_s.ep.rosidl_typesupport_fastrtps_c.c
-- Installing: /home/prhayogo/ros2_ws/install/slam_toolbox/lib/python3.12/site-packages/slam_toolbox/_slam_toolbox_s.ep.rosidl_typesupport_c.c
-- Installing: /home/prhayogo/ros2_ws/install/slam_toolbox/lib/python3.12/site-packages/slam_toolbox/_slam_toolbox_s.ep.rosidl_typesupport_introspection_c.c
-- Installing: /home/prhayogo/ros2_ws/install/slam_toolbox/lib/python3.12/site-packages/slam_toolbox/msg
-- Installing: /home/prhayogo/ros2_ws/install/slam_toolbox/lib/python3.12/site-packages/slam_toolbox/msg/_pose_graph_s.c
-- Installing: /home/prhayogo/ros2_ws/install/slam_toolbox/lib/python3.12/site-packages/slam_toolbox/msg/_loop_closure_event.py
-- Installing: /home/prhayogo/ros2_ws/install/slam_toolbox/lib/python3.12/site-packages/slam_toolbox/msg/_graph_edge_s.c
-- Installing: /home/prhayogo/ros2_ws/install/slam_toolbox/lib/python3.12/site-packages/slam_toolbox/msg/_localized_laser_scan.py
-- Installing: /home/prhayogo/ros2_ws/install/slam_toolbox/lib/python3.12/site-packages/slam_toolbox/msg/_loop_closure_event_s.c
-- Installing: /home/prhayogo/ros2_ws/install/slam_toolbox/lib/python3.12/site-packages/slam_toolbox/msg/__init__.py
-- Installing: /home/prhayogo/ros2_ws/install/slam_toolbox/lib/python3.12/site-packages/slam_toolbox/msg/_pose_graph.py
-- Installing: /home/prhayogo/ros2_ws/install/slam_toolbox/lib/python3.12/site-packages/slam_toolbox/msg/_graph_node_s.c
-- Installing: /home/prhayogo/ros2_ws/install/slam_toolbox/lib/python3.12/site-packages/slam_toolbox/msg/_new_node_event_s.c
-- Installing: /home/prhayogo/ros2_ws/install/slam_toolbox/lib/python3.12/site-packages/slam_toolbox/msg/_new_node_event.py
-- Installing: /home/prhayogo/ros2_ws/install/slam_toolbox/lib/python3.12/site-packages/slam_toolbox/msg/_graph_node.py
-- Installing: /home/prhayogo/ros2_ws/install/slam_toolbox/lib/python3.12/site-packages/slam_toolbox/msg/_localized_laser_scan_s.c
-- Installing: /home/prhayogo/ros2_ws/install/slam_toolbox/lib/python3.12/site-packages/slam_toolbox/msg/_graph_edge.py
Listing '/home/prhayogo/ros2_ws/install/slam_toolbox/lib/python3.12/site-packages/slam_toolbox'...
Compiling '/home/prhayogo/ros2_ws/install/slam_toolbox/lib/python3.12/site-packages/slam_toolbox/__init__.py'...
Listing '/home/prhayogo/ros2_ws/install/slam_toolbox/lib/python3.12/site-packages/slam_toolbox/msg'...
Compiling '/home/prhayogo/ros2_ws/install/slam_toolbox/lib/python3.12/site-packages/slam_toolbox/msg/__init__.py'...
Compiling '/home/prhayogo/ros2_ws/install/slam_toolbox/lib/python3.12/site-packages/slam_toolbox/msg/_graph_edge.py'...
Compiling '/home/prhayogo/ros2_ws/install/slam_toolbox/lib/python3.12/site-packages/slam_toolbox/msg/_graph_node.py'...
Compiling '/home/prhayogo/ros2_ws/install/slam_toolbox/lib/python3.12/site-packages/slam_toolbox/msg/_localized_laser_scan.py'...
Compiling '/home/prhayogo/ros2_ws/install/slam_toolbox/lib/python3.12/site-packages/slam_toolbox/msg/_loop_closure_event.py'...
Compiling '/home/prhayogo/ros2_ws/install/slam_toolbox/lib/python3.12/site-packages/slam_toolbox/msg/_new_node_event.py'...
Compiling '/home/prhayogo/ros2_ws/install/slam_toolbox/lib/python3.12/site-packages/slam_toolbox/msg/_pose_graph.py'...
Listing '/home/prhayogo/ros2_ws/install/slam_toolbox/lib/python3.12/site-packages/slam_toolbox/srv'...
Compiling '/home/prhayogo/ros2_ws/install/slam_toolbox/lib/python3.12/site-packages/slam_toolbox/srv/__init__.py'...
Compiling '/home/prhayogo/ros2_ws/install/slam_toolbox/lib/python3.12/site-packages/slam_toolbox/srv/_add_submap.py'...
Compiling '/home/prhayogo/ros2_ws/install/slam_toolbox/lib/python3.12/site-packages/slam_toolbox/srv/_clear.py'...
Compiling '/home/prhayogo/ros2_ws/install/slam_toolbox/lib/python3.12/site-packages/slam_toolbox/srv/_clear_queue.py'...
Compiling '/home/prhayogo/ros2_ws/install/slam_toolbox/lib/python3.12/site-packages/slam_toolbox/srv/_deserialize_pose_graph.py'...
Compiling '/home/prhayogo/ros2_ws/install/slam_toolbox/lib/python3.12/site-packages/slam_toolbox/srv/_loop_closure.py'...
Compiling '/home/prhayogo/ros2_ws/install/slam_toolbox/lib/python3.12/site-packages/slam_toolbox/srv/_merge_maps.py'...
Compiling '/home/prhayogo/ros2_ws/install/slam_toolbox/lib/python3.12/site-packages/slam_toolbox/srv/_pause.py'...
Compiling '/home/prhayogo/ros2_ws/install/slam_toolbox/lib/python3.12/site-packages/slam_toolbox/srv/_reset.py'...
Compiling '/home/prhayogo/ros2_ws/install/slam_toolbox/lib/python3.12/site-packages/slam_toolbox/srv/_save_map.py'...
Compiling '/home/prhayogo/ros2_ws/install/slam_toolbox/lib/python3.12/site-packages/slam_toolbox/srv/_serialize_pose_graph.py'...
Compiling '/home/prhayogo/ros2_ws/install/slam_toolbox/lib/python3.12/site-packages/slam_toolbox/srv/_toggle_interactive.py'...
-- Installing: /home/prhayogo/ros2_ws/install/slam_toolbox/lib/python3.12/site-packages/slam_toolbox/slam_toolbox_s__rosidl_typesupport_fastrtps_c.so
-- Set non-toolchain portion of runtime path of "/home/prhayogo/ros2_ws/install/slam_toolbox/lib/python3.12/site-packages/slam_toolbox/slam_toolbox_s__rosidl_typesupport_fastrtps_c.so" to ""
-- Installing: /home/prhayogo/ros2_ws/install/slam_toolbox/lib/python3.12/site-packages/slam_toolbox/slam_toolbox_s__rosidl_typesupport_introspection_c.so
-- Set non-toolchain portion of runtime path of "/home/prhayogo/ros2_ws/install/slam_toolbox/lib/python3.12/site-packages/slam_toolbox/slam_toolbox_s__rosidl_typesupport_introspection_c.so" to ""
-- Installing: /home/prhayogo/ros2_ws/install/slam_toolbox/lib/python3.12/site-packages/slam_toolbox/slam_toolbox_s__rosidl_typesupport_c.so
-- Set non-toolchain portion of runtime path of "/home/prhayogo/ros2_ws/install/slam_toolbox/lib/python3.12/site-packages/slam_toolbox/slam_toolbox_s__rosidl_typesupport_c.so" to ""
-- Installing: /home/prhayogo/ros2_ws/install/slam_toolbox/lib/libslam_toolbox__rosidl_generator_py.so
-- Set non-toolchain portion of runtime path of "/home/prhayogo/ros2_ws/install/slam_toolbox/lib/libslam_toolbox__rosidl_generator_py.so" to ""
-- Installing: /home/prhayogo/ros2_ws/install/slam_toolbox/share/ament_index/resource_index/rust_packages/slam_toolbox
-- Installing: /home/prhayogo/ros2_ws/install/slam_toolbox/share/slam_toolbox/rust
-- Installing: /home/prhayogo/ros2_ws/install/slam_toolbox/share/slam_toolbox/rust/build.rs
-- Installing: /home/prhayogo/ros2_ws/install/slam_toolbox/share/slam_toolbox/rust/Cargo.toml
-- Installing: /home/prhayogo/ros2_ws/install/slam_toolbox/share/slam_toolbox/rust/src
-- Installing: /home/prhayogo/ros2_ws/install/slam_toolbox/share/slam_toolbox/rust/src/srv
-- Installing: /home/prhayogo/ros2_ws/install/slam_toolbox/share/slam_toolbox/rust/src/srv/rmw.rs
-- Installing: /home/prhayogo/ros2_ws/install/slam_toolbox/share/slam_toolbox/rust/src/srv.rs
-- Installing: /home/prhayogo/ros2_ws/install/slam_toolbox/share/slam_toolbox/rust/src/msg.rs
-- Installing: /home/prhayogo/ros2_ws/install/slam_toolbox/share/slam_toolbox/rust/src/lib.rs
-- Installing: /home/prhayogo/ros2_ws/install/slam_toolbox/share/slam_toolbox/rust/src/msg
-- Installing: /home/prhayogo/ros2_ws/install/slam_toolbox/share/slam_toolbox/rust/src/msg/rmw.rs
-- Installing: /home/prhayogo/ros2_ws/install/slam_toolbox/share/slam_toolbox/srv/Pause.idl
-- Installing: /home/prhayogo/ros2_ws/install/slam_toolbox/share/slam_toolbox/srv/Reset.idl
-- Installing: /home/prhayogo/ros2_ws/install/slam_toolbox/share/slam_toolbox/srv/ClearQueue.idl
-- Installing: /home/prhayogo/ros2_ws/install/slam_toolbox/share/slam_toolbox/srv/ToggleInteractive.idl
-- Installing: /home/prhayogo/ros2_ws/install/slam_toolbox/share/slam_toolbox/srv/Clear.idl
-- Installing: /home/prhayogo/ros2_ws/install/slam_toolbox/share/slam_toolbox/srv/SaveMap.idl
-- Installing: /home/prhayogo/ros2_ws/install/slam_toolbox/share/slam_toolbox/srv/LoopClosure.idl
-- Installing: /home/prhayogo/ros2_ws/install/slam_toolbox/share/slam_toolbox/srv/MergeMaps.idl
-- Installing: /home/prhayogo/ros2_ws/install/slam_toolbox/share/slam_toolbox/srv/AddSubmap.idl
-- Installing: /home/prhayogo/ros2_ws/install/slam_toolbox/share/slam_toolbox/srv/DeserializePoseGraph.idl
-- Installing: /home/prhayogo/ros2_ws/install/slam_toolbox/share/slam_toolbox/srv/SerializePoseGraph.idl
-- Installing: /home/prhayogo/ros2_ws/install/slam_toolbox/share/slam_toolbox/srv/Pause.srv
-- Installing: /home/prhayogo/ros2_ws/install/slam_toolbox/share/slam_toolbox/srv/Reset.srv
-- Installing: /home/prhayogo/ros2_ws/install/slam_toolbox/share/slam_toolbox/srv/ClearQueue.srv
-- Installing: /home/prhayogo/ros2_ws/install/slam_toolbox/share/slam_toolbox/srv/ToggleInteractive.srv
-- Installing: /home/prhayogo/ros2_ws/install/slam_toolbox/share/slam_toolbox/srv/Clear.srv
-- Installing: /home/prhayogo/ros2_ws/install/slam_toolbox/share/slam_toolbox/srv/SaveMap.srv
-- Installing: /home/prhayogo/ros2_ws/install/slam_toolbox/share/slam_toolbox/srv/LoopClosure.srv
-- Installing: /home/prhayogo/ros2_ws/install/slam_toolbox/share/slam_toolbox/srv/MergeMaps.srv
-- Installing: /home/prhayogo/ros2_ws/install/slam_toolbox/share/slam_toolbox/srv/AddSubmap.srv
-- Installing: /home/prhayogo/ros2_ws/install/slam_toolbox/share/slam_toolbox/srv/DeserializePoseGraph.srv
-- Installing: /home/prhayogo/ros2_ws/install/slam_toolbox/share/slam_toolbox/srv/SerializePoseGraph.srv
-- Installing: /home/prhayogo/ros2_ws/install/slam_toolbox/share/slam_toolbox/rviz_plugins.xml
-- Installing: /home/prhayogo/ros2_ws/install/slam_toolbox/share/slam_toolbox/solver_plugins.xml
-- Installing: /home/prhayogo/ros2_ws/install/slam_toolbox/lib/slam_toolbox/async_slam_toolbox_node
-- Set non-toolchain portion of runtime path of "/home/prhayogo/ros2_ws/install/slam_toolbox/lib/slam_toolbox/async_slam_toolbox_node" to ""
-- Installing: /home/prhayogo/ros2_ws/install/slam_toolbox/lib/slam_toolbox/sync_slam_toolbox_node
-- Set non-toolchain portion of runtime path of "/home/prhayogo/ros2_ws/install/slam_toolbox/lib/slam_toolbox/sync_slam_toolbox_node" to ""
-- Installing: /home/prhayogo/ros2_ws/install/slam_toolbox/lib/slam_toolbox/localization_slam_toolbox_node
-- Set non-toolchain portion of runtime path of "/home/prhayogo/ros2_ws/install/slam_toolbox/lib/slam_toolbox/localization_slam_toolbox_node" to ""
-- Installing: /home/prhayogo/ros2_ws/install/slam_toolbox/lib/slam_toolbox/map_and_localization_slam_toolbox_node
-- Set non-toolchain portion of runtime path of "/home/prhayogo/ros2_ws/install/slam_toolbox/lib/slam_toolbox/map_and_localization_slam_toolbox_node" to ""
-- Installing: /home/prhayogo/ros2_ws/install/slam_toolbox/lib/slam_toolbox/lifelong_slam_toolbox_node
-- Set non-toolchain portion of runtime path of "/home/prhayogo/ros2_ws/install/slam_toolbox/lib/slam_toolbox/lifelong_slam_toolbox_node" to ""
-- Installing: /home/prhayogo/ros2_ws/install/slam_toolbox/lib/slam_toolbox/merge_maps_kinematic
-- Set non-toolchain portion of runtime path of "/home/prhayogo/ros2_ws/install/slam_toolbox/lib/slam_toolbox/merge_maps_kinematic" to ""
-- Installing: /home/prhayogo/ros2_ws/install/slam_toolbox/lib/libtoolbox_common.so
-- Set non-toolchain portion of runtime path of "/home/prhayogo/ros2_ws/install/slam_toolbox/lib/libtoolbox_common.so" to ""
-- Installing: /home/prhayogo/ros2_ws/install/slam_toolbox/lib/libSlamToolboxPlugin.so
-- Set non-toolchain portion of runtime path of "/home/prhayogo/ros2_ws/install/slam_toolbox/lib/libSlamToolboxPlugin.so" to ""
-- Installing: /home/prhayogo/ros2_ws/install/slam_toolbox/lib/libceres_solver_plugin.so
-- Set non-toolchain portion of runtime path of "/home/prhayogo/ros2_ws/install/slam_toolbox/lib/libceres_solver_plugin.so" to ""
-- Installing: /home/prhayogo/ros2_ws/install/slam_toolbox/lib/libasync_slam_toolbox.so
-- Set non-toolchain portion of runtime path of "/home/prhayogo/ros2_ws/install/slam_toolbox/lib/libasync_slam_toolbox.so" to ""
-- Installing: /home/prhayogo/ros2_ws/install/slam_toolbox/lib/libsync_slam_toolbox.so
-- Set non-toolchain portion of runtime path of "/home/prhayogo/ros2_ws/install/slam_toolbox/lib/libsync_slam_toolbox.so" to ""
-- Installing: /home/prhayogo/ros2_ws/install/slam_toolbox/lib/liblocalization_slam_toolbox.so
-- Set non-toolchain portion of runtime path of "/home/prhayogo/ros2_ws/install/slam_toolbox/lib/liblocalization_slam_toolbox.so" to ""
-- Installing: /home/prhayogo/ros2_ws/install/slam_toolbox/lib/liblifelong_slam_toolbox.so
-- Set non-toolchain portion of runtime path of "/home/prhayogo/ros2_ws/install/slam_toolbox/lib/liblifelong_slam_toolbox.so" to ""
-- Installing: /home/prhayogo/ros2_ws/install/slam_toolbox/lib/libmap_and_localization_slam_toolbox.so
-- Set non-toolchain portion of runtime path of "/home/prhayogo/ros2_ws/install/slam_toolbox/lib/libmap_and_localization_slam_toolbox.so" to ""
-- Installing: /home/prhayogo/ros2_ws/install/slam_toolbox/lib/libkartoSlamToolbox.so
-- Set non-toolchain portion of runtime path of "/home/prhayogo/ros2_ws/install/slam_toolbox/lib/libkartoSlamToolbox.so" to ""
-- Up-to-date: /home/prhayogo/ros2_ws/install/slam_toolbox/lib/libSlamToolboxPlugin.so
-- Up-to-date: /home/prhayogo/ros2_ws/install/slam_toolbox/include
-- Up-to-date: /home/prhayogo/ros2_ws/install/slam_toolbox/include/slam_toolbox
-- Installing: /home/prhayogo/ros2_ws/install/slam_toolbox/include/slam_toolbox/slam_toolbox_localization.hpp
-- Installing: /home/prhayogo/ros2_ws/install/slam_toolbox/include/slam_toolbox/serialization.hpp
-- Installing: /home/prhayogo/ros2_ws/install/slam_toolbox/include/slam_toolbox/slam_toolbox_common.hpp
-- Installing: /home/prhayogo/ros2_ws/install/slam_toolbox/include/slam_toolbox/snap_utils.hpp
-- Installing: /home/prhayogo/ros2_ws/install/slam_toolbox/include/slam_toolbox/experimental
-- Installing: /home/prhayogo/ros2_ws/install/slam_toolbox/include/slam_toolbox/experimental/slam_toolbox_map_and_localization.hpp
-- Installing: /home/prhayogo/ros2_ws/install/slam_toolbox/include/slam_toolbox/experimental/slam_toolbox_lifelong.hpp
-- Installing: /home/prhayogo/ros2_ws/install/slam_toolbox/include/slam_toolbox/visualization_utils.hpp
-- Installing: /home/prhayogo/ros2_ws/install/slam_toolbox/include/slam_toolbox/merge_maps_kinematic.hpp
-- Installing: /home/prhayogo/ros2_ws/install/slam_toolbox/include/slam_toolbox/laser_utils.hpp
-- Installing: /home/prhayogo/ros2_ws/install/slam_toolbox/include/slam_toolbox/toolbox_msgs.hpp
-- Installing: /home/prhayogo/ros2_ws/install/slam_toolbox/include/slam_toolbox/slam_mapper.hpp
-- Installing: /home/prhayogo/ros2_ws/install/slam_toolbox/include/slam_toolbox/toolbox_types.hpp
-- Installing: /home/prhayogo/ros2_ws/install/slam_toolbox/include/slam_toolbox/slam_toolbox_sync.hpp
-- Installing: /home/prhayogo/ros2_ws/install/slam_toolbox/include/slam_toolbox/loop_closure_assistant.hpp
-- Installing: /home/prhayogo/ros2_ws/install/slam_toolbox/include/slam_toolbox/slam_toolbox_async.hpp
-- Installing: /home/prhayogo/ros2_ws/install/slam_toolbox/include/slam_toolbox/map_saver.hpp
-- Installing: /home/prhayogo/ros2_ws/install/slam_toolbox/include/slam_toolbox/get_pose_helper.hpp
-- Installing: /home/prhayogo/ros2_ws/install/slam_toolbox/share/slam_toolbox/launch
-- Installing: /home/prhayogo/ros2_ws/install/slam_toolbox/share/slam_toolbox/launch/online_async_launch.py
-- Installing: /home/prhayogo/ros2_ws/install/slam_toolbox/share/slam_toolbox/launch/online_sync_launch.py
-- Installing: /home/prhayogo/ros2_ws/install/slam_toolbox/share/slam_toolbox/launch/offline_launch.py
-- Installing: /home/prhayogo/ros2_ws/install/slam_toolbox/share/slam_toolbox/launch/localization_launch.py
-- Installing: /home/prhayogo/ros2_ws/install/slam_toolbox/share/slam_toolbox/launch/merge_maps_kinematic_launch.py
-- Installing: /home/prhayogo/ros2_ws/install/slam_toolbox/share/slam_toolbox/config
-- Installing: /home/prhayogo/ros2_ws/install/slam_toolbox/share/slam_toolbox/config/mapper_params_localization.yaml
-- Installing: /home/prhayogo/ros2_ws/install/slam_toolbox/share/slam_toolbox/config/mapper_params_online_async.yaml
-- Installing: /home/prhayogo/ros2_ws/install/slam_toolbox/share/slam_toolbox/config/mapper_params_online_sync.yaml
-- Installing: /home/prhayogo/ros2_ws/install/slam_toolbox/share/slam_toolbox/config/slam_toolbox_default.rviz
-- Installing: /home/prhayogo/ros2_ws/install/slam_toolbox/share/slam_toolbox/config/mapper_params_offline.yaml
-- Installing: /home/prhayogo/ros2_ws/install/slam_toolbox/share/slam_toolbox/config/mapper_params_lifelong.yaml
-- Installing: /home/prhayogo/ros2_ws/install/slam_toolbox/share/solver_plugins.xml
-- Installing: /home/prhayogo/ros2_ws/install/slam_toolbox/share/rviz_plugins.xml
-- Installing: /home/prhayogo/ros2_ws/install/slam_toolbox/share/ament_index/resource_index/package_run_dependencies/slam_toolbox
-- Installing: /home/prhayogo/ros2_ws/install/slam_toolbox/share/ament_index/resource_index/parent_prefix_path/slam_toolbox
-- Installing: /home/prhayogo/ros2_ws/install/slam_toolbox/share/slam_toolbox/environment/ament_prefix_path.sh
-- Installing: /home/prhayogo/ros2_ws/install/slam_toolbox/share/slam_toolbox/environment/ament_prefix_path.dsv
-- Installing: /home/prhayogo/ros2_ws/install/slam_toolbox/share/slam_toolbox/environment/path.sh
-- Installing: /home/prhayogo/ros2_ws/install/slam_toolbox/share/slam_toolbox/environment/path.dsv
-- Installing: /home/prhayogo/ros2_ws/install/slam_toolbox/share/slam_toolbox/local_setup.bash
-- Installing: /home/prhayogo/ros2_ws/install/slam_toolbox/share/slam_toolbox/local_setup.sh
-- Installing: /home/prhayogo/ros2_ws/install/slam_toolbox/share/slam_toolbox/local_setup.zsh
-- Installing: /home/prhayogo/ros2_ws/install/slam_toolbox/share/slam_toolbox/local_setup.dsv
-- Installing: /home/prhayogo/ros2_ws/install/slam_toolbox/share/slam_toolbox/package.dsv
-- Installing: /home/prhayogo/ros2_ws/install/slam_toolbox/share/ament_index/resource_index/packages/slam_toolbox
-- Installing: /home/prhayogo/ros2_ws/install/slam_toolbox/share/ament_index/resource_index/rclcpp_components/slam_toolbox
-- Installing: /home/prhayogo/ros2_ws/install/slam_toolbox/share/ament_index/resource_index/rviz_common__pluginlib__plugin/slam_toolbox
-- Installing: /home/prhayogo/ros2_ws/install/slam_toolbox/share/ament_index/resource_index/slam_toolbox__pluginlib__plugin/slam_toolbox
-- Installing: /home/prhayogo/ros2_ws/install/slam_toolbox/share/slam_toolbox/cmake/export_slam_toolbox__rosidl_generator_cExport.cmake
-- Installing: /home/prhayogo/ros2_ws/install/slam_toolbox/share/slam_toolbox/cmake/export_slam_toolbox__rosidl_generator_cExport-release.cmake
-- Installing: /home/prhayogo/ros2_ws/install/slam_toolbox/share/slam_toolbox/cmake/export_slam_toolbox__rosidl_typesupport_fastrtps_cExport.cmake
-- Installing: /home/prhayogo/ros2_ws/install/slam_toolbox/share/slam_toolbox/cmake/export_slam_toolbox__rosidl_typesupport_fastrtps_cExport-release.cmake
-- Installing: /home/prhayogo/ros2_ws/install/slam_toolbox/share/slam_toolbox/cmake/export_slam_toolbox__rosidl_generator_cppExport.cmake
-- Installing: /home/prhayogo/ros2_ws/install/slam_toolbox/share/slam_toolbox/cmake/export_slam_toolbox__rosidl_typesupport_fastrtps_cppExport.cmake
-- Installing: /home/prhayogo/ros2_ws/install/slam_toolbox/share/slam_toolbox/cmake/export_slam_toolbox__rosidl_typesupport_fastrtps_cppExport-release.cmake
-- Installing: /home/prhayogo/ros2_ws/install/slam_toolbox/share/slam_toolbox/cmake/slam_toolbox__rosidl_typesupport_introspection_cExport.cmake
-- Installing: /home/prhayogo/ros2_ws/install/slam_toolbox/share/slam_toolbox/cmake/slam_toolbox__rosidl_typesupport_introspection_cExport-release.cmake
-- Installing: /home/prhayogo/ros2_ws/install/slam_toolbox/share/slam_toolbox/cmake/slam_toolbox__rosidl_typesupport_cExport.cmake
-- Installing: /home/prhayogo/ros2_ws/install/slam_toolbox/share/slam_toolbox/cmake/slam_toolbox__rosidl_typesupport_cExport-release.cmake
-- Installing: /home/prhayogo/ros2_ws/install/slam_toolbox/share/slam_toolbox/cmake/slam_toolbox__rosidl_typesupport_introspection_cppExport.cmake
-- Installing: /home/prhayogo/ros2_ws/install/slam_toolbox/share/slam_toolbox/cmake/slam_toolbox__rosidl_typesupport_introspection_cppExport-release.cmake
-- Installing: /home/prhayogo/ros2_ws/install/slam_toolbox/share/slam_toolbox/cmake/slam_toolbox__rosidl_typesupport_cppExport.cmake
-- Installing: /home/prhayogo/ros2_ws/install/slam_toolbox/share/slam_toolbox/cmake/slam_toolbox__rosidl_typesupport_cppExport-release.cmake
-- Installing: /home/prhayogo/ros2_ws/install/slam_toolbox/share/slam_toolbox/cmake/export_slam_toolbox__rosidl_generator_pyExport.cmake
-- Installing: /home/prhayogo/ros2_ws/install/slam_toolbox/share/slam_toolbox/cmake/export_slam_toolbox__rosidl_generator_pyExport-release.cmake
-- Installing: /home/prhayogo/ros2_ws/install/slam_toolbox/share/slam_toolbox/cmake/SlamToolboxPluginExport.cmake
-- Installing: /home/prhayogo/ros2_ws/install/slam_toolbox/share/slam_toolbox/cmake/SlamToolboxPluginExport-release.cmake
-- Installing: /home/prhayogo/ros2_ws/install/slam_toolbox/share/slam_toolbox/cmake/rosidl_cmake-extras.cmake
-- Installing: /home/prhayogo/ros2_ws/install/slam_toolbox/share/slam_toolbox/cmake/ament_cmake_export_dependencies-extras.cmake
-- Installing: /home/prhayogo/ros2_ws/install/slam_toolbox/share/slam_toolbox/cmake/ament_cmake_export_include_directories-extras.cmake
-- Installing: /home/prhayogo/ros2_ws/install/slam_toolbox/share/slam_toolbox/cmake/ament_cmake_export_libraries-extras.cmake
-- Installing: /home/prhayogo/ros2_ws/install/slam_toolbox/share/slam_toolbox/cmake/ament_cmake_export_targets-extras.cmake
-- Installing: /home/prhayogo/ros2_ws/install/slam_toolbox/share/slam_toolbox/cmake/rosidl_cmake_export_typesupport_targets-extras.cmake
-- Installing: /home/prhayogo/ros2_ws/install/slam_toolbox/share/slam_toolbox/cmake/rosidl_cmake_export_typesupport_libraries-extras.cmake
-- Installing: /home/prhayogo/ros2_ws/install/slam_toolbox/share/slam_toolbox/cmake/slam_toolboxConfig.cmake
-- Installing: /home/prhayogo/ros2_ws/install/slam_toolbox/share/slam_toolbox/cmake/slam_toolboxConfig-version.cmake
-- Installing: /home/prhayogo/ros2_ws/install/slam_toolbox/share/slam_toolbox/package.xml
-- Up-to-date: /home/prhayogo/ros2_ws/install/slam_toolbox/include/
-- Installing: /home/prhayogo/ros2_ws/install/slam_toolbox/include//karto_sdk
-- Installing: /home/prhayogo/ros2_ws/install/slam_toolbox/include//karto_sdk/nanoflann_adaptors.h
-- Installing: /home/prhayogo/ros2_ws/install/slam_toolbox/include//karto_sdk/nanoflann.hpp
-- Installing: /home/prhayogo/ros2_ws/install/slam_toolbox/include//karto_sdk/Karto.h
-- Installing: /home/prhayogo/ros2_ws/install/slam_toolbox/include//karto_sdk/Math.h
-- Installing: /home/prhayogo/ros2_ws/install/slam_toolbox/include//karto_sdk/Mapper.h
-- Installing: /home/prhayogo/ros2_ws/install/slam_toolbox/include//karto_sdk/Types.h
-- Installing: /home/prhayogo/ros2_ws/install/slam_toolbox/include//karto_sdk/Macros.h
