[0.022s] Invoking command in '/home/prhayogo/ros2_ws/build/slam_toolbox': CMAKE_PREFIX_PATH=${CMAKE_PREFIX_PATH}:/opt/ros/jazzy DEBUGINFOD_URLS=https://debuginfod.ubuntu.com /usr/bin/cmake --build /home/prhayogo/ros2_ws/build/slam_toolbox -- -j16 -l16
[0.253s] [  0%] Built target slam_toolbox__rosidl_generator_type_description
[0.253s] [  0%] Built target slam_toolbox__rs
[0.305s] [  0%] Built target ament_cmake_python_copy_slam_toolbox
[0.307s] [  1%] Built target slam_toolbox__cpp
[0.317s] [ 22%] Built target slam_toolbox__rosidl_generator_c
[0.337s] [ 24%] Built target kartoSlamToolbox
[0.368s] [ 39%] Built target slam_toolbox__rosidl_typesupport_introspection_c
[0.368s] [ 39%] Built target slam_toolbox__rosidl_typesupport_c
[0.371s] [ 52%] Built target slam_toolbox__rosidl_typesupport_cpp
[0.372s] [ 54%] Built target slam_toolbox__rosidl_typesupport_introspection_cpp
[0.375s] [ 62%] Built target slam_toolbox__rosidl_typesupport_fastrtps_cpp
[0.375s] [ 70%] Built target slam_toolbox__rosidl_typesupport_fastrtps_c
[0.411s] [ 71%] [32mBuilding CXX object CMakeFiles/toolbox_common.dir/src/slam_toolbox_common.cpp.o[0m
[0.412s] [ 71%] [32mBuilding CXX object CMakeFiles/toolbox_common.dir/src/map_saver.cpp.o[0m
[0.414s] [ 72%] [32mBuilding CXX object CMakeFiles/toolbox_common.dir/src/loop_closure_assistant.cpp.o[0m
[0.415s] [ 72%] [32mBuilding CXX object CMakeFiles/toolbox_common.dir/src/laser_utils.cpp.o[0m
[0.416s] [ 73%] [32mBuilding CXX object CMakeFiles/toolbox_common.dir/src/slam_mapper.cpp.o[0m
[0.418s] [ 73%] Built target slam_toolbox
[0.421s] [ 74%] [32mBuilding CXX object CMakeFiles/ceres_solver_plugin.dir/solvers/ceres_solver.cpp.o[0m
[0.438s] [ 75%] [32mBuilding CXX object CMakeFiles/SlamToolboxPlugin.dir/rviz_plugin/slam_toolbox_rviz_plugin.cpp.o[0m
[0.464s] [ 75%] Built target slam_toolbox__py
[0.524s] [ 82%] Built target slam_toolbox__rosidl_generator_py
[0.566s] [ 83%] Built target slam_toolbox_s__rosidl_typesupport_c
[0.567s] [ 85%] Built target slam_toolbox_s__rosidl_typesupport_fastrtps_c
[0.587s] [ 86%] Built target slam_toolbox_s__rosidl_typesupport_introspection_c
[0.841s] running egg_info
[0.886s] writing slam_toolbox.egg-info/PKG-INFO
[0.887s] writing dependency_links to slam_toolbox.egg-info/dependency_links.txt
[0.887s] writing top-level names to slam_toolbox.egg-info/top_level.txt
[1.012s] reading manifest file 'slam_toolbox.egg-info/SOURCES.txt'
[1.014s] writing manifest file 'slam_toolbox.egg-info/SOURCES.txt'
[1.059s] [ 86%] Built target ament_cmake_python_build_slam_toolbox_egg
[20.762s] [ 86%] [32m[1mLinking CXX shared library libceres_solver_plugin.so[0m
[21.321s] [ 86%] Built target ceres_solver_plugin
[25.081s] [ 87%] [32m[1mLinking CXX shared library libSlamToolboxPlugin.so[0m
[26.553s] [ 87%] Built target SlamToolboxPlugin
[38.967s] [ 88%] [32m[1mLinking CXX shared library libtoolbox_common.so[0m
[39.433s] [ 88%] Built target toolbox_common
[39.462s] [ 91%] [32mBuilding CXX object CMakeFiles/merge_maps_kinematic.dir/src/merge_maps_kinematic.cpp.o[0m
[39.463s] [ 91%] [32mBuilding CXX object CMakeFiles/async_slam_toolbox.dir/src/slam_toolbox_async.cpp.o[0m
[39.463s] [ 91%] [32mBuilding CXX object CMakeFiles/lifelong_slam_toolbox.dir/src/experimental/slam_toolbox_lifelong.cpp.o[0m
[39.463s] [ 91%] [32mBuilding CXX object CMakeFiles/sync_slam_toolbox.dir/src/slam_toolbox_sync.cpp.o[0m
[39.463s] [ 91%] [32mBuilding CXX object CMakeFiles/localization_slam_toolbox.dir/src/slam_toolbox_localization.cpp.o[0m
[52.699s] [ 92%] [32m[1mLinking CXX shared library libasync_slam_toolbox.so[0m
[53.132s] [ 92%] [32m[1mLinking CXX shared library liblifelong_slam_toolbox.so[0m
[53.289s] [ 92%] Built target async_slam_toolbox
[53.322s] [ 93%] [32mBuilding CXX object CMakeFiles/async_slam_toolbox_node.dir/src/slam_toolbox_async_node.cpp.o[0m
[53.704s] [ 93%] Built target lifelong_slam_toolbox
[53.734s] [ 94%] [32mBuilding CXX object CMakeFiles/lifelong_slam_toolbox_node.dir/src/experimental/slam_toolbox_lifelong_node.cpp.o[0m
[54.022s] [ 95%] [32m[1mLinking CXX shared library libsync_slam_toolbox.so[0m
[54.561s] [ 95%] Built target sync_slam_toolbox
[54.593s] [ 95%] [32mBuilding CXX object CMakeFiles/sync_slam_toolbox_node.dir/src/slam_toolbox_sync_node.cpp.o[0m
[57.553s] [ 95%] [32m[1mLinking CXX executable merge_maps_kinematic[0m
[58.223s] [ 95%] Built target merge_maps_kinematic
[59.207s] [ 96%] [32m[1mLinking CXX shared library liblocalization_slam_toolbox.so[0m
[59.739s] [ 96%] Built target localization_slam_toolbox
[59.768s] [ 96%] [32mBuilding CXX object CMakeFiles/map_and_localization_slam_toolbox.dir/src/experimental/slam_toolbox_map_and_localization.cpp.o[0m
[59.769s] [ 96%] [32mBuilding CXX object CMakeFiles/localization_slam_toolbox_node.dir/src/slam_toolbox_localization_node.cpp.o[0m
[66.327s] [ 96%] [32m[1mLinking CXX executable async_slam_toolbox_node[0m
[66.786s] [ 96%] [32m[1mLinking CXX executable lifelong_slam_toolbox_node[0m
[66.847s] [ 96%] Built target async_slam_toolbox_node
[67.254s] [ 96%] Built target lifelong_slam_toolbox_node
[67.690s] [ 97%] [32m[1mLinking CXX executable sync_slam_toolbox_node[0m
[68.040s] [ 97%] Built target sync_slam_toolbox_node
[71.956s] [ 98%] [32m[1mLinking CXX executable localization_slam_toolbox_node[0m
[72.298s] [ 98%] Built target localization_slam_toolbox_node
[77.706s] [ 99%] [32m[1mLinking CXX shared library libmap_and_localization_slam_toolbox.so[0m
[78.077s] [ 99%] Built target map_and_localization_slam_toolbox
[78.103s] [ 99%] [32mBuilding CXX object CMakeFiles/map_and_localization_slam_toolbox_node.dir/src/experimental/slam_toolbox_map_and_localization_node.cpp.o[0m
[88.154s] [100%] [32m[1mLinking CXX executable map_and_localization_slam_toolbox_node[0m
[88.464s] [100%] Built target map_and_localization_slam_toolbox_node
[88.532s] Invoked command in '/home/prhayogo/ros2_ws/build/slam_toolbox' returned '0': CMAKE_PREFIX_PATH=${CMAKE_PREFIX_PATH}:/opt/ros/jazzy DEBUGINFOD_URLS=https://debuginfod.ubuntu.com /usr/bin/cmake --build /home/prhayogo/ros2_ws/build/slam_toolbox -- -j16 -l16
[88.568s] Invoking command in '/home/prhayogo/ros2_ws/build/slam_toolbox': CMAKE_PREFIX_PATH=${CMAKE_PREFIX_PATH}:/opt/ros/jazzy DEBUGINFOD_URLS=https://debuginfod.ubuntu.com /usr/bin/cmake --install /home/prhayogo/ros2_ws/build/slam_toolbox
[88.576s] -- Install configuration: "Release"
[88.578s] -- Installing: /home/prhayogo/ros2_ws/install/slam_toolbox/share/ament_index/resource_index/rosidl_interfaces/slam_toolbox
[88.578s] -- Installing: /home/prhayogo/ros2_ws/install/slam_toolbox/share/slam_toolbox/srv/Pause.json
[88.578s] -- Installing: /home/prhayogo/ros2_ws/install/slam_toolbox/share/slam_toolbox/srv/Reset.json
[88.578s] -- Installing: /home/prhayogo/ros2_ws/install/slam_toolbox/share/slam_toolbox/srv/ClearQueue.json
[88.579s] -- Installing: /home/prhayogo/ros2_ws/install/slam_toolbox/share/slam_toolbox/srv/ToggleInteractive.json
[88.579s] -- Installing: /home/prhayogo/ros2_ws/install/slam_toolbox/share/slam_toolbox/srv/Clear.json
[88.579s] -- Installing: /home/prhayogo/ros2_ws/install/slam_toolbox/share/slam_toolbox/srv/SaveMap.json
[88.579s] -- Installing: /home/prhayogo/ros2_ws/install/slam_toolbox/share/slam_toolbox/srv/LoopClosure.json
[88.580s] -- Installing: /home/prhayogo/ros2_ws/install/slam_toolbox/share/slam_toolbox/srv/MergeMaps.json
[88.580s] -- Installing: /home/prhayogo/ros2_ws/install/slam_toolbox/share/slam_toolbox/srv/AddSubmap.json
[88.580s] -- Installing: /home/prhayogo/ros2_ws/install/slam_toolbox/share/slam_toolbox/srv/DeserializePoseGraph.json
[88.580s] -- Installing: /home/prhayogo/ros2_ws/install/slam_toolbox/share/slam_toolbox/srv/SerializePoseGraph.json
[88.580s] -- Installing: /home/prhayogo/ros2_ws/install/slam_toolbox/include/slam_toolbox/slam_toolbox
[88.581s] -- Installing: /home/prhayogo/ros2_ws/install/slam_toolbox/include/slam_toolbox/slam_toolbox/srv
[88.581s] -- Installing: /home/prhayogo/ros2_ws/install/slam_toolbox/include/slam_toolbox/slam_toolbox/srv/loop_closure.h
[88.581s] -- Installing: /home/prhayogo/ros2_ws/install/slam_toolbox/include/slam_toolbox/slam_toolbox/srv/clear.h
[88.581s] -- Installing: /home/prhayogo/ros2_ws/install/slam_toolbox/include/slam_toolbox/slam_toolbox/srv/serialize_pose_graph.h
[88.581s] -- Installing: /home/prhayogo/ros2_ws/install/slam_toolbox/include/slam_toolbox/slam_toolbox/srv/detail
[88.581s] -- Installing: /home/prhayogo/ros2_ws/install/slam_toolbox/include/slam_toolbox/slam_toolbox/srv/detail/add_submap__functions.h
[88.582s] -- Installing: /home/prhayogo/ros2_ws/install/slam_toolbox/include/slam_toolbox/slam_toolbox/srv/detail/toggle_interactive__functions.h
[88.582s] -- Installing: /home/prhayogo/ros2_ws/install/slam_toolbox/include/slam_toolbox/slam_toolbox/srv/detail/toggle_interactive__description.c
[88.582s] -- Installing: /home/prhayogo/ros2_ws/install/slam_toolbox/include/slam_toolbox/slam_toolbox/srv/detail/merge_maps__type_support.h
[88.583s] -- Installing: /home/prhayogo/ros2_ws/install/slam_toolbox/include/slam_toolbox/slam_toolbox/srv/detail/save_map__type_support.h
[88.583s] -- Installing: /home/prhayogo/ros2_ws/install/slam_toolbox/include/slam_toolbox/slam_toolbox/srv/detail/reset__functions.c
[88.583s] -- Installing: /home/prhayogo/ros2_ws/install/slam_toolbox/include/slam_toolbox/slam_toolbox/srv/detail/toggle_interactive__functions.c
[88.583s] -- Installing: /home/prhayogo/ros2_ws/install/slam_toolbox/include/slam_toolbox/slam_toolbox/srv/detail/loop_closure__description.c
[88.584s] -- Installing: /home/prhayogo/ros2_ws/install/slam_toolbox/include/slam_toolbox/slam_toolbox/srv/detail/reset__struct.h
[88.584s] -- Installing: /home/prhayogo/ros2_ws/install/slam_toolbox/include/slam_toolbox/slam_toolbox/srv/detail/add_submap__type_support.h
[88.584s] -- Installing: /home/prhayogo/ros2_ws/install/slam_toolbox/include/slam_toolbox/slam_toolbox/srv/detail/serialize_pose_graph__type_support.h
[88.584s] -- Installing: /home/prhayogo/ros2_ws/install/slam_toolbox/include/slam_toolbox/slam_toolbox/srv/detail/clear__type_support.c
[88.585s] -- Installing: /home/prhayogo/ros2_ws/install/slam_toolbox/include/slam_toolbox/slam_toolbox/srv/detail/pause__type_support.h
[88.585s] -- Installing: /home/prhayogo/ros2_ws/install/slam_toolbox/include/slam_toolbox/slam_toolbox/srv/detail/clear__functions.h
[88.585s] -- Installing: /home/prhayogo/ros2_ws/install/slam_toolbox/include/slam_toolbox/slam_toolbox/srv/detail/clear_queue__functions.c
[88.585s] -- Installing: /home/prhayogo/ros2_ws/install/slam_toolbox/include/slam_toolbox/slam_toolbox/srv/detail/loop_closure__type_support.c
[88.586s] -- Installing: /home/prhayogo/ros2_ws/install/slam_toolbox/include/slam_toolbox/slam_toolbox/srv/detail/loop_closure__type_support.h
[88.586s] -- Installing: /home/prhayogo/ros2_ws/install/slam_toolbox/include/slam_toolbox/slam_toolbox/srv/detail/save_map__functions.c
[88.586s] -- Installing: /home/prhayogo/ros2_ws/install/slam_toolbox/include/slam_toolbox/slam_toolbox/srv/detail/reset__type_support.h
[88.586s] -- Installing: /home/prhayogo/ros2_ws/install/slam_toolbox/include/slam_toolbox/slam_toolbox/srv/detail/toggle_interactive__type_support.h
[88.586s] -- Installing: /home/prhayogo/ros2_ws/install/slam_toolbox/include/slam_toolbox/slam_toolbox/srv/detail/reset__type_support.c
[88.586s] -- Installing: /home/prhayogo/ros2_ws/install/slam_toolbox/include/slam_toolbox/slam_toolbox/srv/detail/loop_closure__functions.h
[88.587s] -- Installing: /home/prhayogo/ros2_ws/install/slam_toolbox/include/slam_toolbox/slam_toolbox/srv/detail/deserialize_pose_graph__description.c
[88.587s] -- Installing: /home/prhayogo/ros2_ws/install/slam_toolbox/include/slam_toolbox/slam_toolbox/srv/detail/pause__functions.h
[88.588s] -- Installing: /home/prhayogo/ros2_ws/install/slam_toolbox/include/slam_toolbox/slam_toolbox/srv/detail/deserialize_pose_graph__type_support.c
[88.588s] -- Installing: /home/prhayogo/ros2_ws/install/slam_toolbox/include/slam_toolbox/slam_toolbox/srv/detail/clear__functions.c
[88.588s] -- Installing: /home/prhayogo/ros2_ws/install/slam_toolbox/include/slam_toolbox/slam_toolbox/srv/detail/pause__description.c
[88.588s] -- Installing: /home/prhayogo/ros2_ws/install/slam_toolbox/include/slam_toolbox/slam_toolbox/srv/detail/deserialize_pose_graph__functions.c
[88.589s] -- Installing: /home/prhayogo/ros2_ws/install/slam_toolbox/include/slam_toolbox/slam_toolbox/srv/detail/clear_queue__functions.h
[88.589s] -- Installing: /home/prhayogo/ros2_ws/install/slam_toolbox/include/slam_toolbox/slam_toolbox/srv/detail/add_submap__type_support.c
[88.589s] -- Installing: /home/prhayogo/ros2_ws/install/slam_toolbox/include/slam_toolbox/slam_toolbox/srv/detail/deserialize_pose_graph__type_support.h
[88.589s] -- Installing: /home/prhayogo/ros2_ws/install/slam_toolbox/include/slam_toolbox/slam_toolbox/srv/detail/add_submap__description.c
[88.590s] -- Installing: /home/prhayogo/ros2_ws/install/slam_toolbox/include/slam_toolbox/slam_toolbox/srv/detail/deserialize_pose_graph__functions.h
[88.590s] -- Installing: /home/prhayogo/ros2_ws/install/slam_toolbox/include/slam_toolbox/slam_toolbox/srv/detail/pause__functions.c
[88.590s] -- Installing: /home/prhayogo/ros2_ws/install/slam_toolbox/include/slam_toolbox/slam_toolbox/srv/detail/add_submap__functions.c
[88.591s] -- Installing: /home/prhayogo/ros2_ws/install/slam_toolbox/include/slam_toolbox/slam_toolbox/srv/detail/add_submap__struct.h
[88.591s] -- Installing: /home/prhayogo/ros2_ws/install/slam_toolbox/include/slam_toolbox/slam_toolbox/srv/detail/clear__type_support.h
[88.591s] -- Installing: /home/prhayogo/ros2_ws/install/slam_toolbox/include/slam_toolbox/slam_toolbox/srv/detail/save_map__functions.h
[88.591s] -- Installing: /home/prhayogo/ros2_ws/install/slam_toolbox/include/slam_toolbox/slam_toolbox/srv/detail/serialize_pose_graph__functions.h
[88.591s] -- Installing: /home/prhayogo/ros2_ws/install/slam_toolbox/include/slam_toolbox/slam_toolbox/srv/detail/serialize_pose_graph__struct.h
[88.592s] -- Installing: /home/prhayogo/ros2_ws/install/slam_toolbox/include/slam_toolbox/slam_toolbox/srv/detail/clear__description.c
[88.592s] -- Installing: /home/prhayogo/ros2_ws/install/slam_toolbox/include/slam_toolbox/slam_toolbox/srv/detail/clear_queue__description.c
[88.592s] -- Installing: /home/prhayogo/ros2_ws/install/slam_toolbox/include/slam_toolbox/slam_toolbox/srv/detail/save_map__description.c
[88.592s] -- Installing: /home/prhayogo/ros2_ws/install/slam_toolbox/include/slam_toolbox/slam_toolbox/srv/detail/merge_maps__type_support.c
[88.593s] -- Installing: /home/prhayogo/ros2_ws/install/slam_toolbox/include/slam_toolbox/slam_toolbox/srv/detail/pause__struct.h
[88.593s] -- Installing: /home/prhayogo/ros2_ws/install/slam_toolbox/include/slam_toolbox/slam_toolbox/srv/detail/clear__struct.h
[88.593s] -- Installing: /home/prhayogo/ros2_ws/install/slam_toolbox/include/slam_toolbox/slam_toolbox/srv/detail/serialize_pose_graph__functions.c
[88.593s] -- Installing: /home/prhayogo/ros2_ws/install/slam_toolbox/include/slam_toolbox/slam_toolbox/srv/detail/loop_closure__struct.h
[88.593s] -- Installing: /home/prhayogo/ros2_ws/install/slam_toolbox/include/slam_toolbox/slam_toolbox/srv/detail/toggle_interactive__struct.h
[88.594s] -- Installing: /home/prhayogo/ros2_ws/install/slam_toolbox/include/slam_toolbox/slam_toolbox/srv/detail/merge_maps__functions.h
[88.594s] -- Installing: /home/prhayogo/ros2_ws/install/slam_toolbox/include/slam_toolbox/slam_toolbox/srv/detail/clear_queue__type_support.h
[88.594s] -- Installing: /home/prhayogo/ros2_ws/install/slam_toolbox/include/slam_toolbox/slam_toolbox/srv/detail/toggle_interactive__type_support.c
[88.594s] -- Installing: /home/prhayogo/ros2_ws/install/slam_toolbox/include/slam_toolbox/slam_toolbox/srv/detail/save_map__struct.h
[88.594s] -- Installing: /home/prhayogo/ros2_ws/install/slam_toolbox/include/slam_toolbox/slam_toolbox/srv/detail/pause__type_support.c
[88.594s] -- Installing: /home/prhayogo/ros2_ws/install/slam_toolbox/include/slam_toolbox/slam_toolbox/srv/detail/merge_maps__functions.c
[88.595s] -- Installing: /home/prhayogo/ros2_ws/install/slam_toolbox/include/slam_toolbox/slam_toolbox/srv/detail/serialize_pose_graph__description.c
[88.595s] -- Installing: /home/prhayogo/ros2_ws/install/slam_toolbox/include/slam_toolbox/slam_toolbox/srv/detail/loop_closure__functions.c
[88.595s] -- Installing: /home/prhayogo/ros2_ws/install/slam_toolbox/include/slam_toolbox/slam_toolbox/srv/detail/merge_maps__description.c
[88.596s] -- Installing: /home/prhayogo/ros2_ws/install/slam_toolbox/include/slam_toolbox/slam_toolbox/srv/detail/clear_queue__struct.h
[88.596s] -- Installing: /home/prhayogo/ros2_ws/install/slam_toolbox/include/slam_toolbox/slam_toolbox/srv/detail/reset__description.c
[88.596s] -- Installing: /home/prhayogo/ros2_ws/install/slam_toolbox/include/slam_toolbox/slam_toolbox/srv/detail/serialize_pose_graph__type_support.c
[88.596s] -- Installing: /home/prhayogo/ros2_ws/install/slam_toolbox/include/slam_toolbox/slam_toolbox/srv/detail/save_map__type_support.c
[88.596s] -- Installing: /home/prhayogo/ros2_ws/install/slam_toolbox/include/slam_toolbox/slam_toolbox/srv/detail/clear_queue__type_support.c
[88.596s] -- Installing: /home/prhayogo/ros2_ws/install/slam_toolbox/include/slam_toolbox/slam_toolbox/srv/detail/deserialize_pose_graph__struct.h
[88.597s] -- Installing: /home/prhayogo/ros2_ws/install/slam_toolbox/include/slam_toolbox/slam_toolbox/srv/detail/reset__functions.h
[88.597s] -- Installing: /home/prhayogo/ros2_ws/install/slam_toolbox/include/slam_toolbox/slam_toolbox/srv/detail/merge_maps__struct.h
[88.597s] -- Installing: /home/prhayogo/ros2_ws/install/slam_toolbox/include/slam_toolbox/slam_toolbox/srv/deserialize_pose_graph.h
[88.597s] -- Installing: /home/prhayogo/ros2_ws/install/slam_toolbox/include/slam_toolbox/slam_toolbox/srv/save_map.h
[88.597s] -- Installing: /home/prhayogo/ros2_ws/install/slam_toolbox/include/slam_toolbox/slam_toolbox/srv/reset.h
[88.598s] -- Installing: /home/prhayogo/ros2_ws/install/slam_toolbox/include/slam_toolbox/slam_toolbox/srv/add_submap.h
[88.598s] -- Installing: /home/prhayogo/ros2_ws/install/slam_toolbox/include/slam_toolbox/slam_toolbox/srv/merge_maps.h
[88.598s] -- Installing: /home/prhayogo/ros2_ws/install/slam_toolbox/include/slam_toolbox/slam_toolbox/srv/toggle_interactive.h
[88.598s] -- Installing: /home/prhayogo/ros2_ws/install/slam_toolbox/include/slam_toolbox/slam_toolbox/srv/clear_queue.h
[88.598s] -- Installing: /home/prhayogo/ros2_ws/install/slam_toolbox/include/slam_toolbox/slam_toolbox/srv/pause.h
[88.598s] -- Installing: /home/prhayogo/ros2_ws/install/slam_toolbox/include/slam_toolbox/slam_toolbox/msg
[88.598s] -- Installing: /home/prhayogo/ros2_ws/install/slam_toolbox/include/slam_toolbox/slam_toolbox/msg/rosidl_generator_c__visibility_control.h
[88.599s] -- Installing: /home/prhayogo/ros2_ws/install/slam_toolbox/include/slam_toolbox/slam_toolbox/msg/detail
[88.599s] -- Installing: /home/prhayogo/ros2_ws/install/slam_toolbox/include/slam_toolbox/slam_toolbox/msg/detail/localized_laser_scan__type_support.h
[88.599s] -- Installing: /home/prhayogo/ros2_ws/install/slam_toolbox/include/slam_toolbox/slam_toolbox/msg/detail/pose_graph__functions.h
[88.599s] -- Installing: /home/prhayogo/ros2_ws/install/slam_toolbox/include/slam_toolbox/slam_toolbox/msg/detail/graph_edge__functions.c
[88.600s] -- Installing: /home/prhayogo/ros2_ws/install/slam_toolbox/include/slam_toolbox/slam_toolbox/msg/detail/localized_laser_scan__struct.h
[88.600s] -- Installing: /home/prhayogo/ros2_ws/install/slam_toolbox/include/slam_toolbox/slam_toolbox/msg/detail/graph_node__struct.h
[88.600s] -- Installing: /home/prhayogo/ros2_ws/install/slam_toolbox/include/slam_toolbox/slam_toolbox/msg/detail/graph_node__functions.c
[88.600s] -- Installing: /home/prhayogo/ros2_ws/install/slam_toolbox/include/slam_toolbox/slam_toolbox/msg/detail/graph_node__type_support.c
[88.600s] -- Installing: /home/prhayogo/ros2_ws/install/slam_toolbox/include/slam_toolbox/slam_toolbox/msg/detail/pose_graph__type_support.h
[88.601s] -- Installing: /home/prhayogo/ros2_ws/install/slam_toolbox/include/slam_toolbox/slam_toolbox/msg/detail/graph_edge__struct.h
[88.601s] -- Installing: /home/prhayogo/ros2_ws/install/slam_toolbox/include/slam_toolbox/slam_toolbox/msg/detail/pose_graph__struct.h
[88.601s] -- Installing: /home/prhayogo/ros2_ws/install/slam_toolbox/include/slam_toolbox/slam_toolbox/msg/detail/localized_laser_scan__type_support.c
[88.601s] -- Installing: /home/prhayogo/ros2_ws/install/slam_toolbox/include/slam_toolbox/slam_toolbox/msg/detail/graph_node__type_support.h
[88.601s] -- Installing: /home/prhayogo/ros2_ws/install/slam_toolbox/include/slam_toolbox/slam_toolbox/msg/detail/graph_edge__functions.h
[88.601s] -- Installing: /home/prhayogo/ros2_ws/install/slam_toolbox/include/slam_toolbox/slam_toolbox/msg/detail/new_node_event__type_support.c
[88.601s] -- Installing: /home/prhayogo/ros2_ws/install/slam_toolbox/include/slam_toolbox/slam_toolbox/msg/detail/loop_closure_event__functions.c
[88.602s] -- Installing: /home/prhayogo/ros2_ws/install/slam_toolbox/include/slam_toolbox/slam_toolbox/msg/detail/new_node_event__functions.c
[88.602s] -- Installing: /home/prhayogo/ros2_ws/install/slam_toolbox/include/slam_toolbox/slam_toolbox/msg/detail/loop_closure_event__type_support.c
[88.602s] -- Installing: /home/prhayogo/ros2_ws/install/slam_toolbox/include/slam_toolbox/slam_toolbox/msg/detail/new_node_event__description.c
[88.602s] -- Installing: /home/prhayogo/ros2_ws/install/slam_toolbox/include/slam_toolbox/slam_toolbox/msg/detail/new_node_event__struct.h
[88.602s] -- Installing: /home/prhayogo/ros2_ws/install/slam_toolbox/include/slam_toolbox/slam_toolbox/msg/detail/loop_closure_event__struct.h
[88.603s] -- Installing: /home/prhayogo/ros2_ws/install/slam_toolbox/include/slam_toolbox/slam_toolbox/msg/detail/pose_graph__description.c
[88.603s] -- Installing: /home/prhayogo/ros2_ws/install/slam_toolbox/include/slam_toolbox/slam_toolbox/msg/detail/localized_laser_scan__description.c
[88.603s] -- Installing: /home/prhayogo/ros2_ws/install/slam_toolbox/include/slam_toolbox/slam_toolbox/msg/detail/loop_closure_event__functions.h
[88.603s] -- Installing: /home/prhayogo/ros2_ws/install/slam_toolbox/include/slam_toolbox/slam_toolbox/msg/detail/new_node_event__type_support.h
[88.603s] -- Installing: /home/prhayogo/ros2_ws/install/slam_toolbox/include/slam_toolbox/slam_toolbox/msg/detail/pose_graph__functions.c
[88.603s] -- Installing: /home/prhayogo/ros2_ws/install/slam_toolbox/include/slam_toolbox/slam_toolbox/msg/detail/graph_edge__type_support.h
[88.604s] -- Installing: /home/prhayogo/ros2_ws/install/slam_toolbox/include/slam_toolbox/slam_toolbox/msg/detail/graph_edge__description.c
[88.604s] -- Installing: /home/prhayogo/ros2_ws/install/slam_toolbox/include/slam_toolbox/slam_toolbox/msg/detail/localized_laser_scan__functions.c
[88.604s] -- Installing: /home/prhayogo/ros2_ws/install/slam_toolbox/include/slam_toolbox/slam_toolbox/msg/detail/loop_closure_event__description.c
[88.604s] -- Installing: /home/prhayogo/ros2_ws/install/slam_toolbox/include/slam_toolbox/slam_toolbox/msg/detail/loop_closure_event__type_support.h
[88.604s] -- Installing: /home/prhayogo/ros2_ws/install/slam_toolbox/include/slam_toolbox/slam_toolbox/msg/detail/new_node_event__functions.h
[88.605s] -- Installing: /home/prhayogo/ros2_ws/install/slam_toolbox/include/slam_toolbox/slam_toolbox/msg/detail/graph_node__description.c
[88.605s] -- Installing: /home/prhayogo/ros2_ws/install/slam_toolbox/include/slam_toolbox/slam_toolbox/msg/detail/pose_graph__type_support.c
[88.605s] -- Installing: /home/prhayogo/ros2_ws/install/slam_toolbox/include/slam_toolbox/slam_toolbox/msg/detail/graph_edge__type_support.c
[88.605s] -- Installing: /home/prhayogo/ros2_ws/install/slam_toolbox/include/slam_toolbox/slam_toolbox/msg/detail/localized_laser_scan__functions.h
[88.605s] -- Installing: /home/prhayogo/ros2_ws/install/slam_toolbox/include/slam_toolbox/slam_toolbox/msg/detail/graph_node__functions.h
[88.605s] -- Installing: /home/prhayogo/ros2_ws/install/slam_toolbox/include/slam_toolbox/slam_toolbox/msg/new_node_event.h
[88.606s] -- Installing: /home/prhayogo/ros2_ws/install/slam_toolbox/include/slam_toolbox/slam_toolbox/msg/graph_node.h
[88.606s] -- Installing: /home/prhayogo/ros2_ws/install/slam_toolbox/include/slam_toolbox/slam_toolbox/msg/graph_edge.h
[88.606s] -- Installing: /home/prhayogo/ros2_ws/install/slam_toolbox/include/slam_toolbox/slam_toolbox/msg/localized_laser_scan.h
[88.606s] -- Installing: /home/prhayogo/ros2_ws/install/slam_toolbox/include/slam_toolbox/slam_toolbox/msg/loop_closure_event.h
[88.606s] -- Installing: /home/prhayogo/ros2_ws/install/slam_toolbox/include/slam_toolbox/slam_toolbox/msg/pose_graph.h
[88.607s] -- Installing: /home/prhayogo/ros2_ws/install/slam_toolbox/share/slam_toolbox/environment/library_path.sh
[88.607s] -- Installing: /home/prhayogo/ros2_ws/install/slam_toolbox/share/slam_toolbox/environment/library_path.dsv
[88.608s] -- Installing: /home/prhayogo/ros2_ws/install/slam_toolbox/lib/libslam_toolbox__rosidl_generator_c.so
[88.609s] -- Set non-toolchain portion of runtime path of "/home/prhayogo/ros2_ws/install/slam_toolbox/lib/libslam_toolbox__rosidl_generator_c.so" to ""
[88.609s] -- Up-to-date: /home/prhayogo/ros2_ws/install/slam_toolbox/include/slam_toolbox/slam_toolbox
[88.609s] -- Up-to-date: /home/prhayogo/ros2_ws/install/slam_toolbox/include/slam_toolbox/slam_toolbox/srv
[88.609s] -- Up-to-date: /home/prhayogo/ros2_ws/install/slam_toolbox/include/slam_toolbox/slam_toolbox/srv/detail
[88.609s] -- Installing: /home/prhayogo/ros2_ws/install/slam_toolbox/include/slam_toolbox/slam_toolbox/srv/detail/serialize_pose_graph__rosidl_typesupport_fastrtps_c.h
[88.609s] -- Installing: /home/prhayogo/ros2_ws/install/slam_toolbox/include/slam_toolbox/slam_toolbox/srv/detail/reset__rosidl_typesupport_fastrtps_c.h
[88.610s] -- Installing: /home/prhayogo/ros2_ws/install/slam_toolbox/include/slam_toolbox/slam_toolbox/srv/detail/deserialize_pose_graph__rosidl_typesupport_fastrtps_c.h
[88.610s] -- Installing: /home/prhayogo/ros2_ws/install/slam_toolbox/include/slam_toolbox/slam_toolbox/srv/detail/save_map__rosidl_typesupport_fastrtps_c.h
[88.610s] -- Installing: /home/prhayogo/ros2_ws/install/slam_toolbox/include/slam_toolbox/slam_toolbox/srv/detail/loop_closure__rosidl_typesupport_fastrtps_c.h
[88.610s] -- Installing: /home/prhayogo/ros2_ws/install/slam_toolbox/include/slam_toolbox/slam_toolbox/srv/detail/pause__rosidl_typesupport_fastrtps_c.h
[88.610s] -- Installing: /home/prhayogo/ros2_ws/install/slam_toolbox/include/slam_toolbox/slam_toolbox/srv/detail/toggle_interactive__rosidl_typesupport_fastrtps_c.h
[88.611s] -- Installing: /home/prhayogo/ros2_ws/install/slam_toolbox/include/slam_toolbox/slam_toolbox/srv/detail/clear__rosidl_typesupport_fastrtps_c.h
[88.611s] -- Installing: /home/prhayogo/ros2_ws/install/slam_toolbox/include/slam_toolbox/slam_toolbox/srv/detail/add_submap__rosidl_typesupport_fastrtps_c.h
[88.611s] -- Installing: /home/prhayogo/ros2_ws/install/slam_toolbox/include/slam_toolbox/slam_toolbox/srv/detail/clear_queue__rosidl_typesupport_fastrtps_c.h
[88.611s] -- Installing: /home/prhayogo/ros2_ws/install/slam_toolbox/include/slam_toolbox/slam_toolbox/srv/detail/merge_maps__rosidl_typesupport_fastrtps_c.h
[88.611s] -- Up-to-date: /home/prhayogo/ros2_ws/install/slam_toolbox/include/slam_toolbox/slam_toolbox/msg
[88.612s] -- Up-to-date: /home/prhayogo/ros2_ws/install/slam_toolbox/include/slam_toolbox/slam_toolbox/msg/detail
[88.612s] -- Installing: /home/prhayogo/ros2_ws/install/slam_toolbox/include/slam_toolbox/slam_toolbox/msg/detail/loop_closure_event__rosidl_typesupport_fastrtps_c.h
[88.612s] -- Installing: /home/prhayogo/ros2_ws/install/slam_toolbox/include/slam_toolbox/slam_toolbox/msg/detail/new_node_event__rosidl_typesupport_fastrtps_c.h
[88.612s] -- Installing: /home/prhayogo/ros2_ws/install/slam_toolbox/include/slam_toolbox/slam_toolbox/msg/detail/localized_laser_scan__rosidl_typesupport_fastrtps_c.h
[88.612s] -- Installing: /home/prhayogo/ros2_ws/install/slam_toolbox/include/slam_toolbox/slam_toolbox/msg/detail/graph_node__rosidl_typesupport_fastrtps_c.h
[88.613s] -- Installing: /home/prhayogo/ros2_ws/install/slam_toolbox/include/slam_toolbox/slam_toolbox/msg/detail/pose_graph__rosidl_typesupport_fastrtps_c.h
[88.613s] -- Installing: /home/prhayogo/ros2_ws/install/slam_toolbox/include/slam_toolbox/slam_toolbox/msg/detail/graph_edge__rosidl_typesupport_fastrtps_c.h
[88.613s] -- Installing: /home/prhayogo/ros2_ws/install/slam_toolbox/include/slam_toolbox/slam_toolbox/msg/rosidl_typesupport_fastrtps_c__visibility_control.h
[88.613s] -- Installing: /home/prhayogo/ros2_ws/install/slam_toolbox/lib/libslam_toolbox__rosidl_typesupport_fastrtps_c.so
[88.614s] -- Set non-toolchain portion of runtime path of "/home/prhayogo/ros2_ws/install/slam_toolbox/lib/libslam_toolbox__rosidl_typesupport_fastrtps_c.so" to ""
[88.614s] -- Up-to-date: /home/prhayogo/ros2_ws/install/slam_toolbox/include/slam_toolbox/slam_toolbox
[88.614s] -- Up-to-date: /home/prhayogo/ros2_ws/install/slam_toolbox/include/slam_toolbox/slam_toolbox/srv
[88.614s] -- Installing: /home/prhayogo/ros2_ws/install/slam_toolbox/include/slam_toolbox/slam_toolbox/srv/toggle_interactive.hpp
[88.615s] -- Installing: /home/prhayogo/ros2_ws/install/slam_toolbox/include/slam_toolbox/slam_toolbox/srv/loop_closure.hpp
[88.615s] -- Installing: /home/prhayogo/ros2_ws/install/slam_toolbox/include/slam_toolbox/slam_toolbox/srv/merge_maps.hpp
[88.615s] -- Up-to-date: /home/prhayogo/ros2_ws/install/slam_toolbox/include/slam_toolbox/slam_toolbox/srv/detail
[88.615s] -- Installing: /home/prhayogo/ros2_ws/install/slam_toolbox/include/slam_toolbox/slam_toolbox/srv/detail/clear_queue__traits.hpp
[88.615s] -- Installing: /home/prhayogo/ros2_ws/install/slam_toolbox/include/slam_toolbox/slam_toolbox/srv/detail/pause__struct.hpp
[88.615s] -- Installing: /home/prhayogo/ros2_ws/install/slam_toolbox/include/slam_toolbox/slam_toolbox/srv/detail/pause__type_support.hpp
[88.615s] -- Installing: /home/prhayogo/ros2_ws/install/slam_toolbox/include/slam_toolbox/slam_toolbox/srv/detail/serialize_pose_graph__struct.hpp
[88.615s] -- Installing: /home/prhayogo/ros2_ws/install/slam_toolbox/include/slam_toolbox/slam_toolbox/srv/detail/reset__traits.hpp
[88.615s] -- Installing: /home/prhayogo/ros2_ws/install/slam_toolbox/include/slam_toolbox/slam_toolbox/srv/detail/reset__type_support.hpp
[88.615s] -- Installing: /home/prhayogo/ros2_ws/install/slam_toolbox/include/slam_toolbox/slam_toolbox/srv/detail/merge_maps__traits.hpp
[88.616s] -- Installing: /home/prhayogo/ros2_ws/install/slam_toolbox/include/slam_toolbox/slam_toolbox/srv/detail/clear_queue__struct.hpp
[88.616s] -- Installing: /home/prhayogo/ros2_ws/install/slam_toolbox/include/slam_toolbox/slam_toolbox/srv/detail/deserialize_pose_graph__traits.hpp
[88.616s] -- Installing: /home/prhayogo/ros2_ws/install/slam_toolbox/include/slam_toolbox/slam_toolbox/srv/detail/clear_queue__builder.hpp
[88.616s] -- Installing: /home/prhayogo/ros2_ws/install/slam_toolbox/include/slam_toolbox/slam_toolbox/srv/detail/clear__type_support.hpp
[88.616s] -- Installing: /home/prhayogo/ros2_ws/install/slam_toolbox/include/slam_toolbox/slam_toolbox/srv/detail/toggle_interactive__type_support.hpp
[88.616s] -- Installing: /home/prhayogo/ros2_ws/install/slam_toolbox/include/slam_toolbox/slam_toolbox/srv/detail/pause__traits.hpp
[88.616s] -- Installing: /home/prhayogo/ros2_ws/install/slam_toolbox/include/slam_toolbox/slam_toolbox/srv/detail/pause__builder.hpp
[88.616s] -- Installing: /home/prhayogo/ros2_ws/install/slam_toolbox/include/slam_toolbox/slam_toolbox/srv/detail/deserialize_pose_graph__struct.hpp
[88.616s] -- Installing: /home/prhayogo/ros2_ws/install/slam_toolbox/include/slam_toolbox/slam_toolbox/srv/detail/clear__builder.hpp
[88.617s] -- Installing: /home/prhayogo/ros2_ws/install/slam_toolbox/include/slam_toolbox/slam_toolbox/srv/detail/save_map__struct.hpp
[88.617s] -- Installing: /home/prhayogo/ros2_ws/install/slam_toolbox/include/slam_toolbox/slam_toolbox/srv/detail/merge_maps__struct.hpp
[88.617s] -- Installing: /home/prhayogo/ros2_ws/install/slam_toolbox/include/slam_toolbox/slam_toolbox/srv/detail/deserialize_pose_graph__type_support.hpp
[88.617s] -- Installing: /home/prhayogo/ros2_ws/install/slam_toolbox/include/slam_toolbox/slam_toolbox/srv/detail/deserialize_pose_graph__builder.hpp
[88.617s] -- Installing: /home/prhayogo/ros2_ws/install/slam_toolbox/include/slam_toolbox/slam_toolbox/srv/detail/add_submap__builder.hpp
[88.617s] -- Installing: /home/prhayogo/ros2_ws/install/slam_toolbox/include/slam_toolbox/slam_toolbox/srv/detail/clear__traits.hpp
[88.617s] -- Installing: /home/prhayogo/ros2_ws/install/slam_toolbox/include/slam_toolbox/slam_toolbox/srv/detail/clear_queue__type_support.hpp
[88.617s] -- Installing: /home/prhayogo/ros2_ws/install/slam_toolbox/include/slam_toolbox/slam_toolbox/srv/detail/save_map__traits.hpp
[88.617s] -- Installing: /home/prhayogo/ros2_ws/install/slam_toolbox/include/slam_toolbox/slam_toolbox/srv/detail/save_map__type_support.hpp
[88.618s] -- Installing: /home/prhayogo/ros2_ws/install/slam_toolbox/include/slam_toolbox/slam_toolbox/srv/detail/add_submap__type_support.hpp
[88.618s] -- Installing: /home/prhayogo/ros2_ws/install/slam_toolbox/include/slam_toolbox/slam_toolbox/srv/detail/add_submap__traits.hpp
[88.618s] -- Installing: /home/prhayogo/ros2_ws/install/slam_toolbox/include/slam_toolbox/slam_toolbox/srv/detail/loop_closure__traits.hpp
[88.618s] -- Installing: /home/prhayogo/ros2_ws/install/slam_toolbox/include/slam_toolbox/slam_toolbox/srv/detail/merge_maps__type_support.hpp
[88.618s] -- Installing: /home/prhayogo/ros2_ws/install/slam_toolbox/include/slam_toolbox/slam_toolbox/srv/detail/serialize_pose_graph__traits.hpp
[88.618s] -- Installing: /home/prhayogo/ros2_ws/install/slam_toolbox/include/slam_toolbox/slam_toolbox/srv/detail/toggle_interactive__traits.hpp
[88.618s] -- Installing: /home/prhayogo/ros2_ws/install/slam_toolbox/include/slam_toolbox/slam_toolbox/srv/detail/loop_closure__type_support.hpp
[88.618s] -- Installing: /home/prhayogo/ros2_ws/install/slam_toolbox/include/slam_toolbox/slam_toolbox/srv/detail/serialize_pose_graph__type_support.hpp
[88.618s] -- Installing: /home/prhayogo/ros2_ws/install/slam_toolbox/include/slam_toolbox/slam_toolbox/srv/detail/add_submap__struct.hpp
[88.619s] -- Installing: /home/prhayogo/ros2_ws/install/slam_toolbox/include/slam_toolbox/slam_toolbox/srv/detail/serialize_pose_graph__builder.hpp
[88.619s] -- Installing: /home/prhayogo/ros2_ws/install/slam_toolbox/include/slam_toolbox/slam_toolbox/srv/detail/save_map__builder.hpp
[88.619s] -- Installing: /home/prhayogo/ros2_ws/install/slam_toolbox/include/slam_toolbox/slam_toolbox/srv/detail/toggle_interactive__builder.hpp
[88.619s] -- Installing: /home/prhayogo/ros2_ws/install/slam_toolbox/include/slam_toolbox/slam_toolbox/srv/detail/toggle_interactive__struct.hpp
[88.619s] -- Installing: /home/prhayogo/ros2_ws/install/slam_toolbox/include/slam_toolbox/slam_toolbox/srv/detail/merge_maps__builder.hpp
[88.619s] -- Installing: /home/prhayogo/ros2_ws/install/slam_toolbox/include/slam_toolbox/slam_toolbox/srv/detail/loop_closure__struct.hpp
[88.619s] -- Installing: /home/prhayogo/ros2_ws/install/slam_toolbox/include/slam_toolbox/slam_toolbox/srv/detail/loop_closure__builder.hpp
[88.619s] -- Installing: /home/prhayogo/ros2_ws/install/slam_toolbox/include/slam_toolbox/slam_toolbox/srv/detail/reset__builder.hpp
[88.620s] -- Installing: /home/prhayogo/ros2_ws/install/slam_toolbox/include/slam_toolbox/slam_toolbox/srv/detail/clear__struct.hpp
[88.620s] -- Installing: /home/prhayogo/ros2_ws/install/slam_toolbox/include/slam_toolbox/slam_toolbox/srv/detail/reset__struct.hpp
[88.620s] -- Installing: /home/prhayogo/ros2_ws/install/slam_toolbox/include/slam_toolbox/slam_toolbox/srv/reset.hpp
[88.620s] -- Installing: /home/prhayogo/ros2_ws/install/slam_toolbox/include/slam_toolbox/slam_toolbox/srv/deserialize_pose_graph.hpp
[88.620s] -- Installing: /home/prhayogo/ros2_ws/install/slam_toolbox/include/slam_toolbox/slam_toolbox/srv/save_map.hpp
[88.620s] -- Installing: /home/prhayogo/ros2_ws/install/slam_toolbox/include/slam_toolbox/slam_toolbox/srv/serialize_pose_graph.hpp
[88.620s] -- Installing: /home/prhayogo/ros2_ws/install/slam_toolbox/include/slam_toolbox/slam_toolbox/srv/add_submap.hpp
[88.620s] -- Installing: /home/prhayogo/ros2_ws/install/slam_toolbox/include/slam_toolbox/slam_toolbox/srv/clear_queue.hpp
[88.620s] -- Installing: /home/prhayogo/ros2_ws/install/slam_toolbox/include/slam_toolbox/slam_toolbox/srv/pause.hpp
[88.620s] -- Installing: /home/prhayogo/ros2_ws/install/slam_toolbox/include/slam_toolbox/slam_toolbox/srv/clear.hpp
[88.620s] -- Up-to-date: /home/prhayogo/ros2_ws/install/slam_toolbox/include/slam_toolbox/slam_toolbox/msg
[88.621s] -- Installing: /home/prhayogo/ros2_ws/install/slam_toolbox/include/slam_toolbox/slam_toolbox/msg/pose_graph.hpp
[88.621s] -- Installing: /home/prhayogo/ros2_ws/install/slam_toolbox/include/slam_toolbox/slam_toolbox/msg/loop_closure_event.hpp
[88.621s] -- Up-to-date: /home/prhayogo/ros2_ws/install/slam_toolbox/include/slam_toolbox/slam_toolbox/msg/detail
[88.621s] -- Installing: /home/prhayogo/ros2_ws/install/slam_toolbox/include/slam_toolbox/slam_toolbox/msg/detail/graph_edge__type_support.hpp
[88.621s] -- Installing: /home/prhayogo/ros2_ws/install/slam_toolbox/include/slam_toolbox/slam_toolbox/msg/detail/graph_edge__struct.hpp
[88.621s] -- Installing: /home/prhayogo/ros2_ws/install/slam_toolbox/include/slam_toolbox/slam_toolbox/msg/detail/graph_node__traits.hpp
[88.622s] -- Installing: /home/prhayogo/ros2_ws/install/slam_toolbox/include/slam_toolbox/slam_toolbox/msg/detail/graph_node__type_support.hpp
[88.622s] -- Installing: /home/prhayogo/ros2_ws/install/slam_toolbox/include/slam_toolbox/slam_toolbox/msg/detail/graph_edge__builder.hpp
[88.622s] -- Installing: /home/prhayogo/ros2_ws/install/slam_toolbox/include/slam_toolbox/slam_toolbox/msg/detail/pose_graph__builder.hpp
[88.622s] -- Installing: /home/prhayogo/ros2_ws/install/slam_toolbox/include/slam_toolbox/slam_toolbox/msg/detail/localized_laser_scan__type_support.hpp
[88.622s] -- Installing: /home/prhayogo/ros2_ws/install/slam_toolbox/include/slam_toolbox/slam_toolbox/msg/detail/localized_laser_scan__struct.hpp
[88.622s] -- Installing: /home/prhayogo/ros2_ws/install/slam_toolbox/include/slam_toolbox/slam_toolbox/msg/detail/graph_node__struct.hpp
[88.623s] -- Installing: /home/prhayogo/ros2_ws/install/slam_toolbox/include/slam_toolbox/slam_toolbox/msg/detail/pose_graph__traits.hpp
[88.623s] -- Installing: /home/prhayogo/ros2_ws/install/slam_toolbox/include/slam_toolbox/slam_toolbox/msg/detail/loop_closure_event__builder.hpp
[88.623s] -- Installing: /home/prhayogo/ros2_ws/install/slam_toolbox/include/slam_toolbox/slam_toolbox/msg/detail/loop_closure_event__traits.hpp
[88.623s] -- Installing: /home/prhayogo/ros2_ws/install/slam_toolbox/include/slam_toolbox/slam_toolbox/msg/detail/localized_laser_scan__traits.hpp
[88.623s] -- Installing: /home/prhayogo/ros2_ws/install/slam_toolbox/include/slam_toolbox/slam_toolbox/msg/detail/new_node_event__type_support.hpp
[88.623s] -- Installing: /home/prhayogo/ros2_ws/install/slam_toolbox/include/slam_toolbox/slam_toolbox/msg/detail/localized_laser_scan__builder.hpp
[88.624s] -- Installing: /home/prhayogo/ros2_ws/install/slam_toolbox/include/slam_toolbox/slam_toolbox/msg/detail/graph_edge__traits.hpp
[88.624s] -- Installing: /home/prhayogo/ros2_ws/install/slam_toolbox/include/slam_toolbox/slam_toolbox/msg/detail/pose_graph__type_support.hpp
[88.624s] -- Installing: /home/prhayogo/ros2_ws/install/slam_toolbox/include/slam_toolbox/slam_toolbox/msg/detail/graph_node__builder.hpp
[88.624s] -- Installing: /home/prhayogo/ros2_ws/install/slam_toolbox/include/slam_toolbox/slam_toolbox/msg/detail/new_node_event__builder.hpp
[88.624s] -- Installing: /home/prhayogo/ros2_ws/install/slam_toolbox/include/slam_toolbox/slam_toolbox/msg/detail/new_node_event__traits.hpp
[88.625s] -- Installing: /home/prhayogo/ros2_ws/install/slam_toolbox/include/slam_toolbox/slam_toolbox/msg/detail/loop_closure_event__type_support.hpp
[88.625s] -- Installing: /home/prhayogo/ros2_ws/install/slam_toolbox/include/slam_toolbox/slam_toolbox/msg/detail/pose_graph__struct.hpp
[88.625s] -- Installing: /home/prhayogo/ros2_ws/install/slam_toolbox/include/slam_toolbox/slam_toolbox/msg/detail/new_node_event__struct.hpp
[88.625s] -- Installing: /home/prhayogo/ros2_ws/install/slam_toolbox/include/slam_toolbox/slam_toolbox/msg/detail/loop_closure_event__struct.hpp
[88.626s] -- Installing: /home/prhayogo/ros2_ws/install/slam_toolbox/include/slam_toolbox/slam_toolbox/msg/graph_node.hpp
[88.626s] -- Installing: /home/prhayogo/ros2_ws/install/slam_toolbox/include/slam_toolbox/slam_toolbox/msg/localized_laser_scan.hpp
[88.626s] -- Installing: /home/prhayogo/ros2_ws/install/slam_toolbox/include/slam_toolbox/slam_toolbox/msg/new_node_event.hpp
[88.626s] -- Installing: /home/prhayogo/ros2_ws/install/slam_toolbox/include/slam_toolbox/slam_toolbox/msg/graph_edge.hpp
[88.626s] -- Installing: /home/prhayogo/ros2_ws/install/slam_toolbox/include/slam_toolbox/slam_toolbox/msg/rosidl_generator_cpp__visibility_control.hpp
[88.627s] -- Up-to-date: /home/prhayogo/ros2_ws/install/slam_toolbox/include/slam_toolbox/slam_toolbox
[88.627s] -- Up-to-date: /home/prhayogo/ros2_ws/install/slam_toolbox/include/slam_toolbox/slam_toolbox/srv
[88.627s] -- Up-to-date: /home/prhayogo/ros2_ws/install/slam_toolbox/include/slam_toolbox/slam_toolbox/srv/detail
[88.627s] -- Installing: /home/prhayogo/ros2_ws/install/slam_toolbox/include/slam_toolbox/slam_toolbox/srv/detail/toggle_interactive__rosidl_typesupport_fastrtps_cpp.hpp
[88.627s] -- Installing: /home/prhayogo/ros2_ws/install/slam_toolbox/include/slam_toolbox/slam_toolbox/srv/detail/add_submap__rosidl_typesupport_fastrtps_cpp.hpp
[88.627s] -- Installing: /home/prhayogo/ros2_ws/install/slam_toolbox/include/slam_toolbox/slam_toolbox/srv/detail/merge_maps__rosidl_typesupport_fastrtps_cpp.hpp
[88.628s] -- Installing: /home/prhayogo/ros2_ws/install/slam_toolbox/include/slam_toolbox/slam_toolbox/srv/detail/dds_fastrtps
[88.628s] -- Installing: /home/prhayogo/ros2_ws/install/slam_toolbox/include/slam_toolbox/slam_toolbox/srv/detail/pause__rosidl_typesupport_fastrtps_cpp.hpp
[88.628s] -- Installing: /home/prhayogo/ros2_ws/install/slam_toolbox/include/slam_toolbox/slam_toolbox/srv/detail/clear__rosidl_typesupport_fastrtps_cpp.hpp
[88.628s] -- Installing: /home/prhayogo/ros2_ws/install/slam_toolbox/include/slam_toolbox/slam_toolbox/srv/detail/deserialize_pose_graph__rosidl_typesupport_fastrtps_cpp.hpp
[88.628s] -- Installing: /home/prhayogo/ros2_ws/install/slam_toolbox/include/slam_toolbox/slam_toolbox/srv/detail/serialize_pose_graph__rosidl_typesupport_fastrtps_cpp.hpp
[88.629s] -- Installing: /home/prhayogo/ros2_ws/install/slam_toolbox/include/slam_toolbox/slam_toolbox/srv/detail/loop_closure__rosidl_typesupport_fastrtps_cpp.hpp
[88.629s] -- Installing: /home/prhayogo/ros2_ws/install/slam_toolbox/include/slam_toolbox/slam_toolbox/srv/detail/reset__rosidl_typesupport_fastrtps_cpp.hpp
[88.629s] -- Installing: /home/prhayogo/ros2_ws/install/slam_toolbox/include/slam_toolbox/slam_toolbox/srv/detail/save_map__rosidl_typesupport_fastrtps_cpp.hpp
[88.629s] -- Installing: /home/prhayogo/ros2_ws/install/slam_toolbox/include/slam_toolbox/slam_toolbox/srv/detail/clear_queue__rosidl_typesupport_fastrtps_cpp.hpp
[88.629s] -- Up-to-date: /home/prhayogo/ros2_ws/install/slam_toolbox/include/slam_toolbox/slam_toolbox/msg
[88.630s] -- Up-to-date: /home/prhayogo/ros2_ws/install/slam_toolbox/include/slam_toolbox/slam_toolbox/msg/detail
[88.630s] -- Installing: /home/prhayogo/ros2_ws/install/slam_toolbox/include/slam_toolbox/slam_toolbox/msg/detail/pose_graph__rosidl_typesupport_fastrtps_cpp.hpp
[88.630s] -- Installing: /home/prhayogo/ros2_ws/install/slam_toolbox/include/slam_toolbox/slam_toolbox/msg/detail/loop_closure_event__rosidl_typesupport_fastrtps_cpp.hpp
[88.630s] -- Installing: /home/prhayogo/ros2_ws/install/slam_toolbox/include/slam_toolbox/slam_toolbox/msg/detail/dds_fastrtps
[88.630s] -- Installing: /home/prhayogo/ros2_ws/install/slam_toolbox/include/slam_toolbox/slam_toolbox/msg/detail/new_node_event__rosidl_typesupport_fastrtps_cpp.hpp
[88.630s] -- Installing: /home/prhayogo/ros2_ws/install/slam_toolbox/include/slam_toolbox/slam_toolbox/msg/detail/graph_edge__rosidl_typesupport_fastrtps_cpp.hpp
[88.630s] -- Installing: /home/prhayogo/ros2_ws/install/slam_toolbox/include/slam_toolbox/slam_toolbox/msg/detail/graph_node__rosidl_typesupport_fastrtps_cpp.hpp
[88.631s] -- Installing: /home/prhayogo/ros2_ws/install/slam_toolbox/include/slam_toolbox/slam_toolbox/msg/detail/localized_laser_scan__rosidl_typesupport_fastrtps_cpp.hpp
[88.631s] -- Installing: /home/prhayogo/ros2_ws/install/slam_toolbox/include/slam_toolbox/slam_toolbox/msg/rosidl_typesupport_fastrtps_cpp__visibility_control.h
[88.631s] -- Installing: /home/prhayogo/ros2_ws/install/slam_toolbox/lib/libslam_toolbox__rosidl_typesupport_fastrtps_cpp.so
[88.632s] -- Set non-toolchain portion of runtime path of "/home/prhayogo/ros2_ws/install/slam_toolbox/lib/libslam_toolbox__rosidl_typesupport_fastrtps_cpp.so" to ""
[88.632s] -- Up-to-date: /home/prhayogo/ros2_ws/install/slam_toolbox/include/slam_toolbox/slam_toolbox
[88.632s] -- Up-to-date: /home/prhayogo/ros2_ws/install/slam_toolbox/include/slam_toolbox/slam_toolbox/srv
[88.632s] -- Up-to-date: /home/prhayogo/ros2_ws/install/slam_toolbox/include/slam_toolbox/slam_toolbox/srv/detail
[88.632s] -- Installing: /home/prhayogo/ros2_ws/install/slam_toolbox/include/slam_toolbox/slam_toolbox/srv/detail/clear__type_support.c
[88.633s] -- Installing: /home/prhayogo/ros2_ws/install/slam_toolbox/include/slam_toolbox/slam_toolbox/srv/detail/save_map__rosidl_typesupport_introspection_c.h
[88.633s] -- Installing: /home/prhayogo/ros2_ws/install/slam_toolbox/include/slam_toolbox/slam_toolbox/srv/detail/loop_closure__type_support.c
[88.633s] -- Installing: /home/prhayogo/ros2_ws/install/slam_toolbox/include/slam_toolbox/slam_toolbox/srv/detail/deserialize_pose_graph__rosidl_typesupport_introspection_c.h
[88.633s] -- Installing: /home/prhayogo/ros2_ws/install/slam_toolbox/include/slam_toolbox/slam_toolbox/srv/detail/add_submap__rosidl_typesupport_introspection_c.h
[88.633s] -- Installing: /home/prhayogo/ros2_ws/install/slam_toolbox/include/slam_toolbox/slam_toolbox/srv/detail/clear_queue__rosidl_typesupport_introspection_c.h
[88.634s] -- Installing: /home/prhayogo/ros2_ws/install/slam_toolbox/include/slam_toolbox/slam_toolbox/srv/detail/reset__type_support.c
[88.634s] -- Installing: /home/prhayogo/ros2_ws/install/slam_toolbox/include/slam_toolbox/slam_toolbox/srv/detail/pause__rosidl_typesupport_introspection_c.h
[88.634s] -- Installing: /home/prhayogo/ros2_ws/install/slam_toolbox/include/slam_toolbox/slam_toolbox/srv/detail/deserialize_pose_graph__type_support.c
[88.634s] -- Installing: /home/prhayogo/ros2_ws/install/slam_toolbox/include/slam_toolbox/slam_toolbox/srv/detail/add_submap__type_support.c
[88.635s] -- Installing: /home/prhayogo/ros2_ws/install/slam_toolbox/include/slam_toolbox/slam_toolbox/srv/detail/loop_closure__rosidl_typesupport_introspection_c.h
[88.635s] -- Installing: /home/prhayogo/ros2_ws/install/slam_toolbox/include/slam_toolbox/slam_toolbox/srv/detail/merge_maps__type_support.c
[88.635s] -- Installing: /home/prhayogo/ros2_ws/install/slam_toolbox/include/slam_toolbox/slam_toolbox/srv/detail/clear__rosidl_typesupport_introspection_c.h
[88.635s] -- Installing: /home/prhayogo/ros2_ws/install/slam_toolbox/include/slam_toolbox/slam_toolbox/srv/detail/toggle_interactive__rosidl_typesupport_introspection_c.h
[88.636s] -- Installing: /home/prhayogo/ros2_ws/install/slam_toolbox/include/slam_toolbox/slam_toolbox/srv/detail/serialize_pose_graph__rosidl_typesupport_introspection_c.h
[88.636s] -- Installing: /home/prhayogo/ros2_ws/install/slam_toolbox/include/slam_toolbox/slam_toolbox/srv/detail/reset__rosidl_typesupport_introspection_c.h
[88.636s] -- Installing: /home/prhayogo/ros2_ws/install/slam_toolbox/include/slam_toolbox/slam_toolbox/srv/detail/toggle_interactive__type_support.c
[88.636s] -- Installing: /home/prhayogo/ros2_ws/install/slam_toolbox/include/slam_toolbox/slam_toolbox/srv/detail/pause__type_support.c
[88.637s] -- Installing: /home/prhayogo/ros2_ws/install/slam_toolbox/include/slam_toolbox/slam_toolbox/srv/detail/serialize_pose_graph__type_support.c
[88.637s] -- Installing: /home/prhayogo/ros2_ws/install/slam_toolbox/include/slam_toolbox/slam_toolbox/srv/detail/save_map__type_support.c
[88.637s] -- Installing: /home/prhayogo/ros2_ws/install/slam_toolbox/include/slam_toolbox/slam_toolbox/srv/detail/clear_queue__type_support.c
[88.638s] -- Installing: /home/prhayogo/ros2_ws/install/slam_toolbox/include/slam_toolbox/slam_toolbox/srv/detail/merge_maps__rosidl_typesupport_introspection_c.h
[88.638s] -- Up-to-date: /home/prhayogo/ros2_ws/install/slam_toolbox/include/slam_toolbox/slam_toolbox/msg
[88.638s] -- Installing: /home/prhayogo/ros2_ws/install/slam_toolbox/include/slam_toolbox/slam_toolbox/msg/rosidl_typesupport_introspection_c__visibility_control.h
[88.638s] -- Up-to-date: /home/prhayogo/ros2_ws/install/slam_toolbox/include/slam_toolbox/slam_toolbox/msg/detail
[88.638s] -- Installing: /home/prhayogo/ros2_ws/install/slam_toolbox/include/slam_toolbox/slam_toolbox/msg/detail/localized_laser_scan__rosidl_typesupport_introspection_c.h
[88.638s] -- Installing: /home/prhayogo/ros2_ws/install/slam_toolbox/include/slam_toolbox/slam_toolbox/msg/detail/loop_closure_event__rosidl_typesupport_introspection_c.h
[88.638s] -- Installing: /home/prhayogo/ros2_ws/install/slam_toolbox/include/slam_toolbox/slam_toolbox/msg/detail/new_node_event__rosidl_typesupport_introspection_c.h
[88.639s] -- Installing: /home/prhayogo/ros2_ws/install/slam_toolbox/include/slam_toolbox/slam_toolbox/msg/detail/graph_node__type_support.c
[88.639s] -- Installing: /home/prhayogo/ros2_ws/install/slam_toolbox/include/slam_toolbox/slam_toolbox/msg/detail/localized_laser_scan__type_support.c
[88.639s] -- Installing: /home/prhayogo/ros2_ws/install/slam_toolbox/include/slam_toolbox/slam_toolbox/msg/detail/new_node_event__type_support.c
[88.639s] -- Installing: /home/prhayogo/ros2_ws/install/slam_toolbox/include/slam_toolbox/slam_toolbox/msg/detail/loop_closure_event__type_support.c
[88.639s] -- Installing: /home/prhayogo/ros2_ws/install/slam_toolbox/include/slam_toolbox/slam_toolbox/msg/detail/pose_graph__rosidl_typesupport_introspection_c.h
[88.640s] -- Installing: /home/prhayogo/ros2_ws/install/slam_toolbox/include/slam_toolbox/slam_toolbox/msg/detail/pose_graph__type_support.c
[88.640s] -- Installing: /home/prhayogo/ros2_ws/install/slam_toolbox/include/slam_toolbox/slam_toolbox/msg/detail/graph_edge__type_support.c
[88.640s] -- Installing: /home/prhayogo/ros2_ws/install/slam_toolbox/include/slam_toolbox/slam_toolbox/msg/detail/graph_edge__rosidl_typesupport_introspection_c.h
[88.640s] -- Installing: /home/prhayogo/ros2_ws/install/slam_toolbox/include/slam_toolbox/slam_toolbox/msg/detail/graph_node__rosidl_typesupport_introspection_c.h
[88.640s] -- Installing: /home/prhayogo/ros2_ws/install/slam_toolbox/lib/libslam_toolbox__rosidl_typesupport_introspection_c.so
[88.641s] -- Set non-toolchain portion of runtime path of "/home/prhayogo/ros2_ws/install/slam_toolbox/lib/libslam_toolbox__rosidl_typesupport_introspection_c.so" to ""
[88.641s] -- Installing: /home/prhayogo/ros2_ws/install/slam_toolbox/lib/libslam_toolbox__rosidl_typesupport_c.so
[88.642s] -- Set non-toolchain portion of runtime path of "/home/prhayogo/ros2_ws/install/slam_toolbox/lib/libslam_toolbox__rosidl_typesupport_c.so" to ""
[88.642s] -- Up-to-date: /home/prhayogo/ros2_ws/install/slam_toolbox/include/slam_toolbox/slam_toolbox
[88.642s] -- Up-to-date: /home/prhayogo/ros2_ws/install/slam_toolbox/include/slam_toolbox/slam_toolbox/srv
[88.642s] -- Up-to-date: /home/prhayogo/ros2_ws/install/slam_toolbox/include/slam_toolbox/slam_toolbox/srv/detail
[88.642s] -- Installing: /home/prhayogo/ros2_ws/install/slam_toolbox/include/slam_toolbox/slam_toolbox/srv/detail/loop_closure__type_support.cpp
[88.643s] -- Installing: /home/prhayogo/ros2_ws/install/slam_toolbox/include/slam_toolbox/slam_toolbox/srv/detail/reset__type_support.cpp
[88.643s] -- Installing: /home/prhayogo/ros2_ws/install/slam_toolbox/include/slam_toolbox/slam_toolbox/srv/detail/add_submap__rosidl_typesupport_introspection_cpp.hpp
[88.643s] -- Installing: /home/prhayogo/ros2_ws/install/slam_toolbox/include/slam_toolbox/slam_toolbox/srv/detail/deserialize_pose_graph__rosidl_typesupport_introspection_cpp.hpp
[88.643s] -- Installing: /home/prhayogo/ros2_ws/install/slam_toolbox/include/slam_toolbox/slam_toolbox/srv/detail/reset__rosidl_typesupport_introspection_cpp.hpp
[88.643s] -- Installing: /home/prhayogo/ros2_ws/install/slam_toolbox/include/slam_toolbox/slam_toolbox/srv/detail/pause__type_support.cpp
[88.644s] -- Installing: /home/prhayogo/ros2_ws/install/slam_toolbox/include/slam_toolbox/slam_toolbox/srv/detail/serialize_pose_graph__type_support.cpp
[88.644s] -- Installing: /home/prhayogo/ros2_ws/install/slam_toolbox/include/slam_toolbox/slam_toolbox/srv/detail/clear__rosidl_typesupport_introspection_cpp.hpp
[88.644s] -- Installing: /home/prhayogo/ros2_ws/install/slam_toolbox/include/slam_toolbox/slam_toolbox/srv/detail/pause__rosidl_typesupport_introspection_cpp.hpp
[88.644s] -- Installing: /home/prhayogo/ros2_ws/install/slam_toolbox/include/slam_toolbox/slam_toolbox/srv/detail/toggle_interactive__type_support.cpp
[88.645s] -- Installing: /home/prhayogo/ros2_ws/install/slam_toolbox/include/slam_toolbox/slam_toolbox/srv/detail/deserialize_pose_graph__type_support.cpp
[88.645s] -- Installing: /home/prhayogo/ros2_ws/install/slam_toolbox/include/slam_toolbox/slam_toolbox/srv/detail/save_map__rosidl_typesupport_introspection_cpp.hpp
[88.645s] -- Installing: /home/prhayogo/ros2_ws/install/slam_toolbox/include/slam_toolbox/slam_toolbox/srv/detail/merge_maps__type_support.cpp
[88.645s] -- Installing: /home/prhayogo/ros2_ws/install/slam_toolbox/include/slam_toolbox/slam_toolbox/srv/detail/save_map__type_support.cpp
[88.646s] -- Installing: /home/prhayogo/ros2_ws/install/slam_toolbox/include/slam_toolbox/slam_toolbox/srv/detail/merge_maps__rosidl_typesupport_introspection_cpp.hpp
[88.646s] -- Installing: /home/prhayogo/ros2_ws/install/slam_toolbox/include/slam_toolbox/slam_toolbox/srv/detail/clear__type_support.cpp
[88.646s] -- Installing: /home/prhayogo/ros2_ws/install/slam_toolbox/include/slam_toolbox/slam_toolbox/srv/detail/loop_closure__rosidl_typesupport_introspection_cpp.hpp
[88.646s] -- Installing: /home/prhayogo/ros2_ws/install/slam_toolbox/include/slam_toolbox/slam_toolbox/srv/detail/toggle_interactive__rosidl_typesupport_introspection_cpp.hpp
[88.647s] -- Installing: /home/prhayogo/ros2_ws/install/slam_toolbox/include/slam_toolbox/slam_toolbox/srv/detail/serialize_pose_graph__rosidl_typesupport_introspection_cpp.hpp
[88.647s] -- Installing: /home/prhayogo/ros2_ws/install/slam_toolbox/include/slam_toolbox/slam_toolbox/srv/detail/add_submap__type_support.cpp
[88.647s] -- Installing: /home/prhayogo/ros2_ws/install/slam_toolbox/include/slam_toolbox/slam_toolbox/srv/detail/clear_queue__rosidl_typesupport_introspection_cpp.hpp
[88.647s] -- Installing: /home/prhayogo/ros2_ws/install/slam_toolbox/include/slam_toolbox/slam_toolbox/srv/detail/clear_queue__type_support.cpp
[88.648s] -- Up-to-date: /home/prhayogo/ros2_ws/install/slam_toolbox/include/slam_toolbox/slam_toolbox/msg
[88.648s] -- Up-to-date: /home/prhayogo/ros2_ws/install/slam_toolbox/include/slam_toolbox/slam_toolbox/msg/detail
[88.648s] -- Installing: /home/prhayogo/ros2_ws/install/slam_toolbox/include/slam_toolbox/slam_toolbox/msg/detail/loop_closure_event__type_support.cpp
[88.648s] -- Installing: /home/prhayogo/ros2_ws/install/slam_toolbox/include/slam_toolbox/slam_toolbox/msg/detail/graph_node__type_support.cpp
[88.648s] -- Installing: /home/prhayogo/ros2_ws/install/slam_toolbox/include/slam_toolbox/slam_toolbox/msg/detail/localized_laser_scan__rosidl_typesupport_introspection_cpp.hpp
[88.648s] -- Installing: /home/prhayogo/ros2_ws/install/slam_toolbox/include/slam_toolbox/slam_toolbox/msg/detail/pose_graph__rosidl_typesupport_introspection_cpp.hpp
[88.648s] -- Installing: /home/prhayogo/ros2_ws/install/slam_toolbox/include/slam_toolbox/slam_toolbox/msg/detail/localized_laser_scan__type_support.cpp
[88.649s] -- Installing: /home/prhayogo/ros2_ws/install/slam_toolbox/include/slam_toolbox/slam_toolbox/msg/detail/loop_closure_event__rosidl_typesupport_introspection_cpp.hpp
[88.649s] -- Installing: /home/prhayogo/ros2_ws/install/slam_toolbox/include/slam_toolbox/slam_toolbox/msg/detail/graph_node__rosidl_typesupport_introspection_cpp.hpp
[88.649s] -- Installing: /home/prhayogo/ros2_ws/install/slam_toolbox/include/slam_toolbox/slam_toolbox/msg/detail/new_node_event__type_support.cpp
[88.649s] -- Installing: /home/prhayogo/ros2_ws/install/slam_toolbox/include/slam_toolbox/slam_toolbox/msg/detail/graph_edge__type_support.cpp
[88.649s] -- Installing: /home/prhayogo/ros2_ws/install/slam_toolbox/include/slam_toolbox/slam_toolbox/msg/detail/graph_edge__rosidl_typesupport_introspection_cpp.hpp
[88.650s] -- Installing: /home/prhayogo/ros2_ws/install/slam_toolbox/include/slam_toolbox/slam_toolbox/msg/detail/pose_graph__type_support.cpp
[88.650s] -- Installing: /home/prhayogo/ros2_ws/install/slam_toolbox/include/slam_toolbox/slam_toolbox/msg/detail/new_node_event__rosidl_typesupport_introspection_cpp.hpp
[88.650s] -- Installing: /home/prhayogo/ros2_ws/install/slam_toolbox/lib/libslam_toolbox__rosidl_typesupport_introspection_cpp.so
[88.651s] -- Set non-toolchain portion of runtime path of "/home/prhayogo/ros2_ws/install/slam_toolbox/lib/libslam_toolbox__rosidl_typesupport_introspection_cpp.so" to ""
[88.651s] -- Installing: /home/prhayogo/ros2_ws/install/slam_toolbox/lib/libslam_toolbox__rosidl_typesupport_cpp.so
[88.652s] -- Set non-toolchain portion of runtime path of "/home/prhayogo/ros2_ws/install/slam_toolbox/lib/libslam_toolbox__rosidl_typesupport_cpp.so" to ""
[88.652s] -- Installing: /home/prhayogo/ros2_ws/install/slam_toolbox/share/slam_toolbox/environment/pythonpath.sh
[88.652s] -- Installing: /home/prhayogo/ros2_ws/install/slam_toolbox/share/slam_toolbox/environment/pythonpath.dsv
[88.652s] -- Installing: /home/prhayogo/ros2_ws/install/slam_toolbox/lib/python3.12/site-packages/slam_toolbox-2.8.4-py3.12.egg-info
[88.652s] -- Installing: /home/prhayogo/ros2_ws/install/slam_toolbox/lib/python3.12/site-packages/slam_toolbox-2.8.4-py3.12.egg-info/top_level.txt
[88.652s] -- Installing: /home/prhayogo/ros2_ws/install/slam_toolbox/lib/python3.12/site-packages/slam_toolbox-2.8.4-py3.12.egg-info/dependency_links.txt
[88.653s] -- Installing: /home/prhayogo/ros2_ws/install/slam_toolbox/lib/python3.12/site-packages/slam_toolbox-2.8.4-py3.12.egg-info/SOURCES.txt
[88.653s] -- Installing: /home/prhayogo/ros2_ws/install/slam_toolbox/lib/python3.12/site-packages/slam_toolbox-2.8.4-py3.12.egg-info/PKG-INFO
[88.653s] -- Installing: /home/prhayogo/ros2_ws/install/slam_toolbox/lib/python3.12/site-packages/slam_toolbox
[88.653s] -- Installing: /home/prhayogo/ros2_ws/install/slam_toolbox/lib/python3.12/site-packages/slam_toolbox/slam_toolbox_s__rosidl_typesupport_introspection_c.so
[88.654s] -- Installing: /home/prhayogo/ros2_ws/install/slam_toolbox/lib/python3.12/site-packages/slam_toolbox/srv
[88.654s] -- Installing: /home/prhayogo/ros2_ws/install/slam_toolbox/lib/python3.12/site-packages/slam_toolbox/srv/_reset.py
[88.654s] -- Installing: /home/prhayogo/ros2_ws/install/slam_toolbox/lib/python3.12/site-packages/slam_toolbox/srv/_add_submap.py
[88.654s] -- Installing: /home/prhayogo/ros2_ws/install/slam_toolbox/lib/python3.12/site-packages/slam_toolbox/srv/_merge_maps.py
[88.655s] -- Installing: /home/prhayogo/ros2_ws/install/slam_toolbox/lib/python3.12/site-packages/slam_toolbox/srv/_clear_queue_s.c
[88.655s] -- Installing: /home/prhayogo/ros2_ws/install/slam_toolbox/lib/python3.12/site-packages/slam_toolbox/srv/_pause_s.c
[88.655s] -- Installing: /home/prhayogo/ros2_ws/install/slam_toolbox/lib/python3.12/site-packages/slam_toolbox/srv/_reset_s.c
[88.655s] -- Installing: /home/prhayogo/ros2_ws/install/slam_toolbox/lib/python3.12/site-packages/slam_toolbox/srv/_clear_s.c
[88.656s] -- Installing: /home/prhayogo/ros2_ws/install/slam_toolbox/lib/python3.12/site-packages/slam_toolbox/srv/__init__.py
[88.656s] -- Installing: /home/prhayogo/ros2_ws/install/slam_toolbox/lib/python3.12/site-packages/slam_toolbox/srv/_loop_closure.py
[88.656s] -- Installing: /home/prhayogo/ros2_ws/install/slam_toolbox/lib/python3.12/site-packages/slam_toolbox/srv/_clear.py
[88.657s] -- Installing: /home/prhayogo/ros2_ws/install/slam_toolbox/lib/python3.12/site-packages/slam_toolbox/srv/_serialize_pose_graph_s.c
[88.657s] -- Installing: /home/prhayogo/ros2_ws/install/slam_toolbox/lib/python3.12/site-packages/slam_toolbox/srv/_toggle_interactive.py
[88.657s] -- Installing: /home/prhayogo/ros2_ws/install/slam_toolbox/lib/python3.12/site-packages/slam_toolbox/srv/_pause.py
[88.657s] -- Installing: /home/prhayogo/ros2_ws/install/slam_toolbox/lib/python3.12/site-packages/slam_toolbox/srv/_save_map.py
[88.658s] -- Installing: /home/prhayogo/ros2_ws/install/slam_toolbox/lib/python3.12/site-packages/slam_toolbox/srv/_deserialize_pose_graph.py
[88.658s] -- Installing: /home/prhayogo/ros2_ws/install/slam_toolbox/lib/python3.12/site-packages/slam_toolbox/srv/_clear_queue.py
[88.658s] -- Installing: /home/prhayogo/ros2_ws/install/slam_toolbox/lib/python3.12/site-packages/slam_toolbox/srv/_loop_closure_s.c
[88.658s] -- Installing: /home/prhayogo/ros2_ws/install/slam_toolbox/lib/python3.12/site-packages/slam_toolbox/srv/_merge_maps_s.c
[88.659s] -- Installing: /home/prhayogo/ros2_ws/install/slam_toolbox/lib/python3.12/site-packages/slam_toolbox/srv/_add_submap_s.c
[88.659s] -- Installing: /home/prhayogo/ros2_ws/install/slam_toolbox/lib/python3.12/site-packages/slam_toolbox/srv/_save_map_s.c
[88.659s] -- Installing: /home/prhayogo/ros2_ws/install/slam_toolbox/lib/python3.12/site-packages/slam_toolbox/srv/_toggle_interactive_s.c
[88.659s] -- Installing: /home/prhayogo/ros2_ws/install/slam_toolbox/lib/python3.12/site-packages/slam_toolbox/srv/_deserialize_pose_graph_s.c
[88.659s] -- Installing: /home/prhayogo/ros2_ws/install/slam_toolbox/lib/python3.12/site-packages/slam_toolbox/srv/_serialize_pose_graph.py
[88.660s] -- Installing: /home/prhayogo/ros2_ws/install/slam_toolbox/lib/python3.12/site-packages/slam_toolbox/slam_toolbox_s__rosidl_typesupport_fastrtps_c.so
[88.660s] -- Installing: /home/prhayogo/ros2_ws/install/slam_toolbox/lib/python3.12/site-packages/slam_toolbox/slam_toolbox_s__rosidl_typesupport_c.so
[88.661s] -- Installing: /home/prhayogo/ros2_ws/install/slam_toolbox/lib/python3.12/site-packages/slam_toolbox/__init__.py
[88.661s] -- Installing: /home/prhayogo/ros2_ws/install/slam_toolbox/lib/python3.12/site-packages/slam_toolbox/_slam_toolbox_s.ep.rosidl_typesupport_fastrtps_c.c
[88.662s] -- Installing: /home/prhayogo/ros2_ws/install/slam_toolbox/lib/python3.12/site-packages/slam_toolbox/_slam_toolbox_s.ep.rosidl_typesupport_c.c
[88.662s] -- Installing: /home/prhayogo/ros2_ws/install/slam_toolbox/lib/python3.12/site-packages/slam_toolbox/_slam_toolbox_s.ep.rosidl_typesupport_introspection_c.c
[88.663s] -- Installing: /home/prhayogo/ros2_ws/install/slam_toolbox/lib/python3.12/site-packages/slam_toolbox/msg
[88.663s] -- Installing: /home/prhayogo/ros2_ws/install/slam_toolbox/lib/python3.12/site-packages/slam_toolbox/msg/_pose_graph_s.c
[88.663s] -- Installing: /home/prhayogo/ros2_ws/install/slam_toolbox/lib/python3.12/site-packages/slam_toolbox/msg/_loop_closure_event.py
[88.664s] -- Installing: /home/prhayogo/ros2_ws/install/slam_toolbox/lib/python3.12/site-packages/slam_toolbox/msg/_graph_edge_s.c
[88.664s] -- Installing: /home/prhayogo/ros2_ws/install/slam_toolbox/lib/python3.12/site-packages/slam_toolbox/msg/_localized_laser_scan.py
[88.664s] -- Installing: /home/prhayogo/ros2_ws/install/slam_toolbox/lib/python3.12/site-packages/slam_toolbox/msg/_loop_closure_event_s.c
[88.664s] -- Installing: /home/prhayogo/ros2_ws/install/slam_toolbox/lib/python3.12/site-packages/slam_toolbox/msg/__init__.py
[88.664s] -- Installing: /home/prhayogo/ros2_ws/install/slam_toolbox/lib/python3.12/site-packages/slam_toolbox/msg/_pose_graph.py
[88.664s] -- Installing: /home/prhayogo/ros2_ws/install/slam_toolbox/lib/python3.12/site-packages/slam_toolbox/msg/_graph_node_s.c
[88.665s] -- Installing: /home/prhayogo/ros2_ws/install/slam_toolbox/lib/python3.12/site-packages/slam_toolbox/msg/_new_node_event_s.c
[88.665s] -- Installing: /home/prhayogo/ros2_ws/install/slam_toolbox/lib/python3.12/site-packages/slam_toolbox/msg/_new_node_event.py
[88.665s] -- Installing: /home/prhayogo/ros2_ws/install/slam_toolbox/lib/python3.12/site-packages/slam_toolbox/msg/_graph_node.py
[88.665s] -- Installing: /home/prhayogo/ros2_ws/install/slam_toolbox/lib/python3.12/site-packages/slam_toolbox/msg/_localized_laser_scan_s.c
[88.665s] -- Installing: /home/prhayogo/ros2_ws/install/slam_toolbox/lib/python3.12/site-packages/slam_toolbox/msg/_graph_edge.py
[88.725s] Listing '/home/prhayogo/ros2_ws/install/slam_toolbox/lib/python3.12/site-packages/slam_toolbox'...
[88.725s] Compiling '/home/prhayogo/ros2_ws/install/slam_toolbox/lib/python3.12/site-packages/slam_toolbox/__init__.py'...
[88.725s] Listing '/home/prhayogo/ros2_ws/install/slam_toolbox/lib/python3.12/site-packages/slam_toolbox/msg'...
[88.725s] Compiling '/home/prhayogo/ros2_ws/install/slam_toolbox/lib/python3.12/site-packages/slam_toolbox/msg/__init__.py'...
[88.725s] Compiling '/home/prhayogo/ros2_ws/install/slam_toolbox/lib/python3.12/site-packages/slam_toolbox/msg/_graph_edge.py'...
[88.725s] Compiling '/home/prhayogo/ros2_ws/install/slam_toolbox/lib/python3.12/site-packages/slam_toolbox/msg/_graph_node.py'...
[88.725s] Compiling '/home/prhayogo/ros2_ws/install/slam_toolbox/lib/python3.12/site-packages/slam_toolbox/msg/_localized_laser_scan.py'...
[88.725s] Compiling '/home/prhayogo/ros2_ws/install/slam_toolbox/lib/python3.12/site-packages/slam_toolbox/msg/_loop_closure_event.py'...
[88.725s] Compiling '/home/prhayogo/ros2_ws/install/slam_toolbox/lib/python3.12/site-packages/slam_toolbox/msg/_new_node_event.py'...
[88.726s] Compiling '/home/prhayogo/ros2_ws/install/slam_toolbox/lib/python3.12/site-packages/slam_toolbox/msg/_pose_graph.py'...
[88.726s] Listing '/home/prhayogo/ros2_ws/install/slam_toolbox/lib/python3.12/site-packages/slam_toolbox/srv'...
[88.726s] Compiling '/home/prhayogo/ros2_ws/install/slam_toolbox/lib/python3.12/site-packages/slam_toolbox/srv/__init__.py'...
[88.726s] Compiling '/home/prhayogo/ros2_ws/install/slam_toolbox/lib/python3.12/site-packages/slam_toolbox/srv/_add_submap.py'...
[88.726s] Compiling '/home/prhayogo/ros2_ws/install/slam_toolbox/lib/python3.12/site-packages/slam_toolbox/srv/_clear.py'...
[88.726s] Compiling '/home/prhayogo/ros2_ws/install/slam_toolbox/lib/python3.12/site-packages/slam_toolbox/srv/_clear_queue.py'...
[88.726s] Compiling '/home/prhayogo/ros2_ws/install/slam_toolbox/lib/python3.12/site-packages/slam_toolbox/srv/_deserialize_pose_graph.py'...
[88.726s] Compiling '/home/prhayogo/ros2_ws/install/slam_toolbox/lib/python3.12/site-packages/slam_toolbox/srv/_loop_closure.py'...
[88.726s] Compiling '/home/prhayogo/ros2_ws/install/slam_toolbox/lib/python3.12/site-packages/slam_toolbox/srv/_merge_maps.py'...
[88.726s] Compiling '/home/prhayogo/ros2_ws/install/slam_toolbox/lib/python3.12/site-packages/slam_toolbox/srv/_pause.py'...
[88.726s] Compiling '/home/prhayogo/ros2_ws/install/slam_toolbox/lib/python3.12/site-packages/slam_toolbox/srv/_reset.py'...
[88.726s] Compiling '/home/prhayogo/ros2_ws/install/slam_toolbox/lib/python3.12/site-packages/slam_toolbox/srv/_save_map.py'...
[88.726s] Compiling '/home/prhayogo/ros2_ws/install/slam_toolbox/lib/python3.12/site-packages/slam_toolbox/srv/_serialize_pose_graph.py'...
[88.726s] Compiling '/home/prhayogo/ros2_ws/install/slam_toolbox/lib/python3.12/site-packages/slam_toolbox/srv/_toggle_interactive.py'...
[88.729s] -- Installing: /home/prhayogo/ros2_ws/install/slam_toolbox/lib/python3.12/site-packages/slam_toolbox/slam_toolbox_s__rosidl_typesupport_fastrtps_c.so
[88.730s] -- Set non-toolchain portion of runtime path of "/home/prhayogo/ros2_ws/install/slam_toolbox/lib/python3.12/site-packages/slam_toolbox/slam_toolbox_s__rosidl_typesupport_fastrtps_c.so" to ""
[88.730s] -- Installing: /home/prhayogo/ros2_ws/install/slam_toolbox/lib/python3.12/site-packages/slam_toolbox/slam_toolbox_s__rosidl_typesupport_introspection_c.so
[88.730s] -- Set non-toolchain portion of runtime path of "/home/prhayogo/ros2_ws/install/slam_toolbox/lib/python3.12/site-packages/slam_toolbox/slam_toolbox_s__rosidl_typesupport_introspection_c.so" to ""
[88.731s] -- Installing: /home/prhayogo/ros2_ws/install/slam_toolbox/lib/python3.12/site-packages/slam_toolbox/slam_toolbox_s__rosidl_typesupport_c.so
[88.731s] -- Set non-toolchain portion of runtime path of "/home/prhayogo/ros2_ws/install/slam_toolbox/lib/python3.12/site-packages/slam_toolbox/slam_toolbox_s__rosidl_typesupport_c.so" to ""
[88.731s] -- Installing: /home/prhayogo/ros2_ws/install/slam_toolbox/lib/libslam_toolbox__rosidl_generator_py.so
[88.732s] -- Set non-toolchain portion of runtime path of "/home/prhayogo/ros2_ws/install/slam_toolbox/lib/libslam_toolbox__rosidl_generator_py.so" to ""
[88.732s] -- Installing: /home/prhayogo/ros2_ws/install/slam_toolbox/share/ament_index/resource_index/rust_packages/slam_toolbox
[88.732s] -- Installing: /home/prhayogo/ros2_ws/install/slam_toolbox/share/slam_toolbox/rust
[88.732s] -- Installing: /home/prhayogo/ros2_ws/install/slam_toolbox/share/slam_toolbox/rust/build.rs
[88.732s] -- Installing: /home/prhayogo/ros2_ws/install/slam_toolbox/share/slam_toolbox/rust/Cargo.toml
[88.733s] -- Installing: /home/prhayogo/ros2_ws/install/slam_toolbox/share/slam_toolbox/rust/src
[88.733s] -- Installing: /home/prhayogo/ros2_ws/install/slam_toolbox/share/slam_toolbox/rust/src/srv
[88.733s] -- Installing: /home/prhayogo/ros2_ws/install/slam_toolbox/share/slam_toolbox/rust/src/srv/rmw.rs
[88.733s] -- Installing: /home/prhayogo/ros2_ws/install/slam_toolbox/share/slam_toolbox/rust/src/srv.rs
[88.734s] -- Installing: /home/prhayogo/ros2_ws/install/slam_toolbox/share/slam_toolbox/rust/src/msg.rs
[88.734s] -- Installing: /home/prhayogo/ros2_ws/install/slam_toolbox/share/slam_toolbox/rust/src/lib.rs
[88.734s] -- Installing: /home/prhayogo/ros2_ws/install/slam_toolbox/share/slam_toolbox/rust/src/msg
[88.734s] -- Installing: /home/prhayogo/ros2_ws/install/slam_toolbox/share/slam_toolbox/rust/src/msg/rmw.rs
[88.735s] -- Installing: /home/prhayogo/ros2_ws/install/slam_toolbox/share/slam_toolbox/srv/Pause.idl
[88.735s] -- Installing: /home/prhayogo/ros2_ws/install/slam_toolbox/share/slam_toolbox/srv/Reset.idl
[88.735s] -- Installing: /home/prhayogo/ros2_ws/install/slam_toolbox/share/slam_toolbox/srv/ClearQueue.idl
[88.735s] -- Installing: /home/prhayogo/ros2_ws/install/slam_toolbox/share/slam_toolbox/srv/ToggleInteractive.idl
[88.735s] -- Installing: /home/prhayogo/ros2_ws/install/slam_toolbox/share/slam_toolbox/srv/Clear.idl
[88.736s] -- Installing: /home/prhayogo/ros2_ws/install/slam_toolbox/share/slam_toolbox/srv/SaveMap.idl
[88.736s] -- Installing: /home/prhayogo/ros2_ws/install/slam_toolbox/share/slam_toolbox/srv/LoopClosure.idl
[88.736s] -- Installing: /home/prhayogo/ros2_ws/install/slam_toolbox/share/slam_toolbox/srv/MergeMaps.idl
[88.736s] -- Installing: /home/prhayogo/ros2_ws/install/slam_toolbox/share/slam_toolbox/srv/AddSubmap.idl
[88.736s] -- Installing: /home/prhayogo/ros2_ws/install/slam_toolbox/share/slam_toolbox/srv/DeserializePoseGraph.idl
[88.737s] -- Installing: /home/prhayogo/ros2_ws/install/slam_toolbox/share/slam_toolbox/srv/SerializePoseGraph.idl
[88.737s] -- Installing: /home/prhayogo/ros2_ws/install/slam_toolbox/share/slam_toolbox/srv/Pause.srv
[88.737s] -- Installing: /home/prhayogo/ros2_ws/install/slam_toolbox/share/slam_toolbox/srv/Reset.srv
[88.737s] -- Installing: /home/prhayogo/ros2_ws/install/slam_toolbox/share/slam_toolbox/srv/ClearQueue.srv
[88.737s] -- Installing: /home/prhayogo/ros2_ws/install/slam_toolbox/share/slam_toolbox/srv/ToggleInteractive.srv
[88.738s] -- Installing: /home/prhayogo/ros2_ws/install/slam_toolbox/share/slam_toolbox/srv/Clear.srv
[88.738s] -- Installing: /home/prhayogo/ros2_ws/install/slam_toolbox/share/slam_toolbox/srv/SaveMap.srv
[88.738s] -- Installing: /home/prhayogo/ros2_ws/install/slam_toolbox/share/slam_toolbox/srv/LoopClosure.srv
[88.738s] -- Installing: /home/prhayogo/ros2_ws/install/slam_toolbox/share/slam_toolbox/srv/MergeMaps.srv
[88.738s] -- Installing: /home/prhayogo/ros2_ws/install/slam_toolbox/share/slam_toolbox/srv/AddSubmap.srv
[88.739s] -- Installing: /home/prhayogo/ros2_ws/install/slam_toolbox/share/slam_toolbox/srv/DeserializePoseGraph.srv
[88.739s] -- Installing: /home/prhayogo/ros2_ws/install/slam_toolbox/share/slam_toolbox/srv/SerializePoseGraph.srv
[88.739s] -- Installing: /home/prhayogo/ros2_ws/install/slam_toolbox/share/slam_toolbox/rviz_plugins.xml
[88.739s] -- Installing: /home/prhayogo/ros2_ws/install/slam_toolbox/share/slam_toolbox/solver_plugins.xml
[88.739s] -- Installing: /home/prhayogo/ros2_ws/install/slam_toolbox/lib/slam_toolbox/async_slam_toolbox_node
[88.740s] -- Set non-toolchain portion of runtime path of "/home/prhayogo/ros2_ws/install/slam_toolbox/lib/slam_toolbox/async_slam_toolbox_node" to ""
[88.740s] -- Installing: /home/prhayogo/ros2_ws/install/slam_toolbox/lib/slam_toolbox/sync_slam_toolbox_node
[88.741s] -- Set non-toolchain portion of runtime path of "/home/prhayogo/ros2_ws/install/slam_toolbox/lib/slam_toolbox/sync_slam_toolbox_node" to ""
[88.741s] -- Installing: /home/prhayogo/ros2_ws/install/slam_toolbox/lib/slam_toolbox/localization_slam_toolbox_node
[88.742s] -- Set non-toolchain portion of runtime path of "/home/prhayogo/ros2_ws/install/slam_toolbox/lib/slam_toolbox/localization_slam_toolbox_node" to ""
[88.742s] -- Installing: /home/prhayogo/ros2_ws/install/slam_toolbox/lib/slam_toolbox/map_and_localization_slam_toolbox_node
[88.743s] -- Set non-toolchain portion of runtime path of "/home/prhayogo/ros2_ws/install/slam_toolbox/lib/slam_toolbox/map_and_localization_slam_toolbox_node" to ""
[88.743s] -- Installing: /home/prhayogo/ros2_ws/install/slam_toolbox/lib/slam_toolbox/lifelong_slam_toolbox_node
[88.744s] -- Set non-toolchain portion of runtime path of "/home/prhayogo/ros2_ws/install/slam_toolbox/lib/slam_toolbox/lifelong_slam_toolbox_node" to ""
[88.744s] -- Installing: /home/prhayogo/ros2_ws/install/slam_toolbox/lib/slam_toolbox/merge_maps_kinematic
[88.746s] -- Set non-toolchain portion of runtime path of "/home/prhayogo/ros2_ws/install/slam_toolbox/lib/slam_toolbox/merge_maps_kinematic" to ""
[88.746s] -- Installing: /home/prhayogo/ros2_ws/install/slam_toolbox/lib/libtoolbox_common.so
[88.750s] -- Set non-toolchain portion of runtime path of "/home/prhayogo/ros2_ws/install/slam_toolbox/lib/libtoolbox_common.so" to ""
[88.750s] -- Installing: /home/prhayogo/ros2_ws/install/slam_toolbox/lib/libSlamToolboxPlugin.so
[88.751s] -- Set non-toolchain portion of runtime path of "/home/prhayogo/ros2_ws/install/slam_toolbox/lib/libSlamToolboxPlugin.so" to ""
[88.751s] -- Installing: /home/prhayogo/ros2_ws/install/slam_toolbox/lib/libceres_solver_plugin.so
[88.752s] -- Set non-toolchain portion of runtime path of "/home/prhayogo/ros2_ws/install/slam_toolbox/lib/libceres_solver_plugin.so" to ""
[88.752s] -- Installing: /home/prhayogo/ros2_ws/install/slam_toolbox/lib/libasync_slam_toolbox.so
[88.753s] -- Set non-toolchain portion of runtime path of "/home/prhayogo/ros2_ws/install/slam_toolbox/lib/libasync_slam_toolbox.so" to ""
[88.753s] -- Installing: /home/prhayogo/ros2_ws/install/slam_toolbox/lib/libsync_slam_toolbox.so
[88.754s] -- Set non-toolchain portion of runtime path of "/home/prhayogo/ros2_ws/install/slam_toolbox/lib/libsync_slam_toolbox.so" to ""
[88.755s] -- Installing: /home/prhayogo/ros2_ws/install/slam_toolbox/lib/liblocalization_slam_toolbox.so
[88.756s] -- Set non-toolchain portion of runtime path of "/home/prhayogo/ros2_ws/install/slam_toolbox/lib/liblocalization_slam_toolbox.so" to ""
[88.756s] -- Installing: /home/prhayogo/ros2_ws/install/slam_toolbox/lib/liblifelong_slam_toolbox.so
[88.757s] -- Set non-toolchain portion of runtime path of "/home/prhayogo/ros2_ws/install/slam_toolbox/lib/liblifelong_slam_toolbox.so" to ""
[88.757s] -- Installing: /home/prhayogo/ros2_ws/install/slam_toolbox/lib/libmap_and_localization_slam_toolbox.so
[88.759s] -- Set non-toolchain portion of runtime path of "/home/prhayogo/ros2_ws/install/slam_toolbox/lib/libmap_and_localization_slam_toolbox.so" to ""
[88.759s] -- Installing: /home/prhayogo/ros2_ws/install/slam_toolbox/lib/libkartoSlamToolbox.so
[88.764s] -- Set non-toolchain portion of runtime path of "/home/prhayogo/ros2_ws/install/slam_toolbox/lib/libkartoSlamToolbox.so" to ""
[88.764s] -- Up-to-date: /home/prhayogo/ros2_ws/install/slam_toolbox/lib/libSlamToolboxPlugin.so
[88.764s] -- Up-to-date: /home/prhayogo/ros2_ws/install/slam_toolbox/include
[88.765s] -- Up-to-date: /home/prhayogo/ros2_ws/install/slam_toolbox/include/slam_toolbox
[88.765s] -- Installing: /home/prhayogo/ros2_ws/install/slam_toolbox/include/slam_toolbox/slam_toolbox_localization.hpp
[88.765s] -- Installing: /home/prhayogo/ros2_ws/install/slam_toolbox/include/slam_toolbox/serialization.hpp
[88.765s] -- Installing: /home/prhayogo/ros2_ws/install/slam_toolbox/include/slam_toolbox/slam_toolbox_common.hpp
[88.765s] -- Installing: /home/prhayogo/ros2_ws/install/slam_toolbox/include/slam_toolbox/snap_utils.hpp
[88.765s] -- Installing: /home/prhayogo/ros2_ws/install/slam_toolbox/include/slam_toolbox/experimental
[88.765s] -- Installing: /home/prhayogo/ros2_ws/install/slam_toolbox/include/slam_toolbox/experimental/slam_toolbox_map_and_localization.hpp
[88.765s] -- Installing: /home/prhayogo/ros2_ws/install/slam_toolbox/include/slam_toolbox/experimental/slam_toolbox_lifelong.hpp
[88.765s] -- Installing: /home/prhayogo/ros2_ws/install/slam_toolbox/include/slam_toolbox/visualization_utils.hpp
[88.765s] -- Installing: /home/prhayogo/ros2_ws/install/slam_toolbox/include/slam_toolbox/merge_maps_kinematic.hpp
[88.765s] -- Installing: /home/prhayogo/ros2_ws/install/slam_toolbox/include/slam_toolbox/laser_utils.hpp
[88.765s] -- Installing: /home/prhayogo/ros2_ws/install/slam_toolbox/include/slam_toolbox/toolbox_msgs.hpp
[88.765s] -- Installing: /home/prhayogo/ros2_ws/install/slam_toolbox/include/slam_toolbox/slam_mapper.hpp
[88.766s] -- Installing: /home/prhayogo/ros2_ws/install/slam_toolbox/include/slam_toolbox/toolbox_types.hpp
[88.766s] -- Installing: /home/prhayogo/ros2_ws/install/slam_toolbox/include/slam_toolbox/slam_toolbox_sync.hpp
[88.766s] -- Installing: /home/prhayogo/ros2_ws/install/slam_toolbox/include/slam_toolbox/loop_closure_assistant.hpp
[88.766s] -- Installing: /home/prhayogo/ros2_ws/install/slam_toolbox/include/slam_toolbox/slam_toolbox_async.hpp
[88.766s] -- Installing: /home/prhayogo/ros2_ws/install/slam_toolbox/include/slam_toolbox/map_saver.hpp
[88.766s] -- Installing: /home/prhayogo/ros2_ws/install/slam_toolbox/include/slam_toolbox/get_pose_helper.hpp
[88.766s] -- Installing: /home/prhayogo/ros2_ws/install/slam_toolbox/share/slam_toolbox/launch
[88.766s] -- Installing: /home/prhayogo/ros2_ws/install/slam_toolbox/share/slam_toolbox/launch/online_async_launch.py
[88.766s] -- Installing: /home/prhayogo/ros2_ws/install/slam_toolbox/share/slam_toolbox/launch/online_sync_launch.py
[88.767s] -- Installing: /home/prhayogo/ros2_ws/install/slam_toolbox/share/slam_toolbox/launch/offline_launch.py
[88.767s] -- Installing: /home/prhayogo/ros2_ws/install/slam_toolbox/share/slam_toolbox/launch/localization_launch.py
[88.767s] -- Installing: /home/prhayogo/ros2_ws/install/slam_toolbox/share/slam_toolbox/launch/merge_maps_kinematic_launch.py
[88.767s] -- Installing: /home/prhayogo/ros2_ws/install/slam_toolbox/share/slam_toolbox/config
[88.767s] -- Installing: /home/prhayogo/ros2_ws/install/slam_toolbox/share/slam_toolbox/config/mapper_params_localization.yaml
[88.767s] -- Installing: /home/prhayogo/ros2_ws/install/slam_toolbox/share/slam_toolbox/config/mapper_params_online_async.yaml
[88.768s] -- Installing: /home/prhayogo/ros2_ws/install/slam_toolbox/share/slam_toolbox/config/mapper_params_online_sync.yaml
[88.768s] -- Installing: /home/prhayogo/ros2_ws/install/slam_toolbox/share/slam_toolbox/config/slam_toolbox_default.rviz
[88.768s] -- Installing: /home/prhayogo/ros2_ws/install/slam_toolbox/share/slam_toolbox/config/mapper_params_offline.yaml
[88.768s] -- Installing: /home/prhayogo/ros2_ws/install/slam_toolbox/share/slam_toolbox/config/mapper_params_lifelong.yaml
[88.768s] -- Installing: /home/prhayogo/ros2_ws/install/slam_toolbox/share/solver_plugins.xml
[88.768s] -- Installing: /home/prhayogo/ros2_ws/install/slam_toolbox/share/rviz_plugins.xml
[88.769s] -- Installing: /home/prhayogo/ros2_ws/install/slam_toolbox/share/ament_index/resource_index/package_run_dependencies/slam_toolbox
[88.769s] -- Installing: /home/prhayogo/ros2_ws/install/slam_toolbox/share/ament_index/resource_index/parent_prefix_path/slam_toolbox
[88.770s] -- Installing: /home/prhayogo/ros2_ws/install/slam_toolbox/share/slam_toolbox/environment/ament_prefix_path.sh
[88.770s] -- Installing: /home/prhayogo/ros2_ws/install/slam_toolbox/share/slam_toolbox/environment/ament_prefix_path.dsv
[88.770s] -- Installing: /home/prhayogo/ros2_ws/install/slam_toolbox/share/slam_toolbox/environment/path.sh
[88.770s] -- Installing: /home/prhayogo/ros2_ws/install/slam_toolbox/share/slam_toolbox/environment/path.dsv
[88.771s] -- Installing: /home/prhayogo/ros2_ws/install/slam_toolbox/share/slam_toolbox/local_setup.bash
[88.771s] -- Installing: /home/prhayogo/ros2_ws/install/slam_toolbox/share/slam_toolbox/local_setup.sh
[88.771s] -- Installing: /home/prhayogo/ros2_ws/install/slam_toolbox/share/slam_toolbox/local_setup.zsh
[88.771s] -- Installing: /home/prhayogo/ros2_ws/install/slam_toolbox/share/slam_toolbox/local_setup.dsv
[88.772s] -- Installing: /home/prhayogo/ros2_ws/install/slam_toolbox/share/slam_toolbox/package.dsv
[88.772s] -- Installing: /home/prhayogo/ros2_ws/install/slam_toolbox/share/ament_index/resource_index/packages/slam_toolbox
[88.772s] -- Installing: /home/prhayogo/ros2_ws/install/slam_toolbox/share/ament_index/resource_index/rclcpp_components/slam_toolbox
[88.772s] -- Installing: /home/prhayogo/ros2_ws/install/slam_toolbox/share/ament_index/resource_index/rviz_common__pluginlib__plugin/slam_toolbox
[88.773s] -- Installing: /home/prhayogo/ros2_ws/install/slam_toolbox/share/ament_index/resource_index/slam_toolbox__pluginlib__plugin/slam_toolbox
[88.773s] -- Installing: /home/prhayogo/ros2_ws/install/slam_toolbox/share/slam_toolbox/cmake/export_slam_toolbox__rosidl_generator_cExport.cmake
[88.773s] -- Installing: /home/prhayogo/ros2_ws/install/slam_toolbox/share/slam_toolbox/cmake/export_slam_toolbox__rosidl_generator_cExport-release.cmake
[88.774s] -- Installing: /home/prhayogo/ros2_ws/install/slam_toolbox/share/slam_toolbox/cmake/export_slam_toolbox__rosidl_typesupport_fastrtps_cExport.cmake
[88.774s] -- Installing: /home/prhayogo/ros2_ws/install/slam_toolbox/share/slam_toolbox/cmake/export_slam_toolbox__rosidl_typesupport_fastrtps_cExport-release.cmake
[88.774s] -- Installing: /home/prhayogo/ros2_ws/install/slam_toolbox/share/slam_toolbox/cmake/export_slam_toolbox__rosidl_generator_cppExport.cmake
[88.774s] -- Installing: /home/prhayogo/ros2_ws/install/slam_toolbox/share/slam_toolbox/cmake/export_slam_toolbox__rosidl_typesupport_fastrtps_cppExport.cmake
[88.775s] -- Installing: /home/prhayogo/ros2_ws/install/slam_toolbox/share/slam_toolbox/cmake/export_slam_toolbox__rosidl_typesupport_fastrtps_cppExport-release.cmake
[88.775s] -- Installing: /home/prhayogo/ros2_ws/install/slam_toolbox/share/slam_toolbox/cmake/slam_toolbox__rosidl_typesupport_introspection_cExport.cmake
[88.775s] -- Installing: /home/prhayogo/ros2_ws/install/slam_toolbox/share/slam_toolbox/cmake/slam_toolbox__rosidl_typesupport_introspection_cExport-release.cmake
[88.775s] -- Installing: /home/prhayogo/ros2_ws/install/slam_toolbox/share/slam_toolbox/cmake/slam_toolbox__rosidl_typesupport_cExport.cmake
[88.775s] -- Installing: /home/prhayogo/ros2_ws/install/slam_toolbox/share/slam_toolbox/cmake/slam_toolbox__rosidl_typesupport_cExport-release.cmake
[88.776s] -- Installing: /home/prhayogo/ros2_ws/install/slam_toolbox/share/slam_toolbox/cmake/slam_toolbox__rosidl_typesupport_introspection_cppExport.cmake
[88.776s] -- Installing: /home/prhayogo/ros2_ws/install/slam_toolbox/share/slam_toolbox/cmake/slam_toolbox__rosidl_typesupport_introspection_cppExport-release.cmake
[88.776s] -- Installing: /home/prhayogo/ros2_ws/install/slam_toolbox/share/slam_toolbox/cmake/slam_toolbox__rosidl_typesupport_cppExport.cmake
[88.776s] -- Installing: /home/prhayogo/ros2_ws/install/slam_toolbox/share/slam_toolbox/cmake/slam_toolbox__rosidl_typesupport_cppExport-release.cmake
[88.777s] -- Installing: /home/prhayogo/ros2_ws/install/slam_toolbox/share/slam_toolbox/cmake/export_slam_toolbox__rosidl_generator_pyExport.cmake
[88.777s] -- Installing: /home/prhayogo/ros2_ws/install/slam_toolbox/share/slam_toolbox/cmake/export_slam_toolbox__rosidl_generator_pyExport-release.cmake
[88.777s] -- Installing: /home/prhayogo/ros2_ws/install/slam_toolbox/share/slam_toolbox/cmake/SlamToolboxPluginExport.cmake
[88.777s] -- Installing: /home/prhayogo/ros2_ws/install/slam_toolbox/share/slam_toolbox/cmake/SlamToolboxPluginExport-release.cmake
[88.777s] -- Installing: /home/prhayogo/ros2_ws/install/slam_toolbox/share/slam_toolbox/cmake/rosidl_cmake-extras.cmake
[88.778s] -- Installing: /home/prhayogo/ros2_ws/install/slam_toolbox/share/slam_toolbox/cmake/ament_cmake_export_dependencies-extras.cmake
[88.778s] -- Installing: /home/prhayogo/ros2_ws/install/slam_toolbox/share/slam_toolbox/cmake/ament_cmake_export_include_directories-extras.cmake
[88.778s] -- Installing: /home/prhayogo/ros2_ws/install/slam_toolbox/share/slam_toolbox/cmake/ament_cmake_export_libraries-extras.cmake
[88.778s] -- Installing: /home/prhayogo/ros2_ws/install/slam_toolbox/share/slam_toolbox/cmake/ament_cmake_export_targets-extras.cmake
[88.779s] -- Installing: /home/prhayogo/ros2_ws/install/slam_toolbox/share/slam_toolbox/cmake/rosidl_cmake_export_typesupport_targets-extras.cmake
[88.779s] -- Installing: /home/prhayogo/ros2_ws/install/slam_toolbox/share/slam_toolbox/cmake/rosidl_cmake_export_typesupport_libraries-extras.cmake
[88.779s] -- Installing: /home/prhayogo/ros2_ws/install/slam_toolbox/share/slam_toolbox/cmake/slam_toolboxConfig.cmake
[88.779s] -- Installing: /home/prhayogo/ros2_ws/install/slam_toolbox/share/slam_toolbox/cmake/slam_toolboxConfig-version.cmake
[88.779s] -- Installing: /home/prhayogo/ros2_ws/install/slam_toolbox/share/slam_toolbox/package.xml
[88.780s] -- Up-to-date: /home/prhayogo/ros2_ws/install/slam_toolbox/include/
[88.780s] -- Installing: /home/prhayogo/ros2_ws/install/slam_toolbox/include//karto_sdk
[88.780s] -- Installing: /home/prhayogo/ros2_ws/install/slam_toolbox/include//karto_sdk/nanoflann_adaptors.h
[88.780s] -- Installing: /home/prhayogo/ros2_ws/install/slam_toolbox/include//karto_sdk/nanoflann.hpp
[88.780s] -- Installing: /home/prhayogo/ros2_ws/install/slam_toolbox/include//karto_sdk/Karto.h
[88.780s] -- Installing: /home/prhayogo/ros2_ws/install/slam_toolbox/include//karto_sdk/Math.h
[88.781s] -- Installing: /home/prhayogo/ros2_ws/install/slam_toolbox/include//karto_sdk/Mapper.h
[88.781s] -- Installing: /home/prhayogo/ros2_ws/install/slam_toolbox/include//karto_sdk/Types.h
[88.781s] -- Installing: /home/prhayogo/ros2_ws/install/slam_toolbox/include//karto_sdk/Macros.h
[88.793s] Invoked command in '/home/prhayogo/ros2_ws/build/slam_toolbox' returned '0': CMAKE_PREFIX_PATH=${CMAKE_PREFIX_PATH}:/opt/ros/jazzy DEBUGINFOD_URLS=https://debuginfod.ubuntu.com /usr/bin/cmake --install /home/prhayogo/ros2_ws/build/slam_toolbox
