[0.028s] Invoking command in '/home/prhayogo/ros2_ws/build/micro_ros_msgs': CMAKE_PREFIX_PATH=${CMAKE_PREFIX_PATH}:/opt/ros/jazzy DEBUGINFOD_URLS=https://debuginfod.ubuntu.com /usr/bin/cmake /home/prhayogo/ros2_ws/src/micro_ros_msgs -DAMENT_CMAKE_SYMLINK_INSTALL=1 -DCMAKE_INSTALL_PREFIX=/home/prhayogo/ros2_ws/install/micro_ros_msgs
[0.177s] -- The C compiler identification is GNU 13.3.0
[0.321s] -- The CXX compiler identification is GNU 13.3.0
[0.368s] -- Detecting C compiler ABI info
[0.623s] -- Detecting C compiler ABI info - done
[0.645s] -- Check for working C compiler: /usr/bin/cc - skipped
[0.646s] -- Detecting C compile features
[0.647s] -- Detecting C compile features - done
[0.670s] -- Detecting CXX compiler ABI info
[0.933s] -- Detecting CXX compiler ABI info - done
[0.956s] -- Check for working CXX compiler: /usr/bin/c++ - skipped
[0.957s] -- Detecting CXX compile features
[0.958s] -- Detecting CXX compile features - done
[0.975s] -- Found ament_cmake: 2.5.6 (/opt/ros/jazzy/share/ament_cmake/cmake)
[1.367s] -- Found Python3: /usr/bin/python3 (found version "3.12.3") found components: Interpreter 
[1.538s] -- Override CMake install command with custom implementation using symlinks instead of copying resources
[1.704s] -- Found rosidl_default_generators: 1.6.0 (/opt/ros/jazzy/share/rosidl_default_generators/cmake)
[1.730s] -- Using all available rosidl_typesupport_c: rosidl_typesupport_fastrtps_c;rosidl_typesupport_introspection_c
[1.931s] -- Using all available rosidl_typesupport_cpp: rosidl_typesupport_fastrtps_cpp;rosidl_typesupport_introspection_cpp
[2.111s] -- Found rosidl_adapter: 4.6.7 (/opt/ros/jazzy/share/rosidl_adapter/cmake)
[2.126s] -- Found ament_lint_auto: 0.17.5 (/opt/ros/jazzy/share/ament_lint_auto/cmake)
[3.583s] -- Found ament_cmake_ros: 0.12.0 (/opt/ros/jazzy/share/ament_cmake_ros/cmake)
[4.596s] -- Using all available rosidl_typesupport_c: rosidl_typesupport_fastrtps_c;rosidl_typesupport_introspection_c
[5.918s] -- Using all available rosidl_typesupport_cpp: rosidl_typesupport_fastrtps_cpp;rosidl_typesupport_introspection_cpp
[5.932s] -- Found python_cmake_module: 0.11.1 (/opt/ros/jazzy/share/python_cmake_module/cmake)
[6.256s] -- Found PythonExtra: /usr/bin/python3  
[7.294s] -- Found Python3: /usr/bin/python3 (found version "3.12.3") found components: Interpreter Development NumPy Development.Module Development.Embed 
[7.443s] -- Found Python3: /usr/bin/python3 (found version "3.12.3") found components: Interpreter 
[7.456s] -- Added test 'copyright' to check source files copyright and LICENSE
[7.475s] -- Added test 'lint_cmake' to check CMake code style
[7.488s] -- Added test 'xmllint' to check XML markup files
[7.503s] -- Configuring done (7.4s)
[7.583s] -- Generating done (0.1s)
[7.606s] -- Build files have been written to: /home/prhayogo/ros2_ws/build/micro_ros_msgs
[7.620s] Invoked command in '/home/prhayogo/ros2_ws/build/micro_ros_msgs' returned '0': CMAKE_PREFIX_PATH=${CMAKE_PREFIX_PATH}:/opt/ros/jazzy DEBUGINFOD_URLS=https://debuginfod.ubuntu.com /usr/bin/cmake /home/prhayogo/ros2_ws/src/micro_ros_msgs -DAMENT_CMAKE_SYMLINK_INSTALL=1 -DCMAKE_INSTALL_PREFIX=/home/prhayogo/ros2_ws/install/micro_ros_msgs
[7.623s] Invoking command in '/home/prhayogo/ros2_ws/build/micro_ros_msgs': CMAKE_PREFIX_PATH=${CMAKE_PREFIX_PATH}:/opt/ros/jazzy DEBUGINFOD_URLS=https://debuginfod.ubuntu.com /usr/bin/cmake --build /home/prhayogo/ros2_ws/build/micro_ros_msgs -- -j16 -l16
[7.748s] [  1%] [34m[1mGenerating type hashes for ROS interfaces[0m
[7.749s] [  3%] [34m[1mGenerating Rust code for ROS interfaces[0m
[7.772s] [  3%] Built target ament_cmake_python_symlink_micro_ros_msgs
[8.166s] running egg_info
[8.169s] creating micro_ros_msgs.egg-info
[8.188s] [  3%] Built target micro_ros_msgs__rosidl_generator_type_description
[8.208s] writing micro_ros_msgs.egg-info/PKG-INFO
[8.208s] writing dependency_links to micro_ros_msgs.egg-info/dependency_links.txt
[8.209s] writing top-level names to micro_ros_msgs.egg-info/top_level.txt
[8.209s] writing manifest file 'micro_ros_msgs.egg-info/SOURCES.txt'
[8.212s] [  5%] [34m[1mGenerating C code for ROS interfaces[0m
[8.220s] [  5%] Built target micro_ros_msgs__rs
[8.233s] [  7%] [34m[1mGenerating C++ code for ROS interfaces[0m
[8.321s] reading manifest file 'micro_ros_msgs.egg-info/SOURCES.txt'
[8.322s] writing manifest file 'micro_ros_msgs.egg-info/SOURCES.txt'
[8.369s] [  7%] Built target ament_cmake_python_build_micro_ros_msgs_egg
[8.693s] [  7%] Built target micro_ros_msgs__cpp
[8.766s] [ 14%] [32mBuilding C object CMakeFiles/micro_ros_msgs__rosidl_generator_c.dir/rosidl_generator_c/micro_ros_msgs/msg/detail/graph__type_support.c.o[0m
[8.766s] [ 14%] [32mBuilding C object CMakeFiles/micro_ros_msgs__rosidl_generator_c.dir/rosidl_generator_c/micro_ros_msgs/msg/detail/node__description.c.o[0m
[8.766s] [ 14%] [32mBuilding C object CMakeFiles/micro_ros_msgs__rosidl_generator_c.dir/rosidl_generator_c/micro_ros_msgs/msg/detail/graph__description.c.o[0m
[8.766s] [ 20%] [32mBuilding C object CMakeFiles/micro_ros_msgs__rosidl_generator_c.dir/rosidl_generator_c/micro_ros_msgs/msg/detail/entity__functions.c.o[0m
[8.767s] [ 14%] [32mBuilding C object CMakeFiles/micro_ros_msgs__rosidl_generator_c.dir/rosidl_generator_c/micro_ros_msgs/msg/detail/node__type_support.c.o[0m
[8.767s] [ 20%] [32mBuilding C object CMakeFiles/micro_ros_msgs__rosidl_generator_c.dir/rosidl_generator_c/micro_ros_msgs/msg/detail/node__functions.c.o[0m
[8.767s] [ 20%] [32mBuilding C object CMakeFiles/micro_ros_msgs__rosidl_generator_c.dir/rosidl_generator_c/micro_ros_msgs/msg/detail/entity__description.c.o[0m
[8.768s] [ 21%] [32mBuilding C object CMakeFiles/micro_ros_msgs__rosidl_generator_c.dir/rosidl_generator_c/micro_ros_msgs/msg/detail/graph__functions.c.o[0m
[8.769s] [ 23%] [32mBuilding C object CMakeFiles/micro_ros_msgs__rosidl_generator_c.dir/rosidl_generator_c/micro_ros_msgs/msg/detail/entity__type_support.c.o[0m
[8.834s] [ 25%] [32m[1mLinking C shared library libmicro_ros_msgs__rosidl_generator_c.so[0m
[8.892s] [ 25%] Built target micro_ros_msgs__rosidl_generator_c
[8.908s] [ 34%] [34m[1mGenerating C++ type support dispatch for ROS interfaces[0m
[8.908s] [ 34%] [34m[1mGenerating C++ introspection for ROS interfaces[0m
[8.909s] [ 34%] [34m[1mGenerating C introspection for ROS interfaces[0m
[8.909s] [ 34%] [34m[1mGenerating C type support for eProsima Fast-RTPS[0m
[8.909s] [ 34%] [34m[1mGenerating C++ type support for eProsima Fast-RTPS[0m
[8.909s] [ 36%] [34m[1mGenerating C type support dispatch for ROS interfaces[0m
[9.239s] [ 41%] [32mBuilding CXX object CMakeFiles/micro_ros_msgs__rosidl_typesupport_c.dir/rosidl_typesupport_c/micro_ros_msgs/msg/entity__type_support.cpp.o[0m
[9.239s] [ 41%] [32mBuilding CXX object CMakeFiles/micro_ros_msgs__rosidl_typesupport_c.dir/rosidl_typesupport_c/micro_ros_msgs/msg/graph__type_support.cpp.o[0m
[9.239s] [ 41%] [32mBuilding CXX object CMakeFiles/micro_ros_msgs__rosidl_typesupport_c.dir/rosidl_typesupport_c/micro_ros_msgs/msg/node__type_support.cpp.o[0m
[9.240s] [ 43%] [32mBuilding CXX object CMakeFiles/micro_ros_msgs__rosidl_typesupport_cpp.dir/rosidl_typesupport_cpp/micro_ros_msgs/msg/node__type_support.cpp.o[0m
[9.240s] [ 45%] [32mBuilding CXX object CMakeFiles/micro_ros_msgs__rosidl_typesupport_cpp.dir/rosidl_typesupport_cpp/micro_ros_msgs/msg/graph__type_support.cpp.o[0m
[9.240s] [ 47%] [32mBuilding CXX object CMakeFiles/micro_ros_msgs__rosidl_typesupport_cpp.dir/rosidl_typesupport_cpp/micro_ros_msgs/msg/entity__type_support.cpp.o[0m
[9.271s] [ 49%] [32mBuilding C object CMakeFiles/micro_ros_msgs__rosidl_typesupport_introspection_c.dir/rosidl_typesupport_introspection_c/micro_ros_msgs/msg/detail/graph__type_support.c.o[0m
[9.276s] [ 52%] [32mBuilding C object CMakeFiles/micro_ros_msgs__rosidl_typesupport_introspection_c.dir/rosidl_typesupport_introspection_c/micro_ros_msgs/msg/detail/node__type_support.c.o[0m
[9.276s] [ 52%] [32mBuilding C object CMakeFiles/micro_ros_msgs__rosidl_typesupport_introspection_c.dir/rosidl_typesupport_introspection_c/micro_ros_msgs/msg/detail/entity__type_support.c.o[0m
[9.291s] [ 54%] [32mBuilding CXX object CMakeFiles/micro_ros_msgs__rosidl_typesupport_introspection_cpp.dir/rosidl_typesupport_introspection_cpp/micro_ros_msgs/msg/detail/node__type_support.cpp.o[0m
[9.292s] [ 56%] [32mBuilding CXX object CMakeFiles/micro_ros_msgs__rosidl_typesupport_introspection_cpp.dir/rosidl_typesupport_introspection_cpp/micro_ros_msgs/msg/detail/entity__type_support.cpp.o[0m
[9.295s] [ 58%] [32mBuilding CXX object CMakeFiles/micro_ros_msgs__rosidl_typesupport_introspection_cpp.dir/rosidl_typesupport_introspection_cpp/micro_ros_msgs/msg/detail/graph__type_support.cpp.o[0m
[9.308s] [ 60%] [32m[1mLinking CXX shared library libmicro_ros_msgs__rosidl_typesupport_c.so[0m
[9.341s] [ 61%] [32mBuilding CXX object CMakeFiles/micro_ros_msgs__rosidl_typesupport_fastrtps_cpp.dir/rosidl_typesupport_fastrtps_cpp/micro_ros_msgs/msg/detail/dds_fastrtps/graph__type_support.cpp.o[0m
[9.342s] [ 63%] [32mBuilding CXX object CMakeFiles/micro_ros_msgs__rosidl_typesupport_fastrtps_cpp.dir/rosidl_typesupport_fastrtps_cpp/micro_ros_msgs/msg/detail/dds_fastrtps/node__type_support.cpp.o[0m
[9.343s] [ 67%] [32mBuilding CXX object CMakeFiles/micro_ros_msgs__rosidl_typesupport_fastrtps_cpp.dir/rosidl_typesupport_fastrtps_cpp/micro_ros_msgs/msg/detail/dds_fastrtps/entity__type_support.cpp.o[0m
[9.344s] [ 67%] [32m[1mLinking C shared library libmicro_ros_msgs__rosidl_typesupport_introspection_c.so[0m
[9.364s] [ 70%] [32mBuilding CXX object CMakeFiles/micro_ros_msgs__rosidl_typesupport_fastrtps_c.dir/rosidl_typesupport_fastrtps_c/micro_ros_msgs/msg/detail/graph__type_support_c.cpp.o[0m
[9.364s] [ 70%] [32mBuilding CXX object CMakeFiles/micro_ros_msgs__rosidl_typesupport_fastrtps_c.dir/rosidl_typesupport_fastrtps_c/micro_ros_msgs/msg/detail/node__type_support_c.cpp.o[0m
[9.365s] [ 72%] [32mBuilding CXX object CMakeFiles/micro_ros_msgs__rosidl_typesupport_fastrtps_c.dir/rosidl_typesupport_fastrtps_c/micro_ros_msgs/msg/detail/entity__type_support_c.cpp.o[0m
[9.389s] [ 72%] Built target micro_ros_msgs__rosidl_typesupport_c
[9.407s] [ 72%] Built target micro_ros_msgs__rosidl_typesupport_introspection_c
[9.705s] [ 74%] [32m[1mLinking CXX shared library libmicro_ros_msgs__rosidl_typesupport_cpp.so[0m
[9.780s] [ 74%] Built target micro_ros_msgs__rosidl_typesupport_cpp
[9.844s] [ 76%] [32m[1mLinking CXX shared library libmicro_ros_msgs__rosidl_typesupport_introspection_cpp.so[0m
[9.940s] [ 76%] Built target micro_ros_msgs__rosidl_typesupport_introspection_cpp
[9.948s] [ 78%] [32m[1mLinking CXX shared library libmicro_ros_msgs__rosidl_typesupport_fastrtps_c.so[0m
[9.983s] [ 80%] [32m[1mLinking CXX shared library libmicro_ros_msgs__rosidl_typesupport_fastrtps_cpp.so[0m
[10.026s] [ 80%] Built target micro_ros_msgs__rosidl_typesupport_fastrtps_c
[10.062s] [ 80%] Built target micro_ros_msgs__rosidl_typesupport_fastrtps_cpp
[10.087s] [ 80%] Built target micro_ros_msgs
[10.113s] [ 81%] [34m[1mGenerating Python code for ROS interfaces[0m
[10.445s] [ 81%] Built target micro_ros_msgs__py
[10.470s] [ 85%] [32mBuilding C object CMakeFiles/micro_ros_msgs__rosidl_generator_py.dir/rosidl_generator_py/micro_ros_msgs/msg/_entity_s.c.o[0m
[10.470s] [ 85%] [32mBuilding C object CMakeFiles/micro_ros_msgs__rosidl_generator_py.dir/rosidl_generator_py/micro_ros_msgs/msg/_graph_s.c.o[0m
[10.470s] [ 87%] [32mBuilding C object CMakeFiles/micro_ros_msgs__rosidl_generator_py.dir/rosidl_generator_py/micro_ros_msgs/msg/_node_s.c.o[0m
[10.571s] [ 89%] [32m[1mLinking C shared library libmicro_ros_msgs__rosidl_generator_py.so[0m
[10.616s] [ 89%] Built target micro_ros_msgs__rosidl_generator_py
[10.639s] [ 94%] [32mBuilding C object CMakeFiles/micro_ros_msgs_s__rosidl_typesupport_introspection_c.dir/rosidl_generator_py/micro_ros_msgs/_micro_ros_msgs_s.ep.rosidl_typesupport_introspection_c.c.o[0m
[10.640s] [ 94%] [32mBuilding C object CMakeFiles/micro_ros_msgs_s__rosidl_typesupport_c.dir/rosidl_generator_py/micro_ros_msgs/_micro_ros_msgs_s.ep.rosidl_typesupport_c.c.o[0m
[10.640s] [ 94%] [32mBuilding C object CMakeFiles/micro_ros_msgs_s__rosidl_typesupport_fastrtps_c.dir/rosidl_generator_py/micro_ros_msgs/_micro_ros_msgs_s.ep.rosidl_typesupport_fastrtps_c.c.o[0m
[10.726s] [ 98%] [32m[1mLinking C shared module rosidl_generator_py/micro_ros_msgs/micro_ros_msgs_s__rosidl_typesupport_c.so[0m
[10.726s] [ 98%] [32m[1mLinking C shared module rosidl_generator_py/micro_ros_msgs/micro_ros_msgs_s__rosidl_typesupport_introspection_c.so[0m
[10.730s] [100%] [32m[1mLinking C shared module rosidl_generator_py/micro_ros_msgs/micro_ros_msgs_s__rosidl_typesupport_fastrtps_c.so[0m
[10.761s] [100%] Built target micro_ros_msgs_s__rosidl_typesupport_c
[10.761s] [100%] Built target micro_ros_msgs_s__rosidl_typesupport_introspection_c
[10.764s] [100%] Built target micro_ros_msgs_s__rosidl_typesupport_fastrtps_c
[10.780s] Invoked command in '/home/prhayogo/ros2_ws/build/micro_ros_msgs' returned '0': CMAKE_PREFIX_PATH=${CMAKE_PREFIX_PATH}:/opt/ros/jazzy DEBUGINFOD_URLS=https://debuginfod.ubuntu.com /usr/bin/cmake --build /home/prhayogo/ros2_ws/build/micro_ros_msgs -- -j16 -l16
[10.791s] Invoking command in '/home/prhayogo/ros2_ws/build/micro_ros_msgs': CMAKE_PREFIX_PATH=${CMAKE_PREFIX_PATH}:/opt/ros/jazzy DEBUGINFOD_URLS=https://debuginfod.ubuntu.com /usr/bin/cmake --install /home/prhayogo/ros2_ws/build/micro_ros_msgs
[10.801s] -- Install configuration: ""
[10.802s] -- Execute custom install script
[10.802s] -- Up-to-date symlink: /home/prhayogo/ros2_ws/install/micro_ros_msgs/share/ament_index/resource_index/rosidl_interfaces/micro_ros_msgs
[10.802s] -- Up-to-date symlink: /home/prhayogo/ros2_ws/install/micro_ros_msgs/share/micro_ros_msgs/msg/Graph.json
[10.802s] -- Up-to-date symlink: /home/prhayogo/ros2_ws/install/micro_ros_msgs/share/micro_ros_msgs/msg/Node.json
[10.802s] -- Up-to-date symlink: /home/prhayogo/ros2_ws/install/micro_ros_msgs/share/micro_ros_msgs/msg/Entity.json
[10.803s] -- Up-to-date symlink: /home/prhayogo/ros2_ws/install/micro_ros_msgs/include/micro_ros_msgs/micro_ros_msgs/msg/detail/entity__functions.h
[10.803s] -- Up-to-date symlink: /home/prhayogo/ros2_ws/install/micro_ros_msgs/include/micro_ros_msgs/micro_ros_msgs/msg/detail/entity__struct.h
[10.803s] -- Up-to-date symlink: /home/prhayogo/ros2_ws/install/micro_ros_msgs/include/micro_ros_msgs/micro_ros_msgs/msg/detail/entity__type_support.h
[10.803s] -- Up-to-date symlink: /home/prhayogo/ros2_ws/install/micro_ros_msgs/include/micro_ros_msgs/micro_ros_msgs/msg/detail/graph__functions.h
[10.803s] -- Up-to-date symlink: /home/prhayogo/ros2_ws/install/micro_ros_msgs/include/micro_ros_msgs/micro_ros_msgs/msg/detail/graph__struct.h
[10.803s] -- Up-to-date symlink: /home/prhayogo/ros2_ws/install/micro_ros_msgs/include/micro_ros_msgs/micro_ros_msgs/msg/detail/graph__type_support.h
[10.803s] -- Up-to-date symlink: /home/prhayogo/ros2_ws/install/micro_ros_msgs/include/micro_ros_msgs/micro_ros_msgs/msg/detail/node__functions.h
[10.803s] -- Up-to-date symlink: /home/prhayogo/ros2_ws/install/micro_ros_msgs/include/micro_ros_msgs/micro_ros_msgs/msg/detail/node__struct.h
[10.803s] -- Up-to-date symlink: /home/prhayogo/ros2_ws/install/micro_ros_msgs/include/micro_ros_msgs/micro_ros_msgs/msg/detail/node__type_support.h
[10.803s] -- Up-to-date symlink: /home/prhayogo/ros2_ws/install/micro_ros_msgs/include/micro_ros_msgs/micro_ros_msgs/msg/entity.h
[10.804s] -- Up-to-date symlink: /home/prhayogo/ros2_ws/install/micro_ros_msgs/include/micro_ros_msgs/micro_ros_msgs/msg/graph.h
[10.804s] -- Up-to-date symlink: /home/prhayogo/ros2_ws/install/micro_ros_msgs/include/micro_ros_msgs/micro_ros_msgs/msg/node.h
[10.804s] -- Up-to-date symlink: /home/prhayogo/ros2_ws/install/micro_ros_msgs/include/micro_ros_msgs/micro_ros_msgs/msg/rosidl_generator_c__visibility_control.h
[10.804s] -- Up-to-date symlink: /home/prhayogo/ros2_ws/install/micro_ros_msgs/share/micro_ros_msgs/environment/library_path.sh
[10.804s] -- Up-to-date symlink: /home/prhayogo/ros2_ws/install/micro_ros_msgs/share/micro_ros_msgs/environment/library_path.dsv
[10.804s] -- Up-to-date symlink: /home/prhayogo/ros2_ws/install/micro_ros_msgs/include/micro_ros_msgs/micro_ros_msgs/msg/detail/entity__rosidl_typesupport_fastrtps_c.h
[10.805s] -- Up-to-date symlink: /home/prhayogo/ros2_ws/install/micro_ros_msgs/include/micro_ros_msgs/micro_ros_msgs/msg/detail/graph__rosidl_typesupport_fastrtps_c.h
[10.805s] -- Up-to-date symlink: /home/prhayogo/ros2_ws/install/micro_ros_msgs/include/micro_ros_msgs/micro_ros_msgs/msg/detail/node__rosidl_typesupport_fastrtps_c.h
[10.805s] -- Up-to-date symlink: /home/prhayogo/ros2_ws/install/micro_ros_msgs/include/micro_ros_msgs/micro_ros_msgs/msg/rosidl_typesupport_fastrtps_c__visibility_control.h
[10.805s] -- Up-to-date symlink: /home/prhayogo/ros2_ws/install/micro_ros_msgs/include/micro_ros_msgs/micro_ros_msgs/msg/detail/entity__rosidl_typesupport_introspection_c.h
[10.805s] -- Up-to-date symlink: /home/prhayogo/ros2_ws/install/micro_ros_msgs/include/micro_ros_msgs/micro_ros_msgs/msg/detail/graph__rosidl_typesupport_introspection_c.h
[10.805s] -- Up-to-date symlink: /home/prhayogo/ros2_ws/install/micro_ros_msgs/include/micro_ros_msgs/micro_ros_msgs/msg/detail/node__rosidl_typesupport_introspection_c.h
[10.805s] -- Up-to-date symlink: /home/prhayogo/ros2_ws/install/micro_ros_msgs/include/micro_ros_msgs/micro_ros_msgs/msg/rosidl_typesupport_introspection_c__visibility_control.h
[10.806s] -- Up-to-date symlink: /home/prhayogo/ros2_ws/install/micro_ros_msgs/include/micro_ros_msgs/micro_ros_msgs/msg/detail/entity__builder.hpp
[10.806s] -- Up-to-date symlink: /home/prhayogo/ros2_ws/install/micro_ros_msgs/include/micro_ros_msgs/micro_ros_msgs/msg/detail/entity__struct.hpp
[10.806s] -- Up-to-date symlink: /home/prhayogo/ros2_ws/install/micro_ros_msgs/include/micro_ros_msgs/micro_ros_msgs/msg/detail/entity__traits.hpp
[10.806s] -- Up-to-date symlink: /home/prhayogo/ros2_ws/install/micro_ros_msgs/include/micro_ros_msgs/micro_ros_msgs/msg/detail/entity__type_support.hpp
[10.806s] -- Up-to-date symlink: /home/prhayogo/ros2_ws/install/micro_ros_msgs/include/micro_ros_msgs/micro_ros_msgs/msg/detail/graph__builder.hpp
[10.806s] -- Up-to-date symlink: /home/prhayogo/ros2_ws/install/micro_ros_msgs/include/micro_ros_msgs/micro_ros_msgs/msg/detail/graph__struct.hpp
[10.806s] -- Up-to-date symlink: /home/prhayogo/ros2_ws/install/micro_ros_msgs/include/micro_ros_msgs/micro_ros_msgs/msg/detail/graph__traits.hpp
[10.806s] -- Up-to-date symlink: /home/prhayogo/ros2_ws/install/micro_ros_msgs/include/micro_ros_msgs/micro_ros_msgs/msg/detail/graph__type_support.hpp
[10.806s] -- Up-to-date symlink: /home/prhayogo/ros2_ws/install/micro_ros_msgs/include/micro_ros_msgs/micro_ros_msgs/msg/detail/node__builder.hpp
[10.806s] -- Up-to-date symlink: /home/prhayogo/ros2_ws/install/micro_ros_msgs/include/micro_ros_msgs/micro_ros_msgs/msg/detail/node__struct.hpp
[10.807s] -- Up-to-date symlink: /home/prhayogo/ros2_ws/install/micro_ros_msgs/include/micro_ros_msgs/micro_ros_msgs/msg/detail/node__traits.hpp
[10.807s] -- Up-to-date symlink: /home/prhayogo/ros2_ws/install/micro_ros_msgs/include/micro_ros_msgs/micro_ros_msgs/msg/detail/node__type_support.hpp
[10.807s] -- Up-to-date symlink: /home/prhayogo/ros2_ws/install/micro_ros_msgs/include/micro_ros_msgs/micro_ros_msgs/msg/entity.hpp
[10.807s] -- Up-to-date symlink: /home/prhayogo/ros2_ws/install/micro_ros_msgs/include/micro_ros_msgs/micro_ros_msgs/msg/graph.hpp
[10.807s] -- Up-to-date symlink: /home/prhayogo/ros2_ws/install/micro_ros_msgs/include/micro_ros_msgs/micro_ros_msgs/msg/node.hpp
[10.807s] -- Up-to-date symlink: /home/prhayogo/ros2_ws/install/micro_ros_msgs/include/micro_ros_msgs/micro_ros_msgs/msg/rosidl_generator_cpp__visibility_control.hpp
[10.807s] -- Up-to-date symlink: /home/prhayogo/ros2_ws/install/micro_ros_msgs/include/micro_ros_msgs/micro_ros_msgs/msg/detail/entity__rosidl_typesupport_fastrtps_cpp.hpp
[10.807s] -- Up-to-date symlink: /home/prhayogo/ros2_ws/install/micro_ros_msgs/include/micro_ros_msgs/micro_ros_msgs/msg/detail/graph__rosidl_typesupport_fastrtps_cpp.hpp
[10.808s] -- Up-to-date symlink: /home/prhayogo/ros2_ws/install/micro_ros_msgs/include/micro_ros_msgs/micro_ros_msgs/msg/detail/node__rosidl_typesupport_fastrtps_cpp.hpp
[10.808s] -- Up-to-date symlink: /home/prhayogo/ros2_ws/install/micro_ros_msgs/include/micro_ros_msgs/micro_ros_msgs/msg/rosidl_typesupport_fastrtps_cpp__visibility_control.h
[10.808s] -- Up-to-date symlink: /home/prhayogo/ros2_ws/install/micro_ros_msgs/include/micro_ros_msgs/micro_ros_msgs/msg/detail/entity__rosidl_typesupport_introspection_cpp.hpp
[10.808s] -- Up-to-date symlink: /home/prhayogo/ros2_ws/install/micro_ros_msgs/include/micro_ros_msgs/micro_ros_msgs/msg/detail/graph__rosidl_typesupport_introspection_cpp.hpp
[10.808s] -- Up-to-date symlink: /home/prhayogo/ros2_ws/install/micro_ros_msgs/include/micro_ros_msgs/micro_ros_msgs/msg/detail/node__rosidl_typesupport_introspection_cpp.hpp
[10.808s] -- Up-to-date symlink: /home/prhayogo/ros2_ws/install/micro_ros_msgs/share/micro_ros_msgs/environment/pythonpath.sh
[10.808s] -- Up-to-date symlink: /home/prhayogo/ros2_ws/install/micro_ros_msgs/share/micro_ros_msgs/environment/pythonpath.dsv
[10.809s] -- Up-to-date symlink: /home/prhayogo/ros2_ws/install/micro_ros_msgs/lib/python3.12/site-packages/micro_ros_msgs-5.0.2-py3.12.egg-info/PKG-INFO
[10.809s] -- Up-to-date symlink: /home/prhayogo/ros2_ws/install/micro_ros_msgs/lib/python3.12/site-packages/micro_ros_msgs-5.0.2-py3.12.egg-info/SOURCES.txt
[10.809s] -- Up-to-date symlink: /home/prhayogo/ros2_ws/install/micro_ros_msgs/lib/python3.12/site-packages/micro_ros_msgs-5.0.2-py3.12.egg-info/dependency_links.txt
[10.809s] -- Up-to-date symlink: /home/prhayogo/ros2_ws/install/micro_ros_msgs/lib/python3.12/site-packages/micro_ros_msgs-5.0.2-py3.12.egg-info/top_level.txt
[10.809s] -- Up-to-date symlink: /home/prhayogo/ros2_ws/install/micro_ros_msgs/lib/python3.12/site-packages/micro_ros_msgs/__init__.py
[10.809s] -- Up-to-date symlink: /home/prhayogo/ros2_ws/install/micro_ros_msgs/lib/python3.12/site-packages/micro_ros_msgs/_micro_ros_msgs_s.ep.rosidl_typesupport_c.c
[10.809s] -- Up-to-date symlink: /home/prhayogo/ros2_ws/install/micro_ros_msgs/lib/python3.12/site-packages/micro_ros_msgs/_micro_ros_msgs_s.ep.rosidl_typesupport_fastrtps_c.c
[10.810s] -- Up-to-date symlink: /home/prhayogo/ros2_ws/install/micro_ros_msgs/lib/python3.12/site-packages/micro_ros_msgs/_micro_ros_msgs_s.ep.rosidl_typesupport_introspection_c.c
[10.810s] -- Up-to-date symlink: /home/prhayogo/ros2_ws/install/micro_ros_msgs/lib/python3.12/site-packages/micro_ros_msgs/micro_ros_msgs_s__rosidl_typesupport_c.so
[10.810s] -- Up-to-date symlink: /home/prhayogo/ros2_ws/install/micro_ros_msgs/lib/python3.12/site-packages/micro_ros_msgs/micro_ros_msgs_s__rosidl_typesupport_fastrtps_c.so
[10.810s] -- Up-to-date symlink: /home/prhayogo/ros2_ws/install/micro_ros_msgs/lib/python3.12/site-packages/micro_ros_msgs/micro_ros_msgs_s__rosidl_typesupport_introspection_c.so
[10.810s] -- Up-to-date symlink: /home/prhayogo/ros2_ws/install/micro_ros_msgs/lib/python3.12/site-packages/micro_ros_msgs/msg/__init__.py
[10.810s] -- Up-to-date symlink: /home/prhayogo/ros2_ws/install/micro_ros_msgs/lib/python3.12/site-packages/micro_ros_msgs/msg/_entity.py
[10.810s] -- Up-to-date symlink: /home/prhayogo/ros2_ws/install/micro_ros_msgs/lib/python3.12/site-packages/micro_ros_msgs/msg/_entity_s.c
[10.810s] -- Up-to-date symlink: /home/prhayogo/ros2_ws/install/micro_ros_msgs/lib/python3.12/site-packages/micro_ros_msgs/msg/_graph.py
[10.810s] -- Up-to-date symlink: /home/prhayogo/ros2_ws/install/micro_ros_msgs/lib/python3.12/site-packages/micro_ros_msgs/msg/_graph_s.c
[10.810s] -- Up-to-date symlink: /home/prhayogo/ros2_ws/install/micro_ros_msgs/lib/python3.12/site-packages/micro_ros_msgs/msg/_node.py
[10.810s] -- Up-to-date symlink: /home/prhayogo/ros2_ws/install/micro_ros_msgs/lib/python3.12/site-packages/micro_ros_msgs/msg/_node_s.c
[10.811s] -- Up-to-date symlink: /home/prhayogo/ros2_ws/install/micro_ros_msgs/lib/python3.12/site-packages/micro_ros_msgs/micro_ros_msgs_s__rosidl_typesupport_fastrtps_c.so
[10.811s] -- Up-to-date symlink: /home/prhayogo/ros2_ws/install/micro_ros_msgs/lib/python3.12/site-packages/micro_ros_msgs/micro_ros_msgs_s__rosidl_typesupport_introspection_c.so
[10.811s] -- Up-to-date symlink: /home/prhayogo/ros2_ws/install/micro_ros_msgs/lib/python3.12/site-packages/micro_ros_msgs/micro_ros_msgs_s__rosidl_typesupport_c.so
[10.811s] -- Up-to-date symlink: /home/prhayogo/ros2_ws/install/micro_ros_msgs/share/ament_index/resource_index/rust_packages/micro_ros_msgs
[10.811s] -- Up-to-date symlink: /home/prhayogo/ros2_ws/install/micro_ros_msgs/share/micro_ros_msgs/rust/Cargo.toml
[10.811s] -- Up-to-date symlink: /home/prhayogo/ros2_ws/install/micro_ros_msgs/share/micro_ros_msgs/rust/build.rs
[10.812s] -- Up-to-date symlink: /home/prhayogo/ros2_ws/install/micro_ros_msgs/share/micro_ros_msgs/rust/src/lib.rs
[10.812s] -- Up-to-date symlink: /home/prhayogo/ros2_ws/install/micro_ros_msgs/share/micro_ros_msgs/rust/src/msg.rs
[10.812s] -- Up-to-date symlink: /home/prhayogo/ros2_ws/install/micro_ros_msgs/share/micro_ros_msgs/rust/src/msg/rmw.rs
[10.812s] -- Up-to-date symlink: /home/prhayogo/ros2_ws/install/micro_ros_msgs/share/micro_ros_msgs/msg/Graph.idl
[10.812s] -- Up-to-date symlink: /home/prhayogo/ros2_ws/install/micro_ros_msgs/share/micro_ros_msgs/msg/Node.idl
[10.812s] -- Up-to-date symlink: /home/prhayogo/ros2_ws/install/micro_ros_msgs/share/micro_ros_msgs/msg/Entity.idl
[10.812s] -- Up-to-date symlink: /home/prhayogo/ros2_ws/install/micro_ros_msgs/share/micro_ros_msgs/msg/Graph.msg
[10.812s] -- Up-to-date symlink: /home/prhayogo/ros2_ws/install/micro_ros_msgs/share/micro_ros_msgs/msg/Node.msg
[10.812s] -- Up-to-date symlink: /home/prhayogo/ros2_ws/install/micro_ros_msgs/share/micro_ros_msgs/msg/Entity.msg
[10.813s] -- Up-to-date symlink: /home/prhayogo/ros2_ws/install/micro_ros_msgs/share/ament_index/resource_index/package_run_dependencies/micro_ros_msgs
[10.813s] -- Up-to-date symlink: /home/prhayogo/ros2_ws/install/micro_ros_msgs/share/ament_index/resource_index/parent_prefix_path/micro_ros_msgs
[10.813s] -- Up-to-date symlink: /home/prhayogo/ros2_ws/install/micro_ros_msgs/share/micro_ros_msgs/environment/ament_prefix_path.sh
[10.813s] -- Up-to-date symlink: /home/prhayogo/ros2_ws/install/micro_ros_msgs/share/micro_ros_msgs/environment/ament_prefix_path.dsv
[10.813s] -- Up-to-date symlink: /home/prhayogo/ros2_ws/install/micro_ros_msgs/share/micro_ros_msgs/environment/path.sh
[10.813s] -- Up-to-date symlink: /home/prhayogo/ros2_ws/install/micro_ros_msgs/share/micro_ros_msgs/environment/path.dsv
[10.813s] -- Up-to-date symlink: /home/prhayogo/ros2_ws/install/micro_ros_msgs/share/micro_ros_msgs/local_setup.bash
[10.813s] -- Up-to-date symlink: /home/prhayogo/ros2_ws/install/micro_ros_msgs/share/micro_ros_msgs/local_setup.sh
[10.814s] -- Up-to-date symlink: /home/prhayogo/ros2_ws/install/micro_ros_msgs/share/micro_ros_msgs/local_setup.zsh
[10.814s] -- Up-to-date symlink: /home/prhayogo/ros2_ws/install/micro_ros_msgs/share/micro_ros_msgs/local_setup.dsv
[10.814s] -- Symlinking: /home/prhayogo/ros2_ws/install/micro_ros_msgs/share/micro_ros_msgs/package.dsv
[10.825s] -- Up-to-date symlink: /home/prhayogo/ros2_ws/install/micro_ros_msgs/share/ament_index/resource_index/packages/micro_ros_msgs
[10.825s] -- Up-to-date symlink: /home/prhayogo/ros2_ws/install/micro_ros_msgs/share/micro_ros_msgs/cmake/rosidl_cmake-extras.cmake
[10.826s] -- Up-to-date symlink: /home/prhayogo/ros2_ws/install/micro_ros_msgs/share/micro_ros_msgs/cmake/ament_cmake_export_include_directories-extras.cmake
[10.826s] -- Up-to-date symlink: /home/prhayogo/ros2_ws/install/micro_ros_msgs/share/micro_ros_msgs/cmake/ament_cmake_export_libraries-extras.cmake
[10.826s] -- Up-to-date symlink: /home/prhayogo/ros2_ws/install/micro_ros_msgs/share/micro_ros_msgs/cmake/ament_cmake_export_targets-extras.cmake
[10.826s] -- Up-to-date symlink: /home/prhayogo/ros2_ws/install/micro_ros_msgs/share/micro_ros_msgs/cmake/rosidl_cmake_export_typesupport_targets-extras.cmake
[10.826s] -- Up-to-date symlink: /home/prhayogo/ros2_ws/install/micro_ros_msgs/share/micro_ros_msgs/cmake/ament_cmake_export_dependencies-extras.cmake
[10.826s] -- Up-to-date symlink: /home/prhayogo/ros2_ws/install/micro_ros_msgs/share/micro_ros_msgs/cmake/rosidl_cmake_export_typesupport_libraries-extras.cmake
[10.826s] -- Up-to-date symlink: /home/prhayogo/ros2_ws/install/micro_ros_msgs/share/micro_ros_msgs/cmake/micro_ros_msgsConfig.cmake
[10.826s] -- Up-to-date symlink: /home/prhayogo/ros2_ws/install/micro_ros_msgs/share/micro_ros_msgs/cmake/micro_ros_msgsConfig-version.cmake
[10.827s] -- Up-to-date symlink: /home/prhayogo/ros2_ws/install/micro_ros_msgs/share/micro_ros_msgs/package.xml
[10.827s] -- Installing: /home/prhayogo/ros2_ws/install/micro_ros_msgs/lib/libmicro_ros_msgs__rosidl_generator_c.so
[10.827s] -- Set non-toolchain portion of runtime path of "/home/prhayogo/ros2_ws/install/micro_ros_msgs/lib/libmicro_ros_msgs__rosidl_generator_c.so" to ""
[10.827s] -- Installing: /home/prhayogo/ros2_ws/install/micro_ros_msgs/lib/libmicro_ros_msgs__rosidl_typesupport_fastrtps_c.so
[10.828s] -- Set non-toolchain portion of runtime path of "/home/prhayogo/ros2_ws/install/micro_ros_msgs/lib/libmicro_ros_msgs__rosidl_typesupport_fastrtps_c.so" to ""
[10.828s] -- Installing: /home/prhayogo/ros2_ws/install/micro_ros_msgs/lib/libmicro_ros_msgs__rosidl_typesupport_introspection_c.so
[10.828s] -- Set non-toolchain portion of runtime path of "/home/prhayogo/ros2_ws/install/micro_ros_msgs/lib/libmicro_ros_msgs__rosidl_typesupport_introspection_c.so" to ""
[10.828s] -- Installing: /home/prhayogo/ros2_ws/install/micro_ros_msgs/lib/libmicro_ros_msgs__rosidl_typesupport_c.so
[10.829s] -- Set non-toolchain portion of runtime path of "/home/prhayogo/ros2_ws/install/micro_ros_msgs/lib/libmicro_ros_msgs__rosidl_typesupport_c.so" to ""
[10.829s] -- Installing: /home/prhayogo/ros2_ws/install/micro_ros_msgs/lib/libmicro_ros_msgs__rosidl_typesupport_fastrtps_cpp.so
[10.829s] -- Set non-toolchain portion of runtime path of "/home/prhayogo/ros2_ws/install/micro_ros_msgs/lib/libmicro_ros_msgs__rosidl_typesupport_fastrtps_cpp.so" to ""
[10.829s] -- Installing: /home/prhayogo/ros2_ws/install/micro_ros_msgs/lib/libmicro_ros_msgs__rosidl_typesupport_introspection_cpp.so
[10.830s] -- Set non-toolchain portion of runtime path of "/home/prhayogo/ros2_ws/install/micro_ros_msgs/lib/libmicro_ros_msgs__rosidl_typesupport_introspection_cpp.so" to ""
[10.830s] -- Installing: /home/prhayogo/ros2_ws/install/micro_ros_msgs/lib/libmicro_ros_msgs__rosidl_typesupport_cpp.so
[10.830s] -- Set non-toolchain portion of runtime path of "/home/prhayogo/ros2_ws/install/micro_ros_msgs/lib/libmicro_ros_msgs__rosidl_typesupport_cpp.so" to ""
[10.866s] Listing '/home/prhayogo/ros2_ws/install/micro_ros_msgs/lib/python3.12/site-packages/micro_ros_msgs'...
[10.866s] Compiling '/home/prhayogo/ros2_ws/install/micro_ros_msgs/lib/python3.12/site-packages/micro_ros_msgs/__init__.py'...
[10.866s] Listing '/home/prhayogo/ros2_ws/install/micro_ros_msgs/lib/python3.12/site-packages/micro_ros_msgs/msg'...
[10.866s] Compiling '/home/prhayogo/ros2_ws/install/micro_ros_msgs/lib/python3.12/site-packages/micro_ros_msgs/msg/__init__.py'...
[10.866s] Compiling '/home/prhayogo/ros2_ws/install/micro_ros_msgs/lib/python3.12/site-packages/micro_ros_msgs/msg/_entity.py'...
[10.866s] Compiling '/home/prhayogo/ros2_ws/install/micro_ros_msgs/lib/python3.12/site-packages/micro_ros_msgs/msg/_graph.py'...
[10.866s] Compiling '/home/prhayogo/ros2_ws/install/micro_ros_msgs/lib/python3.12/site-packages/micro_ros_msgs/msg/_node.py'...
[10.870s] -- Installing: /home/prhayogo/ros2_ws/install/micro_ros_msgs/lib/libmicro_ros_msgs__rosidl_generator_py.so
[10.872s] -- Set non-toolchain portion of runtime path of "/home/prhayogo/ros2_ws/install/micro_ros_msgs/lib/libmicro_ros_msgs__rosidl_generator_py.so" to ""
[10.872s] -- Installing: /home/prhayogo/ros2_ws/install/micro_ros_msgs/share/micro_ros_msgs/cmake/export_micro_ros_msgs__rosidl_generator_cExport.cmake
[10.872s] -- Installing: /home/prhayogo/ros2_ws/install/micro_ros_msgs/share/micro_ros_msgs/cmake/export_micro_ros_msgs__rosidl_generator_cExport-noconfig.cmake
[10.872s] -- Installing: /home/prhayogo/ros2_ws/install/micro_ros_msgs/share/micro_ros_msgs/cmake/export_micro_ros_msgs__rosidl_typesupport_fastrtps_cExport.cmake
[10.872s] -- Installing: /home/prhayogo/ros2_ws/install/micro_ros_msgs/share/micro_ros_msgs/cmake/export_micro_ros_msgs__rosidl_typesupport_fastrtps_cExport-noconfig.cmake
[10.873s] -- Installing: /home/prhayogo/ros2_ws/install/micro_ros_msgs/share/micro_ros_msgs/cmake/micro_ros_msgs__rosidl_typesupport_introspection_cExport.cmake
[10.873s] -- Installing: /home/prhayogo/ros2_ws/install/micro_ros_msgs/share/micro_ros_msgs/cmake/micro_ros_msgs__rosidl_typesupport_introspection_cExport-noconfig.cmake
[10.873s] -- Installing: /home/prhayogo/ros2_ws/install/micro_ros_msgs/share/micro_ros_msgs/cmake/micro_ros_msgs__rosidl_typesupport_cExport.cmake
[10.873s] -- Installing: /home/prhayogo/ros2_ws/install/micro_ros_msgs/share/micro_ros_msgs/cmake/micro_ros_msgs__rosidl_typesupport_cExport-noconfig.cmake
[10.873s] -- Installing: /home/prhayogo/ros2_ws/install/micro_ros_msgs/share/micro_ros_msgs/cmake/export_micro_ros_msgs__rosidl_generator_cppExport.cmake
[10.873s] -- Installing: /home/prhayogo/ros2_ws/install/micro_ros_msgs/share/micro_ros_msgs/cmake/export_micro_ros_msgs__rosidl_typesupport_fastrtps_cppExport.cmake
[10.873s] -- Installing: /home/prhayogo/ros2_ws/install/micro_ros_msgs/share/micro_ros_msgs/cmake/export_micro_ros_msgs__rosidl_typesupport_fastrtps_cppExport-noconfig.cmake
[10.873s] -- Installing: /home/prhayogo/ros2_ws/install/micro_ros_msgs/share/micro_ros_msgs/cmake/micro_ros_msgs__rosidl_typesupport_introspection_cppExport.cmake
[10.874s] -- Installing: /home/prhayogo/ros2_ws/install/micro_ros_msgs/share/micro_ros_msgs/cmake/micro_ros_msgs__rosidl_typesupport_introspection_cppExport-noconfig.cmake
[10.874s] -- Installing: /home/prhayogo/ros2_ws/install/micro_ros_msgs/share/micro_ros_msgs/cmake/micro_ros_msgs__rosidl_typesupport_cppExport.cmake
[10.874s] -- Installing: /home/prhayogo/ros2_ws/install/micro_ros_msgs/share/micro_ros_msgs/cmake/micro_ros_msgs__rosidl_typesupport_cppExport-noconfig.cmake
[10.874s] -- Installing: /home/prhayogo/ros2_ws/install/micro_ros_msgs/share/micro_ros_msgs/cmake/export_micro_ros_msgs__rosidl_generator_pyExport.cmake
[10.874s] -- Installing: /home/prhayogo/ros2_ws/install/micro_ros_msgs/share/micro_ros_msgs/cmake/export_micro_ros_msgs__rosidl_generator_pyExport-noconfig.cmake
[10.877s] Invoked command in '/home/prhayogo/ros2_ws/build/micro_ros_msgs' returned '0': CMAKE_PREFIX_PATH=${CMAKE_PREFIX_PATH}:/opt/ros/jazzy DEBUGINFOD_URLS=https://debuginfod.ubuntu.com /usr/bin/cmake --install /home/prhayogo/ros2_ws/build/micro_ros_msgs
