[0.034s] Invoking command in '/home/prhayogo/ros2_ws/build/rplidar_ros': CMAKE_PREFIX_PATH=${CMAKE_PREFIX_PATH}:/opt/ros/jazzy DEBUGINFOD_URLS=https://debuginfod.ubuntu.com /usr/bin/cmake --build /home/prhayogo/ros2_ws/build/rplidar_ros -- -j16 -l16
[0.301s] [  5%] Built target rplidar_client
[0.304s] [ 52%] Built target rplidar_node
[0.312s] [100%] Built target rplidar_composition
[0.351s] Invoked command in '/home/prhayogo/ros2_ws/build/rplidar_ros' returned '0': CMAKE_PREFIX_PATH=${CMAKE_PREFIX_PATH}:/opt/ros/jazzy DEBUGINFOD_URLS=https://debuginfod.ubuntu.com /usr/bin/cmake --build /home/prhayogo/ros2_ws/build/rplidar_ros -- -j16 -l16
[0.382s] Invoking command in '/home/prhayogo/ros2_ws/build/rplidar_ros': CMAKE_PREFIX_PATH=${CMAKE_PREFIX_PATH}:/opt/ros/jazzy DEBUGINFOD_URLS=https://debuginfod.ubuntu.com /usr/bin/cmake --install /home/prhayogo/ros2_ws/build/rplidar_ros
[0.406s] -- Install configuration: ""
[0.406s] -- Up-to-date: /home/prhayogo/ros2_ws/install/rplidar_ros/share/rplidar_ros/launch
[0.407s] -- Up-to-date: /home/prhayogo/ros2_ws/install/rplidar_ros/share/rplidar_ros/launch/view_rplidar_c1_launch.py
[0.407s] -- Up-to-date: /home/prhayogo/ros2_ws/install/rplidar_ros/share/rplidar_ros/launch/view_rplidar_a3_launch.py
[0.407s] -- Up-to-date: /home/prhayogo/ros2_ws/install/rplidar_ros/share/rplidar_ros/launch/view_rplidar_a1_launch.py
[0.408s] -- Up-to-date: /home/prhayogo/ros2_ws/install/rplidar_ros/share/rplidar_ros/launch/rplidar_a3_launch.py
[0.408s] -- Up-to-date: /home/prhayogo/ros2_ws/install/rplidar_ros/share/rplidar_ros/launch/view_rplidar_s1_tcp_launch.py
[0.408s] -- Up-to-date: /home/prhayogo/ros2_ws/install/rplidar_ros/share/rplidar_ros/launch/rplidar_s2_launch.py
[0.408s] -- Up-to-date: /home/prhayogo/ros2_ws/install/rplidar_ros/share/rplidar_ros/launch/rplidar_s2e_launch.py
[0.409s] -- Up-to-date: /home/prhayogo/ros2_ws/install/rplidar_ros/share/rplidar_ros/launch/view_rplidar_t1_launch.py
[0.409s] -- Up-to-date: /home/prhayogo/ros2_ws/install/rplidar_ros/share/rplidar_ros/launch/rplidar_c1_launch.py
[0.409s] -- Up-to-date: /home/prhayogo/ros2_ws/install/rplidar_ros/share/rplidar_ros/launch/view_rplidar_a2m12_launch.py
[0.410s] -- Up-to-date: /home/prhayogo/ros2_ws/install/rplidar_ros/share/rplidar_ros/launch/view_rplidar_s2_launch.py
[0.410s] -- Up-to-date: /home/prhayogo/ros2_ws/install/rplidar_ros/share/rplidar_ros/launch/view_rplidar_s2e_launch.py
[0.410s] -- Up-to-date: /home/prhayogo/ros2_ws/install/rplidar_ros/share/rplidar_ros/launch/view_rplidar_s3_launch.py
[0.410s] -- Up-to-date: /home/prhayogo/ros2_ws/install/rplidar_ros/share/rplidar_ros/launch/view_rplidar_a2m7_launch.py
[0.411s] -- Up-to-date: /home/prhayogo/ros2_ws/install/rplidar_ros/share/rplidar_ros/launch/rplidar_a2m12_launch.py
[0.411s] -- Up-to-date: /home/prhayogo/ros2_ws/install/rplidar_ros/share/rplidar_ros/launch/rplidar_a2m8_launch.py
[0.411s] -- Up-to-date: /home/prhayogo/ros2_ws/install/rplidar_ros/share/rplidar_ros/launch/rplidar_a1_launch.py
[0.411s] -- Up-to-date: /home/prhayogo/ros2_ws/install/rplidar_ros/share/rplidar_ros/launch/rplidar_a2m7_launch.py
[0.412s] -- Up-to-date: /home/prhayogo/ros2_ws/install/rplidar_ros/share/rplidar_ros/launch/rplidar_s1_launch.py
[0.412s] -- Up-to-date: /home/prhayogo/ros2_ws/install/rplidar_ros/share/rplidar_ros/launch/view_rplidar_a2m8_launch.py
[0.412s] -- Up-to-date: /home/prhayogo/ros2_ws/install/rplidar_ros/share/rplidar_ros/launch/rplidar_s1_tcp_launch.py
[0.412s] -- Up-to-date: /home/prhayogo/ros2_ws/install/rplidar_ros/share/rplidar_ros/launch/rplidar_s3_launch.py
[0.412s] -- Up-to-date: /home/prhayogo/ros2_ws/install/rplidar_ros/share/rplidar_ros/launch/view_rplidar_s1_launch.py
[0.413s] -- Up-to-date: /home/prhayogo/ros2_ws/install/rplidar_ros/share/rplidar_ros/launch/rplidar_t1_launch.py
[0.413s] -- Up-to-date: /home/prhayogo/ros2_ws/install/rplidar_ros/share/rplidar_ros/rviz
[0.413s] -- Up-to-date: /home/prhayogo/ros2_ws/install/rplidar_ros/share/rplidar_ros/rviz/rplidar_ros.rviz
[0.413s] -- Up-to-date: /home/prhayogo/ros2_ws/install/rplidar_ros/lib/rplidar_ros/rplidar_node
[0.413s] -- Up-to-date: /home/prhayogo/ros2_ws/install/rplidar_ros/lib/rplidar_ros/rplidar_composition
[0.414s] -- Up-to-date: /home/prhayogo/ros2_ws/install/rplidar_ros/lib/rplidar_ros/rplidar_client
[0.414s] -- Up-to-date: /home/prhayogo/ros2_ws/install/rplidar_ros/share/ament_index/resource_index/package_run_dependencies/rplidar_ros
[0.414s] -- Up-to-date: /home/prhayogo/ros2_ws/install/rplidar_ros/share/ament_index/resource_index/parent_prefix_path/rplidar_ros
[0.415s] -- Up-to-date: /home/prhayogo/ros2_ws/install/rplidar_ros/share/rplidar_ros/environment/ament_prefix_path.sh
[0.415s] -- Up-to-date: /home/prhayogo/ros2_ws/install/rplidar_ros/share/rplidar_ros/environment/ament_prefix_path.dsv
[0.415s] -- Up-to-date: /home/prhayogo/ros2_ws/install/rplidar_ros/share/rplidar_ros/environment/path.sh
[0.415s] -- Up-to-date: /home/prhayogo/ros2_ws/install/rplidar_ros/share/rplidar_ros/environment/path.dsv
[0.415s] -- Up-to-date: /home/prhayogo/ros2_ws/install/rplidar_ros/share/rplidar_ros/local_setup.bash
[0.415s] -- Up-to-date: /home/prhayogo/ros2_ws/install/rplidar_ros/share/rplidar_ros/local_setup.sh
[0.416s] -- Up-to-date: /home/prhayogo/ros2_ws/install/rplidar_ros/share/rplidar_ros/local_setup.zsh
[0.416s] -- Up-to-date: /home/prhayogo/ros2_ws/install/rplidar_ros/share/rplidar_ros/local_setup.dsv
[0.417s] -- Installing: /home/prhayogo/ros2_ws/install/rplidar_ros/share/rplidar_ros/package.dsv
[0.417s] -- Up-to-date: /home/prhayogo/ros2_ws/install/rplidar_ros/share/ament_index/resource_index/packages/rplidar_ros
[0.418s] -- Up-to-date: /home/prhayogo/ros2_ws/install/rplidar_ros/share/rplidar_ros/cmake/ament_cmake_export_dependencies-extras.cmake
[0.418s] -- Up-to-date: /home/prhayogo/ros2_ws/install/rplidar_ros/share/rplidar_ros/cmake/ament_cmake_export_include_directories-extras.cmake
[0.418s] -- Up-to-date: /home/prhayogo/ros2_ws/install/rplidar_ros/share/rplidar_ros/cmake/rplidar_rosConfig.cmake
[0.418s] -- Up-to-date: /home/prhayogo/ros2_ws/install/rplidar_ros/share/rplidar_ros/cmake/rplidar_rosConfig-version.cmake
[0.418s] -- Up-to-date: /home/prhayogo/ros2_ws/install/rplidar_ros/share/rplidar_ros/package.xml
[0.418s] Invoked command in '/home/prhayogo/ros2_ws/build/rplidar_ros' returned '0': CMAKE_PREFIX_PATH=${CMAKE_PREFIX_PATH}:/opt/ros/jazzy DEBUGINFOD_URLS=https://debuginfod.ubuntu.com /usr/bin/cmake --install /home/prhayogo/ros2_ws/build/rplidar_ros
