[0.013s] Invoking command in '/home/prhayogo/ros2_ws/build/slam_toolbox': CMAKE_PREFIX_PATH=${CMAKE_PREFIX_PATH}:/opt/ros/jazzy DEBUGINFOD_URLS=https://debuginfod.ubuntu.com /usr/bin/cmake /home/prhayogo/ros2_ws/src/slam_toolbox -DCMAKE_INSTALL_PREFIX=/home/prhayogo/ros2_ws/install/slam_toolbox
[0.027s] -- Found ament_cmake: 2.5.6 (/opt/ros/jazzy/share/ament_cmake/cmake)
[0.116s] -- Override CMake install command with custom implementation using symlinks instead of copying resources
[0.123s] -- Found message_filters: 4.11.12 (/opt/ros/jazzy/share/message_filters/cmake)
[0.152s] -- Found rosidl_generator_c: 4.6.7 (/opt/ros/jazzy/share/rosidl_generator_c/cmake)
[0.159s] -- Found rosidl_generator_cpp: 4.6.7 (/opt/ros/jazzy/share/rosidl_generator_cpp/cmake)
[0.168s] -- Using all available rosidl_typesupport_c: rosidl_typesupport_fastrtps_c;rosidl_typesupport_introspection_c
[0.179s] -- Using all available rosidl_typesupport_cpp: rosidl_typesupport_fastrtps_cpp;rosidl_typesupport_introspection_cpp
[0.242s] -- Found rmw_implementation_cmake: 7.3.3 (/opt/ros/jazzy/share/rmw_implementation_cmake/cmake)
[0.244s] -- Found rmw_fastrtps_cpp: 8.4.3 (/opt/ros/jazzy/share/rmw_fastrtps_cpp/cmake)
[0.304s] -- Using RMW implementation 'rmw_fastrtps_cpp' as default
[0.382s] -- Found nav_msgs: 5.3.7 (/opt/ros/jazzy/share/nav_msgs/cmake)
[0.419s] -- Found sensor_msgs: 5.3.7 (/opt/ros/jazzy/share/sensor_msgs/cmake)
[0.441s] -- Found tf2: 0.36.20 (/opt/ros/jazzy/share/tf2/cmake)
[0.445s] -- Found tf2_ros: 0.36.20 (/opt/ros/jazzy/share/tf2_ros/cmake)
[0.548s] -- Found visualization_msgs: 5.3.7 (/opt/ros/jazzy/share/visualization_msgs/cmake)
[0.574s] -- Found pluginlib: 5.4.5 (/opt/ros/jazzy/share/pluginlib/cmake)
[0.577s] -- Found tf2_geometry_msgs: 0.36.20 (/opt/ros/jazzy/share/tf2_geometry_msgs/cmake)
[0.581s] -- Found eigen3_cmake_module: 0.3.0 (/opt/ros/jazzy/share/eigen3_cmake_module/cmake)
[0.582s] -- Ensuring Eigen3 include directory is part of orocos-kdl CMake target
[0.584s] -- Found tf2_sensor_msgs: 0.36.20 (/opt/ros/jazzy/share/tf2_sensor_msgs/cmake)
[0.588s] -- Found std_srvs: 5.3.7 (/opt/ros/jazzy/share/std_srvs/cmake)
[0.601s] -- Found rosidl_default_generators: 1.6.0 (/opt/ros/jazzy/share/rosidl_default_generators/cmake)
[0.610s] -- Found rosidl_adapter: 4.6.7 (/opt/ros/jazzy/share/rosidl_adapter/cmake)
[0.611s] -- Found lifecycle_msgs: 2.0.3 (/opt/ros/jazzy/share/lifecycle_msgs/cmake)
[0.628s] -- Found bondcpp: 4.2.0 (/opt/ros/jazzy/share/bondcpp/cmake)
[0.661s] -- Found rviz_common: 14.1.20 (/opt/ros/jazzy/share/rviz_common/cmake)
[0.677s] -- Setting OGRE_DIR to: '/opt/ros/jazzy/share/rviz_ogre_vendor/cmake/../../../opt/rviz_ogre_vendor/lib/OGRE/cmake'
[0.679s] -- Found OGRE
[0.679s] --   static     : OFF
[0.679s] --   components : MeshLodGenerator;Overlay;Paging;Property;RTShaderSystem;Terrain;Volume
[0.679s] --   plugins    : Plugin_BSPSceneManager;Plugin_OctreeSceneManager;Plugin_PCZSceneManager;Plugin_ParticleFX;RenderSystem_GL;RenderSystem_GL3Plus;Codec_STBI
[0.680s] --   media      : /opt/ros/jazzy/opt/rviz_ogre_vendor/share/OGRE/Media
[0.680s] -- OGRE_LIBRARIES: OgreMeshLodGenerator;OgreOverlay;OgrePaging;OgreProperty;OgreRTShaderSystem;OgreTerrain;OgreVolume;OgreMain
[0.680s] -- OGRE_LIBRARY_DIRS: /opt/ros/jazzy/opt/rviz_ogre_vendor/lib
[0.680s] -- OGRE_PLUGINS: Plugin_BSPSceneManager;Plugin_OctreeSceneManager;Plugin_PCZSceneManager;Plugin_ParticleFX;RenderSystem_GL;RenderSystem_GL3Plus;Codec_STBI
[0.680s] -- OGRE_PLUGIN_DIR: /opt/ros/jazzy/opt/rviz_ogre_vendor/lib/OGRE
[0.680s] -- rviz_ogre_vendor::OgreOverlay for IMPORTED_LOCATION_RELEASE: /opt/ros/jazzy/opt/rviz_ogre_vendor/lib/libOgreOverlay.so
[0.680s] -- rviz_ogre_vendor::OgreOverlay for IMPORTED_LOCATION_DEBUG: /opt/ros/jazzy/opt/rviz_ogre_vendor/lib/libOgreOverlay.so
[0.680s] -- rviz_ogre_vendor::OgreMain for IMPORTED_LOCATION_RELEASE: /opt/ros/jazzy/opt/rviz_ogre_vendor/lib/libOgreMain.so
[0.680s] -- rviz_ogre_vendor::OgreMain for IMPORTED_LOCATION_DEBUG: /opt/ros/jazzy/opt/rviz_ogre_vendor/lib/libOgreMain.so
[0.824s] -- Setting yaml-cpp_DIR to: '/opt/ros/jazzy/share/yaml_cpp_vendor/cmake/../../../opt/yaml_cpp_vendor/share/cmake/yaml-cpp'
[0.834s] -- Found rviz_default_plugins: 14.1.20 (/opt/ros/jazzy/share/rviz_default_plugins/cmake)
[1.372s] -- Found AMD headers in: /usr/include/suitesparse
[1.373s] -- Found AMD library: /usr/lib/x86_64-linux-gnu/libamd.so
[1.373s] -- Found CAMD headers in: /usr/include/suitesparse
[1.373s] -- Found CAMD library: /usr/lib/x86_64-linux-gnu/libcamd.so
[1.373s] -- Found CCOLAMD headers in: /usr/include/suitesparse
[1.373s] -- Found CCOLAMD library: /usr/lib/x86_64-linux-gnu/libccolamd.so
[1.373s] -- Found CHOLMOD headers in: /usr/include/suitesparse
[1.373s] -- Found CHOLMOD library: /usr/lib/x86_64-linux-gnu/libcholmod.so
[1.373s] -- Found COLAMD headers in: /usr/include/suitesparse
[1.374s] -- Found COLAMD library: /usr/lib/x86_64-linux-gnu/libcolamd.so
[1.374s] -- Found SPQR headers in: /usr/include/suitesparse
[1.374s] -- Found SPQR library: /usr/lib/x86_64-linux-gnu/libspqr.so
[1.374s] -- Found Config headers in: /usr/include/suitesparse
[1.374s] -- Found Config library: /usr/lib/x86_64-linux-gnu/libsuitesparseconfig.so
[1.374s] -- Found Intel Thread Building Blocks (TBB) library (2021.11 / ) include location: . Assuming SuiteSparseQR was compiled with TBB.
[1.374s] -- Adding librt to SuiteSparse_config libraries (required on Linux & Unix [not OSX] if SuiteSparse is compiled with timing).
[1.383s] -- Could NOT find METIS (missing: METIS_INCLUDE_DIR METIS_LIBRARY) 
[1.385s] -- Found required Ceres dependency: Eigen version 3.4.0 in /usr/share/eigen3/cmake
[1.461s] -- Found required Ceres dependency: glog
[1.462s] -- Found required Ceres dependency: gflags
[1.462s] -- Found Ceres version: 2.2.0 installed in: /usr with components: [EigenSparse, SparseLinearAlgebraLibrary, LAPACK, SuiteSparse, SchurSpecializations]
[1.822s] -- Found ament_cmake_ros: 0.12.0 (/opt/ros/jazzy/share/ament_cmake_ros/cmake)
[2.152s] -- Using all available rosidl_typesupport_c: rosidl_typesupport_fastrtps_c;rosidl_typesupport_introspection_c
[2.280s] -- Using all available rosidl_typesupport_cpp: rosidl_typesupport_fastrtps_cpp;rosidl_typesupport_introspection_cpp
[2.282s] -- Found python_cmake_module: 0.11.1 (/opt/ros/jazzy/share/python_cmake_module/cmake)
[2.497s] -- Found Python3: /usr/bin/python3 (found version "3.12.3") found components: Interpreter Development NumPy Development.Module Development.Embed 
[2.617s] -- Found Python3: /usr/bin/python3 (found version "3.12.3") found components: Interpreter 
[2.636s] -- Configuring done (2.6s)
[2.919s] -- Generating done (0.2s)
[2.968s] -- Build files have been written to: /home/prhayogo/ros2_ws/build/slam_toolbox
[2.993s] Invoked command in '/home/prhayogo/ros2_ws/build/slam_toolbox' returned '0': CMAKE_PREFIX_PATH=${CMAKE_PREFIX_PATH}:/opt/ros/jazzy DEBUGINFOD_URLS=https://debuginfod.ubuntu.com /usr/bin/cmake /home/prhayogo/ros2_ws/src/slam_toolbox -DCMAKE_INSTALL_PREFIX=/home/prhayogo/ros2_ws/install/slam_toolbox
[2.994s] Invoking command in '/home/prhayogo/ros2_ws/build/slam_toolbox': CMAKE_PREFIX_PATH=${CMAKE_PREFIX_PATH}:/opt/ros/jazzy DEBUGINFOD_URLS=https://debuginfod.ubuntu.com /usr/bin/cmake --build /home/prhayogo/ros2_ws/build/slam_toolbox -- -j16 -l16
[3.066s] failed to create symbolic link '/home/prhayogo/ros2_ws/build/slam_toolbox/ament_cmake_python/slam_toolbox/slam_toolbox' because existing path cannot be removed: Is a directory
[3.067s] gmake[2]: *** [CMakeFiles/ament_cmake_python_symlink_slam_toolbox.dir/build.make:70: CMakeFiles/ament_cmake_python_symlink_slam_toolbox] Error 1
[3.067s] [  1%] Built target slam_toolbox__rs
[3.068s] [  1%] Built target slam_toolbox__rosidl_generator_type_description
[3.068s] gmake[1]: *** [CMakeFiles/Makefile2:521: CMakeFiles/ament_cmake_python_symlink_slam_toolbox.dir/all] Error 2
[3.068s] gmake[1]: *** Waiting for unfinished jobs....
[3.096s] [  2%] [32m[1mLinking CXX shared library libkartoSlamToolbox.so[0m
[3.352s] [  3%] Built target kartoSlamToolbox
[3.354s] gmake: *** [Makefile:146: all] Error 2
[3.356s] Invoked command in '/home/prhayogo/ros2_ws/build/slam_toolbox' returned '2': CMAKE_PREFIX_PATH=${CMAKE_PREFIX_PATH}:/opt/ros/jazzy DEBUGINFOD_URLS=https://debuginfod.ubuntu.com /usr/bin/cmake --build /home/prhayogo/ros2_ws/build/slam_toolbox -- -j16 -l16
