[0.019s] Invoking command in '/home/prhayogo/ros2_ws/build/slam_toolbox': CMAKE_PREFIX_PATH=${CMAKE_PREFIX_PATH}:/opt/ros/jazzy DEBUGINFOD_URLS=https://debuginfod.ubuntu.com /usr/bin/cmake /home/prhayogo/ros2_ws/src/slam_toolbox -DCMAKE_INSTALL_PREFIX=/home/prhayogo/ros2_ws/install/slam_toolbox
[0.175s] -- The C compiler identification is GNU 13.3.0
[0.296s] -- The CXX compiler identification is GNU 13.3.0
[0.332s] -- Detecting C compiler ABI info
[0.502s] -- Detecting C compiler ABI info - done
[0.517s] -- Check for working C compiler: /usr/bin/cc - skipped
[0.574s] -- Detecting C compile features
[0.575s] -- Detecting C compile features - done
[0.596s] -- Detecting CXX compiler ABI info
[0.801s] -- Detecting CXX compiler ABI info - done
[0.824s] -- Check for working CXX compiler: /usr/bin/c++ - skipped
[0.824s] -- Detecting CXX compile features
[0.825s] -- Detecting CXX compile features - done
[0.842s] -- Found ament_cmake: 2.5.6 (/opt/ros/jazzy/share/ament_cmake/cmake)
[1.206s] -- Found Python3: /usr/bin/python3 (found version "3.12.3") found components: Interpreter 
[1.531s] -- Found message_filters: 4.11.12 (/opt/ros/jazzy/share/message_filters/cmake)
[1.700s] -- Found rosidl_generator_c: 4.6.7 (/opt/ros/jazzy/share/rosidl_generator_c/cmake)
[1.749s] -- Found rosidl_generator_cpp: 4.6.7 (/opt/ros/jazzy/share/rosidl_generator_cpp/cmake)
[1.804s] -- Using all available rosidl_typesupport_c: rosidl_typesupport_fastrtps_c;rosidl_typesupport_introspection_c
[1.864s] -- Using all available rosidl_typesupport_cpp: rosidl_typesupport_fastrtps_cpp;rosidl_typesupport_introspection_cpp
[2.110s] -- Found rmw_implementation_cmake: 7.3.3 (/opt/ros/jazzy/share/rmw_implementation_cmake/cmake)
[2.122s] -- Found rmw_fastrtps_cpp: 8.4.3 (/opt/ros/jazzy/share/rmw_fastrtps_cpp/cmake)
[2.413s] -- Found OpenSSL: /usr/lib/x86_64-linux-gnu/libcrypto.so (found version "3.0.13")  
[2.467s] -- Found FastRTPS: /opt/ros/jazzy/include (Required is at least version "2.13") 
[2.525s] -- Using RMW implementation 'rmw_fastrtps_cpp' as default
[2.806s] -- Found nav_msgs: 5.3.7 (/opt/ros/jazzy/share/nav_msgs/cmake)
[2.929s] -- Found sensor_msgs: 5.3.7 (/opt/ros/jazzy/share/sensor_msgs/cmake)
[3.006s] -- Found tf2: 0.36.20 (/opt/ros/jazzy/share/tf2/cmake)
[3.025s] -- Found tf2_ros: 0.36.20 (/opt/ros/jazzy/share/tf2_ros/cmake)
[3.420s] -- Found visualization_msgs: 5.3.7 (/opt/ros/jazzy/share/visualization_msgs/cmake)
[3.564s] -- Found pluginlib: 5.4.5 (/opt/ros/jazzy/share/pluginlib/cmake)
[3.637s] -- Found tf2_geometry_msgs: 0.36.20 (/opt/ros/jazzy/share/tf2_geometry_msgs/cmake)
[3.833s] -- Found eigen3_cmake_module: 0.3.0 (/opt/ros/jazzy/share/eigen3_cmake_module/cmake)
[3.840s] -- Found Eigen3: TRUE (found version "3.4.0") 
[3.840s] -- Ensuring Eigen3 include directory is part of orocos-kdl CMake target
[3.861s] -- Found tf2_sensor_msgs: 0.36.20 (/opt/ros/jazzy/share/tf2_sensor_msgs/cmake)
[3.894s] -- Found std_srvs: 5.3.7 (/opt/ros/jazzy/share/std_srvs/cmake)
[3.983s] -- Found rosidl_default_generators: 1.6.0 (/opt/ros/jazzy/share/rosidl_default_generators/cmake)
[4.102s] -- Found rosidl_adapter: 4.6.7 (/opt/ros/jazzy/share/rosidl_adapter/cmake)
[4.126s] -- Found lifecycle_msgs: 2.0.3 (/opt/ros/jazzy/share/lifecycle_msgs/cmake)
[4.235s] -- Found bondcpp: 4.2.0 (/opt/ros/jazzy/share/bondcpp/cmake)
[4.478s] -- Found rviz_common: 14.1.20 (/opt/ros/jazzy/share/rviz_common/cmake)
[4.645s] -- Setting OGRE_DIR to: '/opt/ros/jazzy/share/rviz_ogre_vendor/cmake/../../../opt/rviz_ogre_vendor/lib/OGRE/cmake'
[4.657s] -- Found OGRE
[4.657s] --   static     : OFF
[4.658s] --   components : MeshLodGenerator;Overlay;Paging;Property;RTShaderSystem;Terrain;Volume
[4.658s] --   plugins    : Plugin_BSPSceneManager;Plugin_OctreeSceneManager;Plugin_PCZSceneManager;Plugin_ParticleFX;RenderSystem_GL;RenderSystem_GL3Plus;Codec_STBI
[4.658s] --   media      : /opt/ros/jazzy/opt/rviz_ogre_vendor/share/OGRE/Media
[4.659s] -- OGRE_LIBRARIES: OgreMeshLodGenerator;OgreOverlay;OgrePaging;OgreProperty;OgreRTShaderSystem;OgreTerrain;OgreVolume;OgreMain
[4.662s] -- OGRE_LIBRARY_DIRS: /opt/ros/jazzy/opt/rviz_ogre_vendor/lib
[4.662s] -- OGRE_PLUGINS: Plugin_BSPSceneManager;Plugin_OctreeSceneManager;Plugin_PCZSceneManager;Plugin_ParticleFX;RenderSystem_GL;RenderSystem_GL3Plus;Codec_STBI
[4.666s] -- OGRE_PLUGIN_DIR: /opt/ros/jazzy/opt/rviz_ogre_vendor/lib/OGRE
[4.666s] -- rviz_ogre_vendor::OgreOverlay for IMPORTED_LOCATION_RELEASE: /opt/ros/jazzy/opt/rviz_ogre_vendor/lib/libOgreOverlay.so
[4.666s] -- rviz_ogre_vendor::OgreOverlay for IMPORTED_LOCATION_DEBUG: /opt/ros/jazzy/opt/rviz_ogre_vendor/lib/libOgreOverlay.so
[4.667s] -- rviz_ogre_vendor::OgreMain for IMPORTED_LOCATION_RELEASE: /opt/ros/jazzy/opt/rviz_ogre_vendor/lib/libOgreMain.so
[4.667s] -- rviz_ogre_vendor::OgreMain for IMPORTED_LOCATION_DEBUG: /opt/ros/jazzy/opt/rviz_ogre_vendor/lib/libOgreMain.so
[4.962s] -- Found ZLIB: /usr/lib/x86_64-linux-gnu/libz.so (found version "1.3")  
[5.062s] -- Found OpenGL: /usr/lib/x86_64-linux-gnu/libOpenGL.so   
[6.171s] -- Found X11: /usr/include   
[6.172s] -- Looking for XOpenDisplay in /usr/lib/x86_64-linux-gnu/libX11.so;/usr/lib/x86_64-linux-gnu/libXext.so
[6.783s] -- Looking for XOpenDisplay in /usr/lib/x86_64-linux-gnu/libX11.so;/usr/lib/x86_64-linux-gnu/libXext.so - found
[6.783s] -- Looking for gethostbyname
[7.277s] -- Looking for gethostbyname - found
[7.278s] -- Looking for connect
[7.616s] -- Looking for connect - found
[7.616s] -- Looking for remove
[7.809s] -- Looking for remove - found
[7.809s] -- Looking for shmat
[7.965s] -- Looking for shmat - found
[7.965s] -- Looking for IceConnectionNumber in ICE
[8.137s] -- Looking for IceConnectionNumber in ICE - found
[8.169s] -- Setting yaml-cpp_DIR to: '/opt/ros/jazzy/share/yaml_cpp_vendor/cmake/../../../opt/yaml_cpp_vendor/share/cmake/yaml-cpp'
[8.201s] -- Found rviz_default_plugins: 14.1.20 (/opt/ros/jazzy/share/rviz_default_plugins/cmake)
[8.891s] -- Found Boost: /usr/lib/x86_64-linux-gnu/cmake/Boost-1.83.0/BoostConfig.cmake (found version "1.83.0") found components: system serialization filesystem thread 
[8.913s] -- Found PkgConfig: /usr/bin/pkg-config (found version "1.8.1") 
[8.939s] -- Found CHOLMOD: /usr/include/suitesparse  
[8.945s] -- Found CSparse: /usr/include/suitesparse  
[9.090s] -- Looking for sgemm_
[9.266s] -- Looking for sgemm_ - not found
[9.269s] -- Found Threads: TRUE  
[9.474s] -- Looking for sgemm_
[9.644s] -- Looking for sgemm_ - found
[9.645s] -- Found BLAS: /usr/lib/x86_64-linux-gnu/libblas.so  
[9.648s] -- Looking for cheev_
[9.797s] -- Looking for cheev_ - not found
[9.840s] -- Looking for cheev_
[9.991s] -- Looking for cheev_ - found
[9.992s] -- Found LAPACK: /usr/lib/x86_64-linux-gnu/liblapack.so;/usr/lib/x86_64-linux-gnu/libblas.so  
[10.413s] -- Found OpenMP_C: -fopenmp (found version "4.5") 
[10.542s] -- Found OpenMP_CXX: -fopenmp (found version "4.5") 
[10.542s] -- Found OpenMP: TRUE (found version "4.5")  
[10.828s] -- Found AMD headers in: /usr/include/suitesparse
[10.829s] -- Found AMD library: /usr/lib/x86_64-linux-gnu/libamd.so
[10.830s] -- Found CAMD headers in: /usr/include/suitesparse
[10.832s] -- Found CAMD library: /usr/lib/x86_64-linux-gnu/libcamd.so
[10.832s] -- Found CCOLAMD headers in: /usr/include/suitesparse
[10.834s] -- Found CCOLAMD library: /usr/lib/x86_64-linux-gnu/libccolamd.so
[10.835s] -- Found CHOLMOD headers in: /usr/include/suitesparse
[10.837s] -- Found CHOLMOD library: /usr/lib/x86_64-linux-gnu/libcholmod.so
[10.837s] -- Found COLAMD headers in: /usr/include/suitesparse
[10.839s] -- Found COLAMD library: /usr/lib/x86_64-linux-gnu/libcolamd.so
[10.840s] -- Found SPQR headers in: /usr/include/suitesparse
[10.841s] -- Found SPQR library: /usr/lib/x86_64-linux-gnu/libspqr.so
[10.842s] -- Found Config headers in: /usr/include/suitesparse
[10.844s] -- Found Config library: /usr/lib/x86_64-linux-gnu/libsuitesparseconfig.so
[10.845s] -- Found Intel Thread Building Blocks (TBB) library (2021.11 / ) include location: . Assuming SuiteSparseQR was compiled with TBB.
[10.845s] -- Looking for shm_open in rt
[10.951s] -- Looking for shm_open in rt - found
[10.951s] -- Adding librt to SuiteSparse_config libraries (required on Linux & Unix [not OSX] if SuiteSparse is compiled with timing).
[10.958s] -- Could NOT find METIS (missing: METIS_INCLUDE_DIR METIS_LIBRARY) 
[10.959s] -- Found SuiteSparse: /usr/include/suitesparse (found suitable version "7.6.1", minimum required is "7.6.1") found components: AMD CAMD CCOLAMD CHOLMOD COLAMD SPQR Config 
[10.961s] -- Found required Ceres dependency: Eigen version 3.4.0 in /usr/share/eigen3/cmake
[10.975s] -- Found required Ceres dependency: glog
[10.975s] -- Found required Ceres dependency: gflags
[10.975s] -- Found Ceres version: 2.2.0 installed in: /usr with components: [EigenSparse, SparseLinearAlgebraLibrary, LAPACK, SuiteSparse, SchurSpecializations]
[11.711s] -- Found ament_cmake_ros: 0.12.0 (/opt/ros/jazzy/share/ament_cmake_ros/cmake)
[12.648s] -- Using all available rosidl_typesupport_c: rosidl_typesupport_fastrtps_c;rosidl_typesupport_introspection_c
[12.991s] -- Using all available rosidl_typesupport_cpp: rosidl_typesupport_fastrtps_cpp;rosidl_typesupport_introspection_cpp
[12.996s] -- Found python_cmake_module: 0.11.1 (/opt/ros/jazzy/share/python_cmake_module/cmake)
[13.114s] -- Found PythonExtra: /usr/bin/python3  
[13.501s] -- Found Python3: /usr/bin/python3 (found version "3.12.3") found components: Interpreter Development NumPy Development.Module Development.Embed 
[13.639s] -- Found Python3: /usr/bin/python3 (found version "3.12.3") found components: Interpreter 
[13.651s] -- Configuring done (13.6s)
[13.913s] -- Generating done (0.2s)
[13.970s] -- Build files have been written to: /home/prhayogo/ros2_ws/build/slam_toolbox
[13.998s] Invoked command in '/home/prhayogo/ros2_ws/build/slam_toolbox' returned '0': CMAKE_PREFIX_PATH=${CMAKE_PREFIX_PATH}:/opt/ros/jazzy DEBUGINFOD_URLS=https://debuginfod.ubuntu.com /usr/bin/cmake /home/prhayogo/ros2_ws/src/slam_toolbox -DCMAKE_INSTALL_PREFIX=/home/prhayogo/ros2_ws/install/slam_toolbox
[13.999s] Invoking command in '/home/prhayogo/ros2_ws/build/slam_toolbox': CMAKE_PREFIX_PATH=${CMAKE_PREFIX_PATH}:/opt/ros/jazzy DEBUGINFOD_URLS=https://debuginfod.ubuntu.com /usr/bin/cmake --build /home/prhayogo/ros2_ws/build/slam_toolbox -- -j16 -l16
[14.074s] [  1%] [34m[1mGenerating type hashes for ROS interfaces[0m
[14.074s] [  2%] [32mBuilding CXX object lib/karto_sdk/CMakeFiles/kartoSlamToolbox.dir/src/Karto.cpp.o[0m
[14.074s] [  2%] [32mBuilding CXX object lib/karto_sdk/CMakeFiles/kartoSlamToolbox.dir/src/Mapper.cpp.o[0m
[14.074s] [  2%] [34m[1mGenerating Rust code for ROS interfaces[0m
[14.084s] [  2%] Built target ament_cmake_python_copy_slam_toolbox
[14.298s] running egg_info
[14.298s] creating slam_toolbox.egg-info
[14.317s] writing slam_toolbox.egg-info/PKG-INFO
[14.317s] writing dependency_links to slam_toolbox.egg-info/dependency_links.txt
[14.317s] writing top-level names to slam_toolbox.egg-info/top_level.txt
[14.318s] writing manifest file 'slam_toolbox.egg-info/SOURCES.txt'
[14.370s] reading manifest file 'slam_toolbox.egg-info/SOURCES.txt'
[14.370s] writing manifest file 'slam_toolbox.egg-info/SOURCES.txt'
[14.411s] [  2%] Built target ament_cmake_python_build_slam_toolbox_egg
[14.517s] [  2%] Built target slam_toolbox__rosidl_generator_type_description
[14.532s] [  3%] [34m[1mGenerating C code for ROS interfaces[0m
[14.545s] [  3%] [34m[1mGenerating C++ code for ROS interfaces[0m
[14.560s] [  3%] Built target slam_toolbox__rs
[15.684s] [  3%] Built target slam_toolbox__cpp
[15.981s] [  5%] [32mBuilding C object CMakeFiles/slam_toolbox__rosidl_generator_c.dir/rosidl_generator_c/slam_toolbox/srv/detail/pause__type_support.c.o[0m
[15.981s] [  5%] [32mBuilding C object CMakeFiles/slam_toolbox__rosidl_generator_c.dir/rosidl_generator_c/slam_toolbox/msg/detail/localized_laser_scan__type_support.c.o[0m
[15.981s] [  5%] [32mBuilding C object CMakeFiles/slam_toolbox__rosidl_generator_c.dir/rosidl_generator_c/slam_toolbox/srv/detail/reset__functions.c.o[0m
[15.981s] [  5%] [32mBuilding C object CMakeFiles/slam_toolbox__rosidl_generator_c.dir/rosidl_generator_c/slam_toolbox/msg/detail/localized_laser_scan__description.c.o[0m
[15.982s] [  5%] [32mBuilding C object CMakeFiles/slam_toolbox__rosidl_generator_c.dir/rosidl_generator_c/slam_toolbox/srv/detail/pause__functions.c.o[0m
[15.982s] [  5%] [32mBuilding C object CMakeFiles/slam_toolbox__rosidl_generator_c.dir/rosidl_generator_c/slam_toolbox/srv/detail/pause__description.c.o[0m
[15.982s] [  5%] [32mBuilding C object CMakeFiles/slam_toolbox__rosidl_generator_c.dir/rosidl_generator_c/slam_toolbox/msg/detail/localized_laser_scan__functions.c.o[0m
[15.982s] [  7%] [32mBuilding C object CMakeFiles/slam_toolbox__rosidl_generator_c.dir/rosidl_generator_c/slam_toolbox/srv/detail/reset__type_support.c.o[0m
[15.982s] [  7%] [32mBuilding C object CMakeFiles/slam_toolbox__rosidl_generator_c.dir/rosidl_generator_c/slam_toolbox/srv/detail/reset__description.c.o[0m
[15.982s] [  7%] [32mBuilding C object CMakeFiles/slam_toolbox__rosidl_generator_c.dir/rosidl_generator_c/slam_toolbox/srv/detail/clear_queue__description.c.o[0m
[15.982s] [  8%] [32mBuilding C object CMakeFiles/slam_toolbox__rosidl_generator_c.dir/rosidl_generator_c/slam_toolbox/srv/detail/clear_queue__type_support.c.o[0m
[15.982s] [  8%] [32mBuilding C object CMakeFiles/slam_toolbox__rosidl_generator_c.dir/rosidl_generator_c/slam_toolbox/srv/detail/clear_queue__functions.c.o[0m
[15.982s] [  8%] [32mBuilding C object CMakeFiles/slam_toolbox__rosidl_generator_c.dir/rosidl_generator_c/slam_toolbox/srv/detail/toggle_interactive__description.c.o[0m
[15.989s] [  9%] [32mBuilding C object CMakeFiles/slam_toolbox__rosidl_generator_c.dir/rosidl_generator_c/slam_toolbox/srv/detail/toggle_interactive__functions.c.o[0m
[16.048s] [  9%] [32mBuilding C object CMakeFiles/slam_toolbox__rosidl_generator_c.dir/rosidl_generator_c/slam_toolbox/srv/detail/toggle_interactive__type_support.c.o[0m
[16.068s] [ 10%] [32mBuilding C object CMakeFiles/slam_toolbox__rosidl_generator_c.dir/rosidl_generator_c/slam_toolbox/srv/detail/clear__description.c.o[0m
[16.069s] [ 10%] [32mBuilding C object CMakeFiles/slam_toolbox__rosidl_generator_c.dir/rosidl_generator_c/slam_toolbox/srv/detail/clear__functions.c.o[0m
[16.070s] [ 10%] [32mBuilding C object CMakeFiles/slam_toolbox__rosidl_generator_c.dir/rosidl_generator_c/slam_toolbox/srv/detail/clear__type_support.c.o[0m
[16.084s] [ 11%] [32mBuilding C object CMakeFiles/slam_toolbox__rosidl_generator_c.dir/rosidl_generator_c/slam_toolbox/srv/detail/save_map__description.c.o[0m
[16.086s] [ 12%] [32mBuilding C object CMakeFiles/slam_toolbox__rosidl_generator_c.dir/rosidl_generator_c/slam_toolbox/srv/detail/save_map__type_support.c.o[0m
[16.086s] [ 12%] [32mBuilding C object CMakeFiles/slam_toolbox__rosidl_generator_c.dir/rosidl_generator_c/slam_toolbox/srv/detail/save_map__functions.c.o[0m
[16.086s] [ 12%] [32mBuilding C object CMakeFiles/slam_toolbox__rosidl_generator_c.dir/rosidl_generator_c/slam_toolbox/srv/detail/loop_closure__description.c.o[0m
[16.089s] [ 13%] [32mBuilding C object CMakeFiles/slam_toolbox__rosidl_generator_c.dir/rosidl_generator_c/slam_toolbox/srv/detail/loop_closure__functions.c.o[0m
[16.135s] [ 13%] [32mBuilding C object CMakeFiles/slam_toolbox__rosidl_generator_c.dir/rosidl_generator_c/slam_toolbox/srv/detail/loop_closure__type_support.c.o[0m
[16.135s] [ 13%] [32mBuilding C object CMakeFiles/slam_toolbox__rosidl_generator_c.dir/rosidl_generator_c/slam_toolbox/srv/detail/merge_maps__description.c.o[0m
[16.159s] [ 14%] [32mBuilding C object CMakeFiles/slam_toolbox__rosidl_generator_c.dir/rosidl_generator_c/slam_toolbox/srv/detail/merge_maps__functions.c.o[0m
[16.175s] [ 14%] [32mBuilding C object CMakeFiles/slam_toolbox__rosidl_generator_c.dir/rosidl_generator_c/slam_toolbox/srv/detail/merge_maps__type_support.c.o[0m
[16.189s] [ 15%] [32mBuilding C object CMakeFiles/slam_toolbox__rosidl_generator_c.dir/rosidl_generator_c/slam_toolbox/srv/detail/add_submap__description.c.o[0m
[16.199s] [ 15%] [32mBuilding C object CMakeFiles/slam_toolbox__rosidl_generator_c.dir/rosidl_generator_c/slam_toolbox/srv/detail/add_submap__functions.c.o[0m
[16.204s] [ 16%] [32mBuilding C object CMakeFiles/slam_toolbox__rosidl_generator_c.dir/rosidl_generator_c/slam_toolbox/srv/detail/add_submap__type_support.c.o[0m
[16.227s] [ 16%] [32mBuilding C object CMakeFiles/slam_toolbox__rosidl_generator_c.dir/rosidl_generator_c/slam_toolbox/srv/detail/deserialize_pose_graph__description.c.o[0m
[16.236s] [ 17%] [32mBuilding C object CMakeFiles/slam_toolbox__rosidl_generator_c.dir/rosidl_generator_c/slam_toolbox/srv/detail/deserialize_pose_graph__functions.c.o[0m
[16.238s] [ 17%] [32mBuilding C object CMakeFiles/slam_toolbox__rosidl_generator_c.dir/rosidl_generator_c/slam_toolbox/srv/detail/deserialize_pose_graph__type_support.c.o[0m
[16.238s] [ 17%] [32mBuilding C object CMakeFiles/slam_toolbox__rosidl_generator_c.dir/rosidl_generator_c/slam_toolbox/srv/detail/serialize_pose_graph__description.c.o[0m
[16.255s] [ 18%] [32mBuilding C object CMakeFiles/slam_toolbox__rosidl_generator_c.dir/rosidl_generator_c/slam_toolbox/srv/detail/serialize_pose_graph__functions.c.o[0m
[16.263s] [ 18%] [32mBuilding C object CMakeFiles/slam_toolbox__rosidl_generator_c.dir/rosidl_generator_c/slam_toolbox/srv/detail/serialize_pose_graph__type_support.c.o[0m
[16.263s] [ 18%] [32mBuilding C object CMakeFiles/slam_toolbox__rosidl_generator_c.dir/rosidl_generator_c/slam_toolbox/msg/detail/new_node_event__description.c.o[0m
[16.300s] [ 19%] [32mBuilding C object CMakeFiles/slam_toolbox__rosidl_generator_c.dir/rosidl_generator_c/slam_toolbox/msg/detail/new_node_event__functions.c.o[0m
[16.300s] [ 19%] [32mBuilding C object CMakeFiles/slam_toolbox__rosidl_generator_c.dir/rosidl_generator_c/slam_toolbox/msg/detail/new_node_event__type_support.c.o[0m
[16.325s] [ 20%] [32mBuilding C object CMakeFiles/slam_toolbox__rosidl_generator_c.dir/rosidl_generator_c/slam_toolbox/msg/detail/loop_closure_event__description.c.o[0m
[16.334s] [ 20%] [32mBuilding C object CMakeFiles/slam_toolbox__rosidl_generator_c.dir/rosidl_generator_c/slam_toolbox/msg/detail/loop_closure_event__functions.c.o[0m
[16.348s] [ 21%] [32mBuilding C object CMakeFiles/slam_toolbox__rosidl_generator_c.dir/rosidl_generator_c/slam_toolbox/msg/detail/graph_node__functions.c.o[0m
[16.348s] [ 21%] [32mBuilding C object CMakeFiles/slam_toolbox__rosidl_generator_c.dir/rosidl_generator_c/slam_toolbox/msg/detail/loop_closure_event__type_support.c.o[0m
[16.348s] [ 21%] [32mBuilding C object CMakeFiles/slam_toolbox__rosidl_generator_c.dir/rosidl_generator_c/slam_toolbox/msg/detail/graph_node__description.c.o[0m
[16.351s] [ 22%] [32mBuilding C object CMakeFiles/slam_toolbox__rosidl_generator_c.dir/rosidl_generator_c/slam_toolbox/msg/detail/graph_edge__description.c.o[0m
[16.351s] [ 22%] [32mBuilding C object CMakeFiles/slam_toolbox__rosidl_generator_c.dir/rosidl_generator_c/slam_toolbox/msg/detail/graph_node__type_support.c.o[0m
[16.352s] [ 23%] [32mBuilding C object CMakeFiles/slam_toolbox__rosidl_generator_c.dir/rosidl_generator_c/slam_toolbox/msg/detail/graph_edge__functions.c.o[0m
[16.368s] [ 23%] [32mBuilding C object CMakeFiles/slam_toolbox__rosidl_generator_c.dir/rosidl_generator_c/slam_toolbox/msg/detail/graph_edge__type_support.c.o[0m
[16.413s] [ 24%] [32mBuilding C object CMakeFiles/slam_toolbox__rosidl_generator_c.dir/rosidl_generator_c/slam_toolbox/msg/detail/pose_graph__description.c.o[0m
[16.415s] [ 24%] [32mBuilding C object CMakeFiles/slam_toolbox__rosidl_generator_c.dir/rosidl_generator_c/slam_toolbox/msg/detail/pose_graph__functions.c.o[0m
[16.417s] [ 24%] [32mBuilding C object CMakeFiles/slam_toolbox__rosidl_generator_c.dir/rosidl_generator_c/slam_toolbox/msg/detail/pose_graph__type_support.c.o[0m
[16.509s] [ 25%] [32m[1mLinking C shared library libslam_toolbox__rosidl_generator_c.so[0m
[16.568s] [ 25%] Built target slam_toolbox__rosidl_generator_c
[16.582s] [ 25%] [34m[1mGenerating C++ type support for eProsima Fast-RTPS[0m
[16.582s] [ 25%] [34m[1mGenerating C introspection for ROS interfaces[0m
[16.582s] [ 25%] [34m[1mGenerating C type support for eProsima Fast-RTPS[0m
[16.582s] [ 25%] [34m[1mGenerating C++ type support dispatch for ROS interfaces[0m
[16.582s] [ 25%] [34m[1mGenerating C++ introspection for ROS interfaces[0m
[16.582s] [ 25%] [34m[1mGenerating C type support dispatch for ROS interfaces[0m
[17.320s] [ 26%] [32mBuilding CXX object CMakeFiles/slam_toolbox__rosidl_typesupport_c.dir/rosidl_typesupport_c/slam_toolbox/srv/pause__type_support.cpp.o[0m
[17.320s] [ 26%] [32mBuilding CXX object CMakeFiles/slam_toolbox__rosidl_typesupport_c.dir/rosidl_typesupport_c/slam_toolbox/msg/localized_laser_scan__type_support.cpp.o[0m
[17.320s] [ 26%] [32mBuilding CXX object CMakeFiles/slam_toolbox__rosidl_typesupport_c.dir/rosidl_typesupport_c/slam_toolbox/srv/reset__type_support.cpp.o[0m
[17.330s] [ 29%] [32mBuilding CXX object CMakeFiles/slam_toolbox__rosidl_typesupport_c.dir/rosidl_typesupport_c/slam_toolbox/srv/toggle_interactive__type_support.cpp.o[0m
[17.330s] [ 29%] [32mBuilding CXX object CMakeFiles/slam_toolbox__rosidl_typesupport_c.dir/rosidl_typesupport_c/slam_toolbox/srv/clear_queue__type_support.cpp.o[0m
[17.331s] [ 29%] [32mBuilding CXX object CMakeFiles/slam_toolbox__rosidl_typesupport_c.dir/rosidl_typesupport_c/slam_toolbox/srv/save_map__type_support.cpp.o[0m
[17.331s] [ 29%] [32mBuilding CXX object CMakeFiles/slam_toolbox__rosidl_typesupport_c.dir/rosidl_typesupport_c/slam_toolbox/srv/loop_closure__type_support.cpp.o[0m
[17.331s] [ 29%] [32mBuilding CXX object CMakeFiles/slam_toolbox__rosidl_typesupport_c.dir/rosidl_typesupport_c/slam_toolbox/srv/clear__type_support.cpp.o[0m
[17.331s] [ 29%] [32mBuilding CXX object CMakeFiles/slam_toolbox__rosidl_typesupport_c.dir/rosidl_typesupport_c/slam_toolbox/srv/merge_maps__type_support.cpp.o[0m
[17.351s] [ 30%] [32mBuilding CXX object CMakeFiles/slam_toolbox__rosidl_typesupport_cpp.dir/rosidl_typesupport_cpp/slam_toolbox/msg/localized_laser_scan__type_support.cpp.o[0m
[17.417s] [ 31%] [32mBuilding CXX object CMakeFiles/slam_toolbox__rosidl_typesupport_c.dir/rosidl_typesupport_c/slam_toolbox/srv/add_submap__type_support.cpp.o[0m
[17.417s] [ 31%] [32mBuilding CXX object CMakeFiles/slam_toolbox__rosidl_typesupport_c.dir/rosidl_typesupport_c/slam_toolbox/srv/deserialize_pose_graph__type_support.cpp.o[0m
[17.417s] [ 31%] [32mBuilding CXX object CMakeFiles/slam_toolbox__rosidl_typesupport_c.dir/rosidl_typesupport_c/slam_toolbox/srv/serialize_pose_graph__type_support.cpp.o[0m
[17.421s] [ 33%] [32mBuilding CXX object CMakeFiles/slam_toolbox__rosidl_typesupport_cpp.dir/rosidl_typesupport_cpp/slam_toolbox/srv/pause__type_support.cpp.o[0m
[17.421s] [ 33%] [32mBuilding CXX object CMakeFiles/slam_toolbox__rosidl_typesupport_cpp.dir/rosidl_typesupport_cpp/slam_toolbox/srv/reset__type_support.cpp.o[0m
[17.421s] [ 33%] [32mBuilding CXX object CMakeFiles/slam_toolbox__rosidl_typesupport_c.dir/rosidl_typesupport_c/slam_toolbox/msg/new_node_event__type_support.cpp.o[0m
[17.424s] [ 33%] [32mBuilding CXX object CMakeFiles/slam_toolbox__rosidl_typesupport_c.dir/rosidl_typesupport_c/slam_toolbox/msg/loop_closure_event__type_support.cpp.o[0m
[17.426s] [ 33%] [32mBuilding CXX object CMakeFiles/slam_toolbox__rosidl_typesupport_cpp.dir/rosidl_typesupport_cpp/slam_toolbox/srv/clear_queue__type_support.cpp.o[0m
[17.429s] [ 34%] [32mBuilding CXX object CMakeFiles/slam_toolbox__rosidl_typesupport_c.dir/rosidl_typesupport_c/slam_toolbox/msg/graph_node__type_support.cpp.o[0m
[17.502s] [ 35%] [32mBuilding CXX object CMakeFiles/slam_toolbox__rosidl_typesupport_c.dir/rosidl_typesupport_c/slam_toolbox/msg/graph_edge__type_support.cpp.o[0m
[17.502s] [ 35%] [32mBuilding CXX object CMakeFiles/slam_toolbox__rosidl_typesupport_cpp.dir/rosidl_typesupport_cpp/slam_toolbox/srv/toggle_interactive__type_support.cpp.o[0m
[17.502s] [ 35%] [32mBuilding CXX object CMakeFiles/slam_toolbox__rosidl_typesupport_cpp.dir/rosidl_typesupport_cpp/slam_toolbox/srv/clear__type_support.cpp.o[0m
[17.508s] [ 35%] [32mBuilding CXX object CMakeFiles/slam_toolbox__rosidl_typesupport_c.dir/rosidl_typesupport_c/slam_toolbox/msg/pose_graph__type_support.cpp.o[0m
[17.510s] [ 35%] [32mBuilding CXX object CMakeFiles/slam_toolbox__rosidl_typesupport_cpp.dir/rosidl_typesupport_cpp/slam_toolbox/srv/save_map__type_support.cpp.o[0m
[17.511s] [ 36%] [32mBuilding CXX object CMakeFiles/slam_toolbox__rosidl_typesupport_cpp.dir/rosidl_typesupport_cpp/slam_toolbox/srv/loop_closure__type_support.cpp.o[0m
[17.588s] [ 36%] [32mBuilding CXX object CMakeFiles/slam_toolbox__rosidl_typesupport_cpp.dir/rosidl_typesupport_cpp/slam_toolbox/srv/merge_maps__type_support.cpp.o[0m
[17.597s] [ 37%] [32m[1mLinking CXX shared library libslam_toolbox__rosidl_typesupport_c.so[0m
[17.685s] [ 37%] Built target slam_toolbox__rosidl_typesupport_c
[17.804s] [ 37%] [32mBuilding CXX object CMakeFiles/slam_toolbox__rosidl_typesupport_cpp.dir/rosidl_typesupport_cpp/slam_toolbox/srv/add_submap__type_support.cpp.o[0m
[17.927s] [ 38%] [32mBuilding CXX object CMakeFiles/slam_toolbox__rosidl_typesupport_cpp.dir/rosidl_typesupport_cpp/slam_toolbox/srv/deserialize_pose_graph__type_support.cpp.o[0m
[18.081s] [ 38%] [32mBuilding CXX object CMakeFiles/slam_toolbox__rosidl_typesupport_cpp.dir/rosidl_typesupport_cpp/slam_toolbox/srv/serialize_pose_graph__type_support.cpp.o[0m
[18.092s] [ 39%] [32mBuilding CXX object CMakeFiles/slam_toolbox__rosidl_typesupport_cpp.dir/rosidl_typesupport_cpp/slam_toolbox/msg/new_node_event__type_support.cpp.o[0m
[18.107s] [ 39%] [32mBuilding CXX object CMakeFiles/slam_toolbox__rosidl_typesupport_cpp.dir/rosidl_typesupport_cpp/slam_toolbox/msg/loop_closure_event__type_support.cpp.o[0m
[18.113s] [ 40%] [32mBuilding CXX object CMakeFiles/slam_toolbox__rosidl_typesupport_introspection_cpp.dir/rosidl_typesupport_introspection_cpp/slam_toolbox/msg/detail/localized_laser_scan__type_support.cpp.o[0m
[18.163s] [ 41%] [32mBuilding CXX object CMakeFiles/slam_toolbox__rosidl_typesupport_cpp.dir/rosidl_typesupport_cpp/slam_toolbox/msg/graph_node__type_support.cpp.o[0m
[18.203s] [ 41%] [32mBuilding CXX object CMakeFiles/slam_toolbox__rosidl_typesupport_introspection_cpp.dir/rosidl_typesupport_introspection_cpp/slam_toolbox/srv/detail/pause__type_support.cpp.o[0m
[18.221s] [ 42%] [32mBuilding CXX object CMakeFiles/slam_toolbox__rosidl_typesupport_introspection_cpp.dir/rosidl_typesupport_introspection_cpp/slam_toolbox/srv/detail/reset__type_support.cpp.o[0m
[18.248s] [ 43%] [32mBuilding CXX object CMakeFiles/slam_toolbox__rosidl_typesupport_introspection_cpp.dir/rosidl_typesupport_introspection_cpp/slam_toolbox/srv/detail/clear_queue__type_support.cpp.o[0m
[18.248s] [ 43%] [32mBuilding C object CMakeFiles/slam_toolbox__rosidl_typesupport_introspection_c.dir/rosidl_typesupport_introspection_c/slam_toolbox/msg/detail/localized_laser_scan__type_support.c.o[0m
[18.265s] [ 43%] [32mBuilding CXX object CMakeFiles/slam_toolbox__rosidl_typesupport_introspection_cpp.dir/rosidl_typesupport_introspection_cpp/slam_toolbox/srv/detail/toggle_interactive__type_support.cpp.o[0m
[18.339s] [ 43%] [32mBuilding C object CMakeFiles/slam_toolbox__rosidl_typesupport_introspection_c.dir/rosidl_typesupport_introspection_c/slam_toolbox/srv/detail/pause__type_support.c.o[0m
[18.464s] [ 44%] [32mBuilding C object CMakeFiles/slam_toolbox__rosidl_typesupport_introspection_c.dir/rosidl_typesupport_introspection_c/slam_toolbox/srv/detail/reset__type_support.c.o[0m
[18.548s] [ 45%] [32mBuilding CXX object CMakeFiles/slam_toolbox__rosidl_typesupport_introspection_cpp.dir/rosidl_typesupport_introspection_cpp/slam_toolbox/srv/detail/clear__type_support.cpp.o[0m
[18.586s] [ 45%] [32mBuilding C object CMakeFiles/slam_toolbox__rosidl_typesupport_introspection_c.dir/rosidl_typesupport_introspection_c/slam_toolbox/srv/detail/clear_queue__type_support.c.o[0m
[18.636s] [ 45%] [32mBuilding CXX object CMakeFiles/slam_toolbox__rosidl_typesupport_introspection_cpp.dir/rosidl_typesupport_introspection_cpp/slam_toolbox/srv/detail/save_map__type_support.cpp.o[0m
[18.646s] [ 45%] [32mBuilding C object CMakeFiles/slam_toolbox__rosidl_typesupport_introspection_c.dir/rosidl_typesupport_introspection_c/slam_toolbox/srv/detail/toggle_interactive__type_support.c.o[0m
[18.715s] [ 46%] [32mBuilding CXX object CMakeFiles/slam_toolbox__rosidl_typesupport_introspection_cpp.dir/rosidl_typesupport_introspection_cpp/slam_toolbox/srv/detail/loop_closure__type_support.cpp.o[0m
[18.725s] [ 46%] [32mBuilding CXX object CMakeFiles/slam_toolbox__rosidl_typesupport_introspection_cpp.dir/rosidl_typesupport_introspection_cpp/slam_toolbox/srv/detail/merge_maps__type_support.cpp.o[0m
[18.730s] [ 46%] [32mBuilding CXX object CMakeFiles/slam_toolbox__rosidl_typesupport_cpp.dir/rosidl_typesupport_cpp/slam_toolbox/msg/graph_edge__type_support.cpp.o[0m
[18.766s] [ 47%] [32mBuilding C object CMakeFiles/slam_toolbox__rosidl_typesupport_introspection_c.dir/rosidl_typesupport_introspection_c/slam_toolbox/srv/detail/clear__type_support.c.o[0m
[18.782s] [ 47%] [32mBuilding CXX object CMakeFiles/slam_toolbox__rosidl_typesupport_cpp.dir/rosidl_typesupport_cpp/slam_toolbox/msg/pose_graph__type_support.cpp.o[0m
[18.837s] [ 48%] [32mBuilding CXX object CMakeFiles/slam_toolbox__rosidl_typesupport_introspection_cpp.dir/rosidl_typesupport_introspection_cpp/slam_toolbox/srv/detail/add_submap__type_support.cpp.o[0m
[18.894s] [ 48%] [32mBuilding C object CMakeFiles/slam_toolbox__rosidl_typesupport_introspection_c.dir/rosidl_typesupport_introspection_c/slam_toolbox/srv/detail/save_map__type_support.c.o[0m
[18.961s] [ 49%] [32mBuilding C object CMakeFiles/slam_toolbox__rosidl_typesupport_introspection_c.dir/rosidl_typesupport_introspection_c/slam_toolbox/srv/detail/loop_closure__type_support.c.o[0m
[18.992s] [ 49%] [32mBuilding C object CMakeFiles/slam_toolbox__rosidl_typesupport_introspection_c.dir/rosidl_typesupport_introspection_c/slam_toolbox/srv/detail/merge_maps__type_support.c.o[0m
[19.004s] [ 50%] [32mBuilding C object CMakeFiles/slam_toolbox__rosidl_typesupport_introspection_c.dir/rosidl_typesupport_introspection_c/slam_toolbox/srv/detail/add_submap__type_support.c.o[0m
[19.031s] [ 50%] [32mBuilding CXX object CMakeFiles/slam_toolbox__rosidl_typesupport_introspection_cpp.dir/rosidl_typesupport_introspection_cpp/slam_toolbox/srv/detail/deserialize_pose_graph__type_support.cpp.o[0m
[19.038s] [ 50%] [32mBuilding CXX object CMakeFiles/slam_toolbox__rosidl_typesupport_introspection_cpp.dir/rosidl_typesupport_introspection_cpp/slam_toolbox/srv/detail/serialize_pose_graph__type_support.cpp.o[0m
[19.055s] [ 51%] [32mBuilding CXX object CMakeFiles/slam_toolbox__rosidl_typesupport_fastrtps_cpp.dir/rosidl_typesupport_fastrtps_cpp/slam_toolbox/msg/detail/dds_fastrtps/localized_laser_scan__type_support.cpp.o[0m
[19.093s] [ 52%] [32mBuilding CXX object CMakeFiles/slam_toolbox__rosidl_typesupport_introspection_cpp.dir/rosidl_typesupport_introspection_cpp/slam_toolbox/msg/detail/new_node_event__type_support.cpp.o[0m
[19.136s] [ 52%] [32mBuilding CXX object CMakeFiles/slam_toolbox__rosidl_typesupport_introspection_cpp.dir/rosidl_typesupport_introspection_cpp/slam_toolbox/msg/detail/loop_closure_event__type_support.cpp.o[0m
[19.136s] [ 52%] [32mBuilding C object CMakeFiles/slam_toolbox__rosidl_typesupport_introspection_c.dir/rosidl_typesupport_introspection_c/slam_toolbox/srv/detail/deserialize_pose_graph__type_support.c.o[0m
[19.213s] [ 53%] [32mBuilding CXX object CMakeFiles/slam_toolbox__rosidl_typesupport_fastrtps_c.dir/rosidl_typesupport_fastrtps_c/slam_toolbox/msg/detail/localized_laser_scan__type_support_c.cpp.o[0m
[19.273s] [ 53%] [32mBuilding C object CMakeFiles/slam_toolbox__rosidl_typesupport_introspection_c.dir/rosidl_typesupport_introspection_c/slam_toolbox/srv/detail/serialize_pose_graph__type_support.c.o[0m
[19.308s] [ 53%] [32mBuilding CXX object CMakeFiles/slam_toolbox__rosidl_typesupport_fastrtps_c.dir/rosidl_typesupport_fastrtps_c/slam_toolbox/srv/detail/pause__type_support_c.cpp.o[0m
[19.341s] [ 54%] [32m[1mLinking CXX shared library libslam_toolbox__rosidl_typesupport_cpp.so[0m
[19.376s] [ 54%] [32mBuilding CXX object CMakeFiles/slam_toolbox__rosidl_typesupport_fastrtps_cpp.dir/rosidl_typesupport_fastrtps_cpp/slam_toolbox/srv/detail/dds_fastrtps/pause__type_support.cpp.o[0m
[19.400s] [ 55%] [32mBuilding C object CMakeFiles/slam_toolbox__rosidl_typesupport_introspection_c.dir/rosidl_typesupport_introspection_c/slam_toolbox/msg/detail/new_node_event__type_support.c.o[0m
[19.486s] [ 56%] [32mBuilding CXX object CMakeFiles/slam_toolbox__rosidl_typesupport_fastrtps_cpp.dir/rosidl_typesupport_fastrtps_cpp/slam_toolbox/srv/detail/dds_fastrtps/reset__type_support.cpp.o[0m
[19.494s] [ 57%] [32mBuilding C object CMakeFiles/slam_toolbox__rosidl_typesupport_introspection_c.dir/rosidl_typesupport_introspection_c/slam_toolbox/msg/detail/loop_closure_event__type_support.c.o[0m
[19.494s] [ 57%] [32mBuilding CXX object CMakeFiles/slam_toolbox__rosidl_typesupport_fastrtps_c.dir/rosidl_typesupport_fastrtps_c/slam_toolbox/srv/detail/reset__type_support_c.cpp.o[0m
[19.552s] [ 57%] Built target slam_toolbox__rosidl_typesupport_cpp
[19.567s] [ 57%] [32mBuilding CXX object CMakeFiles/slam_toolbox__rosidl_typesupport_fastrtps_c.dir/rosidl_typesupport_fastrtps_c/slam_toolbox/srv/detail/clear_queue__type_support_c.cpp.o[0m
[19.574s] [ 57%] [32mBuilding CXX object CMakeFiles/slam_toolbox__rosidl_typesupport_fastrtps_cpp.dir/rosidl_typesupport_fastrtps_cpp/slam_toolbox/srv/detail/dds_fastrtps/clear_queue__type_support.cpp.o[0m
[19.606s] [ 58%] [32mBuilding C object CMakeFiles/slam_toolbox__rosidl_typesupport_introspection_c.dir/rosidl_typesupport_introspection_c/slam_toolbox/msg/detail/graph_node__type_support.c.o[0m
[19.698s] [ 59%] [32mBuilding C object CMakeFiles/slam_toolbox__rosidl_typesupport_introspection_c.dir/rosidl_typesupport_introspection_c/slam_toolbox/msg/detail/pose_graph__type_support.c.o[0m
[19.698s] [ 59%] [32mBuilding C object CMakeFiles/slam_toolbox__rosidl_typesupport_introspection_c.dir/rosidl_typesupport_introspection_c/slam_toolbox/msg/detail/graph_edge__type_support.c.o[0m
[19.698s] [ 59%] [32mBuilding CXX object CMakeFiles/slam_toolbox__rosidl_typesupport_introspection_cpp.dir/rosidl_typesupport_introspection_cpp/slam_toolbox/msg/detail/graph_node__type_support.cpp.o[0m
[19.738s] [ 59%] [34m[1mGenerating rviz_plugin/moc_slam_toolbox_rviz_plugin.cpp[0m
[19.808s] [ 59%] [32mBuilding CXX object CMakeFiles/slam_toolbox__rosidl_typesupport_introspection_cpp.dir/rosidl_typesupport_introspection_cpp/slam_toolbox/msg/detail/graph_edge__type_support.cpp.o[0m
[19.808s] [ 59%] [32mBuilding CXX object CMakeFiles/SlamToolboxPlugin.dir/rviz_plugin/slam_toolbox_rviz_plugin.cpp.o[0m
[19.823s] [ 60%] [32m[1mLinking C shared library libslam_toolbox__rosidl_typesupport_introspection_c.so[0m
[19.929s] [ 60%] Built target slam_toolbox__rosidl_typesupport_introspection_c
[19.951s] [ 60%] [32mBuilding CXX object CMakeFiles/slam_toolbox__rosidl_typesupport_fastrtps_cpp.dir/rosidl_typesupport_fastrtps_cpp/slam_toolbox/srv/detail/dds_fastrtps/toggle_interactive__type_support.cpp.o[0m
[19.962s] [ 60%] [32mBuilding CXX object CMakeFiles/slam_toolbox__rosidl_typesupport_fastrtps_c.dir/rosidl_typesupport_fastrtps_c/slam_toolbox/srv/detail/toggle_interactive__type_support_c.cpp.o[0m
[19.981s] [ 61%] [32mBuilding CXX object CMakeFiles/SlamToolboxPlugin.dir/rviz_plugin/moc_slam_toolbox_rviz_plugin.cpp.o[0m
[20.054s] [ 62%] [32mBuilding CXX object CMakeFiles/slam_toolbox__rosidl_typesupport_fastrtps_c.dir/rosidl_typesupport_fastrtps_c/slam_toolbox/srv/detail/clear__type_support_c.cpp.o[0m
[20.114s] [ 62%] [32mBuilding CXX object CMakeFiles/slam_toolbox__rosidl_typesupport_introspection_cpp.dir/rosidl_typesupport_introspection_cpp/slam_toolbox/msg/detail/pose_graph__type_support.cpp.o[0m
[20.298s] [ 63%] [32mBuilding CXX object CMakeFiles/slam_toolbox__rosidl_typesupport_fastrtps_cpp.dir/rosidl_typesupport_fastrtps_cpp/slam_toolbox/srv/detail/dds_fastrtps/clear__type_support.cpp.o[0m
[20.326s] [ 63%] [32mBuilding CXX object CMakeFiles/slam_toolbox__rosidl_typesupport_fastrtps_c.dir/rosidl_typesupport_fastrtps_c/slam_toolbox/srv/detail/save_map__type_support_c.cpp.o[0m
[20.390s] [ 64%] [32mBuilding CXX object CMakeFiles/slam_toolbox__rosidl_typesupport_fastrtps_c.dir/rosidl_typesupport_fastrtps_c/slam_toolbox/srv/detail/loop_closure__type_support_c.cpp.o[0m
[20.514s] [ 64%] [32mBuilding CXX object CMakeFiles/slam_toolbox__rosidl_typesupport_fastrtps_c.dir/rosidl_typesupport_fastrtps_c/slam_toolbox/srv/detail/merge_maps__type_support_c.cpp.o[0m
[20.538s] [ 64%] [32mBuilding CXX object CMakeFiles/slam_toolbox__rosidl_typesupport_fastrtps_cpp.dir/rosidl_typesupport_fastrtps_cpp/slam_toolbox/srv/detail/dds_fastrtps/save_map__type_support.cpp.o[0m
[20.736s] [ 65%] [32mBuilding CXX object CMakeFiles/slam_toolbox__rosidl_typesupport_fastrtps_cpp.dir/rosidl_typesupport_fastrtps_cpp/slam_toolbox/srv/detail/dds_fastrtps/loop_closure__type_support.cpp.o[0m
[20.761s] [ 65%] [32mBuilding CXX object CMakeFiles/slam_toolbox__rosidl_typesupport_fastrtps_cpp.dir/rosidl_typesupport_fastrtps_cpp/slam_toolbox/srv/detail/dds_fastrtps/merge_maps__type_support.cpp.o[0m
[20.816s] [ 65%] [32mBuilding CXX object CMakeFiles/slam_toolbox__rosidl_typesupport_fastrtps_c.dir/rosidl_typesupport_fastrtps_c/slam_toolbox/srv/detail/add_submap__type_support_c.cpp.o[0m
[20.907s] [ 66%] [32m[1mLinking CXX shared library libslam_toolbox__rosidl_typesupport_introspection_cpp.so[0m
[21.044s] [ 66%] [32mBuilding CXX object CMakeFiles/slam_toolbox__rosidl_typesupport_fastrtps_cpp.dir/rosidl_typesupport_fastrtps_cpp/slam_toolbox/srv/detail/dds_fastrtps/add_submap__type_support.cpp.o[0m
[21.187s] [ 66%] Built target slam_toolbox__rosidl_typesupport_introspection_cpp
[21.220s] [ 67%] [32mBuilding CXX object CMakeFiles/slam_toolbox__rosidl_typesupport_fastrtps_cpp.dir/rosidl_typesupport_fastrtps_cpp/slam_toolbox/srv/detail/dds_fastrtps/deserialize_pose_graph__type_support.cpp.o[0m
[21.263s] [ 68%] [32mBuilding CXX object CMakeFiles/slam_toolbox__rosidl_typesupport_fastrtps_c.dir/rosidl_typesupport_fastrtps_c/slam_toolbox/srv/detail/deserialize_pose_graph__type_support_c.cpp.o[0m
[21.278s] [ 68%] [32mBuilding CXX object CMakeFiles/slam_toolbox__rosidl_typesupport_fastrtps_c.dir/rosidl_typesupport_fastrtps_c/slam_toolbox/srv/detail/serialize_pose_graph__type_support_c.cpp.o[0m
[21.543s] [ 68%] [32mBuilding CXX object CMakeFiles/slam_toolbox__rosidl_typesupport_fastrtps_cpp.dir/rosidl_typesupport_fastrtps_cpp/slam_toolbox/srv/detail/dds_fastrtps/serialize_pose_graph__type_support.cpp.o[0m
[21.685s] [ 69%] [32mBuilding CXX object CMakeFiles/slam_toolbox__rosidl_typesupport_fastrtps_c.dir/rosidl_typesupport_fastrtps_c/slam_toolbox/msg/detail/new_node_event__type_support_c.cpp.o[0m
[21.692s] [ 70%] [32mBuilding CXX object CMakeFiles/slam_toolbox__rosidl_typesupport_fastrtps_cpp.dir/rosidl_typesupport_fastrtps_cpp/slam_toolbox/msg/detail/dds_fastrtps/new_node_event__type_support.cpp.o[0m
[21.700s] [ 70%] [32mBuilding CXX object CMakeFiles/slam_toolbox__rosidl_typesupport_fastrtps_cpp.dir/rosidl_typesupport_fastrtps_cpp/slam_toolbox/msg/detail/dds_fastrtps/loop_closure_event__type_support.cpp.o[0m
[22.033s] [ 71%] [32mBuilding CXX object CMakeFiles/slam_toolbox__rosidl_typesupport_fastrtps_cpp.dir/rosidl_typesupport_fastrtps_cpp/slam_toolbox/msg/detail/dds_fastrtps/graph_node__type_support.cpp.o[0m
[22.298s] [ 71%] [32mBuilding CXX object CMakeFiles/slam_toolbox__rosidl_typesupport_fastrtps_cpp.dir/rosidl_typesupport_fastrtps_cpp/slam_toolbox/msg/detail/dds_fastrtps/graph_edge__type_support.cpp.o[0m
[22.311s] [ 71%] [32mBuilding CXX object CMakeFiles/slam_toolbox__rosidl_typesupport_fastrtps_cpp.dir/rosidl_typesupport_fastrtps_cpp/slam_toolbox/msg/detail/dds_fastrtps/pose_graph__type_support.cpp.o[0m
[22.320s] [ 71%] [32mBuilding CXX object CMakeFiles/slam_toolbox__rosidl_typesupport_fastrtps_c.dir/rosidl_typesupport_fastrtps_c/slam_toolbox/msg/detail/loop_closure_event__type_support_c.cpp.o[0m
[22.357s] [ 72%] [32mBuilding CXX object CMakeFiles/slam_toolbox__rosidl_typesupport_fastrtps_c.dir/rosidl_typesupport_fastrtps_c/slam_toolbox/msg/detail/graph_node__type_support_c.cpp.o[0m
[22.492s] [ 72%] [32mBuilding CXX object CMakeFiles/slam_toolbox__rosidl_typesupport_fastrtps_c.dir/rosidl_typesupport_fastrtps_c/slam_toolbox/msg/detail/graph_edge__type_support_c.cpp.o[0m
[22.588s] [ 72%] [32mBuilding CXX object CMakeFiles/slam_toolbox__rosidl_typesupport_fastrtps_c.dir/rosidl_typesupport_fastrtps_c/slam_toolbox/msg/detail/pose_graph__type_support_c.cpp.o[0m
[23.214s] [ 73%] [32m[1mLinking CXX shared library libslam_toolbox__rosidl_typesupport_fastrtps_cpp.so[0m
[23.308s] [ 74%] [32m[1mLinking CXX shared library libslam_toolbox__rosidl_typesupport_fastrtps_c.so[0m
[23.344s] [ 74%] Built target slam_toolbox__rosidl_typesupport_fastrtps_cpp
[23.425s] [ 74%] Built target slam_toolbox__rosidl_typesupport_fastrtps_c
[23.454s] [ 74%] Built target slam_toolbox
[23.485s] [ 74%] [34m[1mGenerating Python code for ROS interfaces[0m
[25.640s] [ 74%] Built target slam_toolbox__py
[25.674s] [ 75%] [32mBuilding C object CMakeFiles/slam_toolbox__rosidl_generator_py.dir/rosidl_generator_py/slam_toolbox/srv/_clear_s.c.o[0m
[25.674s] [ 75%] [32mBuilding C object CMakeFiles/slam_toolbox__rosidl_generator_py.dir/rosidl_generator_py/slam_toolbox/srv/_reset_s.c.o[0m
[25.674s] [ 75%] [32mBuilding C object CMakeFiles/slam_toolbox__rosidl_generator_py.dir/rosidl_generator_py/slam_toolbox/srv/_pause_s.c.o[0m
[25.674s] [ 75%] [32mBuilding C object CMakeFiles/slam_toolbox__rosidl_generator_py.dir/rosidl_generator_py/slam_toolbox/msg/_localized_laser_scan_s.c.o[0m
[25.675s] [ 78%] [32mBuilding C object CMakeFiles/slam_toolbox__rosidl_generator_py.dir/rosidl_generator_py/slam_toolbox/srv/_toggle_interactive_s.c.o[0m
[25.675s] [ 78%] [32mBuilding C object CMakeFiles/slam_toolbox__rosidl_generator_py.dir/rosidl_generator_py/slam_toolbox/srv/_merge_maps_s.c.o[0m
[25.676s] [ 75%] [32mBuilding C object CMakeFiles/slam_toolbox__rosidl_generator_py.dir/rosidl_generator_py/slam_toolbox/srv/_clear_queue_s.c.o[0m
[25.676s] [ 79%] [32mBuilding C object CMakeFiles/slam_toolbox__rosidl_generator_py.dir/rosidl_generator_py/slam_toolbox/srv/_loop_closure_s.c.o[0m
[25.676s] [ 79%] [32mBuilding C object CMakeFiles/slam_toolbox__rosidl_generator_py.dir/rosidl_generator_py/slam_toolbox/srv/_serialize_pose_graph_s.c.o[0m
[25.676s] [ 79%] [32mBuilding C object CMakeFiles/slam_toolbox__rosidl_generator_py.dir/rosidl_generator_py/slam_toolbox/srv/_save_map_s.c.o[0m
[25.678s] [ 79%] [32mBuilding C object CMakeFiles/slam_toolbox__rosidl_generator_py.dir/rosidl_generator_py/slam_toolbox/srv/_deserialize_pose_graph_s.c.o[0m
[25.682s] [ 79%] [32mBuilding C object CMakeFiles/slam_toolbox__rosidl_generator_py.dir/rosidl_generator_py/slam_toolbox/srv/_add_submap_s.c.o[0m
[25.935s] [ 79%] [32mBuilding C object CMakeFiles/slam_toolbox__rosidl_generator_py.dir/rosidl_generator_py/slam_toolbox/msg/_new_node_event_s.c.o[0m
[26.022s] [ 80%] [32mBuilding C object CMakeFiles/slam_toolbox__rosidl_generator_py.dir/rosidl_generator_py/slam_toolbox/msg/_graph_node_s.c.o[0m
[26.022s] [ 80%] [32mBuilding C object CMakeFiles/slam_toolbox__rosidl_generator_py.dir/rosidl_generator_py/slam_toolbox/msg/_loop_closure_event_s.c.o[0m
[26.023s] [ 81%] [32mBuilding C object CMakeFiles/slam_toolbox__rosidl_generator_py.dir/rosidl_generator_py/slam_toolbox/msg/_graph_edge_s.c.o[0m
[26.025s] [ 81%] [32mBuilding C object CMakeFiles/slam_toolbox__rosidl_generator_py.dir/rosidl_generator_py/slam_toolbox/msg/_pose_graph_s.c.o[0m
[26.229s] [ 81%] [32m[1mLinking C shared library libslam_toolbox__rosidl_generator_py.so[0m
[26.299s] [ 81%] Built target slam_toolbox__rosidl_generator_py
[26.327s] [ 83%] [32mBuilding C object CMakeFiles/slam_toolbox_s__rosidl_typesupport_c.dir/rosidl_generator_py/slam_toolbox/_slam_toolbox_s.ep.rosidl_typesupport_c.c.o[0m
[26.327s] [ 83%] [32mBuilding C object CMakeFiles/slam_toolbox_s__rosidl_typesupport_introspection_c.dir/rosidl_generator_py/slam_toolbox/_slam_toolbox_s.ep.rosidl_typesupport_introspection_c.c.o[0m
[26.327s] [ 83%] [32mBuilding C object CMakeFiles/slam_toolbox_s__rosidl_typesupport_fastrtps_c.dir/rosidl_generator_py/slam_toolbox/_slam_toolbox_s.ep.rosidl_typesupport_fastrtps_c.c.o[0m
[26.845s] [ 84%] [32m[1mLinking C shared module rosidl_generator_py/slam_toolbox/slam_toolbox_s__rosidl_typesupport_introspection_c.so[0m
[26.846s] [ 84%] [32m[1mLinking C shared module rosidl_generator_py/slam_toolbox/slam_toolbox_s__rosidl_typesupport_c.so[0m
[26.869s] [ 84%] [32m[1mLinking C shared module rosidl_generator_py/slam_toolbox/slam_toolbox_s__rosidl_typesupport_fastrtps_c.so[0m
[26.886s] [ 84%] Built target slam_toolbox_s__rosidl_typesupport_c
[26.888s] [ 84%] Built target slam_toolbox_s__rosidl_typesupport_introspection_c
[26.914s] [ 84%] Built target slam_toolbox_s__rosidl_typesupport_fastrtps_c
[34.417s] [ 85%] [32m[1mLinking CXX shared library libkartoSlamToolbox.so[0m
[34.661s] [ 85%] Built target kartoSlamToolbox
[34.685s] [ 85%] [32mBuilding CXX object CMakeFiles/ceres_solver_plugin.dir/solvers/ceres_solver.cpp.o[0m
[34.686s] [ 86%] [32mBuilding CXX object CMakeFiles/toolbox_common.dir/src/loop_closure_listener.cpp.o[0m
[34.686s] [ 86%] [32mBuilding CXX object CMakeFiles/toolbox_common.dir/src/slam_toolbox_common.cpp.o[0m
[34.686s] [ 86%] [32mBuilding CXX object CMakeFiles/toolbox_common.dir/src/slam_mapper.cpp.o[0m
[34.686s] [ 86%] [32mBuilding CXX object CMakeFiles/toolbox_common.dir/src/map_saver.cpp.o[0m
[34.686s] [ 87%] [32mBuilding CXX object CMakeFiles/toolbox_common.dir/src/laser_utils.cpp.o[0m
[34.686s] [ 87%] [32mBuilding CXX object CMakeFiles/toolbox_common.dir/src/loop_closure_assistant.cpp.o[0m
[40.625s] [ 87%] [32m[1mLinking CXX shared library libSlamToolboxPlugin.so[0m
[43.241s] [ 87%] Built target SlamToolboxPlugin
[44.312s] In file included from [01m[K/usr/include/c++/13/memory:78[m[K,
[44.313s]                  from [01m[K/home/prhayogo/ros2_ws/src/slam_toolbox/src/slam_toolbox_common.cpp:19[m[K:
[44.313s] /usr/include/c++/13/bits/unique_ptr.h: In instantiation of ‘[01m[Kstd::__detail::__unique_ptr_t<_Tp> std::[01;32m[Kmake_unique[m[K(_Args&& ...) [35m[K[with _Tp = message_filters::Subscriber<sensor_msgs::msg::LaserScan_<allocator<void> > >; _Args = {rclcpp_lifecycle::LifecycleNode*, __cxx11::basic_string<char, char_traits<char>, allocator<char> >&, rclcpp::SensorDataQoS}; __detail::__unique_ptr_t<_Tp> = __detail::__unique_ptr_t<message_filters::Subscriber<sensor_msgs::msg::LaserScan_<allocator<void> > > >][m[K[m[K’:
[44.313s] [01m[K/home/prhayogo/ros2_ws/src/slam_toolbox/src/slam_toolbox_common.cpp:502:79:[m[K   required from here
[44.313s] [01m[K/usr/include/c++/13/bits/unique_ptr.h:1070:30:[m[K [01;31m[Kerror: [m[Kno matching function for call to ‘[01m[Kmessage_filters::Subscriber<sensor_msgs::msg::LaserScan_<std::allocator<void> > >::Subscriber(rclcpp_lifecycle::LifecycleNode*, std::__cxx11::basic_string<char>&, rclcpp::SensorDataQoS)[m[K’
[44.313s]  1070 |     { return unique_ptr<_Tp>([01;31m[Knew _Tp(std::forward<_Args>(__args)...)[m[K); }
[44.313s]       |                              [01;31m[K^~~~~~~~~~~~~~~~~~~~~~~~~~~~~~~~~~~~~~~[m[K
[44.313s] In file included from [01m[K/opt/ros/jazzy/include/message_filters/message_filters/subscriber.hpp:32[m[K,
[44.313s]                  from [01m[K/home/prhayogo/ros2_ws/src/slam_toolbox/include/slam_toolbox/slam_toolbox_common.hpp:39[m[K,
[44.313s]                  from [01m[K/home/prhayogo/ros2_ws/src/slam_toolbox/src/slam_toolbox_common.cpp:23[m[K:
[44.314s] [01m[K/opt/ros/jazzy/include/message_filters/message_filters/subscriber.h:224:3:[m[K [01;36m[Knote: [m[Kcandidate: ‘[01m[Kmessage_filters::Subscriber<M, NodeType>::[01;32m[KSubscriber[m[K() [35m[K[with M = sensor_msgs::msg::LaserScan_<std::allocator<void> >; NodeType = rclcpp::Node][m[K[m[K’
[44.314s]   224 |   [01;36m[KSubscriber[m[K() = default;
[44.314s]       |   [01;36m[K^~~~~~~~~~[m[K
[44.314s] [01m[K/opt/ros/jazzy/include/message_filters/message_filters/subscriber.h:224:3:[m[K [01;36m[Knote: [m[K  candidate expects 0 arguments, 3 provided
[44.314s] [01m[K/opt/ros/jazzy/include/message_filters/message_filters/subscriber.h:212:3:[m[K [01;36m[Knote: [m[Kcandidate: ‘[01m[Kmessage_filters::Subscriber<M, NodeType>::[01;32m[KSubscriber[m[K(NodeType*, const std::string&, rmw_qos_profile_t, rclcpp::SubscriptionOptions) [35m[K[with M = sensor_msgs::msg::LaserScan_<std::allocator<void> >; NodeType = rclcpp::Node; std::string = std::__cxx11::basic_string<char>; rmw_qos_profile_t = rmw_qos_profile_s; rclcpp::SubscriptionOptions = rclcpp::SubscriptionOptionsWithAllocator<std::allocator<void> >][m[K[m[K’
[44.314s]   212 |   [01;36m[KSubscriber[m[K(
[44.314s]       |   [01;36m[K^~~~~~~~~~[m[K
[44.314s] [01m[K/opt/ros/jazzy/include/message_filters/message_filters/subscriber.h:212:3:[m[K [01;36m[Knote: [m[K  candidate expects 4 arguments, 3 provided
[44.314s] [01m[K/opt/ros/jazzy/include/message_filters/message_filters/subscriber.h:203:3:[m[K [01;36m[Knote: [m[Kcandidate: ‘[01m[Kmessage_filters::Subscriber<M, NodeType>::[01;32m[KSubscriber[m[K(NodePtr, const std::string&, rmw_qos_profile_t, rclcpp::SubscriptionOptions) [35m[K[with M = sensor_msgs::msg::LaserScan_<std::allocator<void> >; NodeType = rclcpp::Node; NodePtr = std::shared_ptr<rclcpp::Node>; std::string = std::__cxx11::basic_string<char>; rmw_qos_profile_t = rmw_qos_profile_s; rclcpp::SubscriptionOptions = rclcpp::SubscriptionOptionsWithAllocator<std::allocator<void> >][m[K[m[K’
[44.314s]   203 |   [01;36m[KSubscriber[m[K(
[44.314s]       |   [01;36m[K^~~~~~~~~~[m[K
[44.315s] [01m[K/opt/ros/jazzy/include/message_filters/message_filters/subscriber.h:203:3:[m[K [01;36m[Knote: [m[K  candidate expects 4 arguments, 3 provided
[44.315s] [01m[K/opt/ros/jazzy/include/message_filters/message_filters/subscriber.h:188:3:[m[K [01;36m[Knote: [m[Kcandidate: ‘[01m[Kmessage_filters::Subscriber<M, NodeType>::[01;32m[KSubscriber[m[K(NodeType*, const std::string&, rmw_qos_profile_t) [35m[K[with M = sensor_msgs::msg::LaserScan_<std::allocator<void> >; NodeType = rclcpp::Node; std::string = std::__cxx11::basic_string<char>; rmw_qos_profile_t = rmw_qos_profile_s][m[K[m[K’
[44.315s]   188 |   [01;36m[KSubscriber[m[K(NodeType * node, const std::string& topic, const rmw_qos_profile_t qos = rmw_qos_profile_default)
[44.315s]       |   [01;36m[K^~~~~~~~~~[m[K
[44.315s] [01m[K/opt/ros/jazzy/include/message_filters/message_filters/subscriber.h:188:25:[m[K [01;36m[Knote: [m[K  no known conversion for argument 1 from ‘[01m[Krclcpp_lifecycle::LifecycleNode*[m[K’ to ‘[01m[Krclcpp::Node*[m[K’
[44.315s]   188 |   Subscriber([01;36m[KNodeType * node[m[K, const std::string& topic, const rmw_qos_profile_t qos = rmw_qos_profile_default)
[44.315s]       |              [01;36m[K~~~~~~~~~~~^~~~[m[K
[44.315s] [01m[K/opt/ros/jazzy/include/message_filters/message_filters/subscriber.h:183:3:[m[K [01;36m[Knote: [m[Kcandidate: ‘[01m[Kmessage_filters::Subscriber<M, NodeType>::[01;32m[KSubscriber[m[K(NodePtr, const std::string&, rmw_qos_profile_t) [35m[K[with M = sensor_msgs::msg::LaserScan_<std::allocator<void> >; NodeType = rclcpp::Node; NodePtr = std::shared_ptr<rclcpp::Node>; std::string = std::__cxx11::basic_string<char>; rmw_qos_profile_t = rmw_qos_profile_s][m[K[m[K’
[44.315s]   183 |   [01;36m[KSubscriber[m[K(NodePtr node, const std::string& topic, const rmw_qos_profile_t qos = rmw_qos_profile_default)
[44.315s]       |   [01;36m[K^~~~~~~~~~[m[K
[44.315s] [01m[K/opt/ros/jazzy/include/message_filters/message_filters/subscriber.h:183:22:[m[K [01;36m[Knote: [m[K  no known conversion for argument 1 from ‘[01m[Krclcpp_lifecycle::LifecycleNode*[m[K’ to ‘[01m[Kmessage_filters::Subscriber<sensor_msgs::msg::LaserScan_<std::allocator<void> > >::NodePtr[m[K’ {aka ‘[01m[Kstd::shared_ptr<rclcpp::Node>[m[K’}
[44.316s]   183 |   Subscriber([01;36m[KNodePtr node[m[K, const std::string& topic, const rmw_qos_profile_t qos = rmw_qos_profile_default)
[44.316s]       |              [01;36m[K~~~~~~~~^~~~[m[K
[51.451s] [ 88%] [32m[1mLinking CXX shared library libceres_solver_plugin.so[0m
[51.945s] [ 88%] Built target ceres_solver_plugin
[52.700s] gmake[2]: *** [CMakeFiles/toolbox_common.dir/build.make:76: CMakeFiles/toolbox_common.dir/src/slam_toolbox_common.cpp.o] Error 1
[52.700s] gmake[2]: *** Waiting for unfinished jobs....
[54.740s] gmake[1]: *** [CMakeFiles/Makefile2:750: CMakeFiles/toolbox_common.dir/all] Error 2
[54.742s] gmake: *** [Makefile:146: all] Error 2
[54.788s] Invoked command in '/home/prhayogo/ros2_ws/build/slam_toolbox' returned '2': CMAKE_PREFIX_PATH=${CMAKE_PREFIX_PATH}:/opt/ros/jazzy DEBUGINFOD_URLS=https://debuginfod.ubuntu.com /usr/bin/cmake --build /home/prhayogo/ros2_ws/build/slam_toolbox -- -j16 -l16
