[0.023s] Invoking command in '/home/prhayogo/ros2_ws/build/rplidar_ros': CMAKE_PREFIX_PATH=${CMAKE_PREFIX_PATH}:/opt/ros/jazzy CONDA_PROMPT_MODIFIER=(base) DEBUGINFOD_URLS=https://debuginfod.ubuntu.com /usr/bin/cmake /home/prhayogo/ros2_ws/src/rplidar_ros -DAMENT_CMAKE_SYMLINK_INSTALL=1 -DCMAKE_INSTALL_PREFIX=/home/prhayogo/ros2_ws/install/rplidar_ros
[0.079s] -- Found ament_cmake: 2.5.6 (/opt/ros/jazzy/share/ament_cmake/cmake)
[0.456s] -- Override CMake install command with custom implementation using symlinks instead of copying resources
[0.471s] -- Found rclcpp: 28.1.18 (/opt/ros/jazzy/share/rclcpp/cmake)
[0.517s] -- Found rosidl_generator_c: 4.6.7 (/opt/ros/jazzy/share/rosidl_generator_c/cmake)
[0.530s] -- Found rosidl_generator_cpp: 4.6.7 (/opt/ros/jazzy/share/rosidl_generator_cpp/cmake)
[0.548s] -- Using all available rosidl_typesupport_c: rosidl_typesupport_fastrtps_c;rosidl_typesupport_introspection_c
[0.567s] -- Using all available rosidl_typesupport_cpp: rosidl_typesupport_fastrtps_cpp;rosidl_typesupport_introspection_cpp
[0.660s] -- Found rmw_implementation_cmake: 7.3.3 (/opt/ros/jazzy/share/rmw_implementation_cmake/cmake)
[0.662s] -- Found rmw_fastrtps_cpp: 8.4.3 (/opt/ros/jazzy/share/rmw_fastrtps_cpp/cmake)
[0.769s] -- Using RMW implementation 'rmw_fastrtps_cpp' as default
[0.905s] -- Found sensor_msgs: 5.3.7 (/opt/ros/jazzy/share/sensor_msgs/cmake)
[1.014s] -- Found std_srvs: 5.3.7 (/opt/ros/jazzy/share/std_srvs/cmake)
[1.211s] -- Configuring done (1.2s)
[1.260s] -- Generating done (0.0s)
[1.270s] -- Build files have been written to: /home/prhayogo/ros2_ws/build/rplidar_ros
[1.284s] Invoked command in '/home/prhayogo/ros2_ws/build/rplidar_ros' returned '0': CMAKE_PREFIX_PATH=${CMAKE_PREFIX_PATH}:/opt/ros/jazzy CONDA_PROMPT_MODIFIER=(base) DEBUGINFOD_URLS=https://debuginfod.ubuntu.com /usr/bin/cmake /home/prhayogo/ros2_ws/src/rplidar_ros -DAMENT_CMAKE_SYMLINK_INSTALL=1 -DCMAKE_INSTALL_PREFIX=/home/prhayogo/ros2_ws/install/rplidar_ros
[1.286s] Invoking command in '/home/prhayogo/ros2_ws/build/rplidar_ros': CMAKE_PREFIX_PATH=${CMAKE_PREFIX_PATH}:/opt/ros/jazzy CONDA_PROMPT_MODIFIER=(base) DEBUGINFOD_URLS=https://debuginfod.ubuntu.com /usr/bin/cmake --build /home/prhayogo/ros2_ws/build/rplidar_ros -- -j16 -l16
[1.442s] [  5%] Built target rplidar_client
[1.448s] [ 52%] Built target rplidar_composition
[1.451s] [100%] Built target rplidar_node
[1.474s] Invoked command in '/home/prhayogo/ros2_ws/build/rplidar_ros' returned '0': CMAKE_PREFIX_PATH=${CMAKE_PREFIX_PATH}:/opt/ros/jazzy CONDA_PROMPT_MODIFIER=(base) DEBUGINFOD_URLS=https://debuginfod.ubuntu.com /usr/bin/cmake --build /home/prhayogo/ros2_ws/build/rplidar_ros -- -j16 -l16
[1.492s] Invoking command in '/home/prhayogo/ros2_ws/build/rplidar_ros': CMAKE_PREFIX_PATH=${CMAKE_PREFIX_PATH}:/opt/ros/jazzy CONDA_PROMPT_MODIFIER=(base) DEBUGINFOD_URLS=https://debuginfod.ubuntu.com /usr/bin/cmake --install /home/prhayogo/ros2_ws/build/rplidar_ros
[1.506s] -- Install configuration: ""
[1.507s] -- Execute custom install script
[1.508s] -- Up-to-date symlink: /home/prhayogo/ros2_ws/install/rplidar_ros/share/rplidar_ros/launch/rplidar_a1_launch.py
[1.508s] -- Up-to-date symlink: /home/prhayogo/ros2_ws/install/rplidar_ros/share/rplidar_ros/launch/rplidar_a2m12_launch.py
[1.509s] -- Up-to-date symlink: /home/prhayogo/ros2_ws/install/rplidar_ros/share/rplidar_ros/launch/rplidar_a2m7_launch.py
[1.509s] -- Up-to-date symlink: /home/prhayogo/ros2_ws/install/rplidar_ros/share/rplidar_ros/launch/rplidar_a2m8_launch.py
[1.509s] -- Up-to-date symlink: /home/prhayogo/ros2_ws/install/rplidar_ros/share/rplidar_ros/launch/rplidar_a3_launch.py
[1.510s] -- Up-to-date symlink: /home/prhayogo/ros2_ws/install/rplidar_ros/share/rplidar_ros/launch/rplidar_c1_launch.py
[1.510s] -- Up-to-date symlink: /home/prhayogo/ros2_ws/install/rplidar_ros/share/rplidar_ros/launch/rplidar_s1_launch.py
[1.511s] -- Up-to-date symlink: /home/prhayogo/ros2_ws/install/rplidar_ros/share/rplidar_ros/launch/rplidar_s1_tcp_launch.py
[1.511s] -- Up-to-date symlink: /home/prhayogo/ros2_ws/install/rplidar_ros/share/rplidar_ros/launch/rplidar_s2_launch.py
[1.511s] -- Up-to-date symlink: /home/prhayogo/ros2_ws/install/rplidar_ros/share/rplidar_ros/launch/rplidar_s2e_launch.py
[1.511s] -- Up-to-date symlink: /home/prhayogo/ros2_ws/install/rplidar_ros/share/rplidar_ros/launch/rplidar_s3_launch.py
[1.512s] -- Up-to-date symlink: /home/prhayogo/ros2_ws/install/rplidar_ros/share/rplidar_ros/launch/rplidar_t1_launch.py
[1.512s] -- Up-to-date symlink: /home/prhayogo/ros2_ws/install/rplidar_ros/share/rplidar_ros/launch/view_rplidar_a1_launch.py
[1.512s] -- Up-to-date symlink: /home/prhayogo/ros2_ws/install/rplidar_ros/share/rplidar_ros/launch/view_rplidar_a2m12_launch.py
[1.513s] -- Up-to-date symlink: /home/prhayogo/ros2_ws/install/rplidar_ros/share/rplidar_ros/launch/view_rplidar_a2m7_launch.py
[1.513s] -- Up-to-date symlink: /home/prhayogo/ros2_ws/install/rplidar_ros/share/rplidar_ros/launch/view_rplidar_a2m8_launch.py
[1.513s] -- Up-to-date symlink: /home/prhayogo/ros2_ws/install/rplidar_ros/share/rplidar_ros/launch/view_rplidar_a3_launch.py
[1.514s] -- Up-to-date symlink: /home/prhayogo/ros2_ws/install/rplidar_ros/share/rplidar_ros/launch/view_rplidar_c1_launch.py
[1.514s] -- Up-to-date symlink: /home/prhayogo/ros2_ws/install/rplidar_ros/share/rplidar_ros/launch/view_rplidar_s1_launch.py
[1.514s] -- Up-to-date symlink: /home/prhayogo/ros2_ws/install/rplidar_ros/share/rplidar_ros/launch/view_rplidar_s1_tcp_launch.py
[1.514s] -- Up-to-date symlink: /home/prhayogo/ros2_ws/install/rplidar_ros/share/rplidar_ros/launch/view_rplidar_s2_launch.py
[1.515s] -- Up-to-date symlink: /home/prhayogo/ros2_ws/install/rplidar_ros/share/rplidar_ros/launch/view_rplidar_s2e_launch.py
[1.515s] -- Up-to-date symlink: /home/prhayogo/ros2_ws/install/rplidar_ros/share/rplidar_ros/launch/view_rplidar_s3_launch.py
[1.515s] -- Up-to-date symlink: /home/prhayogo/ros2_ws/install/rplidar_ros/share/rplidar_ros/launch/view_rplidar_t1_launch.py
[1.516s] -- Up-to-date symlink: /home/prhayogo/ros2_ws/install/rplidar_ros/share/rplidar_ros/rviz/rplidar_ros.rviz
[1.517s] -- Up-to-date symlink: /home/prhayogo/ros2_ws/install/rplidar_ros/lib/rplidar_ros/rplidar_node
[1.517s] -- Up-to-date symlink: /home/prhayogo/ros2_ws/install/rplidar_ros/lib/rplidar_ros/rplidar_composition
[1.517s] -- Up-to-date symlink: /home/prhayogo/ros2_ws/install/rplidar_ros/lib/rplidar_ros/rplidar_client
[1.518s] -- Up-to-date symlink: /home/prhayogo/ros2_ws/install/rplidar_ros/share/ament_index/resource_index/package_run_dependencies/rplidar_ros
[1.518s] -- Up-to-date symlink: /home/prhayogo/ros2_ws/install/rplidar_ros/share/ament_index/resource_index/parent_prefix_path/rplidar_ros
[1.519s] -- Up-to-date symlink: /home/prhayogo/ros2_ws/install/rplidar_ros/share/rplidar_ros/environment/ament_prefix_path.sh
[1.519s] -- Up-to-date symlink: /home/prhayogo/ros2_ws/install/rplidar_ros/share/rplidar_ros/environment/ament_prefix_path.dsv
[1.519s] -- Up-to-date symlink: /home/prhayogo/ros2_ws/install/rplidar_ros/share/rplidar_ros/environment/path.sh
[1.520s] -- Up-to-date symlink: /home/prhayogo/ros2_ws/install/rplidar_ros/share/rplidar_ros/environment/path.dsv
[1.520s] -- Up-to-date symlink: /home/prhayogo/ros2_ws/install/rplidar_ros/share/rplidar_ros/local_setup.bash
[1.520s] -- Up-to-date symlink: /home/prhayogo/ros2_ws/install/rplidar_ros/share/rplidar_ros/local_setup.sh
[1.521s] -- Up-to-date symlink: /home/prhayogo/ros2_ws/install/rplidar_ros/share/rplidar_ros/local_setup.zsh
[1.521s] -- Up-to-date symlink: /home/prhayogo/ros2_ws/install/rplidar_ros/share/rplidar_ros/local_setup.dsv
[1.521s] -- Symlinking: /home/prhayogo/ros2_ws/install/rplidar_ros/share/rplidar_ros/package.dsv
[1.540s] -- Up-to-date symlink: /home/prhayogo/ros2_ws/install/rplidar_ros/share/ament_index/resource_index/packages/rplidar_ros
[1.541s] -- Up-to-date symlink: /home/prhayogo/ros2_ws/install/rplidar_ros/share/rplidar_ros/cmake/ament_cmake_export_dependencies-extras.cmake
[1.541s] -- Up-to-date symlink: /home/prhayogo/ros2_ws/install/rplidar_ros/share/rplidar_ros/cmake/ament_cmake_export_include_directories-extras.cmake
[1.542s] -- Up-to-date symlink: /home/prhayogo/ros2_ws/install/rplidar_ros/share/rplidar_ros/cmake/rplidar_rosConfig.cmake
[1.542s] -- Up-to-date symlink: /home/prhayogo/ros2_ws/install/rplidar_ros/share/rplidar_ros/cmake/rplidar_rosConfig-version.cmake
[1.542s] -- Up-to-date symlink: /home/prhayogo/ros2_ws/install/rplidar_ros/share/rplidar_ros/package.xml
[1.545s] Invoked command in '/home/prhayogo/ros2_ws/build/rplidar_ros' returned '0': CMAKE_PREFIX_PATH=${CMAKE_PREFIX_PATH}:/opt/ros/jazzy CONDA_PROMPT_MODIFIER=(base) DEBUGINFOD_URLS=https://debuginfod.ubuntu.com /usr/bin/cmake --install /home/prhayogo/ros2_ws/build/rplidar_ros
