[0.357s] DEBUG:colcon:Command line arguments: ['/usr/bin/colcon', 'build', '--symlink-install', '--packages-select', 'micro_ros_msgs', 'micro_ros_agent']
[0.358s] DEBUG:colcon:Parsed command line arguments: Namespace(log_base=None, log_level=None, verb_name='build', build_base='build', install_base='install', merge_install=False, symlink_install=True, test_result_base=None, continue_on_error=False, executor='parallel', parallel_workers=16, event_handlers=None, ignore_user_meta=False, metas=['./colcon.meta'], base_paths=['.'], packages_ignore=None, packages_ignore_regex=None, paths=None, packages_up_to=None, packages_up_to_regex=None, packages_above=None, packages_above_and_dependencies=None, packages_above_depth=None, packages_select_by_dep=None, packages_skip_by_dep=None, packages_skip_up_to=None, packages_select_build_failed=False, packages_skip_build_finished=False, packages_select_test_failures=False, packages_skip_test_passed=False, packages_select=['micro_ros_msgs', 'micro_ros_agent'], packages_skip=None, packages_select_regex=None, packages_skip_regex=None, packages_start=None, packages_end=None, cmake_args=None, cmake_target=None, cmake_target_skip_unavailable=False, cmake_clean_cache=False, cmake_clean_first=False, cmake_force_configure=False, ament_cmake_args=None, catkin_cmake_args=None, catkin_skip_building_tests=False, verb_parser=<colcon_defaults.argument_parser.defaults.DefaultArgumentsDecorator object at 0x76e08c809fa0>, verb_extension=<colcon_core.verb.build.BuildVerb object at 0x76e08c809850>, main=<bound method BuildVerb.main of <colcon_core.verb.build.BuildVerb object at 0x76e08c809850>>)
[0.470s] Level 1:colcon.colcon_core.package_discovery:discover_packages(colcon_meta) check parameters
[0.470s] Level 1:colcon.colcon_core.package_discovery:discover_packages(recursive) check parameters
[0.470s] Level 1:colcon.colcon_core.package_discovery:discover_packages(ignore) check parameters
[0.470s] Level 1:colcon.colcon_core.package_discovery:discover_packages(path) check parameters
[0.471s] Level 1:colcon.colcon_core.package_discovery:discover_packages(colcon_meta) discover
[0.471s] Level 1:colcon.colcon_core.package_discovery:discover_packages(recursive) discover
[0.471s] INFO:colcon.colcon_core.package_discovery:Crawling recursively for packages in '/home/prhayogo/ros2_ws'
[0.471s] Level 1:colcon.colcon_core.package_identification:_identify(.) by extensions ['ignore', 'ignore_ament_install']
[0.471s] Level 1:colcon.colcon_core.package_identification:_identify(.) by extension 'ignore'
[0.472s] Level 1:colcon.colcon_core.package_identification:_identify(.) by extension 'ignore_ament_install'
[0.472s] Level 1:colcon.colcon_core.package_identification:_identify(.) by extensions ['colcon_pkg']
[0.472s] Level 1:colcon.colcon_core.package_identification:_identify(.) by extension 'colcon_pkg'
[0.472s] Level 1:colcon.colcon_core.package_identification:_identify(.) by extensions ['colcon_meta']
[0.472s] Level 1:colcon.colcon_core.package_identification:_identify(.) by extension 'colcon_meta'
[0.472s] Level 1:colcon.colcon_core.package_identification:_identify(.) by extensions ['ros']
[0.472s] Level 1:colcon.colcon_core.package_identification:_identify(.) by extension 'ros'
[0.529s] Level 1:colcon.colcon_core.package_identification:_identify(.) by extensions ['cmake', 'python']
[0.530s] Level 1:colcon.colcon_core.package_identification:_identify(.) by extension 'cmake'
[0.530s] Level 1:colcon.colcon_core.package_identification:_identify(.) by extension 'python'
[0.530s] Level 1:colcon.colcon_core.package_identification:_identify(.) by extensions ['python_setup_py']
[0.530s] Level 1:colcon.colcon_core.package_identification:_identify(.) by extension 'python_setup_py'
[0.530s] Level 1:colcon.colcon_core.package_identification:_identify(build) by extensions ['ignore', 'ignore_ament_install']
[0.530s] Level 1:colcon.colcon_core.package_identification:_identify(build) by extension 'ignore'
[0.531s] Level 1:colcon.colcon_core.package_identification:_identify(build) ignored
[0.531s] Level 1:colcon.colcon_core.package_identification:_identify(install) by extensions ['ignore', 'ignore_ament_install']
[0.531s] Level 1:colcon.colcon_core.package_identification:_identify(install) by extension 'ignore'
[0.531s] Level 1:colcon.colcon_core.package_identification:_identify(install) ignored
[0.532s] Level 1:colcon.colcon_core.package_identification:_identify(log) by extensions ['ignore', 'ignore_ament_install']
[0.532s] Level 1:colcon.colcon_core.package_identification:_identify(log) by extension 'ignore'
[0.532s] Level 1:colcon.colcon_core.package_identification:_identify(log) ignored
[0.532s] Level 1:colcon.colcon_core.package_identification:_identify(src) by extensions ['ignore', 'ignore_ament_install']
[0.532s] Level 1:colcon.colcon_core.package_identification:_identify(src) by extension 'ignore'
[0.532s] Level 1:colcon.colcon_core.package_identification:_identify(src) by extension 'ignore_ament_install'
[0.533s] Level 1:colcon.colcon_core.package_identification:_identify(src) by extensions ['colcon_pkg']
[0.533s] Level 1:colcon.colcon_core.package_identification:_identify(src) by extension 'colcon_pkg'
[0.533s] Level 1:colcon.colcon_core.package_identification:_identify(src) by extensions ['colcon_meta']
[0.533s] Level 1:colcon.colcon_core.package_identification:_identify(src) by extension 'colcon_meta'
[0.533s] Level 1:colcon.colcon_core.package_identification:_identify(src) by extensions ['ros']
[0.533s] Level 1:colcon.colcon_core.package_identification:_identify(src) by extension 'ros'
[0.533s] Level 1:colcon.colcon_core.package_identification:_identify(src) by extensions ['cmake', 'python']
[0.533s] Level 1:colcon.colcon_core.package_identification:_identify(src) by extension 'cmake'
[0.533s] Level 1:colcon.colcon_core.package_identification:_identify(src) by extension 'python'
[0.534s] Level 1:colcon.colcon_core.package_identification:_identify(src) by extensions ['python_setup_py']
[0.534s] Level 1:colcon.colcon_core.package_identification:_identify(src) by extension 'python_setup_py'
[0.534s] Level 1:colcon.colcon_core.package_identification:_identify(src/micro_ros_msgs) by extensions ['ignore', 'ignore_ament_install']
[0.534s] Level 1:colcon.colcon_core.package_identification:_identify(src/micro_ros_msgs) by extension 'ignore'
[0.534s] Level 1:colcon.colcon_core.package_identification:_identify(src/micro_ros_msgs) by extension 'ignore_ament_install'
[0.535s] Level 1:colcon.colcon_core.package_identification:_identify(src/micro_ros_msgs) by extensions ['colcon_pkg']
[0.535s] Level 1:colcon.colcon_core.package_identification:_identify(src/micro_ros_msgs) by extension 'colcon_pkg'
[0.535s] Level 1:colcon.colcon_core.package_identification:_identify(src/micro_ros_msgs) by extensions ['colcon_meta']
[0.535s] Level 1:colcon.colcon_core.package_identification:_identify(src/micro_ros_msgs) by extension 'colcon_meta'
[0.535s] Level 1:colcon.colcon_core.package_identification:_identify(src/micro_ros_msgs) by extensions ['ros']
[0.535s] Level 1:colcon.colcon_core.package_identification:_identify(src/micro_ros_msgs) by extension 'ros'
[0.540s] DEBUG:colcon.colcon_core.package_identification:Package 'src/micro_ros_msgs' with type 'ros.ament_cmake' and name 'micro_ros_msgs'
[0.540s] Level 1:colcon.colcon_core.package_identification:_identify(src/rplidar_ros) by extensions ['ignore', 'ignore_ament_install']
[0.541s] Level 1:colcon.colcon_core.package_identification:_identify(src/rplidar_ros) by extension 'ignore'
[0.541s] Level 1:colcon.colcon_core.package_identification:_identify(src/rplidar_ros) by extension 'ignore_ament_install'
[0.541s] Level 1:colcon.colcon_core.package_identification:_identify(src/rplidar_ros) by extensions ['colcon_pkg']
[0.541s] Level 1:colcon.colcon_core.package_identification:_identify(src/rplidar_ros) by extension 'colcon_pkg'
[0.541s] Level 1:colcon.colcon_core.package_identification:_identify(src/rplidar_ros) by extensions ['colcon_meta']
[0.541s] Level 1:colcon.colcon_core.package_identification:_identify(src/rplidar_ros) by extension 'colcon_meta'
[0.542s] Level 1:colcon.colcon_core.package_identification:_identify(src/rplidar_ros) by extensions ['ros']
[0.542s] Level 1:colcon.colcon_core.package_identification:_identify(src/rplidar_ros) by extension 'ros'
[0.543s] DEBUG:colcon.colcon_core.package_identification:Package 'src/rplidar_ros' with type 'ros.ament_cmake' and name 'rplidar_ros'
[0.543s] Level 1:colcon.colcon_core.package_identification:_identify(src/slam_toolbox) by extensions ['ignore', 'ignore_ament_install']
[0.543s] Level 1:colcon.colcon_core.package_identification:_identify(src/slam_toolbox) by extension 'ignore'
[0.543s] Level 1:colcon.colcon_core.package_identification:_identify(src/slam_toolbox) by extension 'ignore_ament_install'
[0.544s] Level 1:colcon.colcon_core.package_identification:_identify(src/slam_toolbox) by extensions ['colcon_pkg']
[0.544s] Level 1:colcon.colcon_core.package_identification:_identify(src/slam_toolbox) by extension 'colcon_pkg'
[0.544s] Level 1:colcon.colcon_core.package_identification:_identify(src/slam_toolbox) by extensions ['colcon_meta']
[0.544s] Level 1:colcon.colcon_core.package_identification:_identify(src/slam_toolbox) by extension 'colcon_meta'
[0.544s] Level 1:colcon.colcon_core.package_identification:_identify(src/slam_toolbox) by extensions ['ros']
[0.544s] Level 1:colcon.colcon_core.package_identification:_identify(src/slam_toolbox) by extension 'ros'
[0.550s] DEBUG:colcon.colcon_core.package_identification:Package 'src/slam_toolbox' with type 'ros.ament_cmake' and name 'slam_toolbox'
[0.550s] Level 1:colcon.colcon_core.package_discovery:discover_packages(recursive) using defaults
[0.550s] Level 1:colcon.colcon_core.package_discovery:discover_packages(ignore) discover
[0.550s] Level 1:colcon.colcon_core.package_discovery:discover_packages(ignore) using defaults
[0.550s] Level 1:colcon.colcon_core.package_discovery:discover_packages(path) discover
[0.550s] Level 1:colcon.colcon_core.package_discovery:discover_packages(path) using defaults
[0.550s] WARNING:colcon.colcon_core.package_selection:ignoring unknown package 'micro_ros_agent' in --packages-select
[0.643s] INFO:colcon.colcon_core.package_selection:Skipping not selected package 'rplidar_ros' in 'src/rplidar_ros'
[0.644s] INFO:colcon.colcon_core.package_selection:Skipping not selected package 'slam_toolbox' in 'src/slam_toolbox'
[0.644s] Level 5:colcon.colcon_core.verb:set package 'micro_ros_msgs' build argument 'cmake_args' from command line to 'None'
[0.645s] Level 5:colcon.colcon_core.verb:set package 'micro_ros_msgs' build argument 'cmake_target' from command line to 'None'
[0.645s] Level 5:colcon.colcon_core.verb:set package 'micro_ros_msgs' build argument 'cmake_target_skip_unavailable' from command line to 'False'
[0.645s] Level 5:colcon.colcon_core.verb:set package 'micro_ros_msgs' build argument 'cmake_clean_cache' from command line to 'False'
[0.645s] Level 5:colcon.colcon_core.verb:set package 'micro_ros_msgs' build argument 'cmake_clean_first' from command line to 'False'
[0.645s] Level 5:colcon.colcon_core.verb:set package 'micro_ros_msgs' build argument 'cmake_force_configure' from command line to 'False'
[0.645s] Level 5:colcon.colcon_core.verb:set package 'micro_ros_msgs' build argument 'ament_cmake_args' from command line to 'None'
[0.645s] Level 5:colcon.colcon_core.verb:set package 'micro_ros_msgs' build argument 'catkin_cmake_args' from command line to 'None'
[0.645s] Level 5:colcon.colcon_core.verb:set package 'micro_ros_msgs' build argument 'catkin_skip_building_tests' from command line to 'False'
[0.645s] DEBUG:colcon.colcon_core.verb:Building package 'micro_ros_msgs' with the following arguments: {'ament_cmake_args': None, 'build_base': '/home/prhayogo/ros2_ws/build/micro_ros_msgs', 'catkin_cmake_args': None, 'catkin_skip_building_tests': False, 'cmake_args': None, 'cmake_clean_cache': False, 'cmake_clean_first': False, 'cmake_force_configure': False, 'cmake_target': None, 'cmake_target_skip_unavailable': False, 'install_base': '/home/prhayogo/ros2_ws/install/micro_ros_msgs', 'merge_install': False, 'path': '/home/prhayogo/ros2_ws/src/micro_ros_msgs', 'symlink_install': True, 'test_result_base': None}
[0.645s] INFO:colcon.colcon_core.executor:Executing jobs using 'parallel' executor
[0.647s] DEBUG:colcon.colcon_parallel_executor.executor.parallel:run_until_complete
[0.648s] INFO:colcon.colcon_ros.task.ament_cmake.build:Building ROS package in '/home/prhayogo/ros2_ws/src/micro_ros_msgs' with build type 'ament_cmake'
[0.648s] INFO:colcon.colcon_cmake.task.cmake.build:Building CMake package in '/home/prhayogo/ros2_ws/src/micro_ros_msgs'
[0.652s] INFO:colcon.colcon_core.plugin_system:Skipping extension 'colcon_core.shell.bat': Not used on non-Windows systems
[0.653s] DEBUG:colcon.colcon_core.shell:Skip shell extension 'dsv' for command environment
[0.673s] DEBUG:colcon.colcon_core.event_handler.log_command:Invoking command in '/home/prhayogo/ros2_ws/build/micro_ros_msgs': CMAKE_PREFIX_PATH=${CMAKE_PREFIX_PATH}:/opt/ros/jazzy DEBUGINFOD_URLS=https://debuginfod.ubuntu.com /usr/bin/cmake /home/prhayogo/ros2_ws/src/micro_ros_msgs -DAMENT_CMAKE_SYMLINK_INSTALL=1 -DCMAKE_INSTALL_PREFIX=/home/prhayogo/ros2_ws/install/micro_ros_msgs
[8.147s] DEBUG:colcon.colcon_core.event_handler.log_command:Invoked command in '/home/prhayogo/ros2_ws/build/micro_ros_msgs' returned '0': CMAKE_PREFIX_PATH=${CMAKE_PREFIX_PATH}:/opt/ros/jazzy DEBUGINFOD_URLS=https://debuginfod.ubuntu.com /usr/bin/cmake /home/prhayogo/ros2_ws/src/micro_ros_msgs -DAMENT_CMAKE_SYMLINK_INSTALL=1 -DCMAKE_INSTALL_PREFIX=/home/prhayogo/ros2_ws/install/micro_ros_msgs
[8.151s] DEBUG:colcon.colcon_core.event_handler.log_command:Invoking command in '/home/prhayogo/ros2_ws/build/micro_ros_msgs': CMAKE_PREFIX_PATH=${CMAKE_PREFIX_PATH}:/opt/ros/jazzy DEBUGINFOD_URLS=https://debuginfod.ubuntu.com /usr/bin/cmake --build /home/prhayogo/ros2_ws/build/micro_ros_msgs -- -j16 -l16
[13.450s] DEBUG:colcon.colcon_core.event_handler.log_command:Invoked command in '/home/prhayogo/ros2_ws/build/micro_ros_msgs' returned '0': CMAKE_PREFIX_PATH=${CMAKE_PREFIX_PATH}:/opt/ros/jazzy DEBUGINFOD_URLS=https://debuginfod.ubuntu.com /usr/bin/cmake --build /home/prhayogo/ros2_ws/build/micro_ros_msgs -- -j16 -l16
[13.467s] DEBUG:colcon.colcon_core.event_handler.log_command:Invoking command in '/home/prhayogo/ros2_ws/build/micro_ros_msgs': CMAKE_PREFIX_PATH=${CMAKE_PREFIX_PATH}:/opt/ros/jazzy DEBUGINFOD_URLS=https://debuginfod.ubuntu.com /usr/bin/cmake --install /home/prhayogo/ros2_ws/build/micro_ros_msgs
[14.908s] Level 1:colcon.colcon_core.environment:create_environment_scripts_only(micro_ros_msgs)
[14.909s] DEBUG:colcon.colcon_core.event_handler.log_command:Invoked command in '/home/prhayogo/ros2_ws/build/micro_ros_msgs' returned '0': CMAKE_PREFIX_PATH=${CMAKE_PREFIX_PATH}:/opt/ros/jazzy DEBUGINFOD_URLS=https://debuginfod.ubuntu.com /usr/bin/cmake --install /home/prhayogo/ros2_ws/build/micro_ros_msgs
[14.911s] Level 1:colcon.colcon_core.environment:checking '/home/prhayogo/ros2_ws/install/micro_ros_msgs' for CMake module files
[14.911s] Level 1:colcon.colcon_core.environment:checking '/home/prhayogo/ros2_ws/install/micro_ros_msgs' for CMake config files
[14.912s] Level 1:colcon.colcon_core.shell:create_environment_hook('micro_ros_msgs', 'cmake_prefix_path')
[14.912s] INFO:colcon.colcon_core.shell:Creating environment descriptor '/home/prhayogo/ros2_ws/install/micro_ros_msgs/share/micro_ros_msgs/hook/cmake_prefix_path.dsv'
[14.913s] INFO:colcon.colcon_core.shell:Creating environment hook '/home/prhayogo/ros2_ws/install/micro_ros_msgs/share/micro_ros_msgs/hook/cmake_prefix_path.sh'
[14.914s] Level 1:colcon.colcon_core.environment:checking '/home/prhayogo/ros2_ws/install/micro_ros_msgs/lib'
[14.914s] Level 1:colcon.colcon_core.shell:create_environment_hook('micro_ros_msgs', 'ld_library_path_lib')
[14.914s] INFO:colcon.colcon_core.shell:Creating environment descriptor '/home/prhayogo/ros2_ws/install/micro_ros_msgs/share/micro_ros_msgs/hook/ld_library_path_lib.dsv'
[14.914s] INFO:colcon.colcon_core.shell:Creating environment hook '/home/prhayogo/ros2_ws/install/micro_ros_msgs/share/micro_ros_msgs/hook/ld_library_path_lib.sh'
[14.914s] Level 1:colcon.colcon_core.environment:checking '/home/prhayogo/ros2_ws/install/micro_ros_msgs/bin'
[14.914s] Level 1:colcon.colcon_core.environment:checking '/home/prhayogo/ros2_ws/install/micro_ros_msgs/lib/pkgconfig/micro_ros_msgs.pc'
[14.916s] Level 1:colcon.colcon_core.environment:checking '/home/prhayogo/ros2_ws/install/micro_ros_msgs/lib/python3.12/site-packages'
[14.916s] Level 1:colcon.colcon_core.shell:create_environment_hook('micro_ros_msgs', 'pythonpath')
[14.916s] INFO:colcon.colcon_core.shell:Creating environment descriptor '/home/prhayogo/ros2_ws/install/micro_ros_msgs/share/micro_ros_msgs/hook/pythonpath.dsv'
[14.917s] INFO:colcon.colcon_core.shell:Creating environment hook '/home/prhayogo/ros2_ws/install/micro_ros_msgs/share/micro_ros_msgs/hook/pythonpath.sh'
[14.917s] Level 1:colcon.colcon_core.environment:checking '/home/prhayogo/ros2_ws/install/micro_ros_msgs/bin'
[14.917s] INFO:colcon.colcon_core.shell:Creating package descriptor '/home/prhayogo/ros2_ws/install/micro_ros_msgs/share/micro_ros_msgs/package.dsv'
[14.918s] INFO:colcon.colcon_core.shell:Creating package script '/home/prhayogo/ros2_ws/install/micro_ros_msgs/share/micro_ros_msgs/package.sh'
[14.918s] INFO:colcon.colcon_core.shell:Creating package script '/home/prhayogo/ros2_ws/install/micro_ros_msgs/share/micro_ros_msgs/package.bash'
[14.919s] INFO:colcon.colcon_core.shell:Creating package script '/home/prhayogo/ros2_ws/install/micro_ros_msgs/share/micro_ros_msgs/package.zsh'
[14.919s] Level 1:colcon.colcon_core.environment:create_file_with_runtime_dependencies(/home/prhayogo/ros2_ws/install/micro_ros_msgs/share/colcon-core/packages/micro_ros_msgs)
[14.920s] Level 1:colcon.colcon_core.environment:create_environment_scripts_only(micro_ros_msgs)
[14.920s] Level 1:colcon.colcon_core.environment:checking '/home/prhayogo/ros2_ws/install/micro_ros_msgs' for CMake module files
[14.920s] Level 1:colcon.colcon_core.environment:checking '/home/prhayogo/ros2_ws/install/micro_ros_msgs' for CMake config files
[14.921s] Level 1:colcon.colcon_core.shell:create_environment_hook('micro_ros_msgs', 'cmake_prefix_path')
[14.921s] INFO:colcon.colcon_core.shell:Creating environment descriptor '/home/prhayogo/ros2_ws/install/micro_ros_msgs/share/micro_ros_msgs/hook/cmake_prefix_path.dsv'
[14.922s] INFO:colcon.colcon_core.shell:Creating environment hook '/home/prhayogo/ros2_ws/install/micro_ros_msgs/share/micro_ros_msgs/hook/cmake_prefix_path.sh'
[14.922s] Level 1:colcon.colcon_core.environment:checking '/home/prhayogo/ros2_ws/install/micro_ros_msgs/lib'
[14.922s] Level 1:colcon.colcon_core.shell:create_environment_hook('micro_ros_msgs', 'ld_library_path_lib')
[14.922s] INFO:colcon.colcon_core.shell:Creating environment descriptor '/home/prhayogo/ros2_ws/install/micro_ros_msgs/share/micro_ros_msgs/hook/ld_library_path_lib.dsv'
[14.923s] INFO:colcon.colcon_core.shell:Creating environment hook '/home/prhayogo/ros2_ws/install/micro_ros_msgs/share/micro_ros_msgs/hook/ld_library_path_lib.sh'
[14.923s] Level 1:colcon.colcon_core.environment:checking '/home/prhayogo/ros2_ws/install/micro_ros_msgs/bin'
[14.923s] Level 1:colcon.colcon_core.environment:checking '/home/prhayogo/ros2_ws/install/micro_ros_msgs/lib/pkgconfig/micro_ros_msgs.pc'
[14.923s] Level 1:colcon.colcon_core.environment:checking '/home/prhayogo/ros2_ws/install/micro_ros_msgs/lib/python3.12/site-packages'
[14.923s] Level 1:colcon.colcon_core.shell:create_environment_hook('micro_ros_msgs', 'pythonpath')
[14.924s] INFO:colcon.colcon_core.shell:Creating environment descriptor '/home/prhayogo/ros2_ws/install/micro_ros_msgs/share/micro_ros_msgs/hook/pythonpath.dsv'
[14.924s] INFO:colcon.colcon_core.shell:Creating environment hook '/home/prhayogo/ros2_ws/install/micro_ros_msgs/share/micro_ros_msgs/hook/pythonpath.sh'
[14.924s] Level 1:colcon.colcon_core.environment:checking '/home/prhayogo/ros2_ws/install/micro_ros_msgs/bin'
[14.925s] INFO:colcon.colcon_core.shell:Creating package descriptor '/home/prhayogo/ros2_ws/install/micro_ros_msgs/share/micro_ros_msgs/package.dsv'
[14.925s] INFO:colcon.colcon_core.shell:Creating package script '/home/prhayogo/ros2_ws/install/micro_ros_msgs/share/micro_ros_msgs/package.sh'
[14.925s] INFO:colcon.colcon_core.shell:Creating package script '/home/prhayogo/ros2_ws/install/micro_ros_msgs/share/micro_ros_msgs/package.bash'
[14.926s] INFO:colcon.colcon_core.shell:Creating package script '/home/prhayogo/ros2_ws/install/micro_ros_msgs/share/micro_ros_msgs/package.zsh'
[14.926s] Level 1:colcon.colcon_core.environment:create_file_with_runtime_dependencies(/home/prhayogo/ros2_ws/install/micro_ros_msgs/share/colcon-core/packages/micro_ros_msgs)
[14.926s] DEBUG:colcon.colcon_parallel_executor.executor.parallel:closing loop
[14.926s] DEBUG:colcon.colcon_parallel_executor.executor.parallel:loop closed
[14.927s] DEBUG:colcon.colcon_parallel_executor.executor.parallel:run_until_complete finished with '0'
[14.927s] DEBUG:colcon.colcon_core.event_reactor:joining thread
[14.931s] INFO:colcon.colcon_core.plugin_system:Skipping extension 'colcon_notification.desktop_notification.terminal_notifier': Not used on non-Darwin systems
[14.931s] INFO:colcon.colcon_core.plugin_system:Skipping extension 'colcon_notification.desktop_notification.win32': Not used on non-Windows systems
[14.932s] INFO:colcon.colcon_notification.desktop_notification:Sending desktop notification using 'notify2'
[14.945s] DEBUG:colcon.colcon_core.event_reactor:joined thread
[14.946s] INFO:colcon.colcon_core.shell:Creating prefix script '/home/prhayogo/ros2_ws/install/local_setup.sh'
[14.947s] INFO:colcon.colcon_core.shell:Creating prefix util module '/home/prhayogo/ros2_ws/install/_local_setup_util_sh.py'
[14.948s] INFO:colcon.colcon_core.shell:Creating prefix chain script '/home/prhayogo/ros2_ws/install/setup.sh'
[14.949s] INFO:colcon.colcon_core.shell:Creating prefix script '/home/prhayogo/ros2_ws/install/local_setup.bash'
[14.950s] INFO:colcon.colcon_core.shell:Creating prefix chain script '/home/prhayogo/ros2_ws/install/setup.bash'
[14.950s] INFO:colcon.colcon_core.shell:Creating prefix script '/home/prhayogo/ros2_ws/install/local_setup.zsh'
[14.951s] INFO:colcon.colcon_core.shell:Creating prefix chain script '/home/prhayogo/ros2_ws/install/setup.zsh'
