[0.033s] Invoking command in '/home/prhayogo/ros2_ws/build/slam_toolbox': CMAKE_PREFIX_PATH=${CMAKE_PREFIX_PATH}:/opt/ros/jazzy DEBUGINFOD_URLS=https://debuginfod.ubuntu.com /usr/bin/cmake /home/prhayogo/ros2_ws/src/slam_toolbox -DAMENT_CMAKE_SYMLINK_INSTALL=1 -DCMAKE_INSTALL_PREFIX=/home/prhayogo/ros2_ws/install/slam_toolbox
[0.073s] -- Found ament_cmake: 2.5.6 (/opt/ros/jazzy/share/ament_cmake/cmake)
[0.339s] -- Override CMake install command with custom implementation using symlinks instead of copying resources
[0.365s] -- Found message_filters: 4.11.12 (/opt/ros/jazzy/share/message_filters/cmake)
[0.445s] -- Found rosidl_generator_c: 4.6.7 (/opt/ros/jazzy/share/rosidl_generator_c/cmake)
[0.472s] -- Found rosidl_generator_cpp: 4.6.7 (/opt/ros/jazzy/share/rosidl_generator_cpp/cmake)
[0.507s] -- Using all available rosidl_typesupport_c: rosidl_typesupport_fastrtps_c;rosidl_typesupport_introspection_c
[0.551s] -- Using all available rosidl_typesupport_cpp: rosidl_typesupport_fastrtps_cpp;rosidl_typesupport_introspection_cpp
[0.737s] -- Found rmw_implementation_cmake: 7.3.3 (/opt/ros/jazzy/share/rmw_implementation_cmake/cmake)
[0.742s] -- Found rmw_fastrtps_cpp: 8.4.3 (/opt/ros/jazzy/share/rmw_fastrtps_cpp/cmake)
[0.928s] -- Using RMW implementation 'rmw_fastrtps_cpp' as default
[1.160s] -- Found nav_msgs: 5.3.7 (/opt/ros/jazzy/share/nav_msgs/cmake)
[1.276s] -- Found sensor_msgs: 5.3.7 (/opt/ros/jazzy/share/sensor_msgs/cmake)
[1.342s] -- Found tf2: 0.36.20 (/opt/ros/jazzy/share/tf2/cmake)
[1.352s] -- Found tf2_ros: 0.36.20 (/opt/ros/jazzy/share/tf2_ros/cmake)
[1.657s] -- Found visualization_msgs: 5.3.7 (/opt/ros/jazzy/share/visualization_msgs/cmake)
[1.742s] -- Found pluginlib: 5.4.5 (/opt/ros/jazzy/share/pluginlib/cmake)
[1.750s] -- Found tf2_geometry_msgs: 0.36.20 (/opt/ros/jazzy/share/tf2_geometry_msgs/cmake)
[1.761s] -- Found eigen3_cmake_module: 0.3.0 (/opt/ros/jazzy/share/eigen3_cmake_module/cmake)
[1.765s] -- Ensuring Eigen3 include directory is part of orocos-kdl CMake target
[1.770s] -- Found tf2_sensor_msgs: 0.36.20 (/opt/ros/jazzy/share/tf2_sensor_msgs/cmake)
[1.781s] -- Found std_srvs: 5.3.7 (/opt/ros/jazzy/share/std_srvs/cmake)
[1.823s] -- Found rosidl_default_generators: 1.6.0 (/opt/ros/jazzy/share/rosidl_default_generators/cmake)
[1.854s] -- Found rosidl_adapter: 4.6.7 (/opt/ros/jazzy/share/rosidl_adapter/cmake)
[1.861s] -- Found lifecycle_msgs: 2.0.3 (/opt/ros/jazzy/share/lifecycle_msgs/cmake)
[1.910s] -- Found bondcpp: 4.2.0 (/opt/ros/jazzy/share/bondcpp/cmake)
[2.009s] -- Found rviz_common: 14.1.20 (/opt/ros/jazzy/share/rviz_common/cmake)
[2.055s] -- Setting OGRE_DIR to: '/opt/ros/jazzy/share/rviz_ogre_vendor/cmake/../../../opt/rviz_ogre_vendor/lib/OGRE/cmake'
[2.059s] -- Found OGRE
[2.060s] --   static     : OFF
[2.060s] --   components : MeshLodGenerator;Overlay;Paging;Property;RTShaderSystem;Terrain;Volume
[2.060s] --   plugins    : Plugin_BSPSceneManager;Plugin_OctreeSceneManager;Plugin_PCZSceneManager;Plugin_ParticleFX;RenderSystem_GL;RenderSystem_GL3Plus;Codec_STBI
[2.060s] --   media      : /opt/ros/jazzy/opt/rviz_ogre_vendor/share/OGRE/Media
[2.061s] -- OGRE_LIBRARIES: OgreMeshLodGenerator;OgreOverlay;OgrePaging;OgreProperty;OgreRTShaderSystem;OgreTerrain;OgreVolume;OgreMain
[2.061s] -- OGRE_LIBRARY_DIRS: /opt/ros/jazzy/opt/rviz_ogre_vendor/lib
[2.061s] -- OGRE_PLUGINS: Plugin_BSPSceneManager;Plugin_OctreeSceneManager;Plugin_PCZSceneManager;Plugin_ParticleFX;RenderSystem_GL;RenderSystem_GL3Plus;Codec_STBI
[2.061s] -- OGRE_PLUGIN_DIR: /opt/ros/jazzy/opt/rviz_ogre_vendor/lib/OGRE
[2.061s] -- rviz_ogre_vendor::OgreOverlay for IMPORTED_LOCATION_RELEASE: /opt/ros/jazzy/opt/rviz_ogre_vendor/lib/libOgreOverlay.so
[2.061s] -- rviz_ogre_vendor::OgreOverlay for IMPORTED_LOCATION_DEBUG: /opt/ros/jazzy/opt/rviz_ogre_vendor/lib/libOgreOverlay.so
[2.062s] -- rviz_ogre_vendor::OgreMain for IMPORTED_LOCATION_RELEASE: /opt/ros/jazzy/opt/rviz_ogre_vendor/lib/libOgreMain.so
[2.062s] -- rviz_ogre_vendor::OgreMain for IMPORTED_LOCATION_DEBUG: /opt/ros/jazzy/opt/rviz_ogre_vendor/lib/libOgreMain.so
[2.384s] -- Setting yaml-cpp_DIR to: '/opt/ros/jazzy/share/yaml_cpp_vendor/cmake/../../../opt/yaml_cpp_vendor/share/cmake/yaml-cpp'
[2.409s] -- Found rviz_default_plugins: 14.1.20 (/opt/ros/jazzy/share/rviz_default_plugins/cmake)
[3.681s] -- Found AMD headers in: /usr/include/suitesparse
[3.682s] -- Found AMD library: /usr/lib/x86_64-linux-gnu/libamd.so
[3.682s] -- Found CAMD headers in: /usr/include/suitesparse
[3.682s] -- Found CAMD library: /usr/lib/x86_64-linux-gnu/libcamd.so
[3.683s] -- Found CCOLAMD headers in: /usr/include/suitesparse
[3.683s] -- Found CCOLAMD library: /usr/lib/x86_64-linux-gnu/libccolamd.so
[3.683s] -- Found CHOLMOD headers in: /usr/include/suitesparse
[3.683s] -- Found CHOLMOD library: /usr/lib/x86_64-linux-gnu/libcholmod.so
[3.683s] -- Found COLAMD headers in: /usr/include/suitesparse
[3.684s] -- Found COLAMD library: /usr/lib/x86_64-linux-gnu/libcolamd.so
[3.684s] -- Found SPQR headers in: /usr/include/suitesparse
[3.684s] -- Found SPQR library: /usr/lib/x86_64-linux-gnu/libspqr.so
[3.684s] -- Found Config headers in: /usr/include/suitesparse
[3.684s] -- Found Config library: /usr/lib/x86_64-linux-gnu/libsuitesparseconfig.so
[3.686s] -- Found Intel Thread Building Blocks (TBB) library (2021.11 / ) include location: . Assuming SuiteSparseQR was compiled with TBB.
[3.686s] -- Adding librt to SuiteSparse_config libraries (required on Linux & Unix [not OSX] if SuiteSparse is compiled with timing).
[3.707s] -- Could NOT find METIS (missing: METIS_INCLUDE_DIR METIS_LIBRARY) 
[3.715s] -- Found required Ceres dependency: Eigen version 3.4.0 in /usr/share/eigen3/cmake
[3.726s] -- Found required Ceres dependency: glog
[3.727s] -- Found required Ceres dependency: gflags
[3.729s] -- Found Ceres version: 2.2.0 installed in: /usr with components: [EigenSparse, SparseLinearAlgebraLibrary, LAPACK, SuiteSparse, SchurSpecializations]
[4.807s] -- Found ament_cmake_ros: 0.12.0 (/opt/ros/jazzy/share/ament_cmake_ros/cmake)
[5.696s] -- Using all available rosidl_typesupport_c: rosidl_typesupport_fastrtps_c;rosidl_typesupport_introspection_c
[6.093s] -- Using all available rosidl_typesupport_cpp: rosidl_typesupport_fastrtps_cpp;rosidl_typesupport_introspection_cpp
[6.098s] -- Found python_cmake_module: 0.11.1 (/opt/ros/jazzy/share/python_cmake_module/cmake)
[6.815s] -- Found Python3: /usr/bin/python3 (found version "3.12.3") found components: Interpreter Development NumPy Development.Module Development.Embed 
[7.214s] -- Found Python3: /usr/bin/python3 (found version "3.12.3") found components: Interpreter 
[7.273s] -- Configuring done (7.2s)
[8.125s] -- Generating done (0.7s)
[8.254s] -- Build files have been written to: /home/prhayogo/ros2_ws/build/slam_toolbox
