[0.024s] Invoking command in '/home/prhayogo/ros2_ws/build/micro_ros_msgs': CMAKE_PREFIX_PATH=${CMAKE_PREFIX_PATH}:/opt/ros/jazzy DEBUGINFOD_URLS=https://debuginfod.ubuntu.com /usr/bin/cmake /home/prhayogo/ros2_ws/src/micro_ros_msgs -DAMENT_CMAKE_SYMLINK_INSTALL=1 -DCMAKE_INSTALL_PREFIX=/home/prhayogo/ros2_ws/install/micro_ros_msgs
[0.173s] -- The C compiler identification is GNU 13.3.0
[0.327s] -- The CXX compiler identification is GNU 13.3.0
[0.377s] -- Detecting C compiler ABI info
[0.618s] -- Detecting C compiler ABI info - done
[0.640s] -- Check for working C compiler: /usr/bin/cc - skipped
[0.688s] -- Detecting C compile features
[0.689s] -- Detecting C compile features - done
[0.713s] -- Detecting CXX compiler ABI info
[0.981s] -- Detecting CXX compiler ABI info - done
[1.003s] -- Check for working CXX compiler: /usr/bin/c++ - skipped
[1.003s] -- Detecting CXX compile features
[1.004s] -- Detecting CXX compile features - done
[1.014s] -- Found ament_cmake: 2.5.6 (/opt/ros/jazzy/share/ament_cmake/cmake)
[1.412s] -- Found Python3: /usr/bin/python3 (found version "3.12.3") found components: Interpreter 
[1.572s] -- Override CMake install command with custom implementation using symlinks instead of copying resources
[1.690s] -- Found rosidl_default_generators: 1.6.0 (/opt/ros/jazzy/share/rosidl_default_generators/cmake)
[1.708s] -- Using all available rosidl_typesupport_c: rosidl_typesupport_fastrtps_c;rosidl_typesupport_introspection_c
[1.907s] -- Using all available rosidl_typesupport_cpp: rosidl_typesupport_fastrtps_cpp;rosidl_typesupport_introspection_cpp
[2.061s] -- Found rosidl_adapter: 4.6.7 (/opt/ros/jazzy/share/rosidl_adapter/cmake)
[2.077s] -- Found ament_lint_auto: 0.17.5 (/opt/ros/jazzy/share/ament_lint_auto/cmake)
[3.386s] -- Found ament_cmake_ros: 0.12.0 (/opt/ros/jazzy/share/ament_cmake_ros/cmake)
[4.395s] -- Using all available rosidl_typesupport_c: rosidl_typesupport_fastrtps_c;rosidl_typesupport_introspection_c
[5.764s] -- Using all available rosidl_typesupport_cpp: rosidl_typesupport_fastrtps_cpp;rosidl_typesupport_introspection_cpp
[5.783s] -- Found python_cmake_module: 0.11.1 (/opt/ros/jazzy/share/python_cmake_module/cmake)
[6.115s] -- Found PythonExtra: /usr/bin/python3  
[7.113s] -- Found Python3: /usr/bin/python3 (found version "3.12.3") found components: Interpreter Development NumPy Development.Module Development.Embed 
[7.276s] -- Found Python3: /usr/bin/python3 (found version "3.12.3") found components: Interpreter 
[7.294s] -- Added test 'copyright' to check source files copyright and LICENSE
[7.320s] -- Added test 'lint_cmake' to check CMake code style
[7.334s] -- Added test 'xmllint' to check XML markup files
[7.357s] -- Configuring done (7.3s)
[7.455s] -- Generating done (0.1s)
[7.483s] -- Build files have been written to: /home/prhayogo/ros2_ws/build/micro_ros_msgs
[7.498s] Invoked command in '/home/prhayogo/ros2_ws/build/micro_ros_msgs' returned '0': CMAKE_PREFIX_PATH=${CMAKE_PREFIX_PATH}:/opt/ros/jazzy DEBUGINFOD_URLS=https://debuginfod.ubuntu.com /usr/bin/cmake /home/prhayogo/ros2_ws/src/micro_ros_msgs -DAMENT_CMAKE_SYMLINK_INSTALL=1 -DCMAKE_INSTALL_PREFIX=/home/prhayogo/ros2_ws/install/micro_ros_msgs
[7.501s] Invoking command in '/home/prhayogo/ros2_ws/build/micro_ros_msgs': CMAKE_PREFIX_PATH=${CMAKE_PREFIX_PATH}:/opt/ros/jazzy DEBUGINFOD_URLS=https://debuginfod.ubuntu.com /usr/bin/cmake --build /home/prhayogo/ros2_ws/build/micro_ros_msgs -- -j16 -l16
[7.647s] [  1%] [34m[1mGenerating type hashes for ROS interfaces[0m
[7.648s] [  3%] [34m[1mGenerating Rust code for ROS interfaces[0m
[7.675s] [  3%] Built target ament_cmake_python_symlink_micro_ros_msgs
[8.219s] running egg_info
[8.221s] creating micro_ros_msgs.egg-info
[8.223s] [  3%] Built target micro_ros_msgs__rosidl_generator_type_description
[8.253s] [  5%] [34m[1mGenerating C code for ROS interfaces[0m
[8.255s] [  5%] Built target micro_ros_msgs__rs
[8.274s] writing micro_ros_msgs.egg-info/PKG-INFO
[8.275s] writing dependency_links to micro_ros_msgs.egg-info/dependency_links.txt
[8.275s] writing top-level names to micro_ros_msgs.egg-info/top_level.txt
[8.275s] writing manifest file 'micro_ros_msgs.egg-info/SOURCES.txt'
[8.283s] [  7%] [34m[1mGenerating C++ code for ROS interfaces[0m
[8.426s] reading manifest file 'micro_ros_msgs.egg-info/SOURCES.txt'
[8.427s] writing manifest file 'micro_ros_msgs.egg-info/SOURCES.txt'
[8.487s] [  7%] Built target ament_cmake_python_build_micro_ros_msgs_egg
[8.916s] [  7%] Built target micro_ros_msgs__cpp
[9.039s] [ 12%] [32mBuilding C object CMakeFiles/micro_ros_msgs__rosidl_generator_c.dir/rosidl_generator_c/micro_ros_msgs/msg/detail/graph__description.c.o[0m
[9.039s] [ 12%] [32mBuilding C object CMakeFiles/micro_ros_msgs__rosidl_generator_c.dir/rosidl_generator_c/micro_ros_msgs/msg/detail/graph__type_support.c.o[0m
[9.040s] [ 12%] [32mBuilding C object CMakeFiles/micro_ros_msgs__rosidl_generator_c.dir/rosidl_generator_c/micro_ros_msgs/msg/detail/graph__functions.c.o[0m
[9.040s] [ 14%] [32mBuilding C object CMakeFiles/micro_ros_msgs__rosidl_generator_c.dir/rosidl_generator_c/micro_ros_msgs/msg/detail/node__functions.c.o[0m
[9.040s] [ 16%] [32mBuilding C object CMakeFiles/micro_ros_msgs__rosidl_generator_c.dir/rosidl_generator_c/micro_ros_msgs/msg/detail/entity__description.c.o[0m
[9.040s] [ 18%] [32mBuilding C object CMakeFiles/micro_ros_msgs__rosidl_generator_c.dir/rosidl_generator_c/micro_ros_msgs/msg/detail/node__type_support.c.o[0m
[9.041s] [ 20%] [32mBuilding C object CMakeFiles/micro_ros_msgs__rosidl_generator_c.dir/rosidl_generator_c/micro_ros_msgs/msg/detail/entity__functions.c.o[0m
[9.043s] [ 21%] [32mBuilding C object CMakeFiles/micro_ros_msgs__rosidl_generator_c.dir/rosidl_generator_c/micro_ros_msgs/msg/detail/node__description.c.o[0m
[9.046s] [ 23%] [32mBuilding C object CMakeFiles/micro_ros_msgs__rosidl_generator_c.dir/rosidl_generator_c/micro_ros_msgs/msg/detail/entity__type_support.c.o[0m
[9.149s] [ 25%] [32m[1mLinking C shared library libmicro_ros_msgs__rosidl_generator_c.so[0m
[9.227s] [ 25%] Built target micro_ros_msgs__rosidl_generator_c
[9.248s] [ 32%] [34m[1mGenerating C type support dispatch for ROS interfaces[0m
[9.248s] [ 32%] [34m[1mGenerating C introspection for ROS interfaces[0m
[9.248s] [ 32%] [34m[1mGenerating C type support for eProsima Fast-RTPS[0m
[9.249s] [ 32%] [34m[1mGenerating C++ type support for eProsima Fast-RTPS[0m
[9.249s] [ 36%] [34m[1mGenerating C++ type support dispatch for ROS interfaces[0m
[9.249s] [ 36%] [34m[1mGenerating C++ introspection for ROS interfaces[0m
[9.881s] [ 41%] [32mBuilding CXX object CMakeFiles/micro_ros_msgs__rosidl_typesupport_c.dir/rosidl_typesupport_c/micro_ros_msgs/msg/node__type_support.cpp.o[0m
[9.881s] [ 41%] [32mBuilding CXX object CMakeFiles/micro_ros_msgs__rosidl_typesupport_c.dir/rosidl_typesupport_c/micro_ros_msgs/msg/graph__type_support.cpp.o[0m
[9.881s] [ 41%] [32mBuilding CXX object CMakeFiles/micro_ros_msgs__rosidl_typesupport_c.dir/rosidl_typesupport_c/micro_ros_msgs/msg/entity__type_support.cpp.o[0m
[9.964s] [ 45%] [32mBuilding CXX object CMakeFiles/micro_ros_msgs__rosidl_typesupport_cpp.dir/rosidl_typesupport_cpp/micro_ros_msgs/msg/node__type_support.cpp.o[0m
[9.964s] [ 45%] [32mBuilding CXX object CMakeFiles/micro_ros_msgs__rosidl_typesupport_cpp.dir/rosidl_typesupport_cpp/micro_ros_msgs/msg/entity__type_support.cpp.o[0m
[9.965s] [ 47%] [32mBuilding CXX object CMakeFiles/micro_ros_msgs__rosidl_typesupport_cpp.dir/rosidl_typesupport_cpp/micro_ros_msgs/msg/graph__type_support.cpp.o[0m
[9.983s] [ 49%] [32m[1mLinking CXX shared library libmicro_ros_msgs__rosidl_typesupport_c.so[0m
[10.012s] [ 50%] [32mBuilding CXX object CMakeFiles/micro_ros_msgs__rosidl_typesupport_introspection_cpp.dir/rosidl_typesupport_introspection_cpp/micro_ros_msgs/msg/detail/node__type_support.cpp.o[0m
[10.013s] [ 52%] [32mBuilding CXX object CMakeFiles/micro_ros_msgs__rosidl_typesupport_introspection_cpp.dir/rosidl_typesupport_introspection_cpp/micro_ros_msgs/msg/detail/graph__type_support.cpp.o[0m
[10.020s] [ 54%] [32mBuilding CXX object CMakeFiles/micro_ros_msgs__rosidl_typesupport_introspection_cpp.dir/rosidl_typesupport_introspection_cpp/micro_ros_msgs/msg/detail/entity__type_support.cpp.o[0m
[10.036s] [ 56%] [32mBuilding C object CMakeFiles/micro_ros_msgs__rosidl_typesupport_introspection_c.dir/rosidl_typesupport_introspection_c/micro_ros_msgs/msg/detail/graph__type_support.c.o[0m
[10.036s] [ 58%] [32mBuilding C object CMakeFiles/micro_ros_msgs__rosidl_typesupport_introspection_c.dir/rosidl_typesupport_introspection_c/micro_ros_msgs/msg/detail/node__type_support.c.o[0m
[10.041s] [ 60%] [32mBuilding C object CMakeFiles/micro_ros_msgs__rosidl_typesupport_introspection_c.dir/rosidl_typesupport_introspection_c/micro_ros_msgs/msg/detail/entity__type_support.c.o[0m
[10.074s] [ 60%] Built target micro_ros_msgs__rosidl_typesupport_c
[10.130s] [ 61%] [32mBuilding CXX object CMakeFiles/micro_ros_msgs__rosidl_typesupport_fastrtps_cpp.dir/rosidl_typesupport_fastrtps_cpp/micro_ros_msgs/msg/detail/dds_fastrtps/graph__type_support.cpp.o[0m
[10.140s] [ 65%] [32mBuilding CXX object CMakeFiles/micro_ros_msgs__rosidl_typesupport_fastrtps_cpp.dir/rosidl_typesupport_fastrtps_cpp/micro_ros_msgs/msg/detail/dds_fastrtps/entity__type_support.cpp.o[0m
[10.141s] [ 65%] [32mBuilding CXX object CMakeFiles/micro_ros_msgs__rosidl_typesupport_fastrtps_cpp.dir/rosidl_typesupport_fastrtps_cpp/micro_ros_msgs/msg/detail/dds_fastrtps/node__type_support.cpp.o[0m
[10.145s] [ 67%] [32m[1mLinking C shared library libmicro_ros_msgs__rosidl_typesupport_introspection_c.so[0m
[10.154s] [ 69%] [32mBuilding CXX object CMakeFiles/micro_ros_msgs__rosidl_typesupport_fastrtps_c.dir/rosidl_typesupport_fastrtps_c/micro_ros_msgs/msg/detail/graph__type_support_c.cpp.o[0m
[10.156s] [ 70%] [32mBuilding CXX object CMakeFiles/micro_ros_msgs__rosidl_typesupport_fastrtps_c.dir/rosidl_typesupport_fastrtps_c/micro_ros_msgs/msg/detail/entity__type_support_c.cpp.o[0m
[10.157s] [ 72%] [32mBuilding CXX object CMakeFiles/micro_ros_msgs__rosidl_typesupport_fastrtps_c.dir/rosidl_typesupport_fastrtps_c/micro_ros_msgs/msg/detail/node__type_support_c.cpp.o[0m
[10.253s] [ 72%] Built target micro_ros_msgs__rosidl_typesupport_introspection_c
[10.819s] [ 74%] [32m[1mLinking CXX shared library libmicro_ros_msgs__rosidl_typesupport_cpp.so[0m
[10.964s] [ 74%] Built target micro_ros_msgs__rosidl_typesupport_cpp
[11.119s] [ 76%] [32m[1mLinking CXX shared library libmicro_ros_msgs__rosidl_typesupport_introspection_cpp.so[0m
[11.204s] [ 78%] [32m[1mLinking CXX shared library libmicro_ros_msgs__rosidl_typesupport_fastrtps_c.so[0m
[11.283s] [ 78%] Built target micro_ros_msgs__rosidl_typesupport_introspection_cpp
[11.363s] [ 80%] [32m[1mLinking CXX shared library libmicro_ros_msgs__rosidl_typesupport_fastrtps_cpp.so[0m
[11.365s] [ 80%] Built target micro_ros_msgs__rosidl_typesupport_fastrtps_c
[11.514s] [ 80%] Built target micro_ros_msgs__rosidl_typesupport_fastrtps_cpp
[11.563s] [ 80%] Built target micro_ros_msgs
[11.611s] [ 81%] [34m[1mGenerating Python code for ROS interfaces[0m
[12.270s] [ 81%] Built target micro_ros_msgs__py
[12.308s] [ 85%] [32mBuilding C object CMakeFiles/micro_ros_msgs__rosidl_generator_py.dir/rosidl_generator_py/micro_ros_msgs/msg/_entity_s.c.o[0m
[12.308s] [ 85%] [32mBuilding C object CMakeFiles/micro_ros_msgs__rosidl_generator_py.dir/rosidl_generator_py/micro_ros_msgs/msg/_node_s.c.o[0m
[12.308s] [ 87%] [32mBuilding C object CMakeFiles/micro_ros_msgs__rosidl_generator_py.dir/rosidl_generator_py/micro_ros_msgs/msg/_graph_s.c.o[0m
[12.480s] [ 89%] [32m[1mLinking C shared library libmicro_ros_msgs__rosidl_generator_py.so[0m
[12.542s] [ 89%] Built target micro_ros_msgs__rosidl_generator_py
[12.577s] [ 90%] [32mBuilding C object CMakeFiles/micro_ros_msgs_s__rosidl_typesupport_introspection_c.dir/rosidl_generator_py/micro_ros_msgs/_micro_ros_msgs_s.ep.rosidl_typesupport_introspection_c.c.o[0m
[12.577s] [ 92%] [32mBuilding C object CMakeFiles/micro_ros_msgs_s__rosidl_typesupport_fastrtps_c.dir/rosidl_generator_py/micro_ros_msgs/_micro_ros_msgs_s.ep.rosidl_typesupport_fastrtps_c.c.o[0m
[12.579s] [ 94%] [32mBuilding C object CMakeFiles/micro_ros_msgs_s__rosidl_typesupport_c.dir/rosidl_generator_py/micro_ros_msgs/_micro_ros_msgs_s.ep.rosidl_typesupport_c.c.o[0m
[12.711s] [ 96%] [32m[1mLinking C shared module rosidl_generator_py/micro_ros_msgs/micro_ros_msgs_s__rosidl_typesupport_c.so[0m
[12.714s] [ 98%] [32m[1mLinking C shared module rosidl_generator_py/micro_ros_msgs/micro_ros_msgs_s__rosidl_typesupport_introspection_c.so[0m
[12.728s] [100%] [32m[1mLinking C shared module rosidl_generator_py/micro_ros_msgs/micro_ros_msgs_s__rosidl_typesupport_fastrtps_c.so[0m
[12.760s] [100%] Built target micro_ros_msgs_s__rosidl_typesupport_c
[12.760s] [100%] Built target micro_ros_msgs_s__rosidl_typesupport_introspection_c
[12.778s] [100%] Built target micro_ros_msgs_s__rosidl_typesupport_fastrtps_c
[12.801s] Invoked command in '/home/prhayogo/ros2_ws/build/micro_ros_msgs' returned '0': CMAKE_PREFIX_PATH=${CMAKE_PREFIX_PATH}:/opt/ros/jazzy DEBUGINFOD_URLS=https://debuginfod.ubuntu.com /usr/bin/cmake --build /home/prhayogo/ros2_ws/build/micro_ros_msgs -- -j16 -l16
[12.817s] Invoking command in '/home/prhayogo/ros2_ws/build/micro_ros_msgs': CMAKE_PREFIX_PATH=${CMAKE_PREFIX_PATH}:/opt/ros/jazzy DEBUGINFOD_URLS=https://debuginfod.ubuntu.com /usr/bin/cmake --install /home/prhayogo/ros2_ws/build/micro_ros_msgs
[12.831s] -- Install configuration: ""
[12.832s] -- Execute custom install script
[12.832s] -- Symlinking: /home/prhayogo/ros2_ws/install/micro_ros_msgs/share/ament_index/resource_index/rosidl_interfaces/micro_ros_msgs
[12.848s] -- Symlinking: /home/prhayogo/ros2_ws/install/micro_ros_msgs/share/micro_ros_msgs/msg/Graph.json
[12.863s] -- Symlinking: /home/prhayogo/ros2_ws/install/micro_ros_msgs/share/micro_ros_msgs/msg/Node.json
[12.878s] -- Symlinking: /home/prhayogo/ros2_ws/install/micro_ros_msgs/share/micro_ros_msgs/msg/Entity.json
[12.894s] -- Symlinking: /home/prhayogo/ros2_ws/install/micro_ros_msgs/include/micro_ros_msgs/micro_ros_msgs/msg/detail/entity__functions.h
[12.908s] -- Symlinking: /home/prhayogo/ros2_ws/install/micro_ros_msgs/include/micro_ros_msgs/micro_ros_msgs/msg/detail/entity__struct.h
[12.923s] -- Symlinking: /home/prhayogo/ros2_ws/install/micro_ros_msgs/include/micro_ros_msgs/micro_ros_msgs/msg/detail/entity__type_support.h
[12.938s] -- Symlinking: /home/prhayogo/ros2_ws/install/micro_ros_msgs/include/micro_ros_msgs/micro_ros_msgs/msg/detail/graph__functions.h
[12.952s] -- Symlinking: /home/prhayogo/ros2_ws/install/micro_ros_msgs/include/micro_ros_msgs/micro_ros_msgs/msg/detail/graph__struct.h
[12.966s] -- Symlinking: /home/prhayogo/ros2_ws/install/micro_ros_msgs/include/micro_ros_msgs/micro_ros_msgs/msg/detail/graph__type_support.h
[12.980s] -- Symlinking: /home/prhayogo/ros2_ws/install/micro_ros_msgs/include/micro_ros_msgs/micro_ros_msgs/msg/detail/node__functions.h
[12.994s] -- Symlinking: /home/prhayogo/ros2_ws/install/micro_ros_msgs/include/micro_ros_msgs/micro_ros_msgs/msg/detail/node__struct.h
[13.009s] -- Symlinking: /home/prhayogo/ros2_ws/install/micro_ros_msgs/include/micro_ros_msgs/micro_ros_msgs/msg/detail/node__type_support.h
[13.023s] -- Symlinking: /home/prhayogo/ros2_ws/install/micro_ros_msgs/include/micro_ros_msgs/micro_ros_msgs/msg/entity.h
[13.038s] -- Symlinking: /home/prhayogo/ros2_ws/install/micro_ros_msgs/include/micro_ros_msgs/micro_ros_msgs/msg/graph.h
[13.051s] -- Symlinking: /home/prhayogo/ros2_ws/install/micro_ros_msgs/include/micro_ros_msgs/micro_ros_msgs/msg/node.h
[13.064s] -- Symlinking: /home/prhayogo/ros2_ws/install/micro_ros_msgs/include/micro_ros_msgs/micro_ros_msgs/msg/rosidl_generator_c__visibility_control.h
[13.077s] -- Symlinking: /home/prhayogo/ros2_ws/install/micro_ros_msgs/share/micro_ros_msgs/environment/library_path.sh
[13.090s] -- Symlinking: /home/prhayogo/ros2_ws/install/micro_ros_msgs/share/micro_ros_msgs/environment/library_path.dsv
[13.105s] -- Symlinking: /home/prhayogo/ros2_ws/install/micro_ros_msgs/include/micro_ros_msgs/micro_ros_msgs/msg/detail/entity__rosidl_typesupport_fastrtps_c.h
[13.118s] -- Symlinking: /home/prhayogo/ros2_ws/install/micro_ros_msgs/include/micro_ros_msgs/micro_ros_msgs/msg/detail/graph__rosidl_typesupport_fastrtps_c.h
[13.132s] -- Symlinking: /home/prhayogo/ros2_ws/install/micro_ros_msgs/include/micro_ros_msgs/micro_ros_msgs/msg/detail/node__rosidl_typesupport_fastrtps_c.h
[13.145s] -- Symlinking: /home/prhayogo/ros2_ws/install/micro_ros_msgs/include/micro_ros_msgs/micro_ros_msgs/msg/rosidl_typesupport_fastrtps_c__visibility_control.h
[13.161s] -- Symlinking: /home/prhayogo/ros2_ws/install/micro_ros_msgs/include/micro_ros_msgs/micro_ros_msgs/msg/detail/entity__rosidl_typesupport_introspection_c.h
[13.173s] -- Symlinking: /home/prhayogo/ros2_ws/install/micro_ros_msgs/include/micro_ros_msgs/micro_ros_msgs/msg/detail/graph__rosidl_typesupport_introspection_c.h
[13.185s] -- Symlinking: /home/prhayogo/ros2_ws/install/micro_ros_msgs/include/micro_ros_msgs/micro_ros_msgs/msg/detail/node__rosidl_typesupport_introspection_c.h
[13.196s] -- Symlinking: /home/prhayogo/ros2_ws/install/micro_ros_msgs/include/micro_ros_msgs/micro_ros_msgs/msg/rosidl_typesupport_introspection_c__visibility_control.h
[13.209s] -- Symlinking: /home/prhayogo/ros2_ws/install/micro_ros_msgs/include/micro_ros_msgs/micro_ros_msgs/msg/detail/entity__builder.hpp
[13.221s] -- Symlinking: /home/prhayogo/ros2_ws/install/micro_ros_msgs/include/micro_ros_msgs/micro_ros_msgs/msg/detail/entity__struct.hpp
[13.233s] -- Symlinking: /home/prhayogo/ros2_ws/install/micro_ros_msgs/include/micro_ros_msgs/micro_ros_msgs/msg/detail/entity__traits.hpp
[13.246s] -- Symlinking: /home/prhayogo/ros2_ws/install/micro_ros_msgs/include/micro_ros_msgs/micro_ros_msgs/msg/detail/entity__type_support.hpp
[13.260s] -- Symlinking: /home/prhayogo/ros2_ws/install/micro_ros_msgs/include/micro_ros_msgs/micro_ros_msgs/msg/detail/graph__builder.hpp
[13.274s] -- Symlinking: /home/prhayogo/ros2_ws/install/micro_ros_msgs/include/micro_ros_msgs/micro_ros_msgs/msg/detail/graph__struct.hpp
[13.289s] -- Symlinking: /home/prhayogo/ros2_ws/install/micro_ros_msgs/include/micro_ros_msgs/micro_ros_msgs/msg/detail/graph__traits.hpp
[13.301s] -- Symlinking: /home/prhayogo/ros2_ws/install/micro_ros_msgs/include/micro_ros_msgs/micro_ros_msgs/msg/detail/graph__type_support.hpp
[13.313s] -- Symlinking: /home/prhayogo/ros2_ws/install/micro_ros_msgs/include/micro_ros_msgs/micro_ros_msgs/msg/detail/node__builder.hpp
[13.326s] -- Symlinking: /home/prhayogo/ros2_ws/install/micro_ros_msgs/include/micro_ros_msgs/micro_ros_msgs/msg/detail/node__struct.hpp
[13.340s] -- Symlinking: /home/prhayogo/ros2_ws/install/micro_ros_msgs/include/micro_ros_msgs/micro_ros_msgs/msg/detail/node__traits.hpp
[13.353s] -- Symlinking: /home/prhayogo/ros2_ws/install/micro_ros_msgs/include/micro_ros_msgs/micro_ros_msgs/msg/detail/node__type_support.hpp
[13.366s] -- Symlinking: /home/prhayogo/ros2_ws/install/micro_ros_msgs/include/micro_ros_msgs/micro_ros_msgs/msg/entity.hpp
[13.379s] -- Symlinking: /home/prhayogo/ros2_ws/install/micro_ros_msgs/include/micro_ros_msgs/micro_ros_msgs/msg/graph.hpp
[13.392s] -- Symlinking: /home/prhayogo/ros2_ws/install/micro_ros_msgs/include/micro_ros_msgs/micro_ros_msgs/msg/node.hpp
[13.406s] -- Symlinking: /home/prhayogo/ros2_ws/install/micro_ros_msgs/include/micro_ros_msgs/micro_ros_msgs/msg/rosidl_generator_cpp__visibility_control.hpp
[13.420s] -- Symlinking: /home/prhayogo/ros2_ws/install/micro_ros_msgs/include/micro_ros_msgs/micro_ros_msgs/msg/detail/entity__rosidl_typesupport_fastrtps_cpp.hpp
[13.433s] -- Symlinking: /home/prhayogo/ros2_ws/install/micro_ros_msgs/include/micro_ros_msgs/micro_ros_msgs/msg/detail/graph__rosidl_typesupport_fastrtps_cpp.hpp
[13.444s] -- Symlinking: /home/prhayogo/ros2_ws/install/micro_ros_msgs/include/micro_ros_msgs/micro_ros_msgs/msg/detail/node__rosidl_typesupport_fastrtps_cpp.hpp
[13.457s] -- Symlinking: /home/prhayogo/ros2_ws/install/micro_ros_msgs/include/micro_ros_msgs/micro_ros_msgs/msg/rosidl_typesupport_fastrtps_cpp__visibility_control.h
[13.471s] -- Symlinking: /home/prhayogo/ros2_ws/install/micro_ros_msgs/include/micro_ros_msgs/micro_ros_msgs/msg/detail/entity__rosidl_typesupport_introspection_cpp.hpp
[13.484s] -- Symlinking: /home/prhayogo/ros2_ws/install/micro_ros_msgs/include/micro_ros_msgs/micro_ros_msgs/msg/detail/graph__rosidl_typesupport_introspection_cpp.hpp
[13.497s] -- Symlinking: /home/prhayogo/ros2_ws/install/micro_ros_msgs/include/micro_ros_msgs/micro_ros_msgs/msg/detail/node__rosidl_typesupport_introspection_cpp.hpp
[13.509s] -- Symlinking: /home/prhayogo/ros2_ws/install/micro_ros_msgs/share/micro_ros_msgs/environment/pythonpath.sh
[13.522s] -- Symlinking: /home/prhayogo/ros2_ws/install/micro_ros_msgs/share/micro_ros_msgs/environment/pythonpath.dsv
[13.536s] -- Symlinking: /home/prhayogo/ros2_ws/install/micro_ros_msgs/lib/python3.12/site-packages/micro_ros_msgs-5.0.2-py3.12.egg-info/PKG-INFO
[13.549s] -- Symlinking: /home/prhayogo/ros2_ws/install/micro_ros_msgs/lib/python3.12/site-packages/micro_ros_msgs-5.0.2-py3.12.egg-info/SOURCES.txt
[13.560s] -- Symlinking: /home/prhayogo/ros2_ws/install/micro_ros_msgs/lib/python3.12/site-packages/micro_ros_msgs-5.0.2-py3.12.egg-info/dependency_links.txt
[13.572s] -- Symlinking: /home/prhayogo/ros2_ws/install/micro_ros_msgs/lib/python3.12/site-packages/micro_ros_msgs-5.0.2-py3.12.egg-info/top_level.txt
[13.586s] -- Symlinking: /home/prhayogo/ros2_ws/install/micro_ros_msgs/lib/python3.12/site-packages/micro_ros_msgs/__init__.py
[13.598s] -- Symlinking: /home/prhayogo/ros2_ws/install/micro_ros_msgs/lib/python3.12/site-packages/micro_ros_msgs/_micro_ros_msgs_s.ep.rosidl_typesupport_c.c
[13.611s] -- Symlinking: /home/prhayogo/ros2_ws/install/micro_ros_msgs/lib/python3.12/site-packages/micro_ros_msgs/_micro_ros_msgs_s.ep.rosidl_typesupport_fastrtps_c.c
[13.623s] -- Symlinking: /home/prhayogo/ros2_ws/install/micro_ros_msgs/lib/python3.12/site-packages/micro_ros_msgs/_micro_ros_msgs_s.ep.rosidl_typesupport_introspection_c.c
[13.635s] -- Symlinking: /home/prhayogo/ros2_ws/install/micro_ros_msgs/lib/python3.12/site-packages/micro_ros_msgs/micro_ros_msgs_s__rosidl_typesupport_c.so
[13.648s] -- Symlinking: /home/prhayogo/ros2_ws/install/micro_ros_msgs/lib/python3.12/site-packages/micro_ros_msgs/micro_ros_msgs_s__rosidl_typesupport_fastrtps_c.so
[13.660s] -- Symlinking: /home/prhayogo/ros2_ws/install/micro_ros_msgs/lib/python3.12/site-packages/micro_ros_msgs/micro_ros_msgs_s__rosidl_typesupport_introspection_c.so
[13.672s] -- Symlinking: /home/prhayogo/ros2_ws/install/micro_ros_msgs/lib/python3.12/site-packages/micro_ros_msgs/msg/__init__.py
[13.685s] -- Symlinking: /home/prhayogo/ros2_ws/install/micro_ros_msgs/lib/python3.12/site-packages/micro_ros_msgs/msg/_entity.py
[13.698s] -- Symlinking: /home/prhayogo/ros2_ws/install/micro_ros_msgs/lib/python3.12/site-packages/micro_ros_msgs/msg/_entity_s.c
[13.712s] -- Symlinking: /home/prhayogo/ros2_ws/install/micro_ros_msgs/lib/python3.12/site-packages/micro_ros_msgs/msg/_graph.py
[13.724s] -- Symlinking: /home/prhayogo/ros2_ws/install/micro_ros_msgs/lib/python3.12/site-packages/micro_ros_msgs/msg/_graph_s.c
[13.737s] -- Symlinking: /home/prhayogo/ros2_ws/install/micro_ros_msgs/lib/python3.12/site-packages/micro_ros_msgs/msg/_node.py
[13.749s] -- Symlinking: /home/prhayogo/ros2_ws/install/micro_ros_msgs/lib/python3.12/site-packages/micro_ros_msgs/msg/_node_s.c
[13.762s] -- Up-to-date symlink: /home/prhayogo/ros2_ws/install/micro_ros_msgs/lib/python3.12/site-packages/micro_ros_msgs/micro_ros_msgs_s__rosidl_typesupport_fastrtps_c.so
[13.763s] -- Up-to-date symlink: /home/prhayogo/ros2_ws/install/micro_ros_msgs/lib/python3.12/site-packages/micro_ros_msgs/micro_ros_msgs_s__rosidl_typesupport_introspection_c.so
[13.763s] -- Up-to-date symlink: /home/prhayogo/ros2_ws/install/micro_ros_msgs/lib/python3.12/site-packages/micro_ros_msgs/micro_ros_msgs_s__rosidl_typesupport_c.so
[13.764s] -- Symlinking: /home/prhayogo/ros2_ws/install/micro_ros_msgs/share/ament_index/resource_index/rust_packages/micro_ros_msgs
[13.776s] -- Symlinking: /home/prhayogo/ros2_ws/install/micro_ros_msgs/share/micro_ros_msgs/rust/Cargo.toml
[13.789s] -- Symlinking: /home/prhayogo/ros2_ws/install/micro_ros_msgs/share/micro_ros_msgs/rust/build.rs
[13.801s] -- Symlinking: /home/prhayogo/ros2_ws/install/micro_ros_msgs/share/micro_ros_msgs/rust/src/lib.rs
[13.815s] -- Symlinking: /home/prhayogo/ros2_ws/install/micro_ros_msgs/share/micro_ros_msgs/rust/src/msg.rs
[13.827s] -- Symlinking: /home/prhayogo/ros2_ws/install/micro_ros_msgs/share/micro_ros_msgs/rust/src/msg/rmw.rs
[13.841s] -- Symlinking: /home/prhayogo/ros2_ws/install/micro_ros_msgs/share/micro_ros_msgs/msg/Graph.idl
[13.853s] -- Symlinking: /home/prhayogo/ros2_ws/install/micro_ros_msgs/share/micro_ros_msgs/msg/Node.idl
[13.865s] -- Symlinking: /home/prhayogo/ros2_ws/install/micro_ros_msgs/share/micro_ros_msgs/msg/Entity.idl
[13.879s] -- Symlinking: /home/prhayogo/ros2_ws/install/micro_ros_msgs/share/micro_ros_msgs/msg/Graph.msg
[13.893s] -- Symlinking: /home/prhayogo/ros2_ws/install/micro_ros_msgs/share/micro_ros_msgs/msg/Node.msg
[13.907s] -- Symlinking: /home/prhayogo/ros2_ws/install/micro_ros_msgs/share/micro_ros_msgs/msg/Entity.msg
[13.920s] -- Symlinking: /home/prhayogo/ros2_ws/install/micro_ros_msgs/share/ament_index/resource_index/package_run_dependencies/micro_ros_msgs
[13.934s] -- Symlinking: /home/prhayogo/ros2_ws/install/micro_ros_msgs/share/ament_index/resource_index/parent_prefix_path/micro_ros_msgs
[13.948s] -- Symlinking: /home/prhayogo/ros2_ws/install/micro_ros_msgs/share/micro_ros_msgs/environment/ament_prefix_path.sh
[13.961s] -- Symlinking: /home/prhayogo/ros2_ws/install/micro_ros_msgs/share/micro_ros_msgs/environment/ament_prefix_path.dsv
[13.974s] -- Symlinking: /home/prhayogo/ros2_ws/install/micro_ros_msgs/share/micro_ros_msgs/environment/path.sh
[13.986s] -- Symlinking: /home/prhayogo/ros2_ws/install/micro_ros_msgs/share/micro_ros_msgs/environment/path.dsv
[13.999s] -- Symlinking: /home/prhayogo/ros2_ws/install/micro_ros_msgs/share/micro_ros_msgs/local_setup.bash
[14.012s] -- Symlinking: /home/prhayogo/ros2_ws/install/micro_ros_msgs/share/micro_ros_msgs/local_setup.sh
[14.026s] -- Symlinking: /home/prhayogo/ros2_ws/install/micro_ros_msgs/share/micro_ros_msgs/local_setup.zsh
[14.038s] -- Symlinking: /home/prhayogo/ros2_ws/install/micro_ros_msgs/share/micro_ros_msgs/local_setup.dsv
[14.050s] -- Symlinking: /home/prhayogo/ros2_ws/install/micro_ros_msgs/share/micro_ros_msgs/package.dsv
[14.063s] -- Symlinking: /home/prhayogo/ros2_ws/install/micro_ros_msgs/share/ament_index/resource_index/packages/micro_ros_msgs
[14.075s] -- Symlinking: /home/prhayogo/ros2_ws/install/micro_ros_msgs/share/micro_ros_msgs/cmake/rosidl_cmake-extras.cmake
[14.089s] -- Symlinking: /home/prhayogo/ros2_ws/install/micro_ros_msgs/share/micro_ros_msgs/cmake/ament_cmake_export_include_directories-extras.cmake
[14.101s] -- Symlinking: /home/prhayogo/ros2_ws/install/micro_ros_msgs/share/micro_ros_msgs/cmake/ament_cmake_export_libraries-extras.cmake
[14.114s] -- Symlinking: /home/prhayogo/ros2_ws/install/micro_ros_msgs/share/micro_ros_msgs/cmake/ament_cmake_export_targets-extras.cmake
[14.126s] -- Symlinking: /home/prhayogo/ros2_ws/install/micro_ros_msgs/share/micro_ros_msgs/cmake/rosidl_cmake_export_typesupport_targets-extras.cmake
[14.139s] -- Symlinking: /home/prhayogo/ros2_ws/install/micro_ros_msgs/share/micro_ros_msgs/cmake/ament_cmake_export_dependencies-extras.cmake
[14.152s] -- Symlinking: /home/prhayogo/ros2_ws/install/micro_ros_msgs/share/micro_ros_msgs/cmake/rosidl_cmake_export_typesupport_libraries-extras.cmake
[14.164s] -- Symlinking: /home/prhayogo/ros2_ws/install/micro_ros_msgs/share/micro_ros_msgs/cmake/micro_ros_msgsConfig.cmake
[14.177s] -- Symlinking: /home/prhayogo/ros2_ws/install/micro_ros_msgs/share/micro_ros_msgs/cmake/micro_ros_msgsConfig-version.cmake
[14.189s] -- Symlinking: /home/prhayogo/ros2_ws/install/micro_ros_msgs/share/micro_ros_msgs/package.xml
[14.203s] -- Installing: /home/prhayogo/ros2_ws/install/micro_ros_msgs/lib/libmicro_ros_msgs__rosidl_generator_c.so
[14.204s] -- Set non-toolchain portion of runtime path of "/home/prhayogo/ros2_ws/install/micro_ros_msgs/lib/libmicro_ros_msgs__rosidl_generator_c.so" to ""
[14.204s] -- Installing: /home/prhayogo/ros2_ws/install/micro_ros_msgs/lib/libmicro_ros_msgs__rosidl_typesupport_fastrtps_c.so
[14.204s] -- Set non-toolchain portion of runtime path of "/home/prhayogo/ros2_ws/install/micro_ros_msgs/lib/libmicro_ros_msgs__rosidl_typesupport_fastrtps_c.so" to ""
[14.204s] -- Installing: /home/prhayogo/ros2_ws/install/micro_ros_msgs/lib/libmicro_ros_msgs__rosidl_typesupport_introspection_c.so
[14.205s] -- Set non-toolchain portion of runtime path of "/home/prhayogo/ros2_ws/install/micro_ros_msgs/lib/libmicro_ros_msgs__rosidl_typesupport_introspection_c.so" to ""
[14.205s] -- Installing: /home/prhayogo/ros2_ws/install/micro_ros_msgs/lib/libmicro_ros_msgs__rosidl_typesupport_c.so
[14.205s] -- Set non-toolchain portion of runtime path of "/home/prhayogo/ros2_ws/install/micro_ros_msgs/lib/libmicro_ros_msgs__rosidl_typesupport_c.so" to ""
[14.205s] -- Installing: /home/prhayogo/ros2_ws/install/micro_ros_msgs/lib/libmicro_ros_msgs__rosidl_typesupport_fastrtps_cpp.so
[14.206s] -- Set non-toolchain portion of runtime path of "/home/prhayogo/ros2_ws/install/micro_ros_msgs/lib/libmicro_ros_msgs__rosidl_typesupport_fastrtps_cpp.so" to ""
[14.206s] -- Installing: /home/prhayogo/ros2_ws/install/micro_ros_msgs/lib/libmicro_ros_msgs__rosidl_typesupport_introspection_cpp.so
[14.206s] -- Set non-toolchain portion of runtime path of "/home/prhayogo/ros2_ws/install/micro_ros_msgs/lib/libmicro_ros_msgs__rosidl_typesupport_introspection_cpp.so" to ""
[14.207s] -- Installing: /home/prhayogo/ros2_ws/install/micro_ros_msgs/lib/libmicro_ros_msgs__rosidl_typesupport_cpp.so
[14.207s] -- Set non-toolchain portion of runtime path of "/home/prhayogo/ros2_ws/install/micro_ros_msgs/lib/libmicro_ros_msgs__rosidl_typesupport_cpp.so" to ""
[14.249s] Listing '/home/prhayogo/ros2_ws/install/micro_ros_msgs/lib/python3.12/site-packages/micro_ros_msgs'...
[14.249s] Compiling '/home/prhayogo/ros2_ws/install/micro_ros_msgs/lib/python3.12/site-packages/micro_ros_msgs/__init__.py'...
[14.249s] Listing '/home/prhayogo/ros2_ws/install/micro_ros_msgs/lib/python3.12/site-packages/micro_ros_msgs/msg'...
[14.249s] Compiling '/home/prhayogo/ros2_ws/install/micro_ros_msgs/lib/python3.12/site-packages/micro_ros_msgs/msg/__init__.py'...
[14.249s] Compiling '/home/prhayogo/ros2_ws/install/micro_ros_msgs/lib/python3.12/site-packages/micro_ros_msgs/msg/_entity.py'...
[14.249s] Compiling '/home/prhayogo/ros2_ws/install/micro_ros_msgs/lib/python3.12/site-packages/micro_ros_msgs/msg/_graph.py'...
[14.250s] Compiling '/home/prhayogo/ros2_ws/install/micro_ros_msgs/lib/python3.12/site-packages/micro_ros_msgs/msg/_node.py'...
[14.254s] -- Installing: /home/prhayogo/ros2_ws/install/micro_ros_msgs/lib/libmicro_ros_msgs__rosidl_generator_py.so
[14.254s] -- Set non-toolchain portion of runtime path of "/home/prhayogo/ros2_ws/install/micro_ros_msgs/lib/libmicro_ros_msgs__rosidl_generator_py.so" to ""
[14.254s] -- Installing: /home/prhayogo/ros2_ws/install/micro_ros_msgs/share/micro_ros_msgs/cmake/export_micro_ros_msgs__rosidl_generator_cExport.cmake
[14.255s] -- Installing: /home/prhayogo/ros2_ws/install/micro_ros_msgs/share/micro_ros_msgs/cmake/export_micro_ros_msgs__rosidl_generator_cExport-noconfig.cmake
[14.255s] -- Installing: /home/prhayogo/ros2_ws/install/micro_ros_msgs/share/micro_ros_msgs/cmake/export_micro_ros_msgs__rosidl_typesupport_fastrtps_cExport.cmake
[14.255s] -- Installing: /home/prhayogo/ros2_ws/install/micro_ros_msgs/share/micro_ros_msgs/cmake/export_micro_ros_msgs__rosidl_typesupport_fastrtps_cExport-noconfig.cmake
[14.255s] -- Installing: /home/prhayogo/ros2_ws/install/micro_ros_msgs/share/micro_ros_msgs/cmake/micro_ros_msgs__rosidl_typesupport_introspection_cExport.cmake
[14.255s] -- Installing: /home/prhayogo/ros2_ws/install/micro_ros_msgs/share/micro_ros_msgs/cmake/micro_ros_msgs__rosidl_typesupport_introspection_cExport-noconfig.cmake
[14.255s] -- Installing: /home/prhayogo/ros2_ws/install/micro_ros_msgs/share/micro_ros_msgs/cmake/micro_ros_msgs__rosidl_typesupport_cExport.cmake
[14.256s] -- Installing: /home/prhayogo/ros2_ws/install/micro_ros_msgs/share/micro_ros_msgs/cmake/micro_ros_msgs__rosidl_typesupport_cExport-noconfig.cmake
[14.256s] -- Installing: /home/prhayogo/ros2_ws/install/micro_ros_msgs/share/micro_ros_msgs/cmake/export_micro_ros_msgs__rosidl_generator_cppExport.cmake
[14.256s] -- Installing: /home/prhayogo/ros2_ws/install/micro_ros_msgs/share/micro_ros_msgs/cmake/export_micro_ros_msgs__rosidl_typesupport_fastrtps_cppExport.cmake
[14.256s] -- Installing: /home/prhayogo/ros2_ws/install/micro_ros_msgs/share/micro_ros_msgs/cmake/export_micro_ros_msgs__rosidl_typesupport_fastrtps_cppExport-noconfig.cmake
[14.256s] -- Installing: /home/prhayogo/ros2_ws/install/micro_ros_msgs/share/micro_ros_msgs/cmake/micro_ros_msgs__rosidl_typesupport_introspection_cppExport.cmake
[14.256s] -- Installing: /home/prhayogo/ros2_ws/install/micro_ros_msgs/share/micro_ros_msgs/cmake/micro_ros_msgs__rosidl_typesupport_introspection_cppExport-noconfig.cmake
[14.256s] -- Installing: /home/prhayogo/ros2_ws/install/micro_ros_msgs/share/micro_ros_msgs/cmake/micro_ros_msgs__rosidl_typesupport_cppExport.cmake
[14.256s] -- Installing: /home/prhayogo/ros2_ws/install/micro_ros_msgs/share/micro_ros_msgs/cmake/micro_ros_msgs__rosidl_typesupport_cppExport-noconfig.cmake
[14.256s] -- Installing: /home/prhayogo/ros2_ws/install/micro_ros_msgs/share/micro_ros_msgs/cmake/export_micro_ros_msgs__rosidl_generator_pyExport.cmake
[14.257s] -- Installing: /home/prhayogo/ros2_ws/install/micro_ros_msgs/share/micro_ros_msgs/cmake/export_micro_ros_msgs__rosidl_generator_pyExport-noconfig.cmake
[14.260s] Invoked command in '/home/prhayogo/ros2_ws/build/micro_ros_msgs' returned '0': CMAKE_PREFIX_PATH=${CMAKE_PREFIX_PATH}:/opt/ros/jazzy DEBUGINFOD_URLS=https://debuginfod.ubuntu.com /usr/bin/cmake --install /home/prhayogo/ros2_ws/build/micro_ros_msgs
