[0.247s] DEBUG:colcon:Command line arguments: ['/usr/bin/colcon', 'build', '--symlink-install', '--packages-select', 'micro_ros_agent']
[0.247s] DEBUG:colcon:Parsed command line arguments: Namespace(log_base=None, log_level=None, verb_name='build', build_base='build', install_base='install', merge_install=False, symlink_install=True, test_result_base=None, continue_on_error=False, executor='parallel', parallel_workers=16, event_handlers=None, ignore_user_meta=False, metas=['./colcon.meta'], base_paths=['.'], packages_ignore=None, packages_ignore_regex=None, paths=None, packages_up_to=None, packages_up_to_regex=None, packages_above=None, packages_above_and_dependencies=None, packages_above_depth=None, packages_select_by_dep=None, packages_skip_by_dep=None, packages_skip_up_to=None, packages_select_build_failed=False, packages_skip_build_finished=False, packages_select_test_failures=False, packages_skip_test_passed=False, packages_select=['micro_ros_agent'], packages_skip=None, packages_select_regex=None, packages_skip_regex=None, packages_start=None, packages_end=None, cmake_args=None, cmake_target=None, cmake_target_skip_unavailable=False, cmake_clean_cache=False, cmake_clean_first=False, cmake_force_configure=False, ament_cmake_args=None, catkin_cmake_args=None, catkin_skip_building_tests=False, verb_parser=<colcon_defaults.argument_parser.defaults.DefaultArgumentsDecorator object at 0x7a4603e16240>, verb_extension=<colcon_core.verb.build.BuildVerb object at 0x7a4603e15c10>, main=<bound method BuildVerb.main of <colcon_core.verb.build.BuildVerb object at 0x7a4603e15c10>>)
[0.344s] Level 1:colcon.colcon_core.package_discovery:discover_packages(colcon_meta) check parameters
[0.344s] Level 1:colcon.colcon_core.package_discovery:discover_packages(recursive) check parameters
[0.344s] Level 1:colcon.colcon_core.package_discovery:discover_packages(ignore) check parameters
[0.344s] Level 1:colcon.colcon_core.package_discovery:discover_packages(path) check parameters
[0.344s] Level 1:colcon.colcon_core.package_discovery:discover_packages(colcon_meta) discover
[0.344s] Level 1:colcon.colcon_core.package_discovery:discover_packages(recursive) discover
[0.344s] INFO:colcon.colcon_core.package_discovery:Crawling recursively for packages in '/home/prhayogo/ros2_ws'
[0.345s] Level 1:colcon.colcon_core.package_identification:_identify(.) by extensions ['ignore', 'ignore_ament_install']
[0.345s] Level 1:colcon.colcon_core.package_identification:_identify(.) by extension 'ignore'
[0.345s] Level 1:colcon.colcon_core.package_identification:_identify(.) by extension 'ignore_ament_install'
[0.345s] Level 1:colcon.colcon_core.package_identification:_identify(.) by extensions ['colcon_pkg']
[0.345s] Level 1:colcon.colcon_core.package_identification:_identify(.) by extension 'colcon_pkg'
[0.346s] Level 1:colcon.colcon_core.package_identification:_identify(.) by extensions ['colcon_meta']
[0.346s] Level 1:colcon.colcon_core.package_identification:_identify(.) by extension 'colcon_meta'
[0.346s] Level 1:colcon.colcon_core.package_identification:_identify(.) by extensions ['ros']
[0.346s] Level 1:colcon.colcon_core.package_identification:_identify(.) by extension 'ros'
[0.404s] Level 1:colcon.colcon_core.package_identification:_identify(.) by extensions ['cmake', 'python']
[0.404s] Level 1:colcon.colcon_core.package_identification:_identify(.) by extension 'cmake'
[0.404s] Level 1:colcon.colcon_core.package_identification:_identify(.) by extension 'python'
[0.404s] Level 1:colcon.colcon_core.package_identification:_identify(.) by extensions ['python_setup_py']
[0.404s] Level 1:colcon.colcon_core.package_identification:_identify(.) by extension 'python_setup_py'
[0.404s] Level 1:colcon.colcon_core.package_identification:_identify(build) by extensions ['ignore', 'ignore_ament_install']
[0.405s] Level 1:colcon.colcon_core.package_identification:_identify(build) by extension 'ignore'
[0.405s] Level 1:colcon.colcon_core.package_identification:_identify(build) ignored
[0.405s] Level 1:colcon.colcon_core.package_identification:_identify(install) by extensions ['ignore', 'ignore_ament_install']
[0.405s] Level 1:colcon.colcon_core.package_identification:_identify(install) by extension 'ignore'
[0.405s] Level 1:colcon.colcon_core.package_identification:_identify(install) ignored
[0.406s] Level 1:colcon.colcon_core.package_identification:_identify(log) by extensions ['ignore', 'ignore_ament_install']
[0.406s] Level 1:colcon.colcon_core.package_identification:_identify(log) by extension 'ignore'
[0.406s] Level 1:colcon.colcon_core.package_identification:_identify(log) ignored
[0.406s] Level 1:colcon.colcon_core.package_identification:_identify(micro-ROS-Agent) by extensions ['ignore', 'ignore_ament_install']
[0.407s] Level 1:colcon.colcon_core.package_identification:_identify(micro-ROS-Agent) by extension 'ignore'
[0.407s] Level 1:colcon.colcon_core.package_identification:_identify(micro-ROS-Agent) by extension 'ignore_ament_install'
[0.407s] Level 1:colcon.colcon_core.package_identification:_identify(micro-ROS-Agent) by extensions ['colcon_pkg']
[0.407s] Level 1:colcon.colcon_core.package_identification:_identify(micro-ROS-Agent) by extension 'colcon_pkg'
[0.407s] Level 1:colcon.colcon_core.package_identification:_identify(micro-ROS-Agent) by extensions ['colcon_meta']
[0.407s] Level 1:colcon.colcon_core.package_identification:_identify(micro-ROS-Agent) by extension 'colcon_meta'
[0.407s] Level 1:colcon.colcon_core.package_identification:_identify(micro-ROS-Agent) by extensions ['ros']
[0.407s] Level 1:colcon.colcon_core.package_identification:_identify(micro-ROS-Agent) by extension 'ros'
[0.408s] Level 1:colcon.colcon_core.package_identification:_identify(micro-ROS-Agent) by extensions ['cmake', 'python']
[0.408s] Level 1:colcon.colcon_core.package_identification:_identify(micro-ROS-Agent) by extension 'cmake'
[0.408s] Level 1:colcon.colcon_core.package_identification:_identify(micro-ROS-Agent) by extension 'python'
[0.408s] Level 1:colcon.colcon_core.package_identification:_identify(micro-ROS-Agent) by extensions ['python_setup_py']
[0.408s] Level 1:colcon.colcon_core.package_identification:_identify(micro-ROS-Agent) by extension 'python_setup_py'
[0.408s] Level 1:colcon.colcon_core.package_identification:_identify(micro-ROS-Agent/micro_ros_agent) by extensions ['ignore', 'ignore_ament_install']
[0.408s] Level 1:colcon.colcon_core.package_identification:_identify(micro-ROS-Agent/micro_ros_agent) by extension 'ignore'
[0.409s] Level 1:colcon.colcon_core.package_identification:_identify(micro-ROS-Agent/micro_ros_agent) by extension 'ignore_ament_install'
[0.409s] Level 1:colcon.colcon_core.package_identification:_identify(micro-ROS-Agent/micro_ros_agent) by extensions ['colcon_pkg']
[0.409s] Level 1:colcon.colcon_core.package_identification:_identify(micro-ROS-Agent/micro_ros_agent) by extension 'colcon_pkg'
[0.409s] Level 1:colcon.colcon_core.package_identification:_identify(micro-ROS-Agent/micro_ros_agent) by extensions ['colcon_meta']
[0.409s] Level 1:colcon.colcon_core.package_identification:_identify(micro-ROS-Agent/micro_ros_agent) by extension 'colcon_meta'
[0.409s] Level 1:colcon.colcon_core.package_identification:_identify(micro-ROS-Agent/micro_ros_agent) by extensions ['ros']
[0.409s] Level 1:colcon.colcon_core.package_identification:_identify(micro-ROS-Agent/micro_ros_agent) by extension 'ros'
[0.415s] DEBUG:colcon.colcon_core.package_identification:Package 'micro-ROS-Agent/micro_ros_agent' with type 'ros.ament_cmake' and name 'micro_ros_agent'
[0.416s] Level 1:colcon.colcon_core.package_identification:_identify(micro-ROS-Agent/snap) by extensions ['ignore', 'ignore_ament_install']
[0.416s] Level 1:colcon.colcon_core.package_identification:_identify(micro-ROS-Agent/snap) by extension 'ignore'
[0.416s] Level 1:colcon.colcon_core.package_identification:_identify(micro-ROS-Agent/snap) by extension 'ignore_ament_install'
[0.416s] Level 1:colcon.colcon_core.package_identification:_identify(micro-ROS-Agent/snap) by extensions ['colcon_pkg']
[0.417s] Level 1:colcon.colcon_core.package_identification:_identify(micro-ROS-Agent/snap) by extension 'colcon_pkg'
[0.417s] Level 1:colcon.colcon_core.package_identification:_identify(micro-ROS-Agent/snap) by extensions ['colcon_meta']
[0.417s] Level 1:colcon.colcon_core.package_identification:_identify(micro-ROS-Agent/snap) by extension 'colcon_meta'
[0.417s] Level 1:colcon.colcon_core.package_identification:_identify(micro-ROS-Agent/snap) by extensions ['ros']
[0.417s] Level 1:colcon.colcon_core.package_identification:_identify(micro-ROS-Agent/snap) by extension 'ros'
[0.417s] Level 1:colcon.colcon_core.package_identification:_identify(micro-ROS-Agent/snap) by extensions ['cmake', 'python']
[0.417s] Level 1:colcon.colcon_core.package_identification:_identify(micro-ROS-Agent/snap) by extension 'cmake'
[0.417s] Level 1:colcon.colcon_core.package_identification:_identify(micro-ROS-Agent/snap) by extension 'python'
[0.418s] Level 1:colcon.colcon_core.package_identification:_identify(micro-ROS-Agent/snap) by extensions ['python_setup_py']
[0.418s] Level 1:colcon.colcon_core.package_identification:_identify(micro-ROS-Agent/snap) by extension 'python_setup_py'
[0.418s] Level 1:colcon.colcon_core.package_identification:_identify(micro-ROS-Agent/snap/hooks) by extensions ['ignore', 'ignore_ament_install']
[0.418s] Level 1:colcon.colcon_core.package_identification:_identify(micro-ROS-Agent/snap/hooks) by extension 'ignore'
[0.418s] Level 1:colcon.colcon_core.package_identification:_identify(micro-ROS-Agent/snap/hooks) by extension 'ignore_ament_install'
[0.419s] Level 1:colcon.colcon_core.package_identification:_identify(micro-ROS-Agent/snap/hooks) by extensions ['colcon_pkg']
[0.419s] Level 1:colcon.colcon_core.package_identification:_identify(micro-ROS-Agent/snap/hooks) by extension 'colcon_pkg'
[0.419s] Level 1:colcon.colcon_core.package_identification:_identify(micro-ROS-Agent/snap/hooks) by extensions ['colcon_meta']
[0.419s] Level 1:colcon.colcon_core.package_identification:_identify(micro-ROS-Agent/snap/hooks) by extension 'colcon_meta'
[0.419s] Level 1:colcon.colcon_core.package_identification:_identify(micro-ROS-Agent/snap/hooks) by extensions ['ros']
[0.419s] Level 1:colcon.colcon_core.package_identification:_identify(micro-ROS-Agent/snap/hooks) by extension 'ros'
[0.419s] Level 1:colcon.colcon_core.package_identification:_identify(micro-ROS-Agent/snap/hooks) by extensions ['cmake', 'python']
[0.419s] Level 1:colcon.colcon_core.package_identification:_identify(micro-ROS-Agent/snap/hooks) by extension 'cmake'
[0.419s] Level 1:colcon.colcon_core.package_identification:_identify(micro-ROS-Agent/snap/hooks) by extension 'python'
[0.420s] Level 1:colcon.colcon_core.package_identification:_identify(micro-ROS-Agent/snap/hooks) by extensions ['python_setup_py']
[0.420s] Level 1:colcon.colcon_core.package_identification:_identify(micro-ROS-Agent/snap/hooks) by extension 'python_setup_py'
[0.420s] Level 1:colcon.colcon_core.package_identification:_identify(micro-ROS-Agent/snap/local) by extensions ['ignore', 'ignore_ament_install']
[0.420s] Level 1:colcon.colcon_core.package_identification:_identify(micro-ROS-Agent/snap/local) by extension 'ignore'
[0.420s] Level 1:colcon.colcon_core.package_identification:_identify(micro-ROS-Agent/snap/local) by extension 'ignore_ament_install'
[0.420s] Level 1:colcon.colcon_core.package_identification:_identify(micro-ROS-Agent/snap/local) by extensions ['colcon_pkg']
[0.420s] Level 1:colcon.colcon_core.package_identification:_identify(micro-ROS-Agent/snap/local) by extension 'colcon_pkg'
[0.421s] Level 1:colcon.colcon_core.package_identification:_identify(micro-ROS-Agent/snap/local) by extensions ['colcon_meta']
[0.421s] Level 1:colcon.colcon_core.package_identification:_identify(micro-ROS-Agent/snap/local) by extension 'colcon_meta'
[0.421s] Level 1:colcon.colcon_core.package_identification:_identify(micro-ROS-Agent/snap/local) by extensions ['ros']
[0.421s] Level 1:colcon.colcon_core.package_identification:_identify(micro-ROS-Agent/snap/local) by extension 'ros'
[0.421s] Level 1:colcon.colcon_core.package_identification:_identify(micro-ROS-Agent/snap/local) by extensions ['cmake', 'python']
[0.421s] Level 1:colcon.colcon_core.package_identification:_identify(micro-ROS-Agent/snap/local) by extension 'cmake'
[0.421s] Level 1:colcon.colcon_core.package_identification:_identify(micro-ROS-Agent/snap/local) by extension 'python'
[0.421s] Level 1:colcon.colcon_core.package_identification:_identify(micro-ROS-Agent/snap/local) by extensions ['python_setup_py']
[0.421s] Level 1:colcon.colcon_core.package_identification:_identify(micro-ROS-Agent/snap/local) by extension 'python_setup_py'
[0.422s] Level 1:colcon.colcon_core.package_identification:_identify(src) by extensions ['ignore', 'ignore_ament_install']
[0.422s] Level 1:colcon.colcon_core.package_identification:_identify(src) by extension 'ignore'
[0.422s] Level 1:colcon.colcon_core.package_identification:_identify(src) by extension 'ignore_ament_install'
[0.422s] Level 1:colcon.colcon_core.package_identification:_identify(src) by extensions ['colcon_pkg']
[0.422s] Level 1:colcon.colcon_core.package_identification:_identify(src) by extension 'colcon_pkg'
[0.422s] Level 1:colcon.colcon_core.package_identification:_identify(src) by extensions ['colcon_meta']
[0.422s] Level 1:colcon.colcon_core.package_identification:_identify(src) by extension 'colcon_meta'
[0.422s] Level 1:colcon.colcon_core.package_identification:_identify(src) by extensions ['ros']
[0.422s] Level 1:colcon.colcon_core.package_identification:_identify(src) by extension 'ros'
[0.423s] Level 1:colcon.colcon_core.package_identification:_identify(src) by extensions ['cmake', 'python']
[0.423s] Level 1:colcon.colcon_core.package_identification:_identify(src) by extension 'cmake'
[0.423s] Level 1:colcon.colcon_core.package_identification:_identify(src) by extension 'python'
[0.423s] Level 1:colcon.colcon_core.package_identification:_identify(src) by extensions ['python_setup_py']
[0.423s] Level 1:colcon.colcon_core.package_identification:_identify(src) by extension 'python_setup_py'
[0.423s] Level 1:colcon.colcon_core.package_identification:_identify(src/rplidar_ros) by extensions ['ignore', 'ignore_ament_install']
[0.423s] Level 1:colcon.colcon_core.package_identification:_identify(src/rplidar_ros) by extension 'ignore'
[0.423s] Level 1:colcon.colcon_core.package_identification:_identify(src/rplidar_ros) by extension 'ignore_ament_install'
[0.423s] Level 1:colcon.colcon_core.package_identification:_identify(src/rplidar_ros) by extensions ['colcon_pkg']
[0.424s] Level 1:colcon.colcon_core.package_identification:_identify(src/rplidar_ros) by extension 'colcon_pkg'
[0.424s] Level 1:colcon.colcon_core.package_identification:_identify(src/rplidar_ros) by extensions ['colcon_meta']
[0.424s] Level 1:colcon.colcon_core.package_identification:_identify(src/rplidar_ros) by extension 'colcon_meta'
[0.424s] Level 1:colcon.colcon_core.package_identification:_identify(src/rplidar_ros) by extensions ['ros']
[0.424s] Level 1:colcon.colcon_core.package_identification:_identify(src/rplidar_ros) by extension 'ros'
[0.425s] DEBUG:colcon.colcon_core.package_identification:Package 'src/rplidar_ros' with type 'ros.ament_cmake' and name 'rplidar_ros'
[0.425s] Level 1:colcon.colcon_core.package_identification:_identify(src/slam_toolbox) by extensions ['ignore', 'ignore_ament_install']
[0.425s] Level 1:colcon.colcon_core.package_identification:_identify(src/slam_toolbox) by extension 'ignore'
[0.426s] Level 1:colcon.colcon_core.package_identification:_identify(src/slam_toolbox) by extension 'ignore_ament_install'
[0.426s] Level 1:colcon.colcon_core.package_identification:_identify(src/slam_toolbox) by extensions ['colcon_pkg']
[0.426s] Level 1:colcon.colcon_core.package_identification:_identify(src/slam_toolbox) by extension 'colcon_pkg'
[0.426s] Level 1:colcon.colcon_core.package_identification:_identify(src/slam_toolbox) by extensions ['colcon_meta']
[0.426s] Level 1:colcon.colcon_core.package_identification:_identify(src/slam_toolbox) by extension 'colcon_meta'
[0.426s] Level 1:colcon.colcon_core.package_identification:_identify(src/slam_toolbox) by extensions ['ros']
[0.426s] Level 1:colcon.colcon_core.package_identification:_identify(src/slam_toolbox) by extension 'ros'
[0.431s] DEBUG:colcon.colcon_core.package_identification:Package 'src/slam_toolbox' with type 'ros.ament_cmake' and name 'slam_toolbox'
[0.431s] Level 1:colcon.colcon_core.package_discovery:discover_packages(recursive) using defaults
[0.432s] Level 1:colcon.colcon_core.package_discovery:discover_packages(ignore) discover
[0.432s] Level 1:colcon.colcon_core.package_discovery:discover_packages(ignore) using defaults
[0.432s] Level 1:colcon.colcon_core.package_discovery:discover_packages(path) discover
[0.432s] Level 1:colcon.colcon_core.package_discovery:discover_packages(path) using defaults
[0.475s] INFO:colcon.colcon_core.package_selection:Skipping not selected package 'rplidar_ros' in 'src/rplidar_ros'
[0.475s] INFO:colcon.colcon_core.package_selection:Skipping not selected package 'slam_toolbox' in 'src/slam_toolbox'
[0.476s] Level 5:colcon.colcon_core.verb:set package 'micro_ros_agent' build argument 'cmake_args' from command line to 'None'
[0.476s] Level 5:colcon.colcon_core.verb:set package 'micro_ros_agent' build argument 'cmake_target' from command line to 'None'
[0.476s] Level 5:colcon.colcon_core.verb:set package 'micro_ros_agent' build argument 'cmake_target_skip_unavailable' from command line to 'False'
[0.476s] Level 5:colcon.colcon_core.verb:set package 'micro_ros_agent' build argument 'cmake_clean_cache' from command line to 'False'
[0.476s] Level 5:colcon.colcon_core.verb:set package 'micro_ros_agent' build argument 'cmake_clean_first' from command line to 'False'
[0.476s] Level 5:colcon.colcon_core.verb:set package 'micro_ros_agent' build argument 'cmake_force_configure' from command line to 'False'
[0.476s] Level 5:colcon.colcon_core.verb:set package 'micro_ros_agent' build argument 'ament_cmake_args' from command line to 'None'
[0.476s] Level 5:colcon.colcon_core.verb:set package 'micro_ros_agent' build argument 'catkin_cmake_args' from command line to 'None'
[0.476s] Level 5:colcon.colcon_core.verb:set package 'micro_ros_agent' build argument 'catkin_skip_building_tests' from command line to 'False'
[0.476s] DEBUG:colcon.colcon_core.verb:Building package 'micro_ros_agent' with the following arguments: {'ament_cmake_args': None, 'build_base': '/home/prhayogo/ros2_ws/build/micro_ros_agent', 'catkin_cmake_args': None, 'catkin_skip_building_tests': False, 'cmake_args': None, 'cmake_clean_cache': False, 'cmake_clean_first': False, 'cmake_force_configure': False, 'cmake_target': None, 'cmake_target_skip_unavailable': False, 'install_base': '/home/prhayogo/ros2_ws/install/micro_ros_agent', 'merge_install': False, 'path': '/home/prhayogo/ros2_ws/micro-ROS-Agent/micro_ros_agent', 'symlink_install': True, 'test_result_base': None}
[0.477s] INFO:colcon.colcon_core.executor:Executing jobs using 'parallel' executor
[0.478s] DEBUG:colcon.colcon_parallel_executor.executor.parallel:run_until_complete
[0.479s] INFO:colcon.colcon_ros.task.ament_cmake.build:Building ROS package in '/home/prhayogo/ros2_ws/micro-ROS-Agent/micro_ros_agent' with build type 'ament_cmake'
[0.479s] INFO:colcon.colcon_cmake.task.cmake.build:Building CMake package in '/home/prhayogo/ros2_ws/micro-ROS-Agent/micro_ros_agent'
[0.484s] INFO:colcon.colcon_core.plugin_system:Skipping extension 'colcon_core.shell.bat': Not used on non-Windows systems
[0.485s] DEBUG:colcon.colcon_core.shell:Skip shell extension 'dsv' for command environment
[0.510s] DEBUG:colcon.colcon_core.event_handler.log_command:Invoking command in '/home/prhayogo/ros2_ws/build/micro_ros_agent': CMAKE_PREFIX_PATH=${CMAKE_PREFIX_PATH}:/opt/ros/jazzy DEBUGINFOD_URLS=https://debuginfod.ubuntu.com /usr/bin/cmake --build /home/prhayogo/ros2_ws/build/micro_ros_agent -- -j16 -l16
[26.505s] Level 1:colcon.colcon_core.environment:create_environment_scripts_only(micro_ros_agent)
[26.505s] DEBUG:colcon.colcon_core.event_handler.log_command:Invoked command in '/home/prhayogo/ros2_ws/build/micro_ros_agent' returned '2': CMAKE_PREFIX_PATH=${CMAKE_PREFIX_PATH}:/opt/ros/jazzy DEBUGINFOD_URLS=https://debuginfod.ubuntu.com /usr/bin/cmake --build /home/prhayogo/ros2_ws/build/micro_ros_agent -- -j16 -l16
[26.509s] Level 1:colcon.colcon_core.environment:checking '/home/prhayogo/ros2_ws/install/micro_ros_agent' for CMake module files
[26.509s] Level 1:colcon.colcon_core.environment:checking '/home/prhayogo/ros2_ws/install/micro_ros_agent' for CMake config files
[26.510s] Level 1:colcon.colcon_core.shell:create_environment_hook('micro_ros_agent', 'cmake_prefix_path')
[26.510s] INFO:colcon.colcon_core.shell:Creating environment descriptor '/home/prhayogo/ros2_ws/install/micro_ros_agent/share/micro_ros_agent/hook/cmake_prefix_path.dsv'
[26.511s] INFO:colcon.colcon_core.shell:Creating environment hook '/home/prhayogo/ros2_ws/install/micro_ros_agent/share/micro_ros_agent/hook/cmake_prefix_path.sh'
[26.511s] Level 1:colcon.colcon_core.environment:checking '/home/prhayogo/ros2_ws/install/micro_ros_agent/lib'
[26.511s] Level 1:colcon.colcon_core.shell:create_environment_hook('micro_ros_agent', 'ld_library_path_lib')
[26.512s] INFO:colcon.colcon_core.shell:Creating environment descriptor '/home/prhayogo/ros2_ws/install/micro_ros_agent/share/micro_ros_agent/hook/ld_library_path_lib.dsv'
[26.512s] INFO:colcon.colcon_core.shell:Creating environment hook '/home/prhayogo/ros2_ws/install/micro_ros_agent/share/micro_ros_agent/hook/ld_library_path_lib.sh'
[26.512s] Level 1:colcon.colcon_core.environment:checking '/home/prhayogo/ros2_ws/install/micro_ros_agent/bin'
[26.512s] Level 1:colcon.colcon_core.environment:checking '/home/prhayogo/ros2_ws/install/micro_ros_agent/lib/pkgconfig/micro_ros_agent.pc'
[26.514s] Level 1:colcon.colcon_core.environment:checking '/home/prhayogo/ros2_ws/install/micro_ros_agent/lib/python3.12/site-packages'
[26.514s] Level 1:colcon.colcon_core.environment:checking '/home/prhayogo/ros2_ws/install/micro_ros_agent/bin'
[26.514s] INFO:colcon.colcon_core.shell:Creating package descriptor '/home/prhayogo/ros2_ws/install/micro_ros_agent/share/micro_ros_agent/package.dsv'
[26.515s] INFO:colcon.colcon_core.shell:Creating package script '/home/prhayogo/ros2_ws/install/micro_ros_agent/share/micro_ros_agent/package.sh'
[26.515s] INFO:colcon.colcon_core.shell:Creating package script '/home/prhayogo/ros2_ws/install/micro_ros_agent/share/micro_ros_agent/package.bash'
[26.516s] INFO:colcon.colcon_core.shell:Creating package script '/home/prhayogo/ros2_ws/install/micro_ros_agent/share/micro_ros_agent/package.zsh'
[26.517s] Level 1:colcon.colcon_core.environment:create_file_with_runtime_dependencies(/home/prhayogo/ros2_ws/install/micro_ros_agent/share/colcon-core/packages/micro_ros_agent)
[26.527s] DEBUG:colcon.colcon_parallel_executor.executor.parallel:closing loop
[26.527s] DEBUG:colcon.colcon_parallel_executor.executor.parallel:loop closed
[26.527s] DEBUG:colcon.colcon_parallel_executor.executor.parallel:run_until_complete finished with '2'
[26.527s] DEBUG:colcon.colcon_core.event_reactor:joining thread
[26.534s] INFO:colcon.colcon_core.plugin_system:Skipping extension 'colcon_notification.desktop_notification.terminal_notifier': Not used on non-Darwin systems
[26.535s] INFO:colcon.colcon_core.plugin_system:Skipping extension 'colcon_notification.desktop_notification.win32': Not used on non-Windows systems
[26.535s] INFO:colcon.colcon_notification.desktop_notification:Sending desktop notification using 'notify2'
[26.559s] DEBUG:colcon.colcon_core.event_reactor:joined thread
[26.559s] INFO:colcon.colcon_core.shell:Creating prefix script '/home/prhayogo/ros2_ws/install/local_setup.sh'
[26.560s] INFO:colcon.colcon_core.shell:Creating prefix util module '/home/prhayogo/ros2_ws/install/_local_setup_util_sh.py'
[26.561s] INFO:colcon.colcon_core.shell:Creating prefix chain script '/home/prhayogo/ros2_ws/install/setup.sh'
[26.561s] INFO:colcon.colcon_core.shell:Creating prefix script '/home/prhayogo/ros2_ws/install/local_setup.bash'
[26.562s] INFO:colcon.colcon_core.shell:Creating prefix chain script '/home/prhayogo/ros2_ws/install/setup.bash'
[26.562s] INFO:colcon.colcon_core.shell:Creating prefix script '/home/prhayogo/ros2_ws/install/local_setup.zsh'
[26.563s] INFO:colcon.colcon_core.shell:Creating prefix chain script '/home/prhayogo/ros2_ws/install/setup.zsh'
