[0.021s] Invoking command in '/home/prhayogo/ros2_ws/build/slam_toolbox': CMAKE_PREFIX_PATH=${CMAKE_PREFIX_PATH}:/opt/ros/jazzy DEBUGINFOD_URLS=https://debuginfod.ubuntu.com /usr/bin/cmake --build /home/prhayogo/ros2_ws/build/slam_toolbox -- -j16 -l16
[0.226s] [  0%] Built target slam_toolbox__rosidl_generator_type_description
[0.226s] [  0%] Built target slam_toolbox__rs
[0.259s] [  0%] Built target ament_cmake_python_copy_slam_toolbox
[0.267s] [  1%] Built target slam_toolbox__cpp
[0.314s] [ 22%] Built target slam_toolbox__rosidl_generator_c
[0.333s] [ 24%] Built target kartoSlamToolbox
[0.372s] [ 37%] Built target slam_toolbox__rosidl_typesupport_c
[0.372s] [ 39%] Built target slam_toolbox__rosidl_typesupport_introspection_c
[0.383s] [ 46%] Built target slam_toolbox__rosidl_typesupport_cpp
[0.388s] [ 54%] Built target slam_toolbox__rosidl_typesupport_introspection_cpp
[0.391s] [ 62%] Built target slam_toolbox__rosidl_typesupport_fastrtps_c
[0.392s] [ 70%] Built target slam_toolbox__rosidl_typesupport_fastrtps_cpp
[0.425s] [ 71%] [32mBuilding CXX object CMakeFiles/toolbox_common.dir/src/slam_toolbox_common.cpp.o[0m
[0.425s] [ 71%] [32mBuilding CXX object CMakeFiles/toolbox_common.dir/src/laser_utils.cpp.o[0m
[0.426s] [ 72%] [32mBuilding CXX object CMakeFiles/toolbox_common.dir/src/slam_mapper.cpp.o[0m
[0.429s] [ 72%] [32mBuilding CXX object CMakeFiles/toolbox_common.dir/src/map_saver.cpp.o[0m
[0.434s] [ 74%] [32mBuilding CXX object CMakeFiles/toolbox_common.dir/src/loop_closure_assistant.cpp.o[0m
[0.434s] [ 74%] [32mBuilding CXX object CMakeFiles/ceres_solver_plugin.dir/solvers/ceres_solver.cpp.o[0m
[0.434s] [ 74%] Built target slam_toolbox
[0.449s] [ 75%] [32mBuilding CXX object CMakeFiles/SlamToolboxPlugin.dir/rviz_plugin/slam_toolbox_rviz_plugin.cpp.o[0m
[0.479s] [ 75%] Built target slam_toolbox__py
[0.550s] [ 82%] Built target slam_toolbox__rosidl_generator_py
[0.603s] [ 85%] Built target slam_toolbox_s__rosidl_typesupport_c
[0.605s] [ 85%] Built target slam_toolbox_s__rosidl_typesupport_fastrtps_c
[0.607s] [ 86%] Built target slam_toolbox_s__rosidl_typesupport_introspection_c
[0.725s] running egg_info
[0.760s] writing slam_toolbox.egg-info/PKG-INFO
[0.761s] writing dependency_links to slam_toolbox.egg-info/dependency_links.txt
[0.761s] writing top-level names to slam_toolbox.egg-info/top_level.txt
[0.862s] reading manifest file 'slam_toolbox.egg-info/SOURCES.txt'
[0.864s] writing manifest file 'slam_toolbox.egg-info/SOURCES.txt'
[0.912s] [ 86%] Built target ament_cmake_python_build_slam_toolbox_egg
